#
# There is insufficient memory for the Java Runtime Environment to continue.
# Native memory allocation (mmap) failed to map 19922944 bytes for Failed to commit area from 0x0000000085d00000 to 0x0000000087000000 of length 19922944.
# Possible reasons:
#   The system is out of physical RAM or swap space
#   The process is running with CompressedOops enabled, and the Java Heap may be blocking the growth of the native heap
# Possible solutions:
#   Reduce memory load on the system
#   Increase physical memory or swap space
#   Check if swap backing store is full
#   Decrease Java heap size (-Xmx/-Xms)
#   Decrease number of Java threads
#   Decrease Java thread stack sizes (-Xss)
#   Set larger code cache with -XX:ReservedCodeCacheSize=
#   JVM is running with Unscaled Compressed Oops mode in which the Java heap is
#     placed in the first 4GB address space. The Java Heap base address is the
#     maximum limit for the native heap growth. Please use -XX:HeapBaseMinAddress
#     to set the Java Heap base and to place the Java Heap above 4GB virtual address.
# This output file may be truncated or incomplete.
#
#  Out of Memory Error (./src/hotspot/os/windows/os_windows.cpp:3301), pid=5756, tid=7680
#
# JRE version: OpenJDK Runtime Environment (11.0.11+9) (build 11.0.11+9-b60-7590822)
# Java VM: OpenJDK 64-Bit Server VM (11.0.11+9-b60-7590822, mixed mode, tiered, compressed oops, g1 gc, windows-amd64)
# No core dump will be written. Minidumps are not enabled by default on client versions of Windows
#

---------------  S U M M A R Y ------------

Command Line: --add-opens=java.base/java.util=ALL-UNNAMED --add-opens=java.base/java.lang=ALL-UNNAMED --add-opens=java.base/java.lang.invoke=ALL-UNNAMED --add-opens=java.base/java.util=ALL-UNNAMED --add-opens=java.prefs/java.util.prefs=ALL-UNNAMED --add-opens=java.prefs/java.util.prefs=ALL-UNNAMED --add-opens=java.base/java.nio.charset=ALL-UNNAMED --add-opens=java.base/java.net=ALL-UNNAMED --add-opens=java.base/java.util.concurrent.atomic=ALL-UNNAMED -Xmx2048m -Dfile.encoding=windows-1252 -Duser.country=ID -Duser.language=en -Duser.variant org.gradle.launcher.daemon.bootstrap.GradleDaemon 7.2

Host: Intel(R) Core(TM) i3-7020U CPU @ 2.30GHz, 4 cores, 3G,  Windows 10 , 64 bit Build 19041 (10.0.19041.1645)
Time: Fri May 13 20:55:22 2022 Pacific Daylight Time elapsed time: 20.150811 seconds (0d 0h 0m 20s)

---------------  T H R E A D  ---------------

Current thread (0x00000292ff181800):  VMThread "VM Thread" [stack: 0x000000aad2900000,0x000000aad2a00000] [id=7680]

Stack: [0x000000aad2900000,0x000000aad2a00000]
[error occurred during error reporting (printing stack bounds), id 0xc0000005, EXCEPTION_ACCESS_VIOLATION (0xc0000005) at pc=0x0000029280000f2d]

Native frames: (J=compiled Java code, j=interpreted, Vv=VM code, C=native code)
V  [jvm.dll+0x5f214a]
V  [jvm.dll+0x726fb5]
V  [jvm.dll+0x7285cd]
V  [jvm.dll+0x728be5]
V  [jvm.dll+0x728b9b]
V  [jvm.dll+0x5f14e8]
V  [jvm.dll+0x5f1c78]
C  [ntdll.dll+0xa20cf]
C  [ntdll.dll+0x51454]
C  [ntdll.dll+0xa0bfe]
C  0x0000029280000f2d

VM_Operation (0x000000aad3bf5170): G1CollectForAllocation, mode: safepoint, requested by thread 0x0000029297143000


---------------  P R O C E S S  ---------------

Threads class SMR info:
_java_thread_list=0x000002929b11cf50, length=78, elements={
0x00000292fa5dd000, 0x00000292ff188000, 0x00000292ff18b800, 0x00000292ff1ed000,
0x00000292ff1ef000, 0x00000292ff1f0800, 0x00000292ff1f4000, 0x00000292ff1f9800,
0x00000292ff205000, 0x00000292ffc62000, 0x000002929665e000, 0x000002929673e800,
0x000002929630f000, 0x0000029295b4b000, 0x0000029295ee6800, 0x0000029295d91000,
0x0000029297143000, 0x00000292963ab800, 0x000002929641b000, 0x0000029295d63800,
0x0000029295d61000, 0x0000029295d62000, 0x0000029295d63000, 0x0000029297699000,
0x0000029297695000, 0x0000029297698800, 0x000002929769a000, 0x000002929769b000,
0x000002929769b800, 0x0000029297696000, 0x000002929769d800, 0x0000029297697800,
0x00000292976a2000, 0x00000292976a3000, 0x00000292976a4000, 0x000002929769e000,
0x000002929769f000, 0x000002929769f800, 0x0000029299202800, 0x00000292991ff000,
0x0000029299203800, 0x0000029299201800, 0x0000029299204000, 0x0000029299206000,
0x0000029299205000, 0x0000029299200000, 0x0000029299206800, 0x0000029299201000,
0x0000029299207800, 0x000002929920c800, 0x000002929920d000, 0x000002929920e000,
0x0000029299208000, 0x0000029299209000, 0x000002929920a800, 0x000002929920a000,
0x000002929920b800, 0x0000029295d54000, 0x0000029295d4f000, 0x0000029295d55800,
0x0000029295d51800, 0x0000029295d50000, 0x0000029295d55000, 0x0000029295d56800,
0x0000029295d52800, 0x0000029295d51000, 0x0000029295d57800, 0x0000029295d58000,
0x0000029295d53000, 0x0000029295d5e000, 0x0000029295d59000, 0x0000029295d5b800,
0x0000029295d5d000, 0x0000029295d5a000, 0x0000029295d5a800, 0x0000029295d5c000,
0x0000029299830800, 0x0000029299834000
}

Java Threads: ( => current thread )
  0x00000292fa5dd000 JavaThread "main" [_thread_blocked, id=13448, stack(0x000000aad2300000,0x000000aad2400000)]
  0x00000292ff188000 JavaThread "Reference Handler" daemon [_thread_blocked, id=8884, stack(0x000000aad2a00000,0x000000aad2b00000)]
  0x00000292ff18b800 JavaThread "Finalizer" daemon [_thread_blocked, id=12764, stack(0x000000aad2b00000,0x000000aad2c00000)]
  0x00000292ff1ed000 JavaThread "Signal Dispatcher" daemon [_thread_blocked, id=11200, stack(0x000000aad2c00000,0x000000aad2d00000)]
  0x00000292ff1ef000 JavaThread "Attach Listener" daemon [_thread_blocked, id=8796, stack(0x000000aad2d00000,0x000000aad2e00000)]
  0x00000292ff1f0800 JavaThread "Service Thread" daemon [_thread_blocked, id=2800, stack(0x000000aad2e00000,0x000000aad2f00000)]
  0x00000292ff1f4000 JavaThread "C2 CompilerThread0" daemon [_thread_in_native, id=14208, stack(0x000000aad2f00000,0x000000aad3000000)]
  0x00000292ff1f9800 JavaThread "C1 CompilerThread0" daemon [_thread_blocked, id=10764, stack(0x000000aad3000000,0x000000aad3100000)]
  0x00000292ff205000 JavaThread "Sweeper thread" daemon [_thread_blocked, id=7404, stack(0x000000aad3100000,0x000000aad3200000)]
  0x00000292ffc62000 JavaThread "Common-Cleaner" daemon [_thread_blocked, id=16204, stack(0x000000aad3200000,0x000000aad3300000)]
  0x000002929665e000 JavaThread "Daemon health stats" [_thread_blocked, id=16416, stack(0x000000aad3400000,0x000000aad3500000)]
  0x000002929673e800 JavaThread "Incoming local TCP Connector on port 53927" [_thread_in_native, id=16552, stack(0x000000aad3600000,0x000000aad3700000)]
  0x000002929630f000 JavaThread "Daemon periodic checks" [_thread_blocked, id=10616, stack(0x000000aad3700000,0x000000aad3800000)]
  0x0000029295b4b000 JavaThread "Daemon" [_thread_blocked, id=16704, stack(0x000000aad3800000,0x000000aad3900000)]
  0x0000029295ee6800 JavaThread "Handler for socket connection from /127.0.0.1:53927 to /127.0.0.1:53928" [_thread_in_native, id=4112, stack(0x000000aad3900000,0x000000aad3a00000)]
  0x0000029295d91000 JavaThread "Cancel handler" [_thread_blocked, id=3448, stack(0x000000aad3a00000,0x000000aad3b00000)]
  0x0000029297143000 JavaThread "Daemon worker" [_thread_blocked, id=13524, stack(0x000000aad3b00000,0x000000aad3c00000)]
  0x00000292963ab800 JavaThread "Asynchronous log dispatcher for DefaultDaemonConnection: socket connection from /127.0.0.1:53927 to /127.0.0.1:53928" [_thread_blocked, id=17004, stack(0x000000aad3c00000,0x000000aad3d00000)]
  0x000002929641b000 JavaThread "Stdin handler" [_thread_blocked, id=15728, stack(0x000000aad3d00000,0x000000aad3e00000)]
  0x0000029295d63800 JavaThread "Daemon client event forwarder" [_thread_blocked, id=7152, stack(0x000000aad3e00000,0x000000aad3f00000)]
  0x0000029295d61000 JavaThread "Cache worker for journal cache (C:\Users\ASUS\AndroidStudioProjects\Room-Chapter-6\caches\journal-1)" [_thread_blocked, id=11112, stack(0x000000aad4100000,0x000000aad4200000)]
  0x0000029295d62000 JavaThread "File lock request listener" [_thread_in_native, id=10232, stack(0x000000aad4200000,0x000000aad4300000)]
  0x0000029295d63000 JavaThread "Cache worker for file hash cache (C:\Users\ASUS\AndroidStudioProjects\Room-Chapter-6\caches\7.2\fileHashes)" [_thread_blocked, id=7332, stack(0x000000aad4300000,0x000000aad4400000)]
  0x0000029297699000 JavaThread "Cache worker for file hash cache (C:\Users\ASUS\AndroidStudioProjects\fixphone\.gradle\7.2\fileHashes)" [_thread_blocked, id=9864, stack(0x000000aad4400000,0x000000aad4500000)]
  0x0000029297695000 JavaThread "File watcher server" daemon [_thread_in_native, id=13288, stack(0x000000aad4500000,0x000000aad4600000)]
  0x0000029297698800 JavaThread "File watcher consumer" daemon [_thread_blocked, id=15532, stack(0x000000aad4600000,0x000000aad4700000)]
  0x000002929769a000 JavaThread "Cache worker for checksums cache (C:\Users\ASUS\AndroidStudioProjects\fixphone\.gradle\checksums)" [_thread_blocked, id=9932, stack(0x000000aad4700000,0x000000aad4800000)]
  0x000002929769b000 JavaThread "Cache worker for cache directory md-supplier (C:\Users\ASUS\AndroidStudioProjects\Room-Chapter-6\caches\7.2\md-supplier)" [_thread_blocked, id=13704, stack(0x000000aad4800000,0x000000aad4900000)]
  0x000002929769b800 JavaThread "Cache worker for cache directory md-rule (C:\Users\ASUS\AndroidStudioProjects\Room-Chapter-6\caches\7.2\md-rule)" [_thread_blocked, id=12868, stack(0x000000aad4900000,0x000000aad4a00000)]
  0x0000029297696000 JavaThread "Cache worker for execution history cache (C:\Users\ASUS\AndroidStudioProjects\Room-Chapter-6\caches\7.2\executionHistory)" [_thread_blocked, id=6872, stack(0x000000aad4a00000,0x000000aad4b00000)]
  0x000002929769d800 JavaThread "jar transforms" [_thread_blocked, id=12828, stack(0x000000aad4b00000,0x000000aad4c00000)]
  0x0000029297697800 JavaThread "Cache worker for file content cache (C:\Users\ASUS\AndroidStudioProjects\Room-Chapter-6\caches\7.2\fileContent)" [_thread_blocked, id=12924, stack(0x000000aad4c00000,0x000000aad4d00000)]
  0x00000292976a2000 JavaThread "jar transforms Thread 2" [_thread_blocked, id=16596, stack(0x000000aad4d00000,0x000000aad4e00000)]
  0x00000292976a3000 JavaThread "Cache worker for dependencies-accessors (C:\Users\ASUS\AndroidStudioProjects\fixphone\.gradle\7.2\dependencies-accessors)" [_thread_blocked, id=17332, stack(0x000000aad4e00000,0x000000aad4f00000)]
  0x00000292976a4000 JavaThread "jar transforms Thread 3" [_thread_blocked, id=15432, stack(0x000000aad4f00000,0x000000aad5000000)]
  0x000002929769e000 JavaThread "Cache worker for Build Output Cleanup Cache (C:\Users\ASUS\AndroidStudioProjects\fixphone\.gradle\buildOutputCleanup)" [_thread_blocked, id=9068, stack(0x000000aad5000000,0x000000aad5100000)]
  0x000002929769f000 JavaThread "Unconstrained build operations" [_thread_blocked, id=16448, stack(0x000000aad5100000,0x000000aad5200000)]
  0x000002929769f800 JavaThread "Unconstrained build operations Thread 2" [_thread_blocked, id=7460, stack(0x000000aad5200000,0x000000aad5300000)]
  0x0000029299202800 JavaThread "Unconstrained build operations Thread 3" [_thread_blocked, id=12216, stack(0x000000aad5300000,0x000000aad5400000)]
  0x00000292991ff000 JavaThread "Unconstrained build operations Thread 4" [_thread_blocked, id=15440, stack(0x000000aad5400000,0x000000aad5500000)]
  0x0000029299203800 JavaThread "Unconstrained build operations Thread 5" [_thread_blocked, id=12596, stack(0x000000aad5500000,0x000000aad5600000)]
  0x0000029299201800 JavaThread "Unconstrained build operations Thread 6" [_thread_blocked, id=4800, stack(0x000000aad5600000,0x000000aad5700000)]
  0x0000029299204000 JavaThread "Unconstrained build operations Thread 7" [_thread_blocked, id=15988, stack(0x000000aad5700000,0x000000aad5800000)]
  0x0000029299206000 JavaThread "Unconstrained build operations Thread 8" [_thread_blocked, id=11084, stack(0x000000aad5800000,0x000000aad5900000)]
  0x0000029299205000 JavaThread "Unconstrained build operations Thread 9" [_thread_blocked, id=11348, stack(0x000000aad5900000,0x000000aad5a00000)]
  0x0000029299200000 JavaThread "Unconstrained build operations Thread 10" [_thread_blocked, id=15152, stack(0x000000aad5a00000,0x000000aad5b00000)]
  0x0000029299206800 JavaThread "Unconstrained build operations Thread 11" [_thread_blocked, id=13152, stack(0x000000aad5b00000,0x000000aad5c00000)]
  0x0000029299201000 JavaThread "Unconstrained build operations Thread 12" [_thread_blocked, id=11496, stack(0x000000aad5c00000,0x000000aad5d00000)]
  0x0000029299207800 JavaThread "Unconstrained build operations Thread 13" [_thread_blocked, id=15816, stack(0x000000aad5d00000,0x000000aad5e00000)]
  0x000002929920c800 JavaThread "Unconstrained build operations Thread 14" [_thread_blocked, id=12076, stack(0x000000aad5e00000,0x000000aad5f00000)]
  0x000002929920d000 JavaThread "Unconstrained build operations Thread 15" [_thread_blocked, id=6120, stack(0x000000aad5f00000,0x000000aad6000000)]
  0x000002929920e000 JavaThread "Unconstrained build operations Thread 16" [_thread_blocked, id=15132, stack(0x000000aad6000000,0x000000aad6100000)]
  0x0000029299208000 JavaThread "Unconstrained build operations Thread 17" [_thread_blocked, id=16780, stack(0x000000aad6100000,0x000000aad6200000)]
  0x0000029299209000 JavaThread "Unconstrained build operations Thread 18" [_thread_blocked, id=10844, stack(0x000000aad6200000,0x000000aad6300000)]
  0x000002929920a800 JavaThread "Unconstrained build operations Thread 19" [_thread_blocked, id=14796, stack(0x000000aad6300000,0x000000aad6400000)]
  0x000002929920a000 JavaThread "Unconstrained build operations Thread 20" [_thread_blocked, id=4472, stack(0x000000aad6400000,0x000000aad6500000)]
  0x000002929920b800 JavaThread "Unconstrained build operations Thread 21" [_thread_blocked, id=7636, stack(0x000000aad6500000,0x000000aad6600000)]
  0x0000029295d54000 JavaThread "Unconstrained build operations Thread 22" [_thread_blocked, id=15128, stack(0x000000aad6600000,0x000000aad6700000)]
  0x0000029295d4f000 JavaThread "Unconstrained build operations Thread 23" [_thread_blocked, id=7504, stack(0x000000aad6700000,0x000000aad6800000)]
  0x0000029295d55800 JavaThread "Unconstrained build operations Thread 24" [_thread_blocked, id=6004, stack(0x000000aad6800000,0x000000aad6900000)]
  0x0000029295d51800 JavaThread "Unconstrained build operations Thread 25" [_thread_blocked, id=12064, stack(0x000000aad6900000,0x000000aad6a00000)]
  0x0000029295d50000 JavaThread "Unconstrained build operations Thread 26" [_thread_blocked, id=12344, stack(0x000000aad6a00000,0x000000aad6b00000)]
  0x0000029295d55000 JavaThread "Unconstrained build operations Thread 27" [_thread_blocked, id=15912, stack(0x000000aad6b00000,0x000000aad6c00000)]
  0x0000029295d56800 JavaThread "Unconstrained build operations Thread 28" [_thread_blocked, id=16088, stack(0x000000aad6c00000,0x000000aad6d00000)]
  0x0000029295d52800 JavaThread "Unconstrained build operations Thread 29" [_thread_blocked, id=9120, stack(0x000000aad6d00000,0x000000aad6e00000)]
  0x0000029295d51000 JavaThread "Unconstrained build operations Thread 30" [_thread_blocked, id=3700, stack(0x000000aad6e00000,0x000000aad6f00000)]
  0x0000029295d57800 JavaThread "Unconstrained build operations Thread 31" [_thread_blocked, id=11592, stack(0x000000aad6f00000,0x000000aad7000000)]
  0x0000029295d58000 JavaThread "Unconstrained build operations Thread 32" [_thread_blocked, id=8596, stack(0x000000aad7000000,0x000000aad7100000)]
  0x0000029295d53000 JavaThread "Unconstrained build operations Thread 33" [_thread_blocked, id=272, stack(0x000000aad7100000,0x000000aad7200000)]
  0x0000029295d5e000 JavaThread "Unconstrained build operations Thread 34" [_thread_blocked, id=9816, stack(0x000000aad7200000,0x000000aad7300000)]
  0x0000029295d59000 JavaThread "Unconstrained build operations Thread 35" [_thread_blocked, id=14404, stack(0x000000aad7300000,0x000000aad7400000)]
  0x0000029295d5b800 JavaThread "Unconstrained build operations Thread 36" [_thread_blocked, id=16980, stack(0x000000aad7400000,0x000000aad7500000)]
  0x0000029295d5d000 JavaThread "Unconstrained build operations Thread 37" [_thread_blocked, id=11640, stack(0x000000aad7500000,0x000000aad7600000)]
  0x0000029295d5a000 JavaThread "Unconstrained build operations Thread 38" [_thread_blocked, id=17028, stack(0x000000aad7600000,0x000000aad7700000)]
  0x0000029295d5a800 JavaThread "Unconstrained build operations Thread 39" [_thread_blocked, id=5796, stack(0x000000aad7700000,0x000000aad7800000)]
  0x0000029295d5c000 JavaThread "Unconstrained build operations Thread 40" [_thread_blocked, id=1532, stack(0x000000aad7800000,0x000000aad7900000)]
  0x0000029299830800 JavaThread "jar transforms Thread 4" [_thread_blocked, id=5996, stack(0x000000aad7900000,0x000000aad7a00000)]
  0x0000029299834000 JavaThread "Memory manager" [_thread_blocked, id=5672, stack(0x000000aad7a00000,0x000000aad7b00000)]

Other Threads:
=>0x00000292ff181800 VMThread "VM Thread" [stack: 0x000000aad2900000,0x000000aad2a00000] [id=7680]
  0x00000292ffc7d000 WatcherThread [stack: 0x000000aad3300000,0x000000aad3400000] [id=8532]
  0x00000292fa5f5800 GCTaskThread "GC Thread#0" [stack: 0x000000aad2400000,0x000000aad2500000] [id=13388]
  0x0000029295443000 GCTaskThread "GC Thread#1" [stack: 0x000000aad3500000,0x000000aad3600000] [id=6132]
  0x0000029297268000 GCTaskThread "GC Thread#2" [stack: 0x000000aad3f00000,0x000000aad4000000] [id=15184]
  0x000002929590f800 GCTaskThread "GC Thread#3" [stack: 0x000000aad4000000,0x000000aad4100000] [id=4820]
  0x00000292fa628800 ConcurrentGCThread "G1 Main Marker" [stack: 0x000000aad2500000,0x000000aad2600000] [id=4968]
  0x00000292fa629800 ConcurrentGCThread "G1 Conc#0" [stack: 0x000000aad2600000,0x000000aad2700000] [id=15644]
  0x00000292fa682000 ConcurrentGCThread "G1 Refine#0" [stack: 0x000000aad2700000,0x000000aad2800000] [id=5976]
  0x00000292fa683000 ConcurrentGCThread "G1 Young RemSet Sampling" [stack: 0x000000aad2800000,0x000000aad2900000] [id=13584]

Threads with active compile tasks:
C2 CompilerThread0  20189 6474       4       org.objectweb.asm.MethodWriter::computeAllFrames (510 bytes)

VM state:at safepoint (normal execution)

VM Mutex/Monitor currently owned by a thread:  ([mutex/lock_event])
[0x00000292fa5d8b50] Threads_lock - owner thread: 0x00000292ff181800
[0x00000292fa5d9960] Heap_lock - owner thread: 0x0000029297143000

Heap address: 0x0000000080000000, size: 2048 MB, Compressed Oops mode: 32-bit
Narrow klass base: 0x0000000000000000, Narrow klass shift: 3
Compressed class space size: 1073741824 Address: 0x0000000100000000

Heap:
 garbage-first heap   total 114688K, used 58561K [0x0000000080000000, 0x0000000100000000)
  region size 1024K, 2 young (2048K), 2 survivors (2048K)
 Metaspace       used 64552K, capacity 65983K, committed 66124K, reserved 1105920K
  class space    used 8120K, capacity 8674K, committed 8780K, reserved 1048576K
Heap Regions: E=young(eden), S=young(survivor), O=old, HS=humongous(starts), HC=humongous(continues), CS=collection set, F=free, A=archive, TAMS=top-at-mark-start (previous, next)
|   0|0x0000000080000000, 0x0000000080100000, 0x0000000080100000|100%|HS|  |TAMS 0x0000000080100000, 0x0000000080100000| Complete 
|   1|0x0000000080100000, 0x0000000080200000, 0x0000000080200000|100%|HC|  |TAMS 0x0000000080200000, 0x0000000080200000| Complete 
|   2|0x0000000080200000, 0x0000000080300000, 0x0000000080300000|100%|HC|  |TAMS 0x0000000080300000, 0x0000000080300000| Complete 
|   3|0x0000000080300000, 0x0000000080400000, 0x0000000080400000|100%| O|  |TAMS 0x0000000080400000, 0x0000000080400000| Untracked 
|   4|0x0000000080400000, 0x0000000080500000, 0x0000000080500000|100%| O|  |TAMS 0x0000000080500000, 0x0000000080500000| Untracked 
|   5|0x0000000080500000, 0x0000000080600000, 0x0000000080600000|100%| O|  |TAMS 0x0000000080600000, 0x0000000080600000| Untracked 
|   6|0x0000000080600000, 0x0000000080700000, 0x0000000080700000|100%| O|  |TAMS 0x0000000080700000, 0x0000000080700000| Untracked 
|   7|0x0000000080700000, 0x0000000080800000, 0x0000000080800000|100%| O|  |TAMS 0x0000000080800000, 0x0000000080800000| Untracked 
|   8|0x0000000080800000, 0x0000000080900000, 0x0000000080900000|100%| O|  |TAMS 0x0000000080900000, 0x0000000080900000| Untracked 
|   9|0x0000000080900000, 0x0000000080a00000, 0x0000000080a00000|100%| O|  |TAMS 0x0000000080a00000, 0x0000000080a00000| Untracked 
|  10|0x0000000080a00000, 0x0000000080b00000, 0x0000000080b00000|100%| O|  |TAMS 0x0000000080b00000, 0x0000000080b00000| Untracked 
|  11|0x0000000080b00000, 0x0000000080c00000, 0x0000000080c00000|100%| O|  |TAMS 0x0000000080c00000, 0x0000000080c00000| Untracked 
|  12|0x0000000080c00000, 0x0000000080d00000, 0x0000000080d00000|100%| O|  |TAMS 0x0000000080d00000, 0x0000000080d00000| Untracked 
|  13|0x0000000080d00000, 0x0000000080e00000, 0x0000000080e00000|100%| O|  |TAMS 0x0000000080e00000, 0x0000000080e00000| Untracked 
|  14|0x0000000080e00000, 0x0000000080f00000, 0x0000000080f00000|100%| O|  |TAMS 0x0000000080f00000, 0x0000000080f00000| Untracked 
|  15|0x0000000080f00000, 0x0000000081000000, 0x0000000081000000|100%| O|  |TAMS 0x0000000081000000, 0x0000000081000000| Untracked 
|  16|0x0000000081000000, 0x0000000081100000, 0x0000000081100000|100%| O|  |TAMS 0x0000000081100000, 0x0000000081100000| Untracked 
|  17|0x0000000081100000, 0x0000000081200000, 0x0000000081200000|100%| O|  |TAMS 0x0000000081200000, 0x0000000081200000| Untracked 
|  18|0x0000000081200000, 0x0000000081300000, 0x0000000081300000|100%| O|  |TAMS 0x0000000081300000, 0x0000000081300000| Untracked 
|  19|0x0000000081300000, 0x0000000081400000, 0x0000000081400000|100%| O|  |TAMS 0x0000000081400000, 0x0000000081400000| Untracked 
|  20|0x0000000081400000, 0x0000000081500000, 0x0000000081500000|100%| O|  |TAMS 0x0000000081500000, 0x0000000081500000| Untracked 
|  21|0x0000000081500000, 0x0000000081600000, 0x0000000081600000|100%| O|  |TAMS 0x0000000081600000, 0x0000000081600000| Untracked 
|  22|0x0000000081600000, 0x0000000081700000, 0x0000000081700000|100%| O|  |TAMS 0x0000000081700000, 0x0000000081700000| Untracked 
|  23|0x0000000081700000, 0x0000000081800000, 0x0000000081800000|100%| O|  |TAMS 0x0000000081800000, 0x0000000081800000| Untracked 
|  24|0x0000000081800000, 0x0000000081900000, 0x0000000081900000|100%| O|  |TAMS 0x0000000081900000, 0x0000000081900000| Untracked 
|  25|0x0000000081900000, 0x0000000081a00000, 0x0000000081a00000|100%|HS|  |TAMS 0x0000000081a00000, 0x0000000081a00000| Complete 
|  26|0x0000000081a00000, 0x0000000081b00000, 0x0000000081b00000|100%| O|  |TAMS 0x0000000081b00000, 0x0000000081b00000| Untracked 
|  27|0x0000000081b00000, 0x0000000081c00000, 0x0000000081c00000|100%| O|  |TAMS 0x0000000081c00000, 0x0000000081c00000| Untracked 
|  28|0x0000000081c00000, 0x0000000081d00000, 0x0000000081d00000|100%|HS|  |TAMS 0x0000000081d00000, 0x0000000081d00000| Complete 
|  29|0x0000000081d00000, 0x0000000081e00000, 0x0000000081e00000|100%|HS|  |TAMS 0x0000000081e00000, 0x0000000081e00000| Complete 
|  30|0x0000000081e00000, 0x0000000081f00000, 0x0000000081f00000|100%|HS|  |TAMS 0x0000000081f00000, 0x0000000081f00000| Complete 
|  31|0x0000000081f00000, 0x0000000082000000, 0x0000000082000000|100%|HS|  |TAMS 0x0000000082000000, 0x0000000082000000| Complete 
|  32|0x0000000082000000, 0x0000000082100000, 0x0000000082100000|100%|HC|  |TAMS 0x0000000082100000, 0x0000000082100000| Complete 
|  33|0x0000000082100000, 0x0000000082200000, 0x0000000082200000|100%|HC|  |TAMS 0x0000000082200000, 0x0000000082200000| Complete 
|  34|0x0000000082200000, 0x0000000082300000, 0x0000000082300000|100%| O|  |TAMS 0x0000000082300000, 0x0000000082300000| Untracked 
|  35|0x0000000082300000, 0x0000000082400000, 0x0000000082400000|100%| O|  |TAMS 0x0000000082400000, 0x0000000082400000| Untracked 
|  36|0x0000000082400000, 0x0000000082500000, 0x0000000082500000|100%| O|  |TAMS 0x0000000082500000, 0x0000000082500000| Untracked 
|  37|0x0000000082500000, 0x0000000082600000, 0x0000000082600000|100%| O|  |TAMS 0x0000000082600000, 0x0000000082600000| Untracked 
|  38|0x0000000082600000, 0x0000000082700000, 0x0000000082700000|100%| O|  |TAMS 0x0000000082700000, 0x0000000082700000| Untracked 
|  39|0x0000000082700000, 0x0000000082800000, 0x0000000082800000|100%|HS|  |TAMS 0x0000000082800000, 0x0000000082800000| Complete 
|  40|0x0000000082800000, 0x0000000082900000, 0x0000000082900000|100%|HC|  |TAMS 0x0000000082900000, 0x0000000082900000| Complete 
|  41|0x0000000082900000, 0x0000000082a00000, 0x0000000082a00000|100%| O|  |TAMS 0x0000000082a00000, 0x0000000082a00000| Untracked 
|  42|0x0000000082a00000, 0x0000000082b00000, 0x0000000082b00000|100%| O|  |TAMS 0x0000000082b00000, 0x0000000082b00000| Untracked 
|  43|0x0000000082b00000, 0x0000000082c00000, 0x0000000082c00000|100%| O|  |TAMS 0x0000000082c00000, 0x0000000082c00000| Untracked 
|  44|0x0000000082c00000, 0x0000000082d00000, 0x0000000082d00000|100%| O|  |TAMS 0x0000000082d00000, 0x0000000082d00000| Untracked 
|  45|0x0000000082d00000, 0x0000000082e00000, 0x0000000082e00000|100%| O|  |TAMS 0x0000000082e00000, 0x0000000082e00000| Untracked 
|  46|0x0000000082e00000, 0x0000000082f00000, 0x0000000082f00000|100%| O|  |TAMS 0x0000000082f00000, 0x0000000082f00000| Untracked 
|  47|0x0000000082f00000, 0x0000000083000000, 0x0000000083000000|100%| O|  |TAMS 0x0000000083000000, 0x0000000083000000| Untracked 
|  48|0x0000000083000000, 0x0000000083100000, 0x0000000083100000|100%| O|  |TAMS 0x0000000083100000, 0x0000000083100000| Untracked 
|  49|0x0000000083100000, 0x0000000083200000, 0x0000000083200000|100%| O|  |TAMS 0x0000000083200000, 0x0000000083200000| Untracked 
|  50|0x0000000083200000, 0x0000000083300000, 0x0000000083300000|100%| O|  |TAMS 0x000000008327bc00, 0x0000000083300000| Untracked 
|  51|0x0000000083300000, 0x0000000083400000, 0x0000000083400000|100%| O|  |TAMS 0x0000000083300000, 0x0000000083400000| Untracked 
|  52|0x0000000083400000, 0x0000000083500000, 0x0000000083500000|100%| O|  |TAMS 0x0000000083400000, 0x0000000083500000| Untracked 
|  53|0x0000000083500000, 0x0000000083600000, 0x0000000083600000|100%| O|  |TAMS 0x0000000083500000, 0x0000000083600000| Untracked 
|  54|0x0000000083600000, 0x0000000083700000, 0x0000000083700000|100%| O|  |TAMS 0x0000000083600000, 0x0000000083700000| Untracked 
|  55|0x0000000083700000, 0x00000000837ac000, 0x0000000083800000| 67%| O|  |TAMS 0x0000000083700000, 0x00000000837ac000| Untracked 
|  56|0x0000000083800000, 0x0000000083800000, 0x0000000083900000|  0%| F|  |TAMS 0x0000000083800000, 0x0000000083800000| Untracked 
|  57|0x0000000083900000, 0x0000000083900000, 0x0000000083a00000|  0%| F|  |TAMS 0x0000000083900000, 0x0000000083900000| Untracked 
|  58|0x0000000083a00000, 0x0000000083a00000, 0x0000000083b00000|  0%| F|  |TAMS 0x0000000083a00000, 0x0000000083a00000| Untracked 
|  59|0x0000000083b00000, 0x0000000083b00000, 0x0000000083c00000|  0%| F|  |TAMS 0x0000000083b00000, 0x0000000083b00000| Untracked 
|  60|0x0000000083c00000, 0x0000000083c00000, 0x0000000083d00000|  0%| F|  |TAMS 0x0000000083c00000, 0x0000000083c00000| Untracked 
|  61|0x0000000083d00000, 0x0000000083d00000, 0x0000000083e00000|  0%| F|  |TAMS 0x0000000083d00000, 0x0000000083d00000| Untracked 
|  62|0x0000000083e00000, 0x0000000083e00000, 0x0000000083f00000|  0%| F|  |TAMS 0x0000000083e00000, 0x0000000083e00000| Untracked 
|  63|0x0000000083f00000, 0x0000000083f00000, 0x0000000084000000|  0%| F|  |TAMS 0x0000000083f00000, 0x0000000083f00000| Untracked 
|  64|0x0000000084000000, 0x0000000084000000, 0x0000000084100000|  0%| F|  |TAMS 0x0000000084000000, 0x0000000084000000| Untracked 
|  65|0x0000000084100000, 0x0000000084100000, 0x0000000084200000|  0%| F|  |TAMS 0x0000000084100000, 0x0000000084100000| Untracked 
|  66|0x0000000084200000, 0x0000000084200000, 0x0000000084300000|  0%| F|  |TAMS 0x0000000084200000, 0x0000000084200000| Untracked 
|  67|0x0000000084300000, 0x0000000084300000, 0x0000000084400000|  0%| F|  |TAMS 0x0000000084300000, 0x0000000084300000| Untracked 
|  68|0x0000000084400000, 0x0000000084400000, 0x0000000084500000|  0%| F|  |TAMS 0x0000000084400000, 0x0000000084400000| Untracked 
|  69|0x0000000084500000, 0x0000000084500000, 0x0000000084600000|  0%| F|  |TAMS 0x0000000084500000, 0x0000000084500000| Untracked 
|  70|0x0000000084600000, 0x0000000084684528, 0x0000000084700000| 51%| S|CS|TAMS 0x0000000084600000, 0x0000000084600000| Complete 
|  71|0x0000000084700000, 0x0000000084800000, 0x0000000084800000|100%| S|CS|TAMS 0x0000000084700000, 0x0000000084700000| Complete 
|  72|0x0000000084800000, 0x0000000084800000, 0x0000000084900000|  0%| F|  |TAMS 0x0000000084800000, 0x0000000084800000| Untracked 
|  73|0x0000000084900000, 0x0000000084900000, 0x0000000084a00000|  0%| F|  |TAMS 0x0000000084900000, 0x0000000084900000| Untracked 
|  74|0x0000000084a00000, 0x0000000084a00000, 0x0000000084b00000|  0%| F|  |TAMS 0x0000000084a00000, 0x0000000084a00000| Untracked 
|  75|0x0000000084b00000, 0x0000000084b00000, 0x0000000084c00000|  0%| F|  |TAMS 0x0000000084b00000, 0x0000000084b00000| Untracked 
|  76|0x0000000084c00000, 0x0000000084c00000, 0x0000000084d00000|  0%| F|  |TAMS 0x0000000084c00000, 0x0000000084c00000| Untracked 
|  77|0x0000000084d00000, 0x0000000084d00000, 0x0000000084e00000|  0%| F|  |TAMS 0x0000000084d00000, 0x0000000084d00000| Untracked 
|  78|0x0000000084e00000, 0x0000000084e00000, 0x0000000084f00000|  0%| F|  |TAMS 0x0000000084e00000, 0x0000000084e00000| Untracked 
|  79|0x0000000084f00000, 0x0000000084f00000, 0x0000000085000000|  0%| F|  |TAMS 0x0000000084f00000, 0x0000000084f00000| Untracked 
|  80|0x0000000085000000, 0x0000000085000000, 0x0000000085100000|  0%| F|  |TAMS 0x0000000085000000, 0x0000000085000000| Untracked 
|  81|0x0000000085100000, 0x0000000085100000, 0x0000000085200000|  0%| F|  |TAMS 0x0000000085100000, 0x0000000085100000| Untracked 
|  82|0x0000000085200000, 0x0000000085200000, 0x0000000085300000|  0%| F|  |TAMS 0x0000000085200000, 0x0000000085200000| Untracked 
|  83|0x0000000085300000, 0x0000000085300000, 0x0000000085400000|  0%| F|  |TAMS 0x0000000085300000, 0x0000000085300000| Untracked 
|  84|0x0000000085400000, 0x0000000085400000, 0x0000000085500000|  0%| F|  |TAMS 0x0000000085400000, 0x0000000085400000| Untracked 
|  85|0x0000000085500000, 0x0000000085500000, 0x0000000085600000|  0%| F|  |TAMS 0x0000000085500000, 0x0000000085500000| Untracked 
|  86|0x0000000085600000, 0x0000000085600000, 0x0000000085700000|  0%| F|  |TAMS 0x0000000085600000, 0x0000000085600000| Untracked 
|  87|0x0000000085700000, 0x0000000085700000, 0x0000000085800000|  0%| F|  |TAMS 0x0000000085700000, 0x0000000085700000| Untracked 
|  88|0x0000000085800000, 0x0000000085800000, 0x0000000085900000|  0%| F|  |TAMS 0x0000000085800000, 0x0000000085800000| Untracked 
|  89|0x0000000085900000, 0x0000000085900000, 0x0000000085a00000|  0%| F|  |TAMS 0x0000000085900000, 0x0000000085900000| Untracked 
|  90|0x0000000085a00000, 0x0000000085a00000, 0x0000000085b00000|  0%| F|  |TAMS 0x0000000085a00000, 0x0000000085a00000| Untracked 
|  91|0x0000000085b00000, 0x0000000085b00000, 0x0000000085c00000|  0%| F|  |TAMS 0x0000000085b00000, 0x0000000085b00000| Untracked 
|  92|0x0000000085c00000, 0x0000000085c00000, 0x0000000085d00000|  0%| F|  |TAMS 0x0000000085c00000, 0x0000000085c00000| Untracked 

Card table byte_map: [0x00000292fe4e0000,0x00000292fe8e0000] _byte_map_base: 0x00000292fe0e0000

Marking Bits (Prev, Next): (CMBitMap*) 0x00000292fa61fc08, (CMBitMap*) 0x00000292fa61fc40
 Prev Bits: [0x000002928f000000, 0x0000029291000000)
 Next Bits: [0x0000029291000000, 0x0000029293000000)

Polling page: 0x00000292f85e0000

Metaspace:

Usage:
  Non-class:     55.97 MB capacity,    55.11 MB ( 98%) used,   715.45 KB (  1%) free+waste,   162.38 KB ( <1%) overhead. 
      Class:      8.47 MB capacity,     7.93 MB ( 94%) used,   477.59 KB (  6%) free+waste,    75.56 KB ( <1%) overhead. 
       Both:     64.44 MB capacity,    63.04 MB ( 98%) used,     1.17 MB (  2%) free+waste,   237.94 KB ( <1%) overhead. 

Virtual space:
  Non-class space:       56.00 MB reserved,      56.00 MB (100%) committed 
      Class space:        1.00 GB reserved,       8.57 MB ( <1%) committed 
             Both:        1.05 GB reserved,      64.57 MB (  6%) committed 

Chunk freelists:
   Non-Class:  35.00 KB
       Class:  30.00 KB
        Both:  65.00 KB

MaxMetaspaceSize: 17179869184.00 GB
CompressedClassSpaceSize: 1.00 GB

CodeHeap 'non-profiled nmethods': size=120064Kb used=2809Kb max_used=2809Kb free=117254Kb
 bounds [0x0000029287ac0000, 0x0000029287d80000, 0x000002928f000000]
CodeHeap 'profiled nmethods': size=120000Kb used=13474Kb max_used=13474Kb free=106525Kb
 bounds [0x0000029280590000, 0x00000292812c0000, 0x0000029287ac0000]
CodeHeap 'non-nmethods': size=5696Kb used=2256Kb max_used=2294Kb free=3439Kb
 bounds [0x0000029280000000, 0x0000029280270000, 0x0000029280590000]
 total_blobs=7262 nmethods=6414 adapters=759
 compilation: enabled
              stopped_count=0, restarted_count=0
 full_count=0

Compilation events (20 events):
Event: 20.090 Thread 0x00000292ff1f9800 6490       1       com.android.build.gradle.internal.dsl.decorator.DslDecorator$CollectingInfoVisitor::getSetters (5 bytes)
Event: 20.091 Thread 0x00000292ff1f9800 nmethod 6490 0x0000029287d7dd10 code [0x0000029287d7dec0, 0x0000029287d7df78]
Event: 20.091 Thread 0x00000292ff1f9800 6491       1       com.android.build.gradle.internal.dsl.decorator.DslDecorator$CollectingInfoVisitor::getBlocks (5 bytes)
Event: 20.091 Thread 0x00000292ff1f9800 nmethod 6491 0x0000029287d7e010 code [0x0000029287d7e1c0, 0x0000029287d7e278]
Event: 20.091 Thread 0x00000292ff1f9800 6494       3       org.objectweb.asm.SymbolTable$Entry::<init> (18 bytes)
Event: 20.091 Thread 0x00000292ff1f9800 nmethod 6494 0x00000292812b3610 code [0x00000292812b37c0, 0x00000292812b3928]
Event: 20.091 Thread 0x00000292ff1f9800 6495       3       org.objectweb.asm.commons.Method::getArgumentTypes (8 bytes)
Event: 20.091 Thread 0x00000292ff1f9800 nmethod 6495 0x00000292812b3a10 code [0x00000292812b3bc0, 0x00000292812b3ce8]
Event: 20.091 Thread 0x00000292ff1f9800 6496       1       com.android.build.gradle.internal.dsl.decorator.DslDecorator$ManagedProperty::getGettersToGenerate (5 bytes)
Event: 20.091 Thread 0x00000292ff1f9800 nmethod 6496 0x0000029287d7e310 code [0x0000029287d7e4c0, 0x0000029287d7e578]
Event: 20.091 Thread 0x00000292ff1f9800 6497       3       org.objectweb.asm.Label::getCanonicalInstance (19 bytes)
Event: 20.092 Thread 0x00000292ff1f9800 nmethod 6497 0x00000292812b3d90 code [0x00000292812b3f40, 0x00000292812b4098]
Event: 20.093 Thread 0x00000292ff1f9800 6499       3       org.gradle.internal.reflect.PropertyAccessorType::of (95 bytes)
Event: 20.095 Thread 0x00000292ff1f9800 nmethod 6499 0x00000292812b4190 code [0x00000292812b44c0, 0x00000292812b59d8]
Event: 20.096 Thread 0x00000292ff1f9800 6500       3       org.gradle.internal.reflect.PropertyAccessorType::isGetGetterName (23 bytes)
Event: 20.096 Thread 0x00000292ff1f9800 nmethod 6500 0x00000292812b6010 code [0x00000292812b61e0, 0x00000292812b6508]
Event: 20.103 Thread 0x00000292ff1f9800 6501       3       org.objectweb.asm.SymbolTable::addUninitializedType (103 bytes)
Event: 20.104 Thread 0x00000292ff1f9800 nmethod 6501 0x00000292812b6690 code [0x00000292812b68c0, 0x00000292812b6ef8]
Event: 20.106 Thread 0x00000292ff1f9800 6502       3       org.gradle.internal.instantiation.generator.AsmBackedClassGenerator$ClassBuilderImpl::addSetMethod (146 bytes)
Event: 20.107 Thread 0x00000292ff1f9800 nmethod 6502 0x00000292812b7210 code [0x00000292812b7500, 0x00000292812b84c8]

GC Heap History (20 events):
Event: 10.083 GC heap after
{Heap after GC invocations=14 (full 0):
 garbage-first heap   total 78848K, used 27856K [0x0000000080000000, 0x0000000100000000)
  region size 1024K, 3 young (3072K), 3 survivors (3072K)
 Metaspace       used 40191K, capacity 41136K, committed 41420K, reserved 1085440K
  class space    used 5141K, capacity 5507K, committed 5580K, reserved 1048576K
}
Event: 10.691 GC heap before
{Heap before GC invocations=14 (full 0):
 garbage-first heap   total 78848K, used 60624K [0x0000000080000000, 0x0000000100000000)
  region size 1024K, 35 young (35840K), 3 survivors (3072K)
 Metaspace       used 43588K, capacity 44628K, committed 44876K, reserved 1087488K
  class space    used 5565K, capacity 5915K, committed 5964K, reserved 1048576K
}
Event: 10.698 GC heap after
{Heap after GC invocations=15 (full 0):
 garbage-first heap   total 78848K, used 28840K [0x0000000080000000, 0x0000000100000000)
  region size 1024K, 4 young (4096K), 4 survivors (4096K)
 Metaspace       used 43588K, capacity 44628K, committed 44876K, reserved 1087488K
  class space    used 5565K, capacity 5915K, committed 5964K, reserved 1048576K
}
Event: 11.339 GC heap before
{Heap before GC invocations=15 (full 0):
 garbage-first heap   total 78848K, used 61608K [0x0000000080000000, 0x0000000100000000)
  region size 1024K, 36 young (36864K), 4 survivors (4096K)
 Metaspace       used 45947K, capacity 47025K, committed 47052K, reserved 1089536K
  class space    used 5911K, capacity 6332K, committed 6348K, reserved 1048576K
}
Event: 11.347 GC heap after
{Heap after GC invocations=16 (full 0):
 garbage-first heap   total 78848K, used 29851K [0x0000000080000000, 0x0000000100000000)
  region size 1024K, 3 young (3072K), 3 survivors (3072K)
 Metaspace       used 45947K, capacity 47025K, committed 47052K, reserved 1089536K
  class space    used 5911K, capacity 6332K, committed 6348K, reserved 1048576K
}
Event: 12.469 GC heap before
{Heap before GC invocations=16 (full 0):
 garbage-first heap   total 78848K, used 62619K [0x0000000080000000, 0x0000000100000000)
  region size 1024K, 35 young (35840K), 3 survivors (3072K)
 Metaspace       used 47537K, capacity 48735K, committed 48844K, reserved 1091584K
  class space    used 6082K, capacity 6538K, committed 6604K, reserved 1048576K
}
Event: 12.478 GC heap after
{Heap after GC invocations=17 (full 0):
 garbage-first heap   total 78848K, used 31851K [0x0000000080000000, 0x0000000100000000)
  region size 1024K, 5 young (5120K), 5 survivors (5120K)
 Metaspace       used 47537K, capacity 48735K, committed 48844K, reserved 1091584K
  class space    used 6082K, capacity 6538K, committed 6604K, reserved 1048576K
}
Event: 13.487 GC heap before
{Heap before GC invocations=17 (full 0):
 garbage-first heap   total 78848K, used 61547K [0x0000000080000000, 0x0000000100000000)
  region size 1024K, 28 young (28672K), 5 survivors (5120K)
 Metaspace       used 47919K, capacity 49140K, committed 49356K, reserved 1091584K
  class space    used 6112K, capacity 6582K, committed 6604K, reserved 1048576K
}
Event: 13.507 GC heap after
{Heap after GC invocations=18 (full 0):
 garbage-first heap   total 95232K, used 46558K [0x0000000080000000, 0x0000000100000000)
  region size 1024K, 5 young (5120K), 5 survivors (5120K)
 Metaspace       used 47919K, capacity 49140K, committed 49356K, reserved 1091584K
  class space    used 6112K, capacity 6582K, committed 6604K, reserved 1048576K
}
Event: 14.178 GC heap before
{Heap before GC invocations=19 (full 0):
 garbage-first heap   total 95232K, used 74206K [0x0000000080000000, 0x0000000100000000)
  region size 1024K, 31 young (31744K), 5 survivors (5120K)
 Metaspace       used 50253K, capacity 51508K, committed 51788K, reserved 1093632K
  class space    used 6405K, capacity 6911K, committed 6988K, reserved 1048576K
}
Event: 14.187 GC heap after
{Heap after GC invocations=20 (full 0):
 garbage-first heap   total 95232K, used 51874K [0x0000000080000000, 0x0000000100000000)
  region size 1024K, 4 young (4096K), 4 survivors (4096K)
 Metaspace       used 50253K, capacity 51508K, committed 51788K, reserved 1093632K
  class space    used 6405K, capacity 6911K, committed 6988K, reserved 1048576K
}
Event: 15.972 GC heap before
{Heap before GC invocations=20 (full 0):
 garbage-first heap   total 95232K, used 74402K [0x0000000080000000, 0x0000000100000000)
  region size 1024K, 26 young (26624K), 4 survivors (4096K)
 Metaspace       used 53106K, capacity 54465K, committed 54732K, reserved 1097728K
  class space    used 6758K, capacity 7277K, committed 7372K, reserved 1048576K
}
Event: 15.981 GC heap after
{Heap after GC invocations=21 (full 0):
 garbage-first heap   total 95232K, used 52703K [0x0000000080000000, 0x0000000100000000)
  region size 1024K, 1 young (1024K), 1 survivors (1024K)
 Metaspace       used 53106K, capacity 54465K, committed 54732K, reserved 1097728K
  class space    used 6758K, capacity 7277K, committed 7372K, reserved 1048576K
}
Event: 18.102 GC heap before
{Heap before GC invocations=22 (full 0):
 garbage-first heap   total 95232K, used 76255K [0x0000000080000000, 0x0000000100000000)
  region size 1024K, 24 young (24576K), 1 survivors (1024K)
 Metaspace       used 56746K, capacity 58104K, committed 58188K, reserved 1099776K
  class space    used 7167K, capacity 7679K, committed 7756K, reserved 1048576K
}
Event: 18.106 GC heap after
{Heap after GC invocations=23 (full 0):
 garbage-first heap   total 95232K, used 53182K [0x0000000080000000, 0x0000000100000000)
  region size 1024K, 2 young (2048K), 2 survivors (2048K)
 Metaspace       used 56746K, capacity 58104K, committed 58188K, reserved 1099776K
  class space    used 7167K, capacity 7679K, committed 7756K, reserved 1048576K
}
Event: 18.776 GC heap before
{Heap before GC invocations=23 (full 0):
 garbage-first heap   total 95232K, used 76734K [0x0000000080000000, 0x0000000100000000)
  region size 1024K, 25 young (25600K), 2 survivors (2048K)
 Metaspace       used 60126K, capacity 61520K, committed 61772K, reserved 1103872K
  class space    used 7610K, capacity 8174K, committed 8268K, reserved 1048576K
}
Event: 18.784 GC heap after
{Heap after GC invocations=24 (full 0):
 garbage-first heap   total 95232K, used 54471K [0x0000000080000000, 0x0000000100000000)
  region size 1024K, 3 young (3072K), 3 survivors (3072K)
 Metaspace       used 60126K, capacity 61520K, committed 61772K, reserved 1103872K
  class space    used 7610K, capacity 8174K, committed 8268K, reserved 1048576K
}
Event: 19.488 GC heap before
{Heap before GC invocations=25 (full 0):
 garbage-first heap   total 95232K, used 76999K [0x0000000080000000, 0x0000000100000000)
  region size 1024K, 26 young (26624K), 3 survivors (3072K)
 Metaspace       used 62605K, capacity 64066K, committed 64332K, reserved 1105920K
  class space    used 7889K, capacity 8466K, committed 8524K, reserved 1048576K
}
Event: 19.503 GC heap after
{Heap after GC invocations=26 (full 0):
 garbage-first heap   total 95232K, used 56992K [0x0000000080000000, 0x0000000100000000)
  region size 1024K, 4 young (4096K), 4 survivors (4096K)
 Metaspace       used 62605K, capacity 64066K, committed 64332K, reserved 1105920K
  class space    used 7889K, capacity 8466K, committed 8524K, reserved 1048576K
}
Event: 20.130 GC heap before
{Heap before GC invocations=26 (full 0):
 garbage-first heap   total 95232K, used 78496K [0x0000000080000000, 0x0000000100000000)
  region size 1024K, 25 young (25600K), 4 survivors (4096K)
 Metaspace       used 64552K, capacity 65983K, committed 66124K, reserved 1105920K
  class space    used 8120K, capacity 8674K, committed 8780K, reserved 1048576K
}

Deoptimization events (20 events):
Event: 19.005 Thread 0x0000029297143000 Uncommon trap: trap_request=0xffffff4d fr.pc=0x0000029287d343a0 relative=0x00000000000001e0
Event: 19.005 Thread 0x0000029297143000 Uncommon trap: reason=unstable_if action=reinterpret pc=0x0000029287d343a0 method=java.security.CodeSource.matchCerts(Ljava/security/CodeSource;Z)Z @ 11 c2
Event: 19.005 Thread 0x0000029297143000 DEOPT PACKING pc=0x0000029287d343a0 sp=0x000000aad3bf1780
Event: 19.005 Thread 0x0000029297143000 DEOPT UNPACKING pc=0x000002928002662f sp=0x000000aad3bf1690 mode 2
Event: 19.041 Thread 0x0000029297143000 Uncommon trap: trap_request=0xffffff4d fr.pc=0x0000029287ce2ca0 relative=0x0000000000000260
Event: 19.041 Thread 0x0000029297143000 Uncommon trap: reason=unstable_if action=reinterpret pc=0x0000029287ce2ca0 method=java.util.LinkedHashMap.get(Ljava/lang/Object;)Ljava/lang/Object; @ 20 c2
Event: 19.041 Thread 0x0000029297143000 DEOPT PACKING pc=0x0000029287ce2ca0 sp=0x000000aad3bf3c90
Event: 19.041 Thread 0x0000029297143000 DEOPT UNPACKING pc=0x000002928002662f sp=0x000000aad3bf3c48 mode 2
Event: 19.087 Thread 0x0000029297143000 DEOPT PACKING pc=0x00000292811fbe63 sp=0x000000aad3bf3800
Event: 19.088 Thread 0x0000029297143000 DEOPT UNPACKING pc=0x0000029280026dde sp=0x000000aad3bf2cc0 mode 0
Event: 19.088 Thread 0x0000029297143000 DEOPT PACKING pc=0x00000292811fb6d0 sp=0x000000aad3bf37b0
Event: 19.088 Thread 0x0000029297143000 DEOPT UNPACKING pc=0x0000029280026dde sp=0x000000aad3bf2c28 mode 0
Event: 19.131 Thread 0x0000029297143000 Uncommon trap: trap_request=0xffffff4d fr.pc=0x0000029287d349bc relative=0x000000000000009c
Event: 19.131 Thread 0x0000029297143000 Uncommon trap: reason=unstable_if action=reinterpret pc=0x0000029287d349bc method=java.security.CodeSource.matchCerts(Ljava/security/CodeSource;Z)Z @ 11 c2
Event: 19.131 Thread 0x0000029297143000 DEOPT PACKING pc=0x0000029287d349bc sp=0x000000aad3bf0f30
Event: 19.132 Thread 0x0000029297143000 DEOPT UNPACKING pc=0x000002928002662f sp=0x000000aad3bf0ec8 mode 2
Event: 20.093 Thread 0x0000029297143000 Uncommon trap: trap_request=0xffffff4d fr.pc=0x0000029287c46d9c relative=0x000000000000033c
Event: 20.093 Thread 0x0000029297143000 Uncommon trap: reason=unstable_if action=reinterpret pc=0x0000029287c46d9c method=org.gradle.internal.reflect.PropertyAccessorType.of(Ljava/lang/reflect/Method;)Lorg/gradle/internal/reflect/PropertyAccessorType; @ 56 c2
Event: 20.093 Thread 0x0000029297143000 DEOPT PACKING pc=0x0000029287c46d9c sp=0x000000aad3bf7760
Event: 20.093 Thread 0x0000029297143000 DEOPT UNPACKING pc=0x000002928002662f sp=0x000000aad3bf7720 mode 2

Classes redefined (0 events):
No events

Internal exceptions (20 events):
Event: 13.789 Thread 0x0000029295d63800 Exception <a 'java/lang/NoSuchMethodError'{0x0000000085211060}: <clinit>> (0x0000000085211060) thrown at [./src/hotspot/share/prims/jni.cpp, line 1362]
Event: 13.792 Thread 0x0000029295d63800 Exception <a 'java/lang/NoSuchMethodError'{0x0000000085295678}: <clinit>> (0x0000000085295678) thrown at [./src/hotspot/share/prims/jni.cpp, line 1362]
Event: 13.794 Thread 0x0000029295d63800 Exception <a 'java/lang/NoSuchMethodError'{0x00000000852a21a8}: <clinit>> (0x00000000852a21a8) thrown at [./src/hotspot/share/prims/jni.cpp, line 1362]
Event: 13.798 Thread 0x0000029295d63800 Exception <a 'java/lang/NoSuchMethodError'{0x00000000852cbb90}: <clinit>> (0x00000000852cbb90) thrown at [./src/hotspot/share/prims/jni.cpp, line 1362]
Event: 13.811 Thread 0x0000029297143000 Exception <a 'java/lang/ClassNotFoundException'{0x000000008510f438}: build_6b3ol7zx590ay6k3hu545ogdvBeanInfo> (0x000000008510f438) thrown at [./src/hotspot/share/classfile/systemDictionary.cpp, line 231]
Event: 13.811 Thread 0x0000029297143000 Exception <a 'java/lang/ClassNotFoundException'{0x000000008511a3f0}: build_6b3ol7zx590ay6k3hu545ogdvCustomizer> (0x000000008511a3f0) thrown at [./src/hotspot/share/classfile/systemDictionary.cpp, line 231]
Event: 13.875 Thread 0x0000029297143000 Exception <a 'java/lang/ClassNotFoundException'{0x0000000084fdfdf0}: org/gradle/api/internal/plugins/DefaultObjectConfigurationActionBeanInfo> (0x0000000084fdfdf0) thrown at [./src/hotspot/share/classfile/systemDictionary.cpp, line 231]
Event: 13.876 Thread 0x0000029297143000 Exception <a 'java/lang/ClassNotFoundException'{0x0000000084e16d08}: org/gradle/api/internal/plugins/DefaultObjectConfigurationActionCustomizer> (0x0000000084e16d08) thrown at [./src/hotspot/share/classfile/systemDictionary.cpp, line 231]
Event: 14.126 Thread 0x0000029297143000 Exception <a 'java/lang/NoSuchMethodError'{0x00000000844cbfb0}: 'java.lang.Object java.lang.invoke.DirectMethodHandle$Holder.invokeStatic(java.lang.Object, java.lang.Object, java.lang.Object, java.lang.Object, int)'> (0x00000000844cbfb0) thrown at [./src/hotspot/share/interpreter/linkResolver.cpp, line 773]
Event: 14.127 Thread 0x0000029297143000 Exception <a 'java/lang/NoSuchMethodError'{0x00000000844d09a8}: 'java.lang.Object java.lang.invoke.DirectMethodHandle$Holder.invokeSpecial(java.lang.Object, java.lang.Object, java.lang.Object, java.lang.Object, java.lang.Object, int)'> (0x00000000844d09a8) thrown at [./src/hotspot/share/interpreter/linkResolver.cpp, line 773]
Event: 14.127 Thread 0x0000029297143000 Exception <a 'java/lang/NoSuchMethodError'{0x00000000844d4fe8}: 'java.lang.Object java.lang.invoke.Invokers$Holder.linkToTargetMethod(java.lang.Object, java.lang.Object, java.lang.Object, int, java.lang.Object)'> (0x00000000844d4fe8) thrown at [./src/hotspot/share/interpreter/linkResolver.cpp, line 773]
Event: 15.543 Thread 0x0000029297143000 Exception <a 'java/lang/NoSuchMethodError'{0x0000000084edeed0}: 'java.lang.Object java.lang.invoke.DirectMethodHandle$Holder.invokeSpecial(java.lang.Object, java.lang.Object, int, int, java.lang.Object, java.lang.Object, java.lang.Object)'> (0x0000000084edeed0) thrown at [./src/hotspot/share/interpreter/linkResolver.cpp, line 773]
Event: 15.544 Thread 0x0000029297143000 Exception <a 'java/lang/NoSuchMethodError'{0x0000000084ee3698}: 'java.lang.Object java.lang.invoke.DelegatingMethodHandle$Holder.reinvoke_L(java.lang.Object, int, int, java.lang.Object, java.lang.Object, java.lang.Object)'> (0x0000000084ee3698) thrown at [./src/hotspot/share/interpreter/linkResolver.cpp, line 773]
Event: 16.643 Thread 0x0000029297143000 Exception <a 'java/lang/NoSuchMethodError'{0x0000000085635170}: 'int java.lang.invoke.DirectMethodHandle$Holder.invokeInterface(java.lang.Object, java.lang.Object, java.lang.Object, java.lang.Object)'> (0x0000000085635170) thrown at [./src/hotspot/share/interpreter/linkResolver.cpp, line 773]
Event: 18.296 Thread 0x0000029297143000 Exception <a 'java/lang/NoSuchMethodError'{0x0000000085695cd8}: 'void java.lang.invoke.DirectMethodHandle$Holder.invokeInterface(java.lang.Object, java.lang.Object, java.lang.Object, java.lang.Object)'> (0x0000000085695cd8) thrown at [./src/hotspot/share/interpreter/linkResolver.cpp, line 773]
Event: 18.395 Thread 0x0000029297143000 Implicit null exception at 0x0000029287c03caa to 0x0000029287c03dfa
Event: 18.515 Thread 0x0000029297143000 Exception <a 'java/lang/IncompatibleClassChangeError'{0x0000000084d16620}: Found class java.lang.Object, but interface was expected> (0x0000000084d16620) thrown at [./src/hotspot/share/interpreter/linkResolver.cpp, line 839]
Event: 18.616 Thread 0x0000029297143000 Implicit null exception at 0x0000029287c4c42f to 0x0000029287c4fb10
Event: 18.903 Thread 0x0000029297143000 Implicit null exception at 0x0000029287c0292c to 0x0000029287c02ada
Event: 19.222 Thread 0x0000029297143000 Exception <a 'sun/nio/fs/WindowsException'{0x0000000084edaca0}> (0x0000000084edaca0) thrown at [./src/hotspot/share/prims/jni.cpp, line 615]

Events (20 events):
Event: 20.124 loading class com/android/build/gradle/internal/scope/InternalArtifactType$EXTERNAL_LIBS_DEX_ARCHIVE_WITH_ARTIFACT_TRANSFORMS done
Event: 20.124 loading class com/android/build/gradle/internal/scope/InternalArtifactType$MIXED_SCOPE_DEX_ARCHIVE
Event: 20.124 loading class com/android/build/gradle/internal/scope/InternalArtifactType$MIXED_SCOPE_DEX_ARCHIVE done
Event: 20.125 loading class com/android/build/gradle/internal/scope/InternalArtifactType$DEX_ARCHIVE_INPUT_JAR_HASHES
Event: 20.125 loading class com/android/build/gradle/internal/scope/InternalArtifactType$DEX_ARCHIVE_INPUT_JAR_HASHES done
Event: 20.126 loading class com/android/build/gradle/internal/scope/InternalArtifactType$DESUGAR_GRAPH
Event: 20.126 loading class com/android/build/gradle/internal/scope/InternalArtifactType$DESUGAR_GRAPH done
Event: 20.127 loading class com/android/build/gradle/internal/scope/InternalArtifactType$DEX_NUMBER_OF_BUCKETS_FILE
Event: 20.127 loading class com/android/build/gradle/internal/scope/InternalArtifactType$DEX_NUMBER_OF_BUCKETS_FILE done
Event: 20.128 loading class com/android/build/gradle/internal/scope/InternalArtifactType$EXTERNAL_FILE_LIB_DEX_ARCHIVES
Event: 20.128 loading class com/android/build/gradle/internal/scope/InternalArtifactType$EXTERNAL_FILE_LIB_DEX_ARCHIVES done
Event: 20.128 loading class com/android/build/gradle/internal/scope/InternalArtifactType$APP_CLASSES
Event: 20.128 loading class com/android/build/gradle/internal/scope/InternalArtifactType$APP_CLASSES done
Event: 20.129 loading class com/android/build/gradle/internal/scope/InternalArtifactType$RUNTIME_APP_CLASSES_JAR
Event: 20.129 loading class com/android/build/gradle/internal/scope/InternalArtifactType$RUNTIME_APP_CLASSES_JAR done
Event: 20.129 loading class com/android/build/gradle/internal/scope/InternalArtifactType$DESUGAR_PROJECT_CLASSES
Event: 20.129 loading class com/android/build/gradle/internal/scope/InternalArtifactType$DESUGAR_PROJECT_CLASSES done
Event: 20.130 loading class com/android/build/gradle/internal/scope/InternalArtifactType$DESUGAR_SUB_PROJECT_CLASSES
Event: 20.130 loading class com/android/build/gradle/internal/scope/InternalArtifactType$DESUGAR_SUB_PROJECT_CLASSES done
Event: 20.130 Executing VM operation: G1CollectForAllocation


Dynamic libraries:
0x00007ff63e1f0000 - 0x00007ff63e1fa000 	C:\Program Files\Android\Android Studio1\jre\bin\java.exe
0x00007ff9d0050000 - 0x00007ff9d0245000 	C:\WINDOWS\SYSTEM32\ntdll.dll
0x00007ff9cec80000 - 0x00007ff9ced3e000 	C:\WINDOWS\System32\KERNEL32.DLL
0x00007ff9cdb90000 - 0x00007ff9cde58000 	C:\WINDOWS\System32\KERNELBASE.dll
0x00007ff9cd7c0000 - 0x00007ff9cd8c0000 	C:\WINDOWS\System32\ucrtbase.dll
0x00007ff9c7520000 - 0x00007ff9c7539000 	C:\Program Files\Android\Android Studio1\jre\bin\jli.dll
0x00007ff9c72d0000 - 0x00007ff9c72e7000 	C:\Program Files\Android\Android Studio1\jre\bin\VCRUNTIME140.dll
0x00007ff9ce340000 - 0x00007ff9ce4e0000 	C:\WINDOWS\System32\USER32.dll
0x00007ff9b9a80000 - 0x00007ff9b9d1a000 	C:\WINDOWS\WinSxS\amd64_microsoft.windows.common-controls_6595b64144ccf1df_6.0.19041.1110_none_60b5254171f9507e\COMCTL32.dll
0x00007ff9ce080000 - 0x00007ff9ce0a2000 	C:\WINDOWS\System32\win32u.dll
0x00007ff9ce4e0000 - 0x00007ff9ce50a000 	C:\WINDOWS\System32\GDI32.dll
0x00007ff9cf000000 - 0x00007ff9cf09e000 	C:\WINDOWS\System32\msvcrt.dll
0x00007ff9cde60000 - 0x00007ff9cdf6b000 	C:\WINDOWS\System32\gdi32full.dll
0x00007ff9cdf70000 - 0x00007ff9ce00d000 	C:\WINDOWS\System32\msvcp_win.dll
0x00007ff9ce0b0000 - 0x00007ff9ce0e0000 	C:\WINDOWS\System32\IMM32.DLL
0x00007ff9a89d0000 - 0x00007ff9a8a6d000 	C:\Program Files\Android\Android Studio1\jre\bin\msvcp140.dll
0x00007ff98e310000 - 0x00007ff98ede5000 	C:\Program Files\Android\Android Studio1\jre\bin\server\jvm.dll
0x00007ff9ce5e0000 - 0x00007ff9ce68e000 	C:\WINDOWS\System32\ADVAPI32.dll
0x00007ff9cfb00000 - 0x00007ff9cfb9c000 	C:\WINDOWS\System32\sechost.dll
0x00007ff9ce210000 - 0x00007ff9ce335000 	C:\WINDOWS\System32\RPCRT4.dll
0x00007ff9ce890000 - 0x00007ff9ce898000 	C:\WINDOWS\System32\PSAPI.DLL
0x00007ff9c8ef0000 - 0x00007ff9c8ef9000 	C:\WINDOWS\SYSTEM32\WSOCK32.dll
0x00007ff9c9270000 - 0x00007ff9c9297000 	C:\WINDOWS\SYSTEM32\WINMM.dll
0x00007ff9ce690000 - 0x00007ff9ce6fb000 	C:\WINDOWS\System32\WS2_32.dll
0x00007ff9c6280000 - 0x00007ff9c628a000 	C:\WINDOWS\SYSTEM32\VERSION.dll
0x00007ff9cc020000 - 0x00007ff9cc032000 	C:\WINDOWS\SYSTEM32\kernel.appcore.dll
0x00007ff9c7b70000 - 0x00007ff9c7b81000 	C:\Program Files\Android\Android Studio1\jre\bin\verify.dll
0x00007ff9cb590000 - 0x00007ff9cb774000 	C:\WINDOWS\SYSTEM32\DBGHELP.DLL
0x00007ff9adac0000 - 0x00007ff9adaec000 	C:\WINDOWS\SYSTEM32\dbgcore.DLL
0x00007ff9cda50000 - 0x00007ff9cdad2000 	C:\WINDOWS\System32\bcryptPrimitives.dll
0x00007ff9c75f0000 - 0x00007ff9c7619000 	C:\Program Files\Android\Android Studio1\jre\bin\java.dll
0x00007ff9c7b60000 - 0x00007ff9c7b6b000 	C:\Program Files\Android\Android Studio1\jre\bin\jimage.dll
0x00007ff9c75d0000 - 0x00007ff9c75e8000 	C:\Program Files\Android\Android Studio1\jre\bin\zip.dll
0x00007ff9cf200000 - 0x00007ff9cf944000 	C:\WINDOWS\System32\SHELL32.dll
0x00007ff9cb870000 - 0x00007ff9cc004000 	C:\WINDOWS\SYSTEM32\windows.storage.dll
0x00007ff9ce8a0000 - 0x00007ff9cebf4000 	C:\WINDOWS\System32\combase.dll
0x00007ff9cd1e0000 - 0x00007ff9cd20c000 	C:\WINDOWS\SYSTEM32\Wldp.dll
0x00007ff9ce700000 - 0x00007ff9ce7ad000 	C:\WINDOWS\System32\SHCORE.dll
0x00007ff9ce830000 - 0x00007ff9ce885000 	C:\WINDOWS\System32\shlwapi.dll
0x00007ff9cd6b0000 - 0x00007ff9cd6cf000 	C:\WINDOWS\SYSTEM32\profapi.dll
0x00007ff9c5870000 - 0x00007ff9c588a000 	C:\Program Files\Android\Android Studio1\jre\bin\net.dll
0x00007ff9bcd20000 - 0x00007ff9bce2a000 	C:\WINDOWS\SYSTEM32\WINHTTP.dll
0x00007ff9ccf40000 - 0x00007ff9ccfaa000 	C:\WINDOWS\system32\mswsock.dll
0x00007ff9c31e0000 - 0x00007ff9c31f4000 	C:\Program Files\Android\Android Studio1\jre\bin\nio.dll
0x00007ff9bcbd0000 - 0x00007ff9bcbf7000 	C:\Users\ASUS\AndroidStudioProjects\Room-Chapter-6\native\e1d6ef7f7dcc3fd88c89a11ec53ec762bb8ba0a96d01ffa2cd45eb1d1d8dd5c5\windows-amd64\native-platform.dll
0x00007ff99c1d0000 - 0x00007ff99c314000 	C:\Users\ASUS\AndroidStudioProjects\Room-Chapter-6\native\5664cfc778a61ccfe75a443a1ab52a65af34e5dc3c78e0209fed803814484fcb\windows-amd64\native-platform-file-events.dll
0x00007ff9c7470000 - 0x00007ff9c747a000 	C:\Program Files\Android\Android Studio1\jre\bin\management.dll
0x00007ff9c7210000 - 0x00007ff9c721d000 	C:\Program Files\Android\Android Studio1\jre\bin\management_ext.dll
0x00007ff9cd130000 - 0x00007ff9cd148000 	C:\WINDOWS\SYSTEM32\CRYPTSP.dll
0x00007ff9cc850000 - 0x00007ff9cc884000 	C:\WINDOWS\system32\rsaenh.dll
0x00007ff9cd8c0000 - 0x00007ff9cd8e7000 	C:\WINDOWS\System32\bcrypt.dll
0x00007ff9cd670000 - 0x00007ff9cd69e000 	C:\WINDOWS\SYSTEM32\USERENV.dll
0x00007ff9cd150000 - 0x00007ff9cd15c000 	C:\WINDOWS\SYSTEM32\CRYPTBASE.dll
0x00007ff9ccbe0000 - 0x00007ff9ccc1b000 	C:\WINDOWS\SYSTEM32\IPHLPAPI.DLL
0x00007ff9cf1f0000 - 0x00007ff9cf1f8000 	C:\WINDOWS\System32\NSI.dll
0x00007ff9c2880000 - 0x00007ff9c2897000 	C:\WINDOWS\SYSTEM32\dhcpcsvc6.DLL
0x00007ff9c3550000 - 0x00007ff9c356d000 	C:\WINDOWS\SYSTEM32\dhcpcsvc.DLL
0x00007ff9ccc20000 - 0x00007ff9ccceb000 	C:\WINDOWS\SYSTEM32\DNSAPI.dll

dbghelp: loaded successfully - version: 4.0.5 - missing functions: none
symbol engine: initialized successfully - sym options: 0x614 - pdb path: .;C:\Program Files\Android\Android Studio1\jre\bin;C:\WINDOWS\SYSTEM32;C:\WINDOWS\WinSxS\amd64_microsoft.windows.common-controls_6595b64144ccf1df_6.0.19041.1110_none_60b5254171f9507e;C:\Program Files\Android\Android Studio1\jre\bin\server;C:\Users\ASUS\AndroidStudioProjects\Room-Chapter-6\native\e1d6ef7f7dcc3fd88c89a11ec53ec762bb8ba0a96d01ffa2cd45eb1d1d8dd5c5\windows-amd64;C:\Users\ASUS\AndroidStudioProjects\Room-Chapter-6\native\5664cfc778a61ccfe75a443a1ab52a65af34e5dc3c78e0209fed803814484fcb\windows-amd64

VM Arguments:
jvm_args: --add-opens=java.base/java.util=ALL-UNNAMED --add-opens=java.base/java.lang=ALL-UNNAMED --add-opens=java.base/java.lang.invoke=ALL-UNNAMED --add-opens=java.base/java.util=ALL-UNNAMED --add-opens=java.prefs/java.util.prefs=ALL-UNNAMED --add-opens=java.prefs/java.util.prefs=ALL-UNNAMED --add-opens=java.base/java.nio.charset=ALL-UNNAMED --add-opens=java.base/java.net=ALL-UNNAMED --add-opens=java.base/java.util.concurrent.atomic=ALL-UNNAMED -Xmx2048m -Dfile.encoding=windows-1252 -Duser.country=ID -Duser.language=en -Duser.variant 
java_command: org.gradle.launcher.daemon.bootstrap.GradleDaemon 7.2
java_class_path (initial): C:\Users\ASUS\AndroidStudioProjects\Room-Chapter-6\wrapper\dists\gradle-7.2-bin\2dnblmf4td7x66yl1d74lt32g\gradle-7.2\lib\gradle-launcher-7.2.jar
Launcher Type: SUN_STANDARD

[Global flags]
     intx CICompilerCount                          = 3                                         {product} {ergonomic}
     uint ConcGCThreads                            = 1                                         {product} {ergonomic}
     uint G1ConcRefinementThreads                  = 4                                         {product} {ergonomic}
   size_t G1HeapRegionSize                         = 1048576                                   {product} {ergonomic}
    uintx GCDrainStackTargetSize                   = 64                                        {product} {ergonomic}
   size_t InitialHeapSize                          = 67108864                                  {product} {ergonomic}
   size_t MarkStackSize                            = 4194304                                   {product} {ergonomic}
   size_t MaxHeapSize                              = 2147483648                                {product} {command line}
   size_t MaxNewSize                               = 1287651328                                {product} {ergonomic}
   size_t MinHeapDeltaBytes                        = 1048576                                   {product} {ergonomic}
    uintx NonNMethodCodeHeapSize                   = 5830732                                {pd product} {ergonomic}
    uintx NonProfiledCodeHeapSize                  = 122913754                              {pd product} {ergonomic}
    uintx ProfiledCodeHeapSize                     = 122913754                              {pd product} {ergonomic}
    uintx ReservedCodeCacheSize                    = 251658240                              {pd product} {ergonomic}
     bool SegmentedCodeCache                       = true                                      {product} {ergonomic}
     bool UseCompressedClassPointers               = true                                 {lp64_product} {ergonomic}
     bool UseCompressedOops                        = true                                 {lp64_product} {ergonomic}
     bool UseG1GC                                  = true                                      {product} {ergonomic}
     bool UseLargePagesIndividualAllocation        = false                                  {pd product} {ergonomic}

Logging:
Log output configuration:
 #0: stdout all=warning uptime,level,tags
 #1: stderr all=off uptime,level,tags

Environment Variables:
JAVA_HOME=C:\Program Files\Eclipse Adoptium\jdk-17.0.2.8-hotspot\
PATH=C:\Program Files\Eclipse Adoptium\jdk-17.0.2.8-hotspot\bin;C:\Program Files (x86)\Common Files\Intel\Shared Files\cpp\bin\Intel64;C:\WINDOWS\system32;C:\WINDOWS;C:\WINDOWS\System32\Wbem;C:\WINDOWS\System32\WindowsPowerShell\v1.0\;C:\WINDOWS\System32\OpenSSH\;C:\Program Files (x86)\Windows Live\Shared;C:\Program Files\Git\cmd;C:\Program Files\Dart\dart-sdk\bin;C:\Android1\sdk\cmdline-tools\latest\bin;C:\Android1\flutter\bin;C:\Users\ASUS\AppData\Local\Microsoft\WindowsApps;C:\Program Files\JetBrains\IntelliJ IDEA Community Edition 2021.3.2\bin;;C:\android\flutter\bin;C:\android\cmdline-tools\tools\bin;C:\Users\ASUS\AppData\Local\Programs\Microsoft VS Code\bin
USERNAME=ASUS
OS=Windows_NT
PROCESSOR_IDENTIFIER=Intel64 Family 6 Model 142 Stepping 9, GenuineIntel



---------------  S Y S T E M  ---------------

OS: Windows 10 , 64 bit Build 19041 (10.0.19041.1645)
OS uptime: 30 days 1:05 hours

CPU:total 4 (initial active 4) (2 cores per cpu, 2 threads per core) family 6 model 142 stepping 9 microcode 0xb4, cmov, cx8, fxsr, mmx, sse, sse2, sse3, ssse3, sse4.1, sse4.2, popcnt, avx, avx2, aes, clmul, erms, 3dnowpref, lzcnt, ht, tsc, tscinvbit, bmi1, bmi2, adx, fma

Memory: 4k page, system-wide physical 3978M (325M free)
TotalPageFile size 16266M (AvailPageFile size 8M)
current process WorkingSet (physical memory assigned to process): 278M, peak: 280M
current process commit charge ("private bytes"): 309M, peak: 330M

vm_info: OpenJDK 64-Bit Server VM (11.0.11+9-b60-7590822) for windows-amd64 JRE (11.0.11+9-b60-7590822), built on Jul 29 2021 21:43:44 by "builder" with MS VC++ 14.0 (VS2015)

END.
