#
# There is insufficient memory for the Java Runtime Environment to continue.
# Native memory allocation (malloc) failed to allocate 1016816 bytes for Chunk::new
# Possible reasons:
#   The system is out of physical RAM or swap space
#   The process is running with CompressedOops enabled, and the Java Heap may be blocking the growth of the native heap
# Possible solutions:
#   Reduce memory load on the system
#   Increase physical memory or swap space
#   Check if swap backing store is full
#   Decrease Java heap size (-Xmx/-Xms)
#   Decrease number of Java threads
#   Decrease Java thread stack sizes (-Xss)
#   Set larger code cache with -XX:ReservedCodeCacheSize=
#   JVM is running with Unscaled Compressed Oops mode in which the Java heap is
#     placed in the first 4GB address space. The Java Heap base address is the
#     maximum limit for the native heap growth. Please use -XX:HeapBaseMinAddress
#     to set the Java Heap base and to place the Java Heap above 4GB virtual address.
# This output file may be truncated or incomplete.
#
#  Out of Memory Error (./src/hotspot/share/memory/arena.cpp:197), pid=15492, tid=17292
#
# JRE version: OpenJDK Runtime Environment (11.0.11+9) (build 11.0.11+9-b60-7590822)
# Java VM: OpenJDK 64-Bit Server VM (11.0.11+9-b60-7590822, mixed mode, tiered, compressed oops, g1 gc, windows-amd64)
# No core dump will be written. Minidumps are not enabled by default on client versions of Windows
#

---------------  S U M M A R Y ------------

Command Line: --add-opens=java.base/java.util=ALL-UNNAMED --add-opens=java.base/java.lang=ALL-UNNAMED --add-opens=java.base/java.lang.invoke=ALL-UNNAMED --add-opens=java.base/java.util=ALL-UNNAMED --add-opens=java.prefs/java.util.prefs=ALL-UNNAMED --add-opens=java.prefs/java.util.prefs=ALL-UNNAMED --add-opens=java.base/java.nio.charset=ALL-UNNAMED --add-opens=java.base/java.net=ALL-UNNAMED --add-opens=java.base/java.util.concurrent.atomic=ALL-UNNAMED -Xmx2048m -Dfile.encoding=windows-1252 -Duser.country=ID -Duser.language=en -Duser.variant org.gradle.launcher.daemon.bootstrap.GradleDaemon 7.2

Host: Intel(R) Core(TM) i3-7020U CPU @ 2.30GHz, 4 cores, 3G,  Windows 10 , 64 bit Build 19041 (10.0.19041.1645)
Time: Fri May 13 20:40:21 2022 Pacific Daylight Time elapsed time: 20.972647 seconds (0d 0h 0m 20s)

---------------  T H R E A D  ---------------

Current thread (0x00000201fea26000):  JavaThread "C2 CompilerThread0" daemon [_thread_in_native, id=17292, stack(0x000000563e100000,0x000000563e200000)]


Current CompileTask:
C2:  20972 6092       4       org.objectweb.asm.Frame::execute (2318 bytes)

Stack: [0x000000563e100000,0x000000563e200000]
Native frames: (J=compiled Java code, j=interpreted, Vv=VM code, C=native code)
V  [jvm.dll+0x5f214a]
V  [jvm.dll+0x726fb5]
V  [jvm.dll+0x7285cd]
V  [jvm.dll+0x728c83]
V  [jvm.dll+0x243278]
V  [jvm.dll+0xbc53c]
V  [jvm.dll+0xbca3c]
V  [jvm.dll+0x353e7d]
V  [jvm.dll+0x19875c]
V  [jvm.dll+0x1fc2ee]
V  [jvm.dll+0x1fb3d4]
V  [jvm.dll+0x183d6c]
V  [jvm.dll+0x209a57]
V  [jvm.dll+0x2082a1]
V  [jvm.dll+0x6ef58f]
V  [jvm.dll+0x6e80b5]
V  [jvm.dll+0x5f1036]
C  [ucrtbase.dll+0x21bb2]
C  [KERNEL32.DLL+0x17034]
C  [ntdll.dll+0x52651]


---------------  P R O C E S S  ---------------

Threads class SMR info:
_java_thread_list=0x000002018ba67830, length=79, elements={
0x00000201eae0d800, 0x00000201fe9ba000, 0x00000201fe9bd800, 0x00000201fea1c000,
0x00000201fea1f000, 0x00000201fea20800, 0x00000201fea26000, 0x00000201fea2b000,
0x00000201fea35000, 0x00000201ff48d000, 0x0000020187e0a800, 0x0000020187e07000,
0x0000020187e09800, 0x0000020187e08000, 0x0000020187e0b800, 0x0000020187e0c000,
0x0000020187e09000, 0x0000020187e0d000, 0x0000020187e0d800, 0x0000020186f0f000,
0x0000020186f0e000, 0x0000020186f0b000, 0x0000020186f0b800, 0x0000020186f0c800,
0x0000020186f09800, 0x0000020186f10000, 0x0000020186f0d800, 0x0000020186f0a000,
0x0000020186f15800, 0x0000020186f10800, 0x0000020186f16800, 0x0000020186f18000,
0x0000020186f13000, 0x0000020186f17000, 0x0000020188dca800, 0x0000020188dc9000,
0x0000020188dcc000, 0x0000020188dc8000, 0x0000020188dc9800, 0x0000020188dcb800,
0x0000020188dc6800, 0x0000020188dcd000, 0x0000020188dc7800, 0x0000020186384800,
0x0000020186386000, 0x0000020186388000, 0x0000020186387000, 0x0000020186383800,
0x0000020186388800, 0x0000020186389800, 0x000002018638a800, 0x000002018638b000,
0x0000020186385800, 0x000002018638f000, 0x0000020186391800, 0x0000020186390000,
0x000002018638c000, 0x0000020186391000, 0x000002018638e800, 0x0000020186392800,
0x000002018638c800, 0x000002018638d800, 0x00000201ff973800, 0x00000201ff96e000,
0x00000201ff970800, 0x00000201ff974800, 0x00000201ff972000, 0x00000201ff96f800,
0x00000201ff973000, 0x00000201ff971800, 0x00000201ff96f000, 0x00000201ff97a000,
0x00000201ff977000, 0x00000201ff97b000, 0x00000201ff978800, 0x00000201ff979800,
0x00000201ff975800, 0x0000020187da3000, 0x00000201ff976000
}

Java Threads: ( => current thread )
  0x00000201eae0d800 JavaThread "main" [_thread_blocked, id=16304, stack(0x000000563d500000,0x000000563d600000)]
  0x00000201fe9ba000 JavaThread "Reference Handler" daemon [_thread_blocked, id=8340, stack(0x000000563dc00000,0x000000563dd00000)]
  0x00000201fe9bd800 JavaThread "Finalizer" daemon [_thread_blocked, id=16928, stack(0x000000563dd00000,0x000000563de00000)]
  0x00000201fea1c000 JavaThread "Signal Dispatcher" daemon [_thread_blocked, id=7152, stack(0x000000563de00000,0x000000563df00000)]
  0x00000201fea1f000 JavaThread "Attach Listener" daemon [_thread_blocked, id=15612, stack(0x000000563df00000,0x000000563e000000)]
  0x00000201fea20800 JavaThread "Service Thread" daemon [_thread_blocked, id=10396, stack(0x000000563e000000,0x000000563e100000)]
=>0x00000201fea26000 JavaThread "C2 CompilerThread0" daemon [_thread_in_native, id=17292, stack(0x000000563e100000,0x000000563e200000)]
  0x00000201fea2b000 JavaThread "C1 CompilerThread0" daemon [_thread_blocked, id=2080, stack(0x000000563e200000,0x000000563e300000)]
  0x00000201fea35000 JavaThread "Sweeper thread" daemon [_thread_blocked, id=16428, stack(0x000000563e300000,0x000000563e400000)]
  0x00000201ff48d000 JavaThread "Common-Cleaner" daemon [_thread_blocked, id=11752, stack(0x000000563e400000,0x000000563e500000)]
  0x0000020187e0a800 JavaThread "Daemon health stats" [_thread_blocked, id=9344, stack(0x000000563e800000,0x000000563e900000)]
  0x0000020187e07000 JavaThread "Incoming local TCP Connector on port 53565" [_thread_in_native, id=16748, stack(0x000000563e600000,0x000000563e700000)]
  0x0000020187e09800 JavaThread "Daemon periodic checks" [_thread_blocked, id=8872, stack(0x000000563e900000,0x000000563ea00000)]
  0x0000020187e08000 JavaThread "Daemon" [_thread_blocked, id=6452, stack(0x000000563ea00000,0x000000563eb00000)]
  0x0000020187e0b800 JavaThread "Handler for socket connection from /127.0.0.1:53565 to /127.0.0.1:53566" [_thread_in_native, id=412, stack(0x000000563eb00000,0x000000563ec00000)]
  0x0000020187e0c000 JavaThread "Cancel handler" [_thread_blocked, id=6716, stack(0x000000563ec00000,0x000000563ed00000)]
  0x0000020187e09000 JavaThread "Daemon worker" [_thread_in_vm, id=8380, stack(0x000000563ed00000,0x000000563ee00000)]
  0x0000020187e0d000 JavaThread "Asynchronous log dispatcher for DefaultDaemonConnection: socket connection from /127.0.0.1:53565 to /127.0.0.1:53566" [_thread_blocked, id=1860, stack(0x000000563ee00000,0x000000563ef00000)]
  0x0000020187e0d800 JavaThread "Stdin handler" [_thread_blocked, id=10220, stack(0x000000563ef00000,0x000000563f000000)]
  0x0000020186f0f000 JavaThread "Daemon client event forwarder" [_thread_blocked, id=13292, stack(0x000000563f000000,0x000000563f100000)]
  0x0000020186f0e000 JavaThread "Cache worker for journal cache (C:\Users\ASUS\AndroidStudioProjects\Room-Chapter-6\caches\journal-1)" [_thread_blocked, id=6400, stack(0x000000563f300000,0x000000563f400000)]
  0x0000020186f0b000 JavaThread "File lock request listener" [_thread_in_native, id=5672, stack(0x000000563f400000,0x000000563f500000)]
  0x0000020186f0b800 JavaThread "Cache worker for file hash cache (C:\Users\ASUS\AndroidStudioProjects\Room-Chapter-6\caches\7.2\fileHashes)" [_thread_blocked, id=16416, stack(0x000000563f500000,0x000000563f600000)]
  0x0000020186f0c800 JavaThread "Cache worker for file hash cache (C:\Users\ASUS\AndroidStudioProjects\fixphone\.gradle\7.2\fileHashes)" [_thread_blocked, id=10824, stack(0x000000563f700000,0x000000563f800000)]
  0x0000020186f09800 JavaThread "File watcher server" daemon [_thread_in_native, id=15036, stack(0x000000563f800000,0x000000563f900000)]
  0x0000020186f10000 JavaThread "File watcher consumer" daemon [_thread_blocked, id=13856, stack(0x000000563f900000,0x000000563fa00000)]
  0x0000020186f0d800 JavaThread "Cache worker for checksums cache (C:\Users\ASUS\AndroidStudioProjects\fixphone\.gradle\checksums)" [_thread_blocked, id=17372, stack(0x000000563fa00000,0x000000563fb00000)]
  0x0000020186f0a000 JavaThread "Cache worker for cache directory md-supplier (C:\Users\ASUS\AndroidStudioProjects\Room-Chapter-6\caches\7.2\md-supplier)" [_thread_blocked, id=648, stack(0x000000563fb00000,0x000000563fc00000)]
  0x0000020186f15800 JavaThread "Cache worker for cache directory md-rule (C:\Users\ASUS\AndroidStudioProjects\Room-Chapter-6\caches\7.2\md-rule)" [_thread_blocked, id=2224, stack(0x000000563fc00000,0x000000563fd00000)]
  0x0000020186f10800 JavaThread "Cache worker for execution history cache (C:\Users\ASUS\AndroidStudioProjects\Room-Chapter-6\caches\7.2\executionHistory)" [_thread_blocked, id=12720, stack(0x000000563fd00000,0x000000563fe00000)]
  0x0000020186f16800 JavaThread "jar transforms" [_thread_blocked, id=17096, stack(0x000000563fe00000,0x000000563ff00000)]
  0x0000020186f18000 JavaThread "Cache worker for file content cache (C:\Users\ASUS\AndroidStudioProjects\Room-Chapter-6\caches\7.2\fileContent)" [_thread_blocked, id=4164, stack(0x000000563ff00000,0x0000005640000000)]
  0x0000020186f13000 JavaThread "jar transforms Thread 2" [_thread_blocked, id=11800, stack(0x0000005640000000,0x0000005640100000)]
  0x0000020186f17000 JavaThread "Cache worker for dependencies-accessors (C:\Users\ASUS\AndroidStudioProjects\fixphone\.gradle\7.2\dependencies-accessors)" [_thread_blocked, id=16432, stack(0x0000005640100000,0x0000005640200000)]
  0x0000020188dca800 JavaThread "jar transforms Thread 3" [_thread_blocked, id=9580, stack(0x0000005640200000,0x0000005640300000)]
  0x0000020188dc9000 JavaThread "Cache worker for Build Output Cleanup Cache (C:\Users\ASUS\AndroidStudioProjects\fixphone\.gradle\buildOutputCleanup)" [_thread_blocked, id=9132, stack(0x0000005640300000,0x0000005640400000)]
  0x0000020188dcc000 JavaThread "Unconstrained build operations" [_thread_blocked, id=7612, stack(0x0000005640400000,0x0000005640500000)]
  0x0000020188dc8000 JavaThread "Unconstrained build operations Thread 2" [_thread_blocked, id=15604, stack(0x0000005640500000,0x0000005640600000)]
  0x0000020188dc9800 JavaThread "Unconstrained build operations Thread 3" [_thread_blocked, id=14780, stack(0x0000005640600000,0x0000005640700000)]
  0x0000020188dcb800 JavaThread "Unconstrained build operations Thread 4" [_thread_blocked, id=12836, stack(0x0000005640700000,0x0000005640800000)]
  0x0000020188dc6800 JavaThread "Unconstrained build operations Thread 5" [_thread_blocked, id=10444, stack(0x0000005640800000,0x0000005640900000)]
  0x0000020188dcd000 JavaThread "Unconstrained build operations Thread 6" [_thread_blocked, id=8444, stack(0x0000005640900000,0x0000005640a00000)]
  0x0000020188dc7800 JavaThread "Unconstrained build operations Thread 7" [_thread_blocked, id=6260, stack(0x0000005640a00000,0x0000005640b00000)]
  0x0000020186384800 JavaThread "Unconstrained build operations Thread 8" [_thread_blocked, id=10308, stack(0x0000005640b00000,0x0000005640c00000)]
  0x0000020186386000 JavaThread "Unconstrained build operations Thread 9" [_thread_blocked, id=11824, stack(0x0000005640c00000,0x0000005640d00000)]
  0x0000020186388000 JavaThread "Unconstrained build operations Thread 10" [_thread_blocked, id=4824, stack(0x0000005640d00000,0x0000005640e00000)]
  0x0000020186387000 JavaThread "Unconstrained build operations Thread 11" [_thread_blocked, id=17180, stack(0x0000005640e00000,0x0000005640f00000)]
  0x0000020186383800 JavaThread "Unconstrained build operations Thread 12" [_thread_blocked, id=8040, stack(0x0000005640f00000,0x0000005641000000)]
  0x0000020186388800 JavaThread "Unconstrained build operations Thread 13" [_thread_blocked, id=16468, stack(0x0000005641000000,0x0000005641100000)]
  0x0000020186389800 JavaThread "Unconstrained build operations Thread 14" [_thread_blocked, id=16904, stack(0x0000005641100000,0x0000005641200000)]
  0x000002018638a800 JavaThread "Unconstrained build operations Thread 15" [_thread_blocked, id=2724, stack(0x0000005641200000,0x0000005641300000)]
  0x000002018638b000 JavaThread "Unconstrained build operations Thread 16" [_thread_blocked, id=16136, stack(0x0000005641300000,0x0000005641400000)]
  0x0000020186385800 JavaThread "Unconstrained build operations Thread 17" [_thread_blocked, id=9156, stack(0x0000005641400000,0x0000005641500000)]
  0x000002018638f000 JavaThread "Unconstrained build operations Thread 18" [_thread_blocked, id=12468, stack(0x0000005641500000,0x0000005641600000)]
  0x0000020186391800 JavaThread "Unconstrained build operations Thread 19" [_thread_blocked, id=16492, stack(0x0000005641600000,0x0000005641700000)]
  0x0000020186390000 JavaThread "Unconstrained build operations Thread 20" [_thread_blocked, id=1776, stack(0x0000005641700000,0x0000005641800000)]
  0x000002018638c000 JavaThread "Unconstrained build operations Thread 21" [_thread_blocked, id=17020, stack(0x0000005641800000,0x0000005641900000)]
  0x0000020186391000 JavaThread "Unconstrained build operations Thread 22" [_thread_blocked, id=11620, stack(0x0000005641900000,0x0000005641a00000)]
  0x000002018638e800 JavaThread "Unconstrained build operations Thread 23" [_thread_blocked, id=8540, stack(0x0000005641a00000,0x0000005641b00000)]
  0x0000020186392800 JavaThread "Unconstrained build operations Thread 24" [_thread_blocked, id=12668, stack(0x0000005641b00000,0x0000005641c00000)]
  0x000002018638c800 JavaThread "Unconstrained build operations Thread 25" [_thread_blocked, id=9136, stack(0x0000005641c00000,0x0000005641d00000)]
  0x000002018638d800 JavaThread "Unconstrained build operations Thread 26" [_thread_blocked, id=15552, stack(0x0000005641d00000,0x0000005641e00000)]
  0x00000201ff973800 JavaThread "Unconstrained build operations Thread 27" [_thread_blocked, id=848, stack(0x0000005641e00000,0x0000005641f00000)]
  0x00000201ff96e000 JavaThread "Unconstrained build operations Thread 28" [_thread_blocked, id=13724, stack(0x0000005641f00000,0x0000005642000000)]
  0x00000201ff970800 JavaThread "Unconstrained build operations Thread 29" [_thread_blocked, id=14972, stack(0x0000005642000000,0x0000005642100000)]
  0x00000201ff974800 JavaThread "Unconstrained build operations Thread 30" [_thread_blocked, id=16620, stack(0x0000005642100000,0x0000005642200000)]
  0x00000201ff972000 JavaThread "Unconstrained build operations Thread 31" [_thread_blocked, id=15072, stack(0x0000005642200000,0x0000005642300000)]
  0x00000201ff96f800 JavaThread "Unconstrained build operations Thread 32" [_thread_blocked, id=2896, stack(0x0000005642300000,0x0000005642400000)]
  0x00000201ff973000 JavaThread "Unconstrained build operations Thread 33" [_thread_blocked, id=732, stack(0x0000005642400000,0x0000005642500000)]
  0x00000201ff971800 JavaThread "Unconstrained build operations Thread 34" [_thread_blocked, id=15664, stack(0x0000005642500000,0x0000005642600000)]
  0x00000201ff96f000 JavaThread "Unconstrained build operations Thread 35" [_thread_blocked, id=12184, stack(0x0000005642600000,0x0000005642700000)]
  0x00000201ff97a000 JavaThread "Unconstrained build operations Thread 36" [_thread_blocked, id=11880, stack(0x0000005642700000,0x0000005642800000)]
  0x00000201ff977000 JavaThread "Unconstrained build operations Thread 37" [_thread_blocked, id=9904, stack(0x0000005642800000,0x0000005642900000)]
  0x00000201ff97b000 JavaThread "Unconstrained build operations Thread 38" [_thread_blocked, id=16548, stack(0x0000005642900000,0x0000005642a00000)]
  0x00000201ff978800 JavaThread "Unconstrained build operations Thread 39" [_thread_blocked, id=7464, stack(0x0000005642a00000,0x0000005642b00000)]
  0x00000201ff979800 JavaThread "Unconstrained build operations Thread 40" [_thread_blocked, id=1252, stack(0x0000005642b00000,0x0000005642c00000)]
  0x00000201ff975800 JavaThread "jar transforms Thread 4" [_thread_blocked, id=16364, stack(0x0000005642c00000,0x0000005642d00000)]
  0x0000020187da3000 JavaThread "C2 CompilerThread1" daemon [_thread_in_native, id=988, stack(0x000000563f600000,0x000000563f700000)]
  0x00000201ff976000 JavaThread "Memory manager" [_thread_blocked, id=9476, stack(0x0000005642d00000,0x0000005642e00000)]

Other Threads:
  0x00000201fe9b3800 VMThread "VM Thread" [stack: 0x000000563db00000,0x000000563dc00000] [id=9768]
  0x00000201ff4e6000 WatcherThread [stack: 0x000000563e500000,0x000000563e600000] [id=8028]
  0x00000201eae26000 GCTaskThread "GC Thread#0" [stack: 0x000000563d600000,0x000000563d700000] [id=5912]
  0x00000201ff8df800 GCTaskThread "GC Thread#1" [stack: 0x000000563e700000,0x000000563e800000] [id=9100]
  0x0000020187b9e800 GCTaskThread "GC Thread#2" [stack: 0x000000563f100000,0x000000563f200000] [id=15872]
  0x000002018887f800 GCTaskThread "GC Thread#3" [stack: 0x000000563f200000,0x000000563f300000] [id=10728]
  0x00000201eae56800 ConcurrentGCThread "G1 Main Marker" [stack: 0x000000563d700000,0x000000563d800000] [id=13876]
  0x00000201eae57800 ConcurrentGCThread "G1 Conc#0" [stack: 0x000000563d800000,0x000000563d900000] [id=9576]
  0x00000201eaeb1000 ConcurrentGCThread "G1 Refine#0" [stack: 0x000000563d900000,0x000000563da00000] [id=15684]
  0x00000201eaeb2000 ConcurrentGCThread "G1 Young RemSet Sampling" [stack: 0x000000563da00000,0x000000563db00000] [id=6816]

Threads with active compile tasks:
C2 CompilerThread0  21033 6092       4       org.objectweb.asm.Frame::execute (2318 bytes)
C2 CompilerThread1  21033 6232       4       jdk.internal.org.objectweb.asm.Type::getArgumentsAndReturnSizes (151 bytes)

VM state:not at safepoint (normal execution)

VM Mutex/Monitor currently owned by a thread: None

Heap address: 0x0000000080000000, size: 2048 MB, Compressed Oops mode: 32-bit
Narrow klass base: 0x0000000000000000, Narrow klass shift: 3
Compressed class space size: 1073741824 Address: 0x0000000100000000

Heap:
 garbage-first heap   total 95232K, used 64440K [0x0000000080000000, 0x0000000100000000)
  region size 1024K, 14 young (14336K), 3 survivors (3072K)
 Metaspace       used 59910K, capacity 61376K, committed 61644K, reserved 1103872K
  class space    used 7559K, capacity 8105K, committed 8140K, reserved 1048576K
Heap Regions: E=young(eden), S=young(survivor), O=old, HS=humongous(starts), HC=humongous(continues), CS=collection set, F=free, A=archive, TAMS=top-at-mark-start (previous, next)
|   0|0x0000000080000000, 0x0000000080100000, 0x0000000080100000|100%|HS|  |TAMS 0x0000000080100000, 0x0000000080000000| Complete 
|   1|0x0000000080100000, 0x0000000080200000, 0x0000000080200000|100%|HC|  |TAMS 0x0000000080200000, 0x0000000080100000| Complete 
|   2|0x0000000080200000, 0x0000000080300000, 0x0000000080300000|100%|HC|  |TAMS 0x0000000080300000, 0x0000000080200000| Complete 
|   3|0x0000000080300000, 0x0000000080400000, 0x0000000080400000|100%| O|  |TAMS 0x0000000080400000, 0x0000000080300000| Untracked 
|   4|0x0000000080400000, 0x0000000080500000, 0x0000000080500000|100%| O|  |TAMS 0x0000000080500000, 0x0000000080400000| Untracked 
|   5|0x0000000080500000, 0x0000000080600000, 0x0000000080600000|100%| O|  |TAMS 0x0000000080600000, 0x0000000080500000| Untracked 
|   6|0x0000000080600000, 0x0000000080700000, 0x0000000080700000|100%| O|  |TAMS 0x0000000080700000, 0x0000000080600000| Untracked 
|   7|0x0000000080700000, 0x0000000080800000, 0x0000000080800000|100%| O|  |TAMS 0x0000000080800000, 0x0000000080700000| Untracked 
|   8|0x0000000080800000, 0x0000000080900000, 0x0000000080900000|100%| O|  |TAMS 0x0000000080900000, 0x0000000080800000| Untracked 
|   9|0x0000000080900000, 0x0000000080a00000, 0x0000000080a00000|100%| O|  |TAMS 0x0000000080a00000, 0x0000000080900000| Untracked 
|  10|0x0000000080a00000, 0x0000000080b00000, 0x0000000080b00000|100%| O|  |TAMS 0x0000000080b00000, 0x0000000080a00000| Untracked 
|  11|0x0000000080b00000, 0x0000000080c00000, 0x0000000080c00000|100%| O|  |TAMS 0x0000000080c00000, 0x0000000080b00000| Untracked 
|  12|0x0000000080c00000, 0x0000000080d00000, 0x0000000080d00000|100%| O|  |TAMS 0x0000000080d00000, 0x0000000080c00000| Untracked 
|  13|0x0000000080d00000, 0x0000000080e00000, 0x0000000080e00000|100%| O|  |TAMS 0x0000000080e00000, 0x0000000080d00000| Untracked 
|  14|0x0000000080e00000, 0x0000000080f00000, 0x0000000080f00000|100%| O|  |TAMS 0x0000000080f00000, 0x0000000080e00000| Untracked 
|  15|0x0000000080f00000, 0x0000000081000000, 0x0000000081000000|100%| O|  |TAMS 0x0000000081000000, 0x0000000080f00000| Untracked 
|  16|0x0000000081000000, 0x0000000081100000, 0x0000000081100000|100%| O|  |TAMS 0x0000000081100000, 0x0000000081000000| Untracked 
|  17|0x0000000081100000, 0x0000000081200000, 0x0000000081200000|100%| O|  |TAMS 0x0000000081200000, 0x0000000081100000| Untracked 
|  18|0x0000000081200000, 0x0000000081300000, 0x0000000081300000|100%| O|  |TAMS 0x0000000081300000, 0x0000000081200000| Untracked 
|  19|0x0000000081300000, 0x0000000081400000, 0x0000000081400000|100%| O|  |TAMS 0x0000000081400000, 0x0000000081300000| Untracked 
|  20|0x0000000081400000, 0x0000000081500000, 0x0000000081500000|100%| O|  |TAMS 0x0000000081500000, 0x0000000081400000| Untracked 
|  21|0x0000000081500000, 0x0000000081600000, 0x0000000081600000|100%| O|  |TAMS 0x0000000081600000, 0x0000000081500000| Untracked 
|  22|0x0000000081600000, 0x0000000081700000, 0x0000000081700000|100%| O|  |TAMS 0x0000000081700000, 0x0000000081600000| Untracked 
|  23|0x0000000081700000, 0x0000000081800000, 0x0000000081800000|100%| O|  |TAMS 0x0000000081800000, 0x0000000081700000| Untracked 
|  24|0x0000000081800000, 0x0000000081900000, 0x0000000081900000|100%|HS|  |TAMS 0x0000000081900000, 0x0000000081800000| Complete 
|  25|0x0000000081900000, 0x0000000081a00000, 0x0000000081a00000|100%| O|  |TAMS 0x0000000081a00000, 0x0000000081900000| Untracked 
|  26|0x0000000081a00000, 0x0000000081b00000, 0x0000000081b00000|100%| O|  |TAMS 0x0000000081b00000, 0x0000000081a00000| Untracked 
|  27|0x0000000081b00000, 0x0000000081c00000, 0x0000000081c00000|100%| O|  |TAMS 0x0000000081c00000, 0x0000000081b00000| Untracked 
|  28|0x0000000081c00000, 0x0000000081d00000, 0x0000000081d00000|100%|HS|  |TAMS 0x0000000081d00000, 0x0000000081c00000| Complete 
|  29|0x0000000081d00000, 0x0000000081e00000, 0x0000000081e00000|100%|HS|  |TAMS 0x0000000081e00000, 0x0000000081d00000| Complete 
|  30|0x0000000081e00000, 0x0000000081f00000, 0x0000000081f00000|100%|HS|  |TAMS 0x0000000081f00000, 0x0000000081e00000| Complete 
|  31|0x0000000081f00000, 0x0000000082000000, 0x0000000082000000|100%| O|  |TAMS 0x0000000082000000, 0x0000000081f00000| Untracked 
|  32|0x0000000082000000, 0x0000000082100000, 0x0000000082100000|100%| O|  |TAMS 0x0000000082100000, 0x0000000082000000| Untracked 
|  33|0x0000000082100000, 0x0000000082200000, 0x0000000082200000|100%| O|  |TAMS 0x0000000082200000, 0x0000000082100000| Untracked 
|  34|0x0000000082200000, 0x0000000082300000, 0x0000000082300000|100%| O|  |TAMS 0x0000000082300000, 0x0000000082200000| Untracked 
|  35|0x0000000082300000, 0x0000000082400000, 0x0000000082400000|100%| O|  |TAMS 0x0000000082400000, 0x0000000082300000| Untracked 
|  36|0x0000000082400000, 0x0000000082500000, 0x0000000082500000|100%| O|  |TAMS 0x0000000082500000, 0x0000000082400000| Untracked 
|  37|0x0000000082500000, 0x0000000082600000, 0x0000000082600000|100%| O|  |TAMS 0x0000000082600000, 0x0000000082500000| Untracked 
|  38|0x0000000082600000, 0x0000000082700000, 0x0000000082700000|100%| O|  |TAMS 0x0000000082700000, 0x0000000082600000| Untracked 
|  39|0x0000000082700000, 0x0000000082800000, 0x0000000082800000|100%| O|  |TAMS 0x0000000082800000, 0x0000000082700000| Untracked 
|  40|0x0000000082800000, 0x0000000082900000, 0x0000000082900000|100%| O|  |TAMS 0x0000000082900000, 0x0000000082800000| Untracked 
|  41|0x0000000082900000, 0x0000000082a00000, 0x0000000082a00000|100%|HS|  |TAMS 0x0000000082a00000, 0x0000000082900000| Complete 
|  42|0x0000000082a00000, 0x0000000082b00000, 0x0000000082b00000|100%|HC|  |TAMS 0x0000000082b00000, 0x0000000082a00000| Complete 
|  43|0x0000000082b00000, 0x0000000082c00000, 0x0000000082c00000|100%|HC|  |TAMS 0x0000000082c00000, 0x0000000082b00000| Complete 
|  44|0x0000000082c00000, 0x0000000082d00000, 0x0000000082d00000|100%|HS|  |TAMS 0x0000000082d00000, 0x0000000082c00000| Complete 
|  45|0x0000000082d00000, 0x0000000082e00000, 0x0000000082e00000|100%|HC|  |TAMS 0x0000000082e00000, 0x0000000082d00000| Complete 
|  46|0x0000000082e00000, 0x0000000082f00000, 0x0000000082f00000|100%| O|  |TAMS 0x0000000082f00000, 0x0000000082e00000| Untracked 
|  47|0x0000000082f00000, 0x0000000083000000, 0x0000000083000000|100%| O|  |TAMS 0x0000000083000000, 0x0000000082f00000| Untracked 
|  48|0x0000000083000000, 0x0000000083100000, 0x0000000083100000|100%| O|  |TAMS 0x0000000083100000, 0x0000000083000000| Untracked 
|  49|0x0000000083100000, 0x0000000083200000, 0x0000000083200000|100%| O|  |TAMS 0x0000000083200000, 0x0000000083100000| Untracked 
|  50|0x0000000083200000, 0x00000000832b0800, 0x0000000083300000| 68%| O|  |TAMS 0x00000000832b0800, 0x0000000083200000| Untracked 
|  51|0x0000000083300000, 0x0000000083300000, 0x0000000083400000|  0%| F|  |TAMS 0x0000000083300000, 0x0000000083300000| Untracked 
|  52|0x0000000083400000, 0x0000000083400000, 0x0000000083500000|  0%| F|  |TAMS 0x0000000083400000, 0x0000000083400000| Untracked 
|  53|0x0000000083500000, 0x0000000083500000, 0x0000000083600000|  0%| F|  |TAMS 0x0000000083500000, 0x0000000083500000| Untracked 
|  54|0x0000000083600000, 0x0000000083600000, 0x0000000083700000|  0%| F|  |TAMS 0x0000000083600000, 0x0000000083600000| Untracked 
|  55|0x0000000083700000, 0x0000000083700000, 0x0000000083800000|  0%| F|  |TAMS 0x0000000083700000, 0x0000000083700000| Untracked 
|  56|0x0000000083800000, 0x0000000083800000, 0x0000000083900000|  0%| F|  |TAMS 0x0000000083800000, 0x0000000083800000| Untracked 
|  57|0x0000000083900000, 0x0000000083900000, 0x0000000083a00000|  0%| F|  |TAMS 0x0000000083900000, 0x0000000083900000| Untracked 
|  58|0x0000000083a00000, 0x0000000083a00000, 0x0000000083b00000|  0%| F|  |TAMS 0x0000000083a00000, 0x0000000083a00000| Untracked 
|  59|0x0000000083b00000, 0x0000000083b00000, 0x0000000083c00000|  0%| F|  |TAMS 0x0000000083b00000, 0x0000000083b00000| Untracked 
|  60|0x0000000083c00000, 0x0000000083c00000, 0x0000000083d00000|  0%| F|  |TAMS 0x0000000083c00000, 0x0000000083c00000| Untracked 
|  61|0x0000000083d00000, 0x0000000083d00000, 0x0000000083e00000|  0%| F|  |TAMS 0x0000000083d00000, 0x0000000083d00000| Untracked 
|  62|0x0000000083e00000, 0x0000000083e00000, 0x0000000083f00000|  0%| F|  |TAMS 0x0000000083e00000, 0x0000000083e00000| Untracked 
|  63|0x0000000083f00000, 0x0000000083f00000, 0x0000000084000000|  0%| F|  |TAMS 0x0000000083f00000, 0x0000000083f00000| Untracked 
|  64|0x0000000084000000, 0x0000000084000000, 0x0000000084100000|  0%| F|  |TAMS 0x0000000084000000, 0x0000000084000000| Untracked 
|  65|0x0000000084100000, 0x0000000084100000, 0x0000000084200000|  0%| F|  |TAMS 0x0000000084100000, 0x0000000084100000| Untracked 
|  66|0x0000000084200000, 0x0000000084200000, 0x0000000084300000|  0%| F|  |TAMS 0x0000000084200000, 0x0000000084200000| Untracked 
|  67|0x0000000084300000, 0x0000000084300000, 0x0000000084400000|  0%| F|  |TAMS 0x0000000084300000, 0x0000000084300000| Untracked 
|  68|0x0000000084400000, 0x0000000084400000, 0x0000000084500000|  0%| F|  |TAMS 0x0000000084400000, 0x0000000084400000| Untracked 
|  69|0x0000000084500000, 0x0000000084500000, 0x0000000084600000|  0%| F|  |TAMS 0x0000000084500000, 0x0000000084500000| Untracked 
|  70|0x0000000084600000, 0x0000000084600000, 0x0000000084700000|  0%| F|  |TAMS 0x0000000084600000, 0x0000000084600000| Untracked 
|  71|0x0000000084700000, 0x000000008473d9e0, 0x0000000084800000| 24%| S|CS|TAMS 0x0000000084700000, 0x0000000084700000| Complete 
|  72|0x0000000084800000, 0x0000000084900000, 0x0000000084900000|100%| S|CS|TAMS 0x0000000084800000, 0x0000000084800000| Complete 
|  73|0x0000000084900000, 0x0000000084900000, 0x0000000084a00000|  0%| F|  |TAMS 0x0000000084900000, 0x0000000084900000| Untracked 
|  74|0x0000000084a00000, 0x0000000084a00000, 0x0000000084b00000|  0%| F|  |TAMS 0x0000000084a00000, 0x0000000084a00000| Untracked 
|  75|0x0000000084b00000, 0x0000000084c00000, 0x0000000084c00000|100%| S|CS|TAMS 0x0000000084b00000, 0x0000000084b00000| Complete 
|  76|0x0000000084c00000, 0x0000000084c00000, 0x0000000084d00000|  0%| F|  |TAMS 0x0000000084c00000, 0x0000000084c00000| Untracked 
|  77|0x0000000084d00000, 0x0000000084d00000, 0x0000000084e00000|  0%| F|  |TAMS 0x0000000084d00000, 0x0000000084d00000| Untracked 
|  78|0x0000000084e00000, 0x0000000084e00000, 0x0000000084f00000|  0%| F|  |TAMS 0x0000000084e00000, 0x0000000084e00000| Untracked 
|  79|0x0000000084f00000, 0x0000000084f00000, 0x0000000085000000|  0%| F|  |TAMS 0x0000000084f00000, 0x0000000084f00000| Untracked 
|  80|0x0000000085000000, 0x0000000085000000, 0x0000000085100000|  0%| F|  |TAMS 0x0000000085000000, 0x0000000085000000| Untracked 
|  81|0x0000000085100000, 0x0000000085100000, 0x0000000085200000|  0%| F|  |TAMS 0x0000000085100000, 0x0000000085100000| Untracked 
|  82|0x0000000085200000, 0x00000000852b69d8, 0x0000000085300000| 71%| E|  |TAMS 0x0000000085200000, 0x0000000085200000| Complete 
|  83|0x0000000085300000, 0x0000000085400000, 0x0000000085400000|100%| E|CS|TAMS 0x0000000085300000, 0x0000000085300000| Complete 
|  84|0x0000000085400000, 0x0000000085500000, 0x0000000085500000|100%| E|CS|TAMS 0x0000000085400000, 0x0000000085400000| Complete 
|  85|0x0000000085500000, 0x0000000085600000, 0x0000000085600000|100%| E|CS|TAMS 0x0000000085500000, 0x0000000085500000| Complete 
|  86|0x0000000085600000, 0x0000000085700000, 0x0000000085700000|100%| E|CS|TAMS 0x0000000085600000, 0x0000000085600000| Complete 
|  87|0x0000000085700000, 0x0000000085800000, 0x0000000085800000|100%| E|CS|TAMS 0x0000000085700000, 0x0000000085700000| Complete 
|  88|0x0000000085800000, 0x0000000085900000, 0x0000000085900000|100%| E|CS|TAMS 0x0000000085800000, 0x0000000085800000| Complete 
|  89|0x0000000085900000, 0x0000000085a00000, 0x0000000085a00000|100%| E|CS|TAMS 0x0000000085900000, 0x0000000085900000| Complete 
|  90|0x0000000085a00000, 0x0000000085b00000, 0x0000000085b00000|100%| E|CS|TAMS 0x0000000085a00000, 0x0000000085a00000| Complete 
|  91|0x0000000085b00000, 0x0000000085c00000, 0x0000000085c00000|100%| E|CS|TAMS 0x0000000085b00000, 0x0000000085b00000| Complete 
|  92|0x0000000085c00000, 0x0000000085d00000, 0x0000000085d00000|100%| E|CS|TAMS 0x0000000085c00000, 0x0000000085c00000| Complete 

Card table byte_map: [0x00000201fdd10000,0x00000201fe110000] _byte_map_base: 0x00000201fd910000

Marking Bits (Prev, Next): (CMBitMap*) 0x00000201eae4d850, (CMBitMap*) 0x00000201eae4d818
 Prev Bits: [0x0000020182000000, 0x0000020184000000)
 Next Bits: [0x0000020180000000, 0x0000020182000000)

Polling page: 0x00000201e8d00000

Metaspace:

Usage:
  Non-class:     52.02 MB capacity,    51.15 MB ( 98%) used,   742.95 KB (  1%) free+waste,   155.25 KB ( <1%) overhead. 
      Class:      7.92 MB capacity,     7.39 MB ( 93%) used,   467.25 KB (  6%) free+waste,    72.94 KB ( <1%) overhead. 
       Both:     59.94 MB capacity,    58.53 MB ( 98%) used,     1.18 MB (  2%) free+waste,   228.19 KB ( <1%) overhead. 

Virtual space:
  Non-class space:       54.00 MB reserved,      52.25 MB ( 97%) committed 
      Class space:        1.00 GB reserved,       7.95 MB ( <1%) committed 
             Both:        1.05 GB reserved,      60.20 MB (  6%) committed 

Chunk freelists:
   Non-Class:  41.00 KB
       Class:  0 bytes
        Both:  41.00 KB

MaxMetaspaceSize: 17179869184.00 GB
CompressedClassSpaceSize: 1.00 GB

CodeHeap 'non-profiled nmethods': size=120064Kb used=3533Kb max_used=3533Kb free=116530Kb
 bounds [0x00000201f63d0000, 0x00000201f6750000, 0x00000201fd910000]
CodeHeap 'profiled nmethods': size=120000Kb used=12962Kb max_used=12962Kb free=107037Kb
 bounds [0x00000201eeea0000, 0x00000201efb50000, 0x00000201f63d0000]
CodeHeap 'non-nmethods': size=5696Kb used=2249Kb max_used=2295Kb free=3446Kb
 bounds [0x00000201ee910000, 0x00000201eeb80000, 0x00000201eeea0000]
 total_blobs=7055 nmethods=6220 adapters=746
 compilation: enabled
              stopped_count=0, restarted_count=0
 full_count=0

Compilation events (20 events):
Event: 20.941 Thread 0x00000201fea2b000 nmethod 6219 0x00000201efb3b990 code [0x00000201efb3bb40, 0x00000201efb3bc38]
Event: 20.941 Thread 0x00000201fea2b000 6218  s!   3       com.sun.jmx.mbeanserver.DefaultMXBeanMappingFactory::mappingForType (110 bytes)
Event: 20.943 Thread 0x00000201fea2b000 nmethod 6218 0x00000201efb3bd10 code [0x00000201efb3c060, 0x00000201efb3d398]
Event: 20.944 Thread 0x00000201fea2b000 6221       3       javax.management.StandardMBean::getDescription (11 bytes)
Event: 20.944 Thread 0x00000201fea2b000 nmethod 6221 0x00000201efb3db10 code [0x00000201efb3dcc0, 0x00000201efb3deb8]
Event: 20.949 Thread 0x00000201fea2b000 6222       3       java.util.TimSort::sort (229 bytes)
Event: 20.950 Thread 0x00000201fea2b000 nmethod 6222 0x00000201efb3df90 code [0x00000201efb3e1e0, 0x00000201efb3e8b8]
Event: 20.950 Thread 0x00000201fea2b000 6223       3       com.sun.jmx.mbeanserver.MXBeanIntrospector::originalTypeString (20 bytes)
Event: 20.951 Thread 0x00000201fea2b000 nmethod 6223 0x00000201efb3ec90 code [0x00000201efb3ee80, 0x00000201efb3f298]
Event: 20.951 Thread 0x00000201fea2b000 6224       3       javax.management.ImmutableDescriptor::union (308 bytes)
Event: 20.954 Thread 0x00000201fea2b000 nmethod 6224 0x00000201efb3f390 code [0x00000201efb3f700, 0x00000201efb41108]
Event: 20.954 Thread 0x00000201fea2b000 6225       3       javax.management.MBeanFeatureInfo::<init> (20 bytes)
Event: 20.954 Thread 0x00000201fea2b000 nmethod 6225 0x00000201efb41a10 code [0x00000201efb41bc0, 0x00000201efb41e38]
Event: 20.957 Thread 0x0000020187da3000 nmethod 6196 0x00000201f673f790 code [0x00000201f673f980, 0x00000201f6740328]
Event: 20.957 Thread 0x0000020187da3000 6212       4       java.util.TreeMap::successor (66 bytes)
Event: 20.960 Thread 0x0000020187da3000 nmethod 6212 0x00000201f6740710 code [0x00000201f67408a0, 0x00000201f6740978]
Event: 20.960 Thread 0x0000020187da3000 6211       4       java.util.TreeMap$PrivateEntryIterator::nextEntry (54 bytes)
Event: 20.966 Thread 0x0000020187da3000 nmethod 6211 0x00000201f6740a90 code [0x00000201f6740c20, 0x00000201f6740ed8]
Event: 20.966 Thread 0x0000020187da3000 6220       4       java.util.concurrent.locks.AbstractQueuedSynchronizer::compareAndSetState (10 bytes)
Event: 20.967 Thread 0x0000020187da3000 nmethod 6220 0x00000201f6741090 code [0x00000201f6741220, 0x00000201f6741298]

GC Heap History (20 events):
Event: 13.739 GC heap before
{Heap before GC invocations=14 (full 0):
 garbage-first heap   total 78848K, used 57727K [0x0000000080000000, 0x0000000100000000)
  region size 1024K, 35 young (35840K), 5 survivors (5120K)
 Metaspace       used 42162K, capacity 43196K, committed 43212K, reserved 1087488K
  class space    used 5445K, capacity 5824K, committed 5836K, reserved 1048576K
}
Event: 13.751 GC heap after
{Heap after GC invocations=15 (full 0):
 garbage-first heap   total 78848K, used 28360K [0x0000000080000000, 0x0000000100000000)
  region size 1024K, 4 young (4096K), 4 survivors (4096K)
 Metaspace       used 42162K, capacity 43196K, committed 43212K, reserved 1087488K
  class space    used 5445K, capacity 5824K, committed 5836K, reserved 1048576K
}
Event: 14.351 GC heap before
{Heap before GC invocations=15 (full 0):
 garbage-first heap   total 78848K, used 60104K [0x0000000080000000, 0x0000000100000000)
  region size 1024K, 35 young (35840K), 4 survivors (4096K)
 Metaspace       used 45083K, capacity 46102K, committed 46156K, reserved 1089536K
  class space    used 5779K, capacity 6173K, committed 6220K, reserved 1048576K
}
Event: 14.360 GC heap after
{Heap after GC invocations=16 (full 0):
 garbage-first heap   total 78848K, used 29827K [0x0000000080000000, 0x0000000100000000)
  region size 1024K, 3 young (3072K), 3 survivors (3072K)
 Metaspace       used 45083K, capacity 46102K, committed 46156K, reserved 1089536K
  class space    used 5779K, capacity 6173K, committed 6220K, reserved 1048576K
}
Event: 15.493 GC heap before
{Heap before GC invocations=16 (full 0):
 garbage-first heap   total 78848K, used 61571K [0x0000000080000000, 0x0000000100000000)
  region size 1024K, 34 young (34816K), 3 survivors (3072K)
 Metaspace       used 47206K, capacity 48383K, committed 48588K, reserved 1091584K
  class space    used 6041K, capacity 6486K, committed 6604K, reserved 1048576K
}
Event: 15.504 GC heap after
{Heap after GC invocations=17 (full 0):
 garbage-first heap   total 78848K, used 32078K [0x0000000080000000, 0x0000000100000000)
  region size 1024K, 5 young (5120K), 5 survivors (5120K)
 Metaspace       used 47206K, capacity 48383K, committed 48588K, reserved 1091584K
  class space    used 6041K, capacity 6486K, committed 6604K, reserved 1048576K
}
Event: 16.526 GC heap before
{Heap before GC invocations=17 (full 0):
 garbage-first heap   total 78848K, used 65870K [0x0000000080000000, 0x0000000100000000)
  region size 1024K, 35 young (35840K), 5 survivors (5120K)
 Metaspace       used 48031K, capacity 49194K, committed 49356K, reserved 1091584K
  class space    used 6112K, capacity 6578K, committed 6604K, reserved 1048576K
}
Event: 16.539 GC heap after
{Heap after GC invocations=18 (full 0):
 garbage-first heap   total 78848K, used 40041K [0x0000000080000000, 0x0000000100000000)
  region size 1024K, 5 young (5120K), 5 survivors (5120K)
 Metaspace       used 48031K, capacity 49194K, committed 49356K, reserved 1091584K
  class space    used 6112K, capacity 6578K, committed 6604K, reserved 1048576K
}
Event: 16.612 GC heap before
{Heap before GC invocations=18 (full 0):
 garbage-first heap   total 78848K, used 41065K [0x0000000080000000, 0x0000000100000000)
  region size 1024K, 7 young (7168K), 5 survivors (5120K)
 Metaspace       used 48039K, capacity 49258K, committed 49356K, reserved 1091584K
  class space    used 6112K, capacity 6578K, committed 6604K, reserved 1048576K
}
Event: 16.620 GC heap after
{Heap after GC invocations=19 (full 0):
 garbage-first heap   total 95232K, used 42258K [0x0000000080000000, 0x0000000100000000)
  region size 1024K, 2 young (2048K), 2 survivors (2048K)
 Metaspace       used 48039K, capacity 49258K, committed 49356K, reserved 1091584K
  class space    used 6112K, capacity 6578K, committed 6604K, reserved 1048576K
}
Event: 18.868 GC heap before
{Heap before GC invocations=20 (full 0):
 garbage-first heap   total 95232K, used 64786K [0x0000000080000000, 0x0000000100000000)
  region size 1024K, 20 young (20480K), 2 survivors (2048K)
 Metaspace       used 48956K, capacity 50198K, committed 50252K, reserved 1093632K
  class space    used 6227K, capacity 6707K, committed 6732K, reserved 1048576K
}
Event: 18.876 GC heap after
{Heap after GC invocations=21 (full 0):
 garbage-first heap   total 95232K, used 51824K [0x0000000080000000, 0x0000000100000000)
  region size 1024K, 3 young (3072K), 3 survivors (3072K)
 Metaspace       used 48956K, capacity 50198K, committed 50252K, reserved 1093632K
  class space    used 6227K, capacity 6707K, committed 6732K, reserved 1048576K
}
Event: 19.298 GC heap before
{Heap before GC invocations=21 (full 0):
 garbage-first heap   total 95232K, used 66160K [0x0000000080000000, 0x0000000100000000)
  region size 1024K, 18 young (18432K), 3 survivors (3072K)
 Metaspace       used 50925K, capacity 52210K, committed 52300K, reserved 1095680K
  class space    used 6466K, capacity 6974K, committed 6988K, reserved 1048576K
}
Event: 19.303 GC heap after
{Heap after GC invocations=22 (full 0):
 garbage-first heap   total 95232K, used 52340K [0x0000000080000000, 0x0000000100000000)
  region size 1024K, 1 young (1024K), 1 survivors (1024K)
 Metaspace       used 50925K, capacity 52210K, committed 52300K, reserved 1095680K
  class space    used 6466K, capacity 6974K, committed 6988K, reserved 1048576K
}
Event: 19.737 GC heap before
{Heap before GC invocations=23 (full 0):
 garbage-first heap   total 95232K, used 68724K [0x0000000080000000, 0x0000000100000000)
  region size 1024K, 17 young (17408K), 1 survivors (1024K)
 Metaspace       used 53041K, capacity 54348K, committed 54732K, reserved 1097728K
  class space    used 6730K, capacity 7237K, committed 7372K, reserved 1048576K
}
Event: 19.741 GC heap after
{Heap after GC invocations=24 (full 0):
 garbage-first heap   total 95232K, used 52899K [0x0000000080000000, 0x0000000100000000)
  region size 1024K, 1 young (1024K), 1 survivors (1024K)
 Metaspace       used 53041K, capacity 54348K, committed 54732K, reserved 1097728K
  class space    used 6730K, capacity 7237K, committed 7372K, reserved 1048576K
}
Event: 20.234 GC heap before
{Heap before GC invocations=24 (full 0):
 garbage-first heap   total 95232K, used 70307K [0x0000000080000000, 0x0000000100000000)
  region size 1024K, 18 young (18432K), 1 survivors (1024K)
 Metaspace       used 55586K, capacity 56941K, committed 57036K, reserved 1099776K
  class space    used 7042K, capacity 7545K, committed 7628K, reserved 1048576K
}
Event: 20.239 GC heap after
{Heap after GC invocations=25 (full 0):
 garbage-first heap   total 95232K, used 53452K [0x0000000080000000, 0x0000000100000000)
  region size 1024K, 2 young (2048K), 2 survivors (2048K)
 Metaspace       used 55586K, capacity 56941K, committed 57036K, reserved 1099776K
  class space    used 7042K, capacity 7545K, committed 7628K, reserved 1048576K
}
Event: 20.720 GC heap before
{Heap before GC invocations=26 (full 0):
 garbage-first heap   total 95232K, used 69836K [0x0000000080000000, 0x0000000100000000)
  region size 1024K, 19 young (19456K), 2 survivors (2048K)
 Metaspace       used 58233K, capacity 59692K, committed 59852K, reserved 1101824K
  class space    used 7329K, capacity 7862K, committed 7884K, reserved 1048576K
}
Event: 20.725 GC heap after
{Heap after GC invocations=27 (full 0):
 garbage-first heap   total 95232K, used 54200K [0x0000000080000000, 0x0000000100000000)
  region size 1024K, 3 young (3072K), 3 survivors (3072K)
 Metaspace       used 58233K, capacity 59692K, committed 59852K, reserved 1101824K
  class space    used 7329K, capacity 7862K, committed 7884K, reserved 1048576K
}

Deoptimization events (20 events):
Event: 19.741 Thread 0x00000201ff48d000 DEOPT PACKING pc=0x00000201f65139ec sp=0x000000563e4ff5a0
Event: 19.741 Thread 0x00000201ff48d000 DEOPT UNPACKING pc=0x00000201ee93662f sp=0x000000563e4ff580 mode 2
Event: 20.022 Thread 0x0000020187e09000 Uncommon trap: trap_request=0xffffff4d fr.pc=0x00000201f66f4308 relative=0x0000000000000328
Event: 20.022 Thread 0x0000020187e09000 Uncommon trap: reason=unstable_if action=reinterpret pc=0x00000201f66f4308 method=org.gradle.internal.instantiation.generator.AbstractClassGenerator$InjectionAnnotationValidator.validateMethod(Ljava/lang/reflect/Method;Lorg/gradle/internal/reflect/Propert
Event: 20.022 Thread 0x0000020187e09000 DEOPT PACKING pc=0x00000201f66f4308 sp=0x000000563edf7790
Event: 20.022 Thread 0x0000020187e09000 DEOPT UNPACKING pc=0x00000201ee93662f sp=0x000000563edf7758 mode 2
Event: 20.592 Thread 0x0000020187e09000 DEOPT PACKING pc=0x00000201ef9dcb61 sp=0x000000563edf6e90
Event: 20.592 Thread 0x0000020187e09000 DEOPT UNPACKING pc=0x00000201ee936dde sp=0x000000563edf63d8 mode 0
Event: 20.884 Thread 0x0000020187e09000 Uncommon trap: trap_request=0xffffff7e fr.pc=0x00000201f66acd0c relative=0x00000000000001ac
Event: 20.884 Thread 0x0000020187e09000 Uncommon trap: reason=predicate action=maybe_recompile pc=0x00000201f66acd0c method=java.util.Arrays.binarySearch0([Ljava/lang/Object;IILjava/lang/Object;Ljava/util/Comparator;)I @ 25 c2
Event: 20.884 Thread 0x0000020187e09000 DEOPT PACKING pc=0x00000201f66acd0c sp=0x000000563edf3120
Event: 20.884 Thread 0x0000020187e09000 DEOPT UNPACKING pc=0x00000201ee93662f sp=0x000000563edf3088 mode 2
Event: 20.959 Thread 0x0000020187e09000 Uncommon trap: trap_request=0xffffff4d fr.pc=0x00000201f672e448 relative=0x0000000000000228
Event: 20.959 Thread 0x0000020187e09000 Uncommon trap: reason=unstable_if action=reinterpret pc=0x00000201f672e448 method=java.security.SecureClassLoader$CodeSourceKey.hashCode()I @ 9 c2
Event: 20.959 Thread 0x0000020187e09000 DEOPT PACKING pc=0x00000201f672e448 sp=0x000000563edf2310
Event: 20.959 Thread 0x0000020187e09000 DEOPT UNPACKING pc=0x00000201ee93662f sp=0x000000563edf22a0 mode 2
Event: 20.959 Thread 0x0000020187e09000 Uncommon trap: trap_request=0xffffff4d fr.pc=0x00000201f66ed1c8 relative=0x0000000000002548
Event: 20.959 Thread 0x0000020187e09000 Uncommon trap: reason=unstable_if action=reinterpret pc=0x00000201f66ed1c8 method=java.lang.ClassLoader.defineClassSourceLocation(Ljava/security/ProtectionDomain;)Ljava/lang/String; @ 15 c2
Event: 20.959 Thread 0x0000020187e09000 DEOPT PACKING pc=0x00000201f66ed1c8 sp=0x000000563edf2450
Event: 20.959 Thread 0x0000020187e09000 DEOPT UNPACKING pc=0x00000201ee93662f sp=0x000000563edf23c8 mode 2

Classes redefined (0 events):
No events

Internal exceptions (20 events):
Event: 17.262 Thread 0x0000020186f0f000 Exception <a 'java/lang/NoSuchMethodError'{0x0000000084f77b58}: <clinit>> (0x0000000084f77b58) thrown at [./src/hotspot/share/prims/jni.cpp, line 1362]
Event: 17.264 Thread 0x0000020186f0f000 Exception <a 'java/lang/NoSuchMethodError'{0x0000000084f79300}: <clinit>> (0x0000000084f79300) thrown at [./src/hotspot/share/prims/jni.cpp, line 1362]
Event: 17.265 Thread 0x0000020186f0f000 Exception <a 'java/lang/NoSuchMethodError'{0x0000000084f7a7c8}: <clinit>> (0x0000000084f7a7c8) thrown at [./src/hotspot/share/prims/jni.cpp, line 1362]
Event: 17.267 Thread 0x0000020186f0f000 Exception <a 'java/lang/NoSuchMethodError'{0x0000000084f91038}: <clinit>> (0x0000000084f91038) thrown at [./src/hotspot/share/prims/jni.cpp, line 1362]
Event: 17.271 Thread 0x0000020186f0f000 Exception <a 'java/lang/NoSuchMethodError'{0x0000000084f9db28}: <clinit>> (0x0000000084f9db28) thrown at [./src/hotspot/share/prims/jni.cpp, line 1362]
Event: 17.275 Thread 0x0000020186f0f000 Exception <a 'java/lang/NoSuchMethodError'{0x0000000084fb6170}: <clinit>> (0x0000000084fb6170) thrown at [./src/hotspot/share/prims/jni.cpp, line 1362]
Event: 17.911 Thread 0x0000020187e09000 Exception <a 'java/lang/ClassNotFoundException'{0x0000000084e1bbe0}: build_6b3ol7zx590ay6k3hu545ogdvBeanInfo> (0x0000000084e1bbe0) thrown at [./src/hotspot/share/classfile/systemDictionary.cpp, line 231]
Event: 17.911 Thread 0x0000020187e09000 Exception <a 'java/lang/ClassNotFoundException'{0x0000000084e26b98}: build_6b3ol7zx590ay6k3hu545ogdvCustomizer> (0x0000000084e26b98) thrown at [./src/hotspot/share/classfile/systemDictionary.cpp, line 231]
Event: 18.465 Thread 0x0000020187e09000 Exception <a 'java/lang/ClassNotFoundException'{0x0000000084ce7ce8}: org/gradle/api/internal/plugins/DefaultObjectConfigurationActionBeanInfo> (0x0000000084ce7ce8) thrown at [./src/hotspot/share/classfile/systemDictionary.cpp, line 231]
Event: 18.467 Thread 0x0000020187e09000 Exception <a 'java/lang/ClassNotFoundException'{0x0000000084b1e990}: org/gradle/api/internal/plugins/DefaultObjectConfigurationActionCustomizer> (0x0000000084b1e990) thrown at [./src/hotspot/share/classfile/systemDictionary.cpp, line 231]
Event: 19.167 Thread 0x0000020187e09000 Exception <a 'java/lang/NoSuchMethodError'{0x000000008539ed10}: 'java.lang.Object java.lang.invoke.DirectMethodHandle$Holder.invokeStatic(java.lang.Object, java.lang.Object, java.lang.Object, java.lang.Object, int)'> (0x000000008539ed10) thrown at [./src/hotspot/share/interpreter/linkResolver.cpp, line 773]
Event: 19.168 Thread 0x0000020187e09000 Exception <a 'java/lang/NoSuchMethodError'{0x00000000853a3708}: 'java.lang.Object java.lang.invoke.DirectMethodHandle$Holder.invokeSpecial(java.lang.Object, java.lang.Object, java.lang.Object, java.lang.Object, java.lang.Object, int)'> (0x00000000853a3708) thrown at [./src/hotspot/share/interpreter/linkResolver.cpp, line 773]
Event: 19.168 Thread 0x0000020187e09000 Exception <a 'java/lang/NoSuchMethodError'{0x00000000853a7d48}: 'java.lang.Object java.lang.invoke.Invokers$Holder.linkToTargetMethod(java.lang.Object, java.lang.Object, java.lang.Object, int, java.lang.Object)'> (0x00000000853a7d48) thrown at [./src/hotspot/share/interpreter/linkResolver.cpp, line 773]
Event: 19.588 Thread 0x0000020187e09000 Exception <a 'java/lang/NoSuchMethodError'{0x0000000085218828}: 'java.lang.Object java.lang.invoke.DirectMethodHandle$Holder.invokeSpecial(java.lang.Object, java.lang.Object, int, int, java.lang.Object, java.lang.Object, java.lang.Object)'> (0x0000000085218828) thrown at [./src/hotspot/share/interpreter/linkResolver.cpp, line 773]
Event: 19.588 Thread 0x0000020187e09000 Exception <a 'java/lang/NoSuchMethodError'{0x000000008521cda8}: 'java.lang.Object java.lang.invoke.DelegatingMethodHandle$Holder.reinvoke_L(java.lang.Object, int, int, java.lang.Object, java.lang.Object, java.lang.Object)'> (0x000000008521cda8) thrown at [./src/hotspot/share/interpreter/linkResolver.cpp, line 773]
Event: 19.997 Thread 0x0000020187e09000 Exception <a 'java/lang/NoSuchMethodError'{0x0000000085533920}: 'int java.lang.invoke.DirectMethodHandle$Holder.invokeInterface(java.lang.Object, java.lang.Object, java.lang.Object, java.lang.Object)'> (0x0000000085533920) thrown at [./src/hotspot/share/interpreter/linkResolver.cpp, line 773]
Event: 20.639 Thread 0x0000020187e09000 Exception <a 'java/lang/NoSuchMethodError'{0x0000000084f639b8}: 'void java.lang.invoke.DirectMethodHandle$Holder.invokeInterface(java.lang.Object, java.lang.Object, java.lang.Object, java.lang.Object)'> (0x0000000084f639b8) thrown at [./src/hotspot/share/interpreter/linkResolver.cpp, line 773]
Event: 20.861 Thread 0x0000020187e09000 Exception <a 'java/lang/IncompatibleClassChangeError'{0x00000000858ef778}: Found class java.lang.Object, but interface was expected> (0x00000000858ef778) thrown at [./src/hotspot/share/interpreter/linkResolver.cpp, line 839]
Event: 20.959 Thread 0x0000020187e09000 Implicit null exception at 0x00000201f672e254 to 0x00000201f672e438
Event: 20.959 Thread 0x0000020187e09000 Implicit null exception at 0x00000201f66eb433 to 0x00000201f66ed198

Events (20 events):
Event: 20.961 loading class org/gradle/process/internal/health/memory/OsMemoryStatusSnapshot done
Event: 20.961 loading class org/gradle/process/internal/health/memory/DefaultMemoryManager$OsMemoryListener
Event: 20.961 loading class org/gradle/process/internal/health/memory/DefaultMemoryManager$OsMemoryListener done
Event: 20.962 loading class org/gradle/process/internal/health/memory/DefaultMemoryManager$MemoryCheck
Event: 20.962 loading class org/gradle/process/internal/health/memory/DefaultMemoryManager$MemoryCheck done
Event: 20.963 Thread 0x00000201ff976000 Thread added: 0x00000201ff976000
Event: 20.963 loading class org/gradle/process/internal/worker/DefaultWorkerProcessFactory
Event: 20.963 loading class org/gradle/process/internal/worker/DefaultWorkerProcessFactory done
Event: 20.964 loading class org/gradle/process/internal/worker/SingleRequestWorkerProcessBuilder
Event: 20.964 loading class org/gradle/process/internal/worker/SingleRequestWorkerProcessBuilder done
Event: 20.964 loading class org/gradle/process/internal/worker/WorkerProcessSettings
Event: 20.964 loading class org/gradle/process/internal/worker/WorkerProcessSettings done
Event: 20.965 loading class org/gradle/process/internal/worker/MultiRequestWorkerProcessBuilder
Event: 20.965 loading class org/gradle/process/internal/worker/MultiRequestWorkerProcessBuilder done
Event: 20.965 loading class org/gradle/process/internal/worker/WorkerProcessBuilder
Event: 20.965 loading class org/gradle/process/internal/worker/WorkerProcessBuilder done
Event: 20.966 loading class org/gradle/process/internal/worker/child/ApplicationClassesInSystemClassLoaderWorkerImplementationFactory
Event: 20.966 loading class org/gradle/process/internal/worker/child/ApplicationClassesInSystemClassLoaderWorkerImplementationFactory done
Event: 20.966 loading class org/gradle/process/internal/worker/child/WorkerImplementationFactory
Event: 20.966 loading class org/gradle/process/internal/worker/child/WorkerImplementationFactory done


Dynamic libraries:
0x00007ff63e1f0000 - 0x00007ff63e1fa000 	C:\Program Files\Android\Android Studio1\jre\bin\java.exe
0x00007ff9d0050000 - 0x00007ff9d0245000 	C:\WINDOWS\SYSTEM32\ntdll.dll
0x00007ff9cec80000 - 0x00007ff9ced3e000 	C:\WINDOWS\System32\KERNEL32.DLL
0x00007ff9cdb90000 - 0x00007ff9cde58000 	C:\WINDOWS\System32\KERNELBASE.dll
0x00007ff9cd7c0000 - 0x00007ff9cd8c0000 	C:\WINDOWS\System32\ucrtbase.dll
0x00007ff9c72d0000 - 0x00007ff9c72e7000 	C:\Program Files\Android\Android Studio1\jre\bin\VCRUNTIME140.dll
0x00007ff9c7520000 - 0x00007ff9c7539000 	C:\Program Files\Android\Android Studio1\jre\bin\jli.dll
0x00007ff9ce340000 - 0x00007ff9ce4e0000 	C:\WINDOWS\System32\USER32.dll
0x00007ff9ce080000 - 0x00007ff9ce0a2000 	C:\WINDOWS\System32\win32u.dll
0x00007ff9ce4e0000 - 0x00007ff9ce50a000 	C:\WINDOWS\System32\GDI32.dll
0x00007ff9cde60000 - 0x00007ff9cdf6b000 	C:\WINDOWS\System32\gdi32full.dll
0x00007ff9cdf70000 - 0x00007ff9ce00d000 	C:\WINDOWS\System32\msvcp_win.dll
0x00007ff9b9a80000 - 0x00007ff9b9d1a000 	C:\WINDOWS\WinSxS\amd64_microsoft.windows.common-controls_6595b64144ccf1df_6.0.19041.1110_none_60b5254171f9507e\COMCTL32.dll
0x00007ff9cf000000 - 0x00007ff9cf09e000 	C:\WINDOWS\System32\msvcrt.dll
0x00007ff9ce0b0000 - 0x00007ff9ce0e0000 	C:\WINDOWS\System32\IMM32.DLL
0x00007ff9a89d0000 - 0x00007ff9a8a6d000 	C:\Program Files\Android\Android Studio1\jre\bin\msvcp140.dll
0x00007ff98e310000 - 0x00007ff98ede5000 	C:\Program Files\Android\Android Studio1\jre\bin\server\jvm.dll
0x00007ff9ce5e0000 - 0x00007ff9ce68e000 	C:\WINDOWS\System32\ADVAPI32.dll
0x00007ff9cfb00000 - 0x00007ff9cfb9c000 	C:\WINDOWS\System32\sechost.dll
0x00007ff9ce210000 - 0x00007ff9ce335000 	C:\WINDOWS\System32\RPCRT4.dll
0x00007ff9ce890000 - 0x00007ff9ce898000 	C:\WINDOWS\System32\PSAPI.DLL
0x00007ff9c8ef0000 - 0x00007ff9c8ef9000 	C:\WINDOWS\SYSTEM32\WSOCK32.dll
0x00007ff9ce690000 - 0x00007ff9ce6fb000 	C:\WINDOWS\System32\WS2_32.dll
0x00007ff9c6280000 - 0x00007ff9c628a000 	C:\WINDOWS\SYSTEM32\VERSION.dll
0x00007ff9c9270000 - 0x00007ff9c9297000 	C:\WINDOWS\SYSTEM32\WINMM.dll
0x00007ff9cc020000 - 0x00007ff9cc032000 	C:\WINDOWS\SYSTEM32\kernel.appcore.dll
0x00007ff9c7b70000 - 0x00007ff9c7b81000 	C:\Program Files\Android\Android Studio1\jre\bin\verify.dll
0x00007ff9cb590000 - 0x00007ff9cb774000 	C:\WINDOWS\SYSTEM32\DBGHELP.DLL
0x00007ff9adac0000 - 0x00007ff9adaec000 	C:\WINDOWS\SYSTEM32\dbgcore.DLL
0x00007ff9cda50000 - 0x00007ff9cdad2000 	C:\WINDOWS\System32\bcryptPrimitives.dll
0x00007ff9c75f0000 - 0x00007ff9c7619000 	C:\Program Files\Android\Android Studio1\jre\bin\java.dll
0x00007ff9c7b60000 - 0x00007ff9c7b6b000 	C:\Program Files\Android\Android Studio1\jre\bin\jimage.dll
0x00007ff9c75d0000 - 0x00007ff9c75e8000 	C:\Program Files\Android\Android Studio1\jre\bin\zip.dll
0x00007ff9cf200000 - 0x00007ff9cf944000 	C:\WINDOWS\System32\SHELL32.dll
0x00007ff9cb870000 - 0x00007ff9cc004000 	C:\WINDOWS\SYSTEM32\windows.storage.dll
0x00007ff9ce8a0000 - 0x00007ff9cebf4000 	C:\WINDOWS\System32\combase.dll
0x00007ff9cd1e0000 - 0x00007ff9cd20c000 	C:\WINDOWS\SYSTEM32\Wldp.dll
0x00007ff9ce700000 - 0x00007ff9ce7ad000 	C:\WINDOWS\System32\SHCORE.dll
0x00007ff9ce830000 - 0x00007ff9ce885000 	C:\WINDOWS\System32\shlwapi.dll
0x00007ff9cd6b0000 - 0x00007ff9cd6cf000 	C:\WINDOWS\SYSTEM32\profapi.dll
0x00007ff9c5870000 - 0x00007ff9c588a000 	C:\Program Files\Android\Android Studio1\jre\bin\net.dll
0x00007ff9bcd20000 - 0x00007ff9bce2a000 	C:\WINDOWS\SYSTEM32\WINHTTP.dll
0x00007ff9ccf40000 - 0x00007ff9ccfaa000 	C:\WINDOWS\system32\mswsock.dll
0x00007ff9c31e0000 - 0x00007ff9c31f4000 	C:\Program Files\Android\Android Studio1\jre\bin\nio.dll
0x00007ff9bcbd0000 - 0x00007ff9bcbf7000 	C:\Users\ASUS\AndroidStudioProjects\Room-Chapter-6\native\e1d6ef7f7dcc3fd88c89a11ec53ec762bb8ba0a96d01ffa2cd45eb1d1d8dd5c5\windows-amd64\native-platform.dll
0x00007ff9a6d90000 - 0x00007ff9a6ed4000 	C:\Users\ASUS\AndroidStudioProjects\Room-Chapter-6\native\5664cfc778a61ccfe75a443a1ab52a65af34e5dc3c78e0209fed803814484fcb\windows-amd64\native-platform-file-events.dll
0x00007ff9c7470000 - 0x00007ff9c747a000 	C:\Program Files\Android\Android Studio1\jre\bin\management.dll
0x00007ff9c7210000 - 0x00007ff9c721d000 	C:\Program Files\Android\Android Studio1\jre\bin\management_ext.dll
0x00007ff9cd130000 - 0x00007ff9cd148000 	C:\WINDOWS\SYSTEM32\CRYPTSP.dll
0x00007ff9cc850000 - 0x00007ff9cc884000 	C:\WINDOWS\system32\rsaenh.dll
0x00007ff9cd8c0000 - 0x00007ff9cd8e7000 	C:\WINDOWS\System32\bcrypt.dll
0x00007ff9cd670000 - 0x00007ff9cd69e000 	C:\WINDOWS\SYSTEM32\USERENV.dll
0x00007ff9cd150000 - 0x00007ff9cd15c000 	C:\WINDOWS\SYSTEM32\CRYPTBASE.dll
0x00007ff9ccbe0000 - 0x00007ff9ccc1b000 	C:\WINDOWS\SYSTEM32\IPHLPAPI.DLL
0x00007ff9cf1f0000 - 0x00007ff9cf1f8000 	C:\WINDOWS\System32\NSI.dll
0x00007ff9c2880000 - 0x00007ff9c2897000 	C:\WINDOWS\SYSTEM32\dhcpcsvc6.DLL
0x00007ff9c3550000 - 0x00007ff9c356d000 	C:\WINDOWS\SYSTEM32\dhcpcsvc.DLL
0x00007ff9ccc20000 - 0x00007ff9ccceb000 	C:\WINDOWS\SYSTEM32\DNSAPI.dll

dbghelp: loaded successfully - version: 4.0.5 - missing functions: none
symbol engine: initialized successfully - sym options: 0x614 - pdb path: .;C:\Program Files\Android\Android Studio1\jre\bin;C:\WINDOWS\SYSTEM32;C:\WINDOWS\WinSxS\amd64_microsoft.windows.common-controls_6595b64144ccf1df_6.0.19041.1110_none_60b5254171f9507e;C:\Program Files\Android\Android Studio1\jre\bin\server;C:\Users\ASUS\AndroidStudioProjects\Room-Chapter-6\native\e1d6ef7f7dcc3fd88c89a11ec53ec762bb8ba0a96d01ffa2cd45eb1d1d8dd5c5\windows-amd64;C:\Users\ASUS\AndroidStudioProjects\Room-Chapter-6\native\5664cfc778a61ccfe75a443a1ab52a65af34e5dc3c78e0209fed803814484fcb\windows-amd64

VM Arguments:
jvm_args: --add-opens=java.base/java.util=ALL-UNNAMED --add-opens=java.base/java.lang=ALL-UNNAMED --add-opens=java.base/java.lang.invoke=ALL-UNNAMED --add-opens=java.base/java.util=ALL-UNNAMED --add-opens=java.prefs/java.util.prefs=ALL-UNNAMED --add-opens=java.prefs/java.util.prefs=ALL-UNNAMED --add-opens=java.base/java.nio.charset=ALL-UNNAMED --add-opens=java.base/java.net=ALL-UNNAMED --add-opens=java.base/java.util.concurrent.atomic=ALL-UNNAMED -Xmx2048m -Dfile.encoding=windows-1252 -Duser.country=ID -Duser.language=en -Duser.variant 
java_command: org.gradle.launcher.daemon.bootstrap.GradleDaemon 7.2
java_class_path (initial): C:\Users\ASUS\AndroidStudioProjects\Room-Chapter-6\wrapper\dists\gradle-7.2-bin\2dnblmf4td7x66yl1d74lt32g\gradle-7.2\lib\gradle-launcher-7.2.jar
Launcher Type: SUN_STANDARD

[Global flags]
     intx CICompilerCount                          = 3                                         {product} {ergonomic}
     uint ConcGCThreads                            = 1                                         {product} {ergonomic}
     uint G1ConcRefinementThreads                  = 4                                         {product} {ergonomic}
   size_t G1HeapRegionSize                         = 1048576                                   {product} {ergonomic}
    uintx GCDrainStackTargetSize                   = 64                                        {product} {ergonomic}
   size_t InitialHeapSize                          = 67108864                                  {product} {ergonomic}
   size_t MarkStackSize                            = 4194304                                   {product} {ergonomic}
   size_t MaxHeapSize                              = 2147483648                                {product} {command line}
   size_t MaxNewSize                               = 1287651328                                {product} {ergonomic}
   size_t MinHeapDeltaBytes                        = 1048576                                   {product} {ergonomic}
    uintx NonNMethodCodeHeapSize                   = 5830732                                {pd product} {ergonomic}
    uintx NonProfiledCodeHeapSize                  = 122913754                              {pd product} {ergonomic}
    uintx ProfiledCodeHeapSize                     = 122913754                              {pd product} {ergonomic}
    uintx ReservedCodeCacheSize                    = 251658240                              {pd product} {ergonomic}
     bool SegmentedCodeCache                       = true                                      {product} {ergonomic}
     bool UseCompressedClassPointers               = true                                 {lp64_product} {ergonomic}
     bool UseCompressedOops                        = true                                 {lp64_product} {ergonomic}
     bool UseG1GC                                  = true                                      {product} {ergonomic}
     bool UseLargePagesIndividualAllocation        = false                                  {pd product} {ergonomic}

Logging:
Log output configuration:
 #0: stdout all=warning uptime,level,tags
 #1: stderr all=off uptime,level,tags

Environment Variables:
JAVA_HOME=C:\Program Files\Eclipse Adoptium\jdk-17.0.2.8-hotspot\
PATH=C:\Program Files\Eclipse Adoptium\jdk-17.0.2.8-hotspot\bin;C:\Program Files (x86)\Common Files\Intel\Shared Files\cpp\bin\Intel64;C:\WINDOWS\system32;C:\WINDOWS;C:\WINDOWS\System32\Wbem;C:\WINDOWS\System32\WindowsPowerShell\v1.0\;C:\WINDOWS\System32\OpenSSH\;C:\Program Files (x86)\Windows Live\Shared;C:\Program Files\Git\cmd;C:\Program Files\Dart\dart-sdk\bin;C:\Android1\sdk\cmdline-tools\latest\bin;C:\Android1\flutter\bin;C:\Users\ASUS\AppData\Local\Microsoft\WindowsApps;C:\Program Files\JetBrains\IntelliJ IDEA Community Edition 2021.3.2\bin;;C:\android\flutter\bin;C:\android\cmdline-tools\tools\bin;C:\Users\ASUS\AppData\Local\Programs\Microsoft VS Code\bin
USERNAME=ASUS
OS=Windows_NT
PROCESSOR_IDENTIFIER=Intel64 Family 6 Model 142 Stepping 9, GenuineIntel



---------------  S Y S T E M  ---------------

OS: Windows 10 , 64 bit Build 19041 (10.0.19041.1645)
OS uptime: 30 days 0:50 hours

CPU:total 4 (initial active 4) (2 cores per cpu, 2 threads per core) family 6 model 142 stepping 9 microcode 0xb4, cmov, cx8, fxsr, mmx, sse, sse2, sse3, ssse3, sse4.1, sse4.2, popcnt, avx, avx2, aes, clmul, erms, 3dnowpref, lzcnt, ht, tsc, tscinvbit, bmi1, bmi2, adx, fma

Memory: 4k page, system-wide physical 3978M (424M free)
TotalPageFile size 16266M (AvailPageFile size 6M)
current process WorkingSet (physical memory assigned to process): 277M, peak: 280M
current process commit charge ("private bytes"): 308M, peak: 310M

vm_info: OpenJDK 64-Bit Server VM (11.0.11+9-b60-7590822) for windows-amd64 JRE (11.0.11+9-b60-7590822), built on Jul 29 2021 21:43:44 by "builder" with MS VC++ 14.0 (VS2015)

END.
