#
# There is insufficient memory for the Java Runtime Environment to continue.
# Native memory allocation (malloc) failed to allocate 1029936 bytes for Chunk::new
# Possible reasons:
#   The system is out of physical RAM or swap space
#   The process is running with CompressedOops enabled, and the Java Heap may be blocking the growth of the native heap
# Possible solutions:
#   Reduce memory load on the system
#   Increase physical memory or swap space
#   Check if swap backing store is full
#   Decrease Java heap size (-Xmx/-Xms)
#   Decrease number of Java threads
#   Decrease Java thread stack sizes (-Xss)
#   Set larger code cache with -XX:ReservedCodeCacheSize=
#   JVM is running with Unscaled Compressed Oops mode in which the Java heap is
#     placed in the first 4GB address space. The Java Heap base address is the
#     maximum limit for the native heap growth. Please use -XX:HeapBaseMinAddress
#     to set the Java Heap base and to place the Java Heap above 4GB virtual address.
# This output file may be truncated or incomplete.
#
#  Out of Memory Error (./src/hotspot/share/memory/arena.cpp:197), pid=6828, tid=16916
#
# JRE version: OpenJDK Runtime Environment (11.0.11+9) (build 11.0.11+9-b60-7590822)
# Java VM: OpenJDK 64-Bit Server VM (11.0.11+9-b60-7590822, mixed mode, tiered, compressed oops, g1 gc, windows-amd64)
# No core dump will be written. Minidumps are not enabled by default on client versions of Windows
#

---------------  S U M M A R Y ------------

Command Line: --add-opens=java.base/java.util=ALL-UNNAMED --add-opens=java.base/java.lang=ALL-UNNAMED --add-opens=java.base/java.lang.invoke=ALL-UNNAMED --add-opens=java.base/java.util=ALL-UNNAMED --add-opens=java.prefs/java.util.prefs=ALL-UNNAMED --add-opens=java.prefs/java.util.prefs=ALL-UNNAMED --add-opens=java.base/java.nio.charset=ALL-UNNAMED --add-opens=java.base/java.net=ALL-UNNAMED --add-opens=java.base/java.util.concurrent.atomic=ALL-UNNAMED -Xmx2048m -Dfile.encoding=windows-1252 -Duser.country=ID -Duser.language=en -Duser.variant org.gradle.launcher.daemon.bootstrap.GradleDaemon 7.2

Host: Intel(R) Core(TM) i3-7020U CPU @ 2.30GHz, 4 cores, 3G,  Windows 10 , 64 bit Build 19041 (10.0.19041.1645)
Time: Fri May 13 20:17:29 2022 Pacific Daylight Time elapsed time: 8.921480 seconds (0d 0h 0m 8s)

---------------  T H R E A D  ---------------

Current thread (0x000001bf64bcf800):  JavaThread "C2 CompilerThread0" daemon [_thread_in_native, id=16916, stack(0x0000009daad00000,0x0000009daae00000)]


Current CompileTask:
C2:   8921 2578  s!   4       jdk.internal.loader.URLClassPath::getLoader (194 bytes)

Stack: [0x0000009daad00000,0x0000009daae00000]
Native frames: (J=compiled Java code, j=interpreted, Vv=VM code, C=native code)
V  [jvm.dll+0x5f214a]
V  [jvm.dll+0x726fb5]
V  [jvm.dll+0x7285cd]
V  [jvm.dll+0x728c83]
V  [jvm.dll+0x243278]
V  [jvm.dll+0xbc53c]
V  [jvm.dll+0xbca3c]
V  [jvm.dll+0x353e7d]
V  [jvm.dll+0x19895c]
V  [jvm.dll+0x1fc2ee]
V  [jvm.dll+0x1fb3d4]
V  [jvm.dll+0x183d6c]
V  [jvm.dll+0x209a57]
V  [jvm.dll+0x2082a1]
V  [jvm.dll+0x6ef58f]
V  [jvm.dll+0x6e80b5]
V  [jvm.dll+0x5f1036]
C  [ucrtbase.dll+0x21bb2]
C  [KERNEL32.DLL+0x17034]
C  [ntdll.dll+0x52651]


---------------  P R O C E S S  ---------------

Threads class SMR info:
_java_thread_list=0x000001bf691a0160, length=30, elements={
0x000001bf49f5b000, 0x000001bf64239000, 0x000001bf6423d000, 0x000001bf64bc2800,
0x000001bf64bc4800, 0x000001bf64bc5800, 0x000001bf64bcf800, 0x000001bf64bd0800,
0x000001bf642a8000, 0x000001bf64d08000, 0x000001bf66130800, 0x000001bf65713800,
0x000001bf6620a000, 0x000001bf6620b000, 0x000001bf6656a800, 0x000001bf65d1b800,
0x000001bf65b1a000, 0x000001bf66bb0800, 0x000001bf670fa800, 0x000001bf66ee2000,
0x000001bf66ede800, 0x000001bf66edf800, 0x000001bf66edd000, 0x000001bf66ee3800,
0x000001bf66ee2800, 0x000001bf66ee1000, 0x000001bf66edd800, 0x000001bf66ee0000,
0x000001bf68e4f800, 0x000001bf68e52000
}

Java Threads: ( => current thread )
  0x000001bf49f5b000 JavaThread "main" [_thread_blocked, id=3936, stack(0x0000009daa100000,0x0000009daa200000)]
  0x000001bf64239000 JavaThread "Reference Handler" daemon [_thread_blocked, id=15744, stack(0x0000009daa800000,0x0000009daa900000)]
  0x000001bf6423d000 JavaThread "Finalizer" daemon [_thread_blocked, id=1816, stack(0x0000009daa900000,0x0000009daaa00000)]
  0x000001bf64bc2800 JavaThread "Signal Dispatcher" daemon [_thread_blocked, id=2788, stack(0x0000009daaa00000,0x0000009daab00000)]
  0x000001bf64bc4800 JavaThread "Attach Listener" daemon [_thread_blocked, id=8404, stack(0x0000009daab00000,0x0000009daac00000)]
  0x000001bf64bc5800 JavaThread "Service Thread" daemon [_thread_blocked, id=9900, stack(0x0000009daac00000,0x0000009daad00000)]
=>0x000001bf64bcf800 JavaThread "C2 CompilerThread0" daemon [_thread_in_native, id=16916, stack(0x0000009daad00000,0x0000009daae00000)]
  0x000001bf64bd0800 JavaThread "C1 CompilerThread0" daemon [_thread_blocked, id=10884, stack(0x0000009daae00000,0x0000009daaf00000)]
  0x000001bf642a8000 JavaThread "Sweeper thread" daemon [_thread_blocked, id=11756, stack(0x0000009daaf00000,0x0000009dab000000)]
  0x000001bf64d08000 JavaThread "Common-Cleaner" daemon [_thread_blocked, id=12788, stack(0x0000009dab000000,0x0000009dab100000)]
  0x000001bf66130800 JavaThread "Daemon health stats" [_thread_blocked, id=16768, stack(0x0000009dab300000,0x0000009dab400000)]
  0x000001bf65713800 JavaThread "Incoming local TCP Connector on port 55716" [_thread_in_native, id=15432, stack(0x0000009dab400000,0x0000009dab500000)]
  0x000001bf6620a000 JavaThread "Daemon periodic checks" [_thread_blocked, id=9844, stack(0x0000009dab500000,0x0000009dab600000)]
  0x000001bf6620b000 JavaThread "Daemon" [_thread_blocked, id=8804, stack(0x0000009dab600000,0x0000009dab700000)]
  0x000001bf6656a800 JavaThread "Handler for socket connection from /127.0.0.1:55716 to /127.0.0.1:55717" [_thread_in_native, id=6524, stack(0x0000009dab700000,0x0000009dab800000)]
  0x000001bf65d1b800 JavaThread "Cancel handler" [_thread_blocked, id=12416, stack(0x0000009dab800000,0x0000009dab900000)]
  0x000001bf65b1a000 JavaThread "Daemon worker" [_thread_in_native, id=1572, stack(0x0000009dabb00000,0x0000009dabc00000)]
  0x000001bf66bb0800 JavaThread "Asynchronous log dispatcher for DefaultDaemonConnection: socket connection from /127.0.0.1:55716 to /127.0.0.1:55717" [_thread_blocked, id=9196, stack(0x0000009dabd00000,0x0000009dabe00000)]
  0x000001bf670fa800 JavaThread "Stdin handler" [_thread_blocked, id=11340, stack(0x0000009dabe00000,0x0000009dabf00000)]
  0x000001bf66ee2000 JavaThread "Daemon client event forwarder" [_thread_blocked, id=16772, stack(0x0000009dabf00000,0x0000009dac000000)]
  0x000001bf66ede800 JavaThread "Cache worker for journal cache (C:\Users\ASUS\AndroidStudioProjects\Room-Chapter-6\caches\journal-1)" [_thread_blocked, id=15272, stack(0x0000009dabc00000,0x0000009dabd00000)]
  0x000001bf66edf800 JavaThread "File lock request listener" [_thread_in_native, id=5556, stack(0x0000009dac000000,0x0000009dac100000)]
  0x000001bf66edd000 JavaThread "Cache worker for file hash cache (C:\Users\ASUS\AndroidStudioProjects\Room-Chapter-6\caches\7.2\fileHashes)" [_thread_blocked, id=2548, stack(0x0000009dac100000,0x0000009dac200000)]
  0x000001bf66ee3800 JavaThread "Cache worker for file hash cache (C:\Users\ASUS\AndroidStudioProjects\fixphone\.gradle\7.2\fileHashes)" [_thread_blocked, id=15200, stack(0x0000009dac300000,0x0000009dac400000)]
  0x000001bf66ee2800 JavaThread "File watcher server" daemon [_thread_in_native, id=8548, stack(0x0000009dac400000,0x0000009dac500000)]
  0x000001bf66ee1000 JavaThread "File watcher consumer" daemon [_thread_blocked, id=13024, stack(0x0000009dac500000,0x0000009dac600000)]
  0x000001bf66edd800 JavaThread "Cache worker for checksums cache (C:\Users\ASUS\AndroidStudioProjects\fixphone\.gradle\checksums)" [_thread_blocked, id=11560, stack(0x0000009dac200000,0x0000009dac300000)]
  0x000001bf66ee0000 JavaThread "Cache worker for cache directory md-supplier (C:\Users\ASUS\AndroidStudioProjects\Room-Chapter-6\caches\7.2\md-supplier)" [_thread_blocked, id=6956, stack(0x0000009dac600000,0x0000009dac700000)]
  0x000001bf68e4f800 JavaThread "Cache worker for cache directory md-rule (C:\Users\ASUS\AndroidStudioProjects\Room-Chapter-6\caches\7.2\md-rule)" [_thread_blocked, id=16844, stack(0x0000009dac800000,0x0000009dac900000)]
  0x000001bf68e52000 JavaThread "Cache worker for execution history cache (C:\Users\ASUS\AndroidStudioProjects\Room-Chapter-6\caches\7.2\executionHistory)" [_thread_blocked, id=8144, stack(0x0000009dac900000,0x0000009daca00000)]

Other Threads:
  0x000001bf64232800 VMThread "VM Thread" [stack: 0x0000009daa700000,0x0000009daa800000] [id=2540]
  0x000001bf64d2d000 WatcherThread [stack: 0x0000009dab100000,0x0000009dab200000] [id=16584]
  0x000001bf49f74000 GCTaskThread "GC Thread#0" [stack: 0x0000009daa200000,0x0000009daa300000] [id=17376]
  0x000001bf6526d000 GCTaskThread "GC Thread#1" [stack: 0x0000009dab200000,0x0000009dab300000] [id=6712]
  0x000001bf66987800 GCTaskThread "GC Thread#2" [stack: 0x0000009dab900000,0x0000009daba00000] [id=11272]
  0x000001bf66222000 GCTaskThread "GC Thread#3" [stack: 0x0000009daba00000,0x0000009dabb00000] [id=4336]
  0x000001bf49fa5800 ConcurrentGCThread "G1 Main Marker" [stack: 0x0000009daa300000,0x0000009daa400000] [id=11084]
  0x000001bf49fa7000 ConcurrentGCThread "G1 Conc#0" [stack: 0x0000009daa400000,0x0000009daa500000] [id=15732]
  0x000001bf4a002800 ConcurrentGCThread "G1 Refine#0" [stack: 0x0000009daa500000,0x0000009daa600000] [id=7404]
  0x000001bf4a003800 ConcurrentGCThread "G1 Young RemSet Sampling" [stack: 0x0000009daa600000,0x0000009daa700000] [id=13020]

Threads with active compile tasks:
C2 CompilerThread0   8990 2578  s!   4       jdk.internal.loader.URLClassPath::getLoader (194 bytes)

VM state:not at safepoint (normal execution)

VM Mutex/Monitor currently owned by a thread: None

Heap address: 0x0000000080000000, size: 2048 MB, Compressed Oops mode: 32-bit
Narrow klass base: 0x0000000000000000, Narrow klass shift: 3
Compressed class space size: 1073741824 Address: 0x0000000100000000

Heap:
 garbage-first heap   total 65536K, used 34742K [0x0000000080000000, 0x0000000100000000)
  region size 1024K, 18 young (18432K), 3 survivors (3072K)
 Metaspace       used 31924K, capacity 32673K, committed 33024K, reserved 1077248K
  class space    used 4227K, capacity 4503K, committed 4608K, reserved 1048576K
Heap Regions: E=young(eden), S=young(survivor), O=old, HS=humongous(starts), HC=humongous(continues), CS=collection set, F=free, A=archive, TAMS=top-at-mark-start (previous, next)
|   0|0x0000000080000000, 0x0000000080100000, 0x0000000080100000|100%|HS|  |TAMS 0x0000000080100000, 0x0000000080000000| Complete 
|   1|0x0000000080100000, 0x0000000080200000, 0x0000000080200000|100%|HC|  |TAMS 0x0000000080200000, 0x0000000080100000| Complete 
|   2|0x0000000080200000, 0x0000000080300000, 0x0000000080300000|100%|HC|  |TAMS 0x0000000080300000, 0x0000000080200000| Complete 
|   3|0x0000000080300000, 0x0000000080400000, 0x0000000080400000|100%| O|  |TAMS 0x0000000080400000, 0x0000000080300000| Untracked 
|   4|0x0000000080400000, 0x0000000080500000, 0x0000000080500000|100%| O|  |TAMS 0x0000000080500000, 0x0000000080400000| Untracked 
|   5|0x0000000080500000, 0x0000000080600000, 0x0000000080600000|100%| O|  |TAMS 0x0000000080600000, 0x0000000080500000| Untracked 
|   6|0x0000000080600000, 0x0000000080700000, 0x0000000080700000|100%| O|  |TAMS 0x0000000080700000, 0x0000000080600000| Untracked 
|   7|0x0000000080700000, 0x0000000080800000, 0x0000000080800000|100%| O|  |TAMS 0x0000000080800000, 0x0000000080700000| Untracked 
|   8|0x0000000080800000, 0x0000000080900000, 0x0000000080900000|100%| O|  |TAMS 0x0000000080900000, 0x0000000080800000| Untracked 
|   9|0x0000000080900000, 0x0000000080a00000, 0x0000000080a00000|100%| O|  |TAMS 0x0000000080a00000, 0x0000000080900000| Untracked 
|  10|0x0000000080a00000, 0x0000000080b00000, 0x0000000080b00000|100%| O|  |TAMS 0x0000000080b00000, 0x0000000080a00000| Untracked 
|  11|0x0000000080b00000, 0x0000000080c00000, 0x0000000080c00000|100%| O|  |TAMS 0x0000000080c00000, 0x0000000080b00000| Untracked 
|  12|0x0000000080c00000, 0x0000000080d00000, 0x0000000080d00000|100%| O|  |TAMS 0x0000000080d00000, 0x0000000080c00000| Untracked 
|  13|0x0000000080d00000, 0x0000000080e00000, 0x0000000080e00000|100%| O|  |TAMS 0x0000000080e00000, 0x0000000080d00000| Untracked 
|  14|0x0000000080e00000, 0x0000000080f00000, 0x0000000080f00000|100%| O|  |TAMS 0x0000000080f00000, 0x0000000080e00000| Untracked 
|  15|0x0000000080f00000, 0x0000000081000000, 0x0000000081000000|100%| O|  |TAMS 0x0000000080f53c00, 0x0000000080f00000| Untracked 
|  16|0x0000000081000000, 0x0000000081100000, 0x0000000081100000|100%| O|  |TAMS 0x0000000081000000, 0x0000000081000000| Untracked 
|  17|0x0000000081100000, 0x000000008119ae00, 0x0000000081200000| 60%| O|  |TAMS 0x0000000081100000, 0x0000000081100000| Untracked 
|  18|0x0000000081200000, 0x0000000081200000, 0x0000000081300000|  0%| F|  |TAMS 0x0000000081200000, 0x0000000081200000| Untracked 
|  19|0x0000000081300000, 0x0000000081300000, 0x0000000081400000|  0%| F|  |TAMS 0x0000000081300000, 0x0000000081300000| Untracked 
|  20|0x0000000081400000, 0x0000000081400000, 0x0000000081500000|  0%| F|  |TAMS 0x0000000081400000, 0x0000000081400000| Untracked 
|  21|0x0000000081500000, 0x0000000081500000, 0x0000000081600000|  0%| F|  |TAMS 0x0000000081500000, 0x0000000081500000| Untracked 
|  22|0x0000000081600000, 0x0000000081600000, 0x0000000081700000|  0%| F|  |TAMS 0x0000000081600000, 0x0000000081600000| Untracked 
|  23|0x0000000081700000, 0x0000000081700000, 0x0000000081800000|  0%| F|  |TAMS 0x0000000081700000, 0x0000000081700000| Untracked 
|  24|0x0000000081800000, 0x0000000081800000, 0x0000000081900000|  0%| F|  |TAMS 0x0000000081800000, 0x0000000081800000| Untracked 
|  25|0x0000000081900000, 0x0000000081900000, 0x0000000081a00000|  0%| F|  |TAMS 0x0000000081900000, 0x0000000081900000| Untracked 
|  26|0x0000000081a00000, 0x0000000081a00000, 0x0000000081b00000|  0%| F|  |TAMS 0x0000000081a00000, 0x0000000081a00000| Untracked 
|  27|0x0000000081b00000, 0x0000000081b00000, 0x0000000081c00000|  0%| F|  |TAMS 0x0000000081b00000, 0x0000000081b00000| Untracked 
|  28|0x0000000081c00000, 0x0000000081c00000, 0x0000000081d00000|  0%| F|  |TAMS 0x0000000081c00000, 0x0000000081c00000| Untracked 
|  29|0x0000000081d00000, 0x0000000081d00000, 0x0000000081e00000|  0%| F|  |TAMS 0x0000000081d00000, 0x0000000081d00000| Untracked 
|  30|0x0000000081e00000, 0x0000000081e52de8, 0x0000000081f00000| 32%| S|CS|TAMS 0x0000000081e00000, 0x0000000081e00000| Complete 
|  31|0x0000000081f00000, 0x0000000082000000, 0x0000000082000000|100%| S|CS|TAMS 0x0000000081f00000, 0x0000000081f00000| Complete 
|  32|0x0000000082000000, 0x0000000082100000, 0x0000000082100000|100%| S|CS|TAMS 0x0000000082000000, 0x0000000082000000| Complete 
|  33|0x0000000082100000, 0x0000000082100000, 0x0000000082200000|  0%| F|  |TAMS 0x0000000082100000, 0x0000000082100000| Untracked 
|  34|0x0000000082200000, 0x0000000082200000, 0x0000000082300000|  0%| F|  |TAMS 0x0000000082200000, 0x0000000082200000| Untracked 
|  35|0x0000000082300000, 0x0000000082300000, 0x0000000082400000|  0%| F|  |TAMS 0x0000000082300000, 0x0000000082300000| Untracked 
|  36|0x0000000082400000, 0x0000000082400000, 0x0000000082500000|  0%| F|  |TAMS 0x0000000082400000, 0x0000000082400000| Untracked 
|  37|0x0000000082500000, 0x0000000082500000, 0x0000000082600000|  0%| F|  |TAMS 0x0000000082500000, 0x0000000082500000| Untracked 
|  38|0x0000000082600000, 0x0000000082600000, 0x0000000082700000|  0%| F|  |TAMS 0x0000000082600000, 0x0000000082600000| Untracked 
|  39|0x0000000082700000, 0x0000000082700000, 0x0000000082800000|  0%| F|  |TAMS 0x0000000082700000, 0x0000000082700000| Untracked 
|  40|0x0000000082800000, 0x0000000082800000, 0x0000000082900000|  0%| F|  |TAMS 0x0000000082800000, 0x0000000082800000| Untracked 
|  41|0x0000000082900000, 0x0000000082900000, 0x0000000082a00000|  0%| F|  |TAMS 0x0000000082900000, 0x0000000082900000| Untracked 
|  42|0x0000000082a00000, 0x0000000082a00000, 0x0000000082b00000|  0%| F|  |TAMS 0x0000000082a00000, 0x0000000082a00000| Untracked 
|  43|0x0000000082b00000, 0x0000000082b00000, 0x0000000082c00000|  0%| F|  |TAMS 0x0000000082b00000, 0x0000000082b00000| Untracked 
|  44|0x0000000082c00000, 0x0000000082c00000, 0x0000000082d00000|  0%| F|  |TAMS 0x0000000082c00000, 0x0000000082c00000| Untracked 
|  45|0x0000000082d00000, 0x0000000082d00000, 0x0000000082e00000|  0%| F|  |TAMS 0x0000000082d00000, 0x0000000082d00000| Untracked 
|  46|0x0000000082e00000, 0x0000000082e00000, 0x0000000082f00000|  0%| F|  |TAMS 0x0000000082e00000, 0x0000000082e00000| Untracked 
|  47|0x0000000082f00000, 0x0000000082f00000, 0x0000000083000000|  0%| F|  |TAMS 0x0000000082f00000, 0x0000000082f00000| Untracked 
|  48|0x0000000083000000, 0x0000000083000000, 0x0000000083100000|  0%| F|  |TAMS 0x0000000083000000, 0x0000000083000000| Untracked 
|  49|0x0000000083100000, 0x0000000083180800, 0x0000000083200000| 50%| E|  |TAMS 0x0000000083100000, 0x0000000083100000| Complete 
|  50|0x0000000083200000, 0x0000000083300000, 0x0000000083300000|100%| E|CS|TAMS 0x0000000083200000, 0x0000000083200000| Complete 
|  51|0x0000000083300000, 0x0000000083400000, 0x0000000083400000|100%| E|CS|TAMS 0x0000000083300000, 0x0000000083300000| Complete 
|  52|0x0000000083400000, 0x0000000083500000, 0x0000000083500000|100%| E|CS|TAMS 0x0000000083400000, 0x0000000083400000| Complete 
|  53|0x0000000083500000, 0x0000000083600000, 0x0000000083600000|100%| E|CS|TAMS 0x0000000083500000, 0x0000000083500000| Complete 
|  54|0x0000000083600000, 0x0000000083700000, 0x0000000083700000|100%| E|CS|TAMS 0x0000000083600000, 0x0000000083600000| Complete 
|  55|0x0000000083700000, 0x0000000083800000, 0x0000000083800000|100%| E|CS|TAMS 0x0000000083700000, 0x0000000083700000| Complete 
|  56|0x0000000083800000, 0x0000000083900000, 0x0000000083900000|100%| E|CS|TAMS 0x0000000083800000, 0x0000000083800000| Complete 
|  57|0x0000000083900000, 0x0000000083a00000, 0x0000000083a00000|100%| E|CS|TAMS 0x0000000083900000, 0x0000000083900000| Complete 
|  58|0x0000000083a00000, 0x0000000083b00000, 0x0000000083b00000|100%| E|CS|TAMS 0x0000000083a00000, 0x0000000083a00000| Complete 
|  59|0x0000000083b00000, 0x0000000083c00000, 0x0000000083c00000|100%| E|CS|TAMS 0x0000000083b00000, 0x0000000083b00000| Complete 
|  60|0x0000000083c00000, 0x0000000083d00000, 0x0000000083d00000|100%| E|CS|TAMS 0x0000000083c00000, 0x0000000083c00000| Complete 
|  61|0x0000000083d00000, 0x0000000083e00000, 0x0000000083e00000|100%| E|CS|TAMS 0x0000000083d00000, 0x0000000083d00000| Complete 
|  62|0x0000000083e00000, 0x0000000083f00000, 0x0000000083f00000|100%| E|CS|TAMS 0x0000000083e00000, 0x0000000083e00000| Complete 
|  63|0x0000000083f00000, 0x0000000084000000, 0x0000000084000000|100%| E|CS|TAMS 0x0000000083f00000, 0x0000000083f00000| Complete 

Card table byte_map: [0x000001bf5d480000,0x000001bf5d880000] _byte_map_base: 0x000001bf5d080000

Marking Bits (Prev, Next): (CMBitMap*) 0x000001bf49f9ca10, (CMBitMap*) 0x000001bf49f9c9d8
 Prev Bits: [0x000001bf5fc80000, 0x000001bf61c80000)
 Next Bits: [0x000001bf5dc80000, 0x000001bf5fc80000)

Polling page: 0x000001bf485f0000

Metaspace:

Usage:
  Non-class:     27.51 MB capacity,    27.06 MB ( 98%) used,   389.59 KB (  1%) free+waste,    67.13 KB ( <1%) overhead. 
      Class:      4.40 MB capacity,     4.13 MB ( 94%) used,   240.43 KB (  5%) free+waste,    33.38 KB ( <1%) overhead. 
       Both:     31.91 MB capacity,    31.19 MB ( 98%) used,   630.02 KB (  2%) free+waste,   100.50 KB ( <1%) overhead. 

Virtual space:
  Non-class space:       28.00 MB reserved,      27.75 MB (>99%) committed 
      Class space:        1.00 GB reserved,       4.50 MB ( <1%) committed 
             Both:        1.03 GB reserved,      32.25 MB (  3%) committed 

Chunk freelists:
   Non-Class:  54.00 KB
       Class:  0 bytes
        Both:  54.00 KB

MaxMetaspaceSize: 17179869184.00 GB
CompressedClassSpaceSize: 1.00 GB

CodeHeap 'non-profiled nmethods': size=120064Kb used=1225Kb max_used=1225Kb free=118838Kb
 bounds [0x000001bf55520000, 0x000001bf55790000, 0x000001bf5ca60000]
CodeHeap 'profiled nmethods': size=120000Kb used=5782Kb max_used=5782Kb free=114217Kb
 bounds [0x000001bf4dff0000, 0x000001bf4e5a0000, 0x000001bf55520000]
CodeHeap 'non-nmethods': size=5696Kb used=1168Kb max_used=1215Kb free=4527Kb
 bounds [0x000001bf4da60000, 0x000001bf4dcd0000, 0x000001bf4dff0000]
 total_blobs=3216 nmethods=2705 adapters=422
 compilation: enabled
              stopped_count=0, restarted_count=0
 full_count=0

Compilation events (20 events):
Event: 8.846 Thread 0x000001bf64bd0800 2694       3       java.lang.Class::getMethod (59 bytes)
Event: 8.847 Thread 0x000001bf64bd0800 nmethod 2694 0x000001bf4e58de10 code [0x000001bf4e58e0e0, 0x000001bf4e58ed08]
Event: 8.852 Thread 0x000001bf64bd0800 2695       3       org.codehaus.groovy.util.FastArray::add (71 bytes)
Event: 8.853 Thread 0x000001bf64bd0800 nmethod 2695 0x000001bf4e58f190 code [0x000001bf4e58f380, 0x000001bf4e58f888]
Event: 8.864 Thread 0x000001bf64bd0800 2697       3       java.lang.ClassValue$Entry::version (8 bytes)
Event: 8.864 Thread 0x000001bf64bd0800 nmethod 2697 0x000001bf4e58fa10 code [0x000001bf4e58fbc0, 0x000001bf4e58fe58]
Event: 8.864 Thread 0x000001bf64bd0800 2696       1       java.lang.ClassValue::version (5 bytes)
Event: 8.865 Thread 0x000001bf64bd0800 nmethod 2696 0x000001bf55651b90 code [0x000001bf55651d40, 0x000001bf55651df8]
Event: 8.874 Thread 0x000001bf64bd0800 2699       3       java.lang.Class::getDeclaredMethods (27 bytes)
Event: 8.874 Thread 0x000001bf64bd0800 nmethod 2699 0x000001bf4e58ff10 code [0x000001bf4e590100, 0x000001bf4e590398]
Event: 8.885 Thread 0x000001bf64bd0800 2700       3       org.codehaus.groovy.util.ManagedReference::<init> (40 bytes)
Event: 8.886 Thread 0x000001bf64bd0800 nmethod 2700 0x000001bf4e590490 code [0x000001bf4e590680, 0x000001bf4e590b18]
Event: 8.886 Thread 0x000001bf64bd0800 2701       3       org.codehaus.groovy.util.ManagedReference::<init> (14 bytes)
Event: 8.886 Thread 0x000001bf64bd0800 nmethod 2701 0x000001bf4e590c90 code [0x000001bf4e590e60, 0x000001bf4e590fe8]
Event: 8.886 Thread 0x000001bf64bd0800 2702       3       org.codehaus.groovy.util.ReferenceManager$1::afterReferenceCreation (57 bytes)
Event: 8.887 Thread 0x000001bf64bd0800 nmethod 2702 0x000001bf4e591110 code [0x000001bf4e591300, 0x000001bf4e591718]
Event: 8.888 Thread 0x000001bf64bd0800 2703   !   3       org.codehaus.groovy.util.LazyReference::getLocked (85 bytes)
Event: 8.890 Thread 0x000001bf64bd0800 nmethod 2703 0x000001bf4e591890 code [0x000001bf4e591bc0, 0x000001bf4e592cf8]
Event: 8.890 Thread 0x000001bf64bd0800 2705       3       org.codehaus.groovy.util.LockableObject::tryRelease (45 bytes)
Event: 8.891 Thread 0x000001bf64bd0800 nmethod 2705 0x000001bf4e593390 code [0x000001bf4e593560, 0x000001bf4e593828]

GC Heap History (18 events):
Event: 1.328 GC heap before
{Heap before GC invocations=0 (full 0):
 garbage-first heap   total 65536K, used 16384K [0x0000000080000000, 0x0000000100000000)
  region size 1024K, 14 young (14336K), 0 survivors (0K)
 Metaspace       used 6732K, capacity 6929K, committed 7168K, reserved 1056768K
  class space    used 582K, capacity 650K, committed 768K, reserved 1048576K
}
Event: 1.337 GC heap after
{Heap after GC invocations=1 (full 0):
 garbage-first heap   total 65536K, used 4027K [0x0000000080000000, 0x0000000100000000)
  region size 1024K, 2 young (2048K), 2 survivors (2048K)
 Metaspace       used 6732K, capacity 6929K, committed 7168K, reserved 1056768K
  class space    used 582K, capacity 650K, committed 768K, reserved 1048576K
}
Event: 2.111 GC heap before
{Heap before GC invocations=1 (full 0):
 garbage-first heap   total 65536K, used 17339K [0x0000000080000000, 0x0000000100000000)
  region size 1024K, 13 young (13312K), 2 survivors (2048K)
 Metaspace       used 10215K, capacity 10432K, committed 10624K, reserved 1058816K
  class space    used 1070K, capacity 1140K, committed 1152K, reserved 1048576K
}
Event: 2.120 GC heap after
{Heap after GC invocations=2 (full 0):
 garbage-first heap   total 65536K, used 9214K [0x0000000080000000, 0x0000000100000000)
  region size 1024K, 2 young (2048K), 2 survivors (2048K)
 Metaspace       used 10215K, capacity 10432K, committed 10624K, reserved 1058816K
  class space    used 1070K, capacity 1140K, committed 1152K, reserved 1048576K
}
Event: 3.031 GC heap before
{Heap before GC invocations=2 (full 0):
 garbage-first heap   total 65536K, used 43006K [0x0000000080000000, 0x0000000100000000)
  region size 1024K, 35 young (35840K), 2 survivors (2048K)
 Metaspace       used 11206K, capacity 11387K, committed 11520K, reserved 1058816K
  class space    used 1173K, capacity 1245K, committed 1280K, reserved 1048576K
}
Event: 3.038 GC heap after
{Heap after GC invocations=3 (full 0):
 garbage-first heap   total 65536K, used 12933K [0x0000000080000000, 0x0000000100000000)
  region size 1024K, 5 young (5120K), 5 survivors (5120K)
 Metaspace       used 11206K, capacity 11387K, committed 11520K, reserved 1058816K
  class space    used 1173K, capacity 1245K, committed 1280K, reserved 1048576K
}
Event: 5.096 GC heap before
{Heap before GC invocations=3 (full 0):
 garbage-first heap   total 65536K, used 45701K [0x0000000080000000, 0x0000000100000000)
  region size 1024K, 37 young (37888K), 5 survivors (5120K)
 Metaspace       used 16693K, capacity 17107K, committed 17280K, reserved 1064960K
  class space    used 1935K, capacity 2067K, committed 2176K, reserved 1048576K
}
Event: 5.107 GC heap after
{Heap after GC invocations=4 (full 0):
 garbage-first heap   total 65536K, used 15909K [0x0000000080000000, 0x0000000100000000)
  region size 1024K, 5 young (5120K), 5 survivors (5120K)
 Metaspace       used 16693K, capacity 17107K, committed 17280K, reserved 1064960K
  class space    used 1935K, capacity 2067K, committed 2176K, reserved 1048576K
}
Event: 5.808 GC heap before
{Heap before GC invocations=4 (full 0):
 garbage-first heap   total 65536K, used 46629K [0x0000000080000000, 0x0000000100000000)
  region size 1024K, 35 young (35840K), 5 survivors (5120K)
 Metaspace       used 20031K, capacity 20483K, committed 20608K, reserved 1067008K
  class space    used 2456K, capacity 2620K, committed 2688K, reserved 1048576K
}
Event: 5.815 GC heap after
{Heap after GC invocations=5 (full 0):
 garbage-first heap   total 65536K, used 17077K [0x0000000080000000, 0x0000000100000000)
  region size 1024K, 2 young (2048K), 2 survivors (2048K)
 Metaspace       used 20031K, capacity 20483K, committed 20608K, reserved 1067008K
  class space    used 2456K, capacity 2620K, committed 2688K, reserved 1048576K
}
Event: 5.943 GC heap before
{Heap before GC invocations=5 (full 0):
 garbage-first heap   total 65536K, used 20149K [0x0000000080000000, 0x0000000100000000)
  region size 1024K, 6 young (6144K), 2 survivors (2048K)
 Metaspace       used 20680K, capacity 21092K, committed 21248K, reserved 1067008K
  class space    used 2546K, capacity 2696K, committed 2816K, reserved 1048576K
}
Event: 5.948 GC heap after
{Heap after GC invocations=6 (full 0):
 garbage-first heap   total 65536K, used 17168K [0x0000000080000000, 0x0000000100000000)
  region size 1024K, 2 young (2048K), 2 survivors (2048K)
 Metaspace       used 20680K, capacity 21092K, committed 21248K, reserved 1067008K
  class space    used 2546K, capacity 2696K, committed 2816K, reserved 1048576K
}
Event: 6.595 GC heap before
{Heap before GC invocations=7 (full 0):
 garbage-first heap   total 65536K, used 46864K [0x0000000080000000, 0x0000000100000000)
  region size 1024K, 31 young (31744K), 2 survivors (2048K)
 Metaspace       used 23785K, capacity 24277K, committed 24576K, reserved 1071104K
  class space    used 3036K, capacity 3230K, committed 3328K, reserved 1048576K
}
Event: 6.600 GC heap after
{Heap after GC invocations=8 (full 0):
 garbage-first heap   total 65536K, used 18032K [0x0000000080000000, 0x0000000100000000)
  region size 1024K, 3 young (3072K), 3 survivors (3072K)
 Metaspace       used 23785K, capacity 24277K, committed 24576K, reserved 1071104K
  class space    used 3036K, capacity 3230K, committed 3328K, reserved 1048576K
}
Event: 7.258 GC heap before
{Heap before GC invocations=8 (full 0):
 garbage-first heap   total 65536K, used 47728K [0x0000000080000000, 0x0000000100000000)
  region size 1024K, 32 young (32768K), 3 survivors (3072K)
 Metaspace       used 26523K, capacity 27116K, committed 27264K, reserved 1073152K
  class space    used 3490K, capacity 3690K, committed 3712K, reserved 1048576K
}
Event: 7.265 GC heap after
{Heap after GC invocations=9 (full 0):
 garbage-first heap   total 65536K, used 19350K [0x0000000080000000, 0x0000000100000000)
  region size 1024K, 3 young (3072K), 3 survivors (3072K)
 Metaspace       used 26523K, capacity 27116K, committed 27264K, reserved 1073152K
  class space    used 3490K, capacity 3690K, committed 3712K, reserved 1048576K
}
Event: 8.064 GC heap before
{Heap before GC invocations=9 (full 0):
 garbage-first heap   total 65536K, used 49046K [0x0000000080000000, 0x0000000100000000)
  region size 1024K, 32 young (32768K), 3 survivors (3072K)
 Metaspace       used 29401K, capacity 30109K, committed 30336K, reserved 1075200K
  class space    used 3938K, capacity 4201K, committed 4224K, reserved 1048576K
}
Event: 8.070 GC heap after
{Heap after GC invocations=10 (full 0):
 garbage-first heap   total 65536K, used 20406K [0x0000000080000000, 0x0000000100000000)
  region size 1024K, 3 young (3072K), 3 survivors (3072K)
 Metaspace       used 29401K, capacity 30109K, committed 30336K, reserved 1075200K
  class space    used 3938K, capacity 4201K, committed 4224K, reserved 1048576K
}

Deoptimization events (20 events):
Event: 7.470 Thread 0x000001bf65b1a000 Uncommon trap: trap_request=0xffffff4d fr.pc=0x000001bf555e0bcc relative=0x000000000000020c
Event: 7.470 Thread 0x000001bf65b1a000 Uncommon trap: reason=unstable_if action=reinterpret pc=0x000001bf555e0bcc method=java.util.HashMap.hash(Ljava/lang/Object;)I @ 1 c2
Event: 7.471 Thread 0x000001bf65b1a000 DEOPT PACKING pc=0x000001bf555e0bcc sp=0x0000009dabbf90b0
Event: 7.471 Thread 0x000001bf65b1a000 DEOPT UNPACKING pc=0x000001bf4da8662f sp=0x0000009dabbf8fe8 mode 2
Event: 7.471 Thread 0x000001bf65b1a000 Uncommon trap: trap_request=0xffffff4d fr.pc=0x000001bf555e7dac relative=0x000000000000008c
Event: 7.471 Thread 0x000001bf65b1a000 Uncommon trap: reason=unstable_if action=reinterpret pc=0x000001bf555e7dac method=java.util.HashMap.hash(Ljava/lang/Object;)I @ 1 c2
Event: 7.471 Thread 0x000001bf65b1a000 DEOPT PACKING pc=0x000001bf555e7dac sp=0x0000009dabbf8e20
Event: 7.471 Thread 0x000001bf65b1a000 DEOPT UNPACKING pc=0x000001bf4da8662f sp=0x0000009dabbf8db8 mode 2
Event: 8.242 Thread 0x000001bf65b1a000 Uncommon trap: trap_request=0xffffff4d fr.pc=0x000001bf555d0430 relative=0x0000000000000230
Event: 8.242 Thread 0x000001bf65b1a000 Uncommon trap: reason=unstable_if action=reinterpret pc=0x000001bf555d0430 method=java.util.HashMap.putVal(ILjava/lang/Object;Ljava/lang/Object;ZZ)Ljava/lang/Object; @ 162 c2
Event: 8.243 Thread 0x000001bf65b1a000 DEOPT PACKING pc=0x000001bf555d0430 sp=0x0000009dabbfab50
Event: 8.243 Thread 0x000001bf65b1a000 DEOPT UNPACKING pc=0x000001bf4da8662f sp=0x0000009dabbfaa60 mode 2
Event: 8.574 Thread 0x000001bf65b1a000 Uncommon trap: trap_request=0xffffff4d fr.pc=0x000001bf5561bef4 relative=0x0000000000000614
Event: 8.574 Thread 0x000001bf65b1a000 Uncommon trap: reason=unstable_if action=reinterpret pc=0x000001bf5561bef4 method=jdk.internal.org.objectweb.asm.Item.isEqualTo(Ljdk/internal/org/objectweb/asm/Item;)Z @ 317 c2
Event: 8.574 Thread 0x000001bf65b1a000 DEOPT PACKING pc=0x000001bf5561bef4 sp=0x0000009dabbf2aa0
Event: 8.574 Thread 0x000001bf65b1a000 DEOPT UNPACKING pc=0x000001bf4da8662f sp=0x0000009dabbf2a40 mode 2
Event: 8.858 Thread 0x000001bf66130800 Uncommon trap: trap_request=0xffffffde fr.pc=0x000001bf55650994 relative=0x0000000000000314
Event: 8.858 Thread 0x000001bf66130800 Uncommon trap: reason=class_check action=maybe_recompile pc=0x000001bf55650994 method=java.util.stream.ReferencePipeline.forEachWithCancel(Ljava/util/Spliterator;Ljava/util/stream/Sink;)Z @ 1 c2
Event: 8.858 Thread 0x000001bf66130800 DEOPT PACKING pc=0x000001bf55650994 sp=0x0000009dab3fe6b0
Event: 8.858 Thread 0x000001bf66130800 DEOPT UNPACKING pc=0x000001bf4da8662f sp=0x0000009dab3fe650 mode 2

Classes redefined (0 events):
No events

Internal exceptions (20 events):
Event: 7.034 Thread 0x000001bf65b1a000 Exception <a 'java/lang/NoSuchMethodError'{0x0000000082ef7520}: 'void java.lang.invoke.DirectMethodHandle$Holder.invokeStatic(java.lang.Object, java.lang.Object, java.lang.Object, java.lang.Object)'> (0x0000000082ef7520) thrown at [./src/hotspot/share/interpreter/linkResolver.cpp, line 773]
Event: 7.037 Thread 0x000001bf65b1a000 Exception <a 'java/lang/NoSuchMethodError'{0x0000000082d0bce8}: 'int java.lang.invoke.DirectMethodHandle$Holder.invokeInterface(java.lang.Object, java.lang.Object)'> (0x0000000082d0bce8) thrown at [./src/hotspot/share/interpreter/linkResolver.cpp, line 773]
Event: 7.244 Thread 0x000001bf65b1a000 Exception <a 'java/lang/NoSuchMethodError'{0x0000000082341958}: 'java.lang.Object java.lang.invoke.DirectMethodHandle$Holder.invokeSpecialIFC(java.lang.Object, java.lang.Object, java.lang.Object, java.lang.Object)'> (0x0000000082341958) thrown at [./src/hotspot/share/interpreter/linkResolver.cpp, line 773]
Event: 7.269 Thread 0x000001bf65b1a000 Exception <a 'java/lang/NoSuchMethodError'{0x0000000083f24838}: 'java.lang.Object java.lang.invoke.DirectMethodHandle$Holder.invokeSpecial(java.lang.Object, java.lang.Object, java.lang.Object, java.lang.Object, java.lang.Object, java.lang.Object, java.lang.Object, java.lang.Object, java.lang.Object, java.lang.Object, java.lang.Object, java.lang.Object, java.lang.Object)'> (0x0000000083f24838) thrown at [./src/hotspot/share/interpreter/linkResolver.cpp, line 773]
Event: 7.271 Thread 0x000001bf65b1a000 Exception <a 'java/lang/NoSuchMethodError'{0x0000000083f35698}: 'java.lang.Object java.lang.invoke.DirectMethodHandle$Holder.invokeSpecial(java.lang.Object, java.lang.Object, java.lang.Object, java.lang.Object, java.lang.Object, java.lang.Object, java.lang.Object, java.lang.Object, java.lang.Object, java.lang.Object, java.lang.Object, java.lang.Object)'> (0x0000000083f35698) thrown at [./src/hotspot/share/interpreter/linkResolver.cpp, line 773]
Event: 7.272 Thread 0x000001bf65b1a000 Exception <a 'java/lang/NoSuchMethodError'{0x0000000083f3a7c0}: 'java.lang.Object java.lang.invoke.Invokers$Holder.linkToTargetMethod(java.lang.Object, java.lang.Object, java.lang.Object, java.lang.Object, java.lang.Object, java.lang.Object, java.lang.Object, java.lang.Object, java.lang.Object, java.lang.Object, java.lang.Object)'> (0x0000000083f3a7c0) thrown at [./src/hotspot/share/interpreter/linkResolver.cpp, line 773]
Event: 7.296 Thread 0x000001bf65b1a000 Exception <a 'java/lang/NoSuchMethodError'{0x0000000083e8fd68}: 'java.lang.Object java.lang.invoke.DirectMethodHandle$Holder.invokeSpecial(java.lang.Object, java.lang.Object, java.lang.Object, java.lang.Object, java.lang.Object, java.lang.Object, java.lang.Object, java.lang.Object, java.lang.Object, java.lang.Object, java.lang.Object, java.lang.Object, java.lang.Object, java.lang.Object)'> (0x0000000083e8fd68) thrown at [./src/hotspot/share/interpreter/linkResolver.cpp, line 773]
Event: 7.299 Thread 0x000001bf65b1a000 Exception <a 'java/lang/NoSuchMethodError'{0x0000000083ea13e0}: 'java.lang.Object java.lang.invoke.Invokers$Holder.linkToTargetMethod(java.lang.Object, java.lang.Object, java.lang.Object, java.lang.Object, java.lang.Object, java.lang.Object, java.lang.Object, java.lang.Object, java.lang.Object, java.lang.Object, java.lang.Object, java.lang.Object)'> (0x0000000083ea13e0) thrown at [./src/hotspot/share/interpreter/linkResolver.cpp, line 773]
Event: 7.312 Thread 0x000001bf65b1a000 Exception <a 'java/lang/NoSuchMethodError'{0x0000000083d37c28}: 'java.lang.Object java.lang.invoke.DirectMethodHandle$Holder.invokeStaticInit(java.lang.Object, java.lang.Object, java.lang.Object, java.lang.Object)'> (0x0000000083d37c28) thrown at [./src/hotspot/share/interpreter/linkResolver.cpp, line 773]
Event: 7.470 Thread 0x000001bf65b1a000 Implicit null exception at 0x000001bf555e09f5 to 0x000001bf555e0bbc
Event: 7.471 Thread 0x000001bf65b1a000 Implicit null exception at 0x000001bf555e7d2f to 0x000001bf555e7d9d
Event: 7.796 Thread 0x000001bf65b1a000 Exception <a 'java/lang/NoSuchMethodError'{0x0000000082ca2780}: 'java.lang.Object java.lang.invoke.Invokers$Holder.linkToTargetMethod(java.lang.Object, java.lang.Object, java.lang.Object, java.lang.Object, java.lang.Object, java.lang.Object, java.lang.Object, java.lang.Object)'> (0x0000000082ca2780) thrown at [./src/hotspot/share/interpreter/linkResolver.cpp, line 773]
Event: 7.802 Thread 0x000001bf65b1a000 Exception <a 'java/lang/NoSuchMethodError'{0x0000000082cd7638}: 'java.lang.Object java.lang.invoke.DirectMethodHandle$Holder.invokeVirtual(java.lang.Object, java.lang.Object, java.lang.Object)'> (0x0000000082cd7638) thrown at [./src/hotspot/share/interpreter/linkResolver.cpp, line 773]
Event: 7.837 Thread 0x000001bf65b1a000 Exception <a 'java/lang/NoSuchMethodError'{0x0000000082bbe540}: 'java.lang.Object java.lang.invoke.Invokers$Holder.linkToTargetMethod(java.lang.Object, java.lang.Object, java.lang.Object, java.lang.Object, java.lang.Object, java.lang.Object, java.lang.Object)'> (0x0000000082bbe540) thrown at [./src/hotspot/share/interpreter/linkResolver.cpp, line 773]
Event: 7.846 Thread 0x000001bf65b1a000 Exception <a 'java/lang/IncompatibleClassChangeError'{0x0000000082bff0e0}: Found class java.lang.Object, but interface was expected> (0x0000000082bff0e0) thrown at [./src/hotspot/share/interpreter/linkResolver.cpp, line 839]
Event: 7.959 Thread 0x000001bf65b1a000 Exception <a 'java/lang/NoSuchMethodError'{0x00000000827adf88}: 'int java.lang.invoke.DirectMethodHandle$Holder.invokeVirtual(java.lang.Object, java.lang.Object)'> (0x00000000827adf88) thrown at [./src/hotspot/share/interpreter/linkResolver.cpp, line 773]
Event: 8.574 Thread 0x000001bf65b1a000 Exception <a 'java/lang/NoSuchMethodError'{0x00000000834d81e0}: 'void java.lang.invoke.DirectMethodHandle$Holder.invokeStaticInit(java.lang.Object, java.lang.Object, java.lang.Object)'> (0x00000000834d81e0) thrown at [./src/hotspot/share/interpreter/linkResolver.cpp, line 773]
Event: 8.576 Thread 0x000001bf65b1a000 Exception <a 'java/lang/NoSuchMethodError'{0x00000000834defb8}: 'void java.lang.invoke.DirectMethodHandle$Holder.invokeStaticInit(java.lang.Object, java.lang.Object, java.lang.Object, java.lang.Object)'> (0x00000000834defb8) thrown at [./src/hotspot/share/interpreter/linkResolver.cpp, line 773]
Event: 8.581 Thread 0x000001bf65b1a000 Exception <a 'java/lang/NoSuchMethodError'{0x0000000083301ab0}: 'void java.lang.invoke.DirectMethodHandle$Holder.invokeStaticInit(java.lang.Object, java.lang.Object, java.lang.Object, java.lang.Object, java.lang.Object)'> (0x0000000083301ab0) thrown at [./src/hotspot/share/interpreter/linkResolver.cpp, line 773]
Event: 8.665 Thread 0x000001bf65b1a000 Exception <a 'java/lang/NoSuchMethodError'{0x0000000083364298}: 'int java.lang.invoke.DirectMethodHandle$Holder.invokeStaticInit(java.lang.Object, java.lang.Object, java.lang.Object, java.lang.Object)'> (0x0000000083364298) thrown at [./src/hotspot/share/interpreter/linkResolver.cpp, line 773]

Events (20 events):
Event: 8.589 Thread 0x000001bf67206800 Thread added: 0x000001bf67206800
Event: 8.663 loading class org/codehaus/groovy/reflection/ReflectionUtils$ClassContextHelper
Event: 8.663 loading class org/codehaus/groovy/reflection/ReflectionUtils$ClassContextHelper done
Event: 8.733 loading class org/codehaus/groovy/reflection/CachedMethod$MyComparator
Event: 8.733 loading class org/codehaus/groovy/reflection/CachedMethod$MyComparator done
Event: 8.780 Thread 0x000001bf67206800 Thread exited: 0x000001bf67206800
Event: 8.806 loading class org/codehaus/groovy/reflection/CachedClass$CachedMethodComparatorByName
Event: 8.806 loading class org/codehaus/groovy/reflection/CachedClass$CachedMethodComparatorByName done
Event: 8.851 loading class java/lang/ClassFormatError
Event: 8.852 loading class java/lang/ClassFormatError done
Event: 8.891 loading class java/lang/ProcessHandle$Info
Event: 8.891 loading class java/lang/ProcessHandle$Info done
Event: 8.891 loading class java/util/concurrent/CompletableFuture
Event: 8.893 loading class java/util/concurrent/CompletionStage
Event: 8.893 loading class java/util/concurrent/CompletionStage done
Event: 8.893 loading class java/util/concurrent/CompletableFuture done
Event: 8.893 loading class java/lang/ProcessHandle
Event: 8.894 loading class java/lang/ProcessHandle done
Event: 8.897 loading class groovy/lang/GString$1
Event: 8.897 loading class groovy/lang/GString$1 done


Dynamic libraries:
0x00007ff63e1f0000 - 0x00007ff63e1fa000 	C:\Program Files\Android\Android Studio1\jre\bin\java.exe
0x00007ff9d0050000 - 0x00007ff9d0245000 	C:\WINDOWS\SYSTEM32\ntdll.dll
0x00007ff9cec80000 - 0x00007ff9ced3e000 	C:\WINDOWS\System32\KERNEL32.DLL
0x00007ff9cdb90000 - 0x00007ff9cde58000 	C:\WINDOWS\System32\KERNELBASE.dll
0x00007ff9cd7c0000 - 0x00007ff9cd8c0000 	C:\WINDOWS\System32\ucrtbase.dll
0x00007ff9c7520000 - 0x00007ff9c7539000 	C:\Program Files\Android\Android Studio1\jre\bin\jli.dll
0x00007ff9c72d0000 - 0x00007ff9c72e7000 	C:\Program Files\Android\Android Studio1\jre\bin\VCRUNTIME140.dll
0x00007ff9ce340000 - 0x00007ff9ce4e0000 	C:\WINDOWS\System32\USER32.dll
0x00007ff9ce080000 - 0x00007ff9ce0a2000 	C:\WINDOWS\System32\win32u.dll
0x00007ff9b9a80000 - 0x00007ff9b9d1a000 	C:\WINDOWS\WinSxS\amd64_microsoft.windows.common-controls_6595b64144ccf1df_6.0.19041.1110_none_60b5254171f9507e\COMCTL32.dll
0x00007ff9cf000000 - 0x00007ff9cf09e000 	C:\WINDOWS\System32\msvcrt.dll
0x00007ff9ce4e0000 - 0x00007ff9ce50a000 	C:\WINDOWS\System32\GDI32.dll
0x00007ff9cde60000 - 0x00007ff9cdf6b000 	C:\WINDOWS\System32\gdi32full.dll
0x00007ff9cdf70000 - 0x00007ff9ce00d000 	C:\WINDOWS\System32\msvcp_win.dll
0x00007ff9ce0b0000 - 0x00007ff9ce0e0000 	C:\WINDOWS\System32\IMM32.DLL
0x00007ff9a89d0000 - 0x00007ff9a8a6d000 	C:\Program Files\Android\Android Studio1\jre\bin\msvcp140.dll
0x00007ff98e310000 - 0x00007ff98ede5000 	C:\Program Files\Android\Android Studio1\jre\bin\server\jvm.dll
0x00007ff9ce5e0000 - 0x00007ff9ce68e000 	C:\WINDOWS\System32\ADVAPI32.dll
0x00007ff9cfb00000 - 0x00007ff9cfb9c000 	C:\WINDOWS\System32\sechost.dll
0x00007ff9ce210000 - 0x00007ff9ce335000 	C:\WINDOWS\System32\RPCRT4.dll
0x00007ff9ce890000 - 0x00007ff9ce898000 	C:\WINDOWS\System32\PSAPI.DLL
0x00007ff9c8ef0000 - 0x00007ff9c8ef9000 	C:\WINDOWS\SYSTEM32\WSOCK32.dll
0x00007ff9c9270000 - 0x00007ff9c9297000 	C:\WINDOWS\SYSTEM32\WINMM.dll
0x00007ff9c6280000 - 0x00007ff9c628a000 	C:\WINDOWS\SYSTEM32\VERSION.dll
0x00007ff9ce690000 - 0x00007ff9ce6fb000 	C:\WINDOWS\System32\WS2_32.dll
0x00007ff9cc020000 - 0x00007ff9cc032000 	C:\WINDOWS\SYSTEM32\kernel.appcore.dll
0x00007ff9c7b70000 - 0x00007ff9c7b81000 	C:\Program Files\Android\Android Studio1\jre\bin\verify.dll
0x00007ff9cb590000 - 0x00007ff9cb774000 	C:\WINDOWS\SYSTEM32\DBGHELP.DLL
0x00007ff9adac0000 - 0x00007ff9adaec000 	C:\WINDOWS\SYSTEM32\dbgcore.DLL
0x00007ff9cda50000 - 0x00007ff9cdad2000 	C:\WINDOWS\System32\bcryptPrimitives.dll
0x00007ff9c75f0000 - 0x00007ff9c7619000 	C:\Program Files\Android\Android Studio1\jre\bin\java.dll
0x00007ff9c7b60000 - 0x00007ff9c7b6b000 	C:\Program Files\Android\Android Studio1\jre\bin\jimage.dll
0x00007ff9c75d0000 - 0x00007ff9c75e8000 	C:\Program Files\Android\Android Studio1\jre\bin\zip.dll
0x00007ff9cf200000 - 0x00007ff9cf944000 	C:\WINDOWS\System32\SHELL32.dll
0x00007ff9cb870000 - 0x00007ff9cc004000 	C:\WINDOWS\SYSTEM32\windows.storage.dll
0x00007ff9ce8a0000 - 0x00007ff9cebf4000 	C:\WINDOWS\System32\combase.dll
0x00007ff9cd1e0000 - 0x00007ff9cd20c000 	C:\WINDOWS\SYSTEM32\Wldp.dll
0x00007ff9ce700000 - 0x00007ff9ce7ad000 	C:\WINDOWS\System32\SHCORE.dll
0x00007ff9ce830000 - 0x00007ff9ce885000 	C:\WINDOWS\System32\shlwapi.dll
0x00007ff9cd6b0000 - 0x00007ff9cd6cf000 	C:\WINDOWS\SYSTEM32\profapi.dll
0x00007ff9c5870000 - 0x00007ff9c588a000 	C:\Program Files\Android\Android Studio1\jre\bin\net.dll
0x00007ff9bcd20000 - 0x00007ff9bce2a000 	C:\WINDOWS\SYSTEM32\WINHTTP.dll
0x00007ff9ccf40000 - 0x00007ff9ccfaa000 	C:\WINDOWS\system32\mswsock.dll
0x00007ff9c31e0000 - 0x00007ff9c31f4000 	C:\Program Files\Android\Android Studio1\jre\bin\nio.dll
0x00007ff9bcbd0000 - 0x00007ff9bcbf7000 	C:\Users\ASUS\AndroidStudioProjects\Room-Chapter-6\native\e1d6ef7f7dcc3fd88c89a11ec53ec762bb8ba0a96d01ffa2cd45eb1d1d8dd5c5\windows-amd64\native-platform.dll
0x00007ff99c1d0000 - 0x00007ff99c314000 	C:\Users\ASUS\AndroidStudioProjects\Room-Chapter-6\native\5664cfc778a61ccfe75a443a1ab52a65af34e5dc3c78e0209fed803814484fcb\windows-amd64\native-platform-file-events.dll
0x00007ff9c7470000 - 0x00007ff9c747a000 	C:\Program Files\Android\Android Studio1\jre\bin\management.dll
0x00007ff9c7210000 - 0x00007ff9c721d000 	C:\Program Files\Android\Android Studio1\jre\bin\management_ext.dll
0x00007ff9cd130000 - 0x00007ff9cd148000 	C:\WINDOWS\SYSTEM32\CRYPTSP.dll
0x00007ff9cc850000 - 0x00007ff9cc884000 	C:\WINDOWS\system32\rsaenh.dll
0x00007ff9cd8c0000 - 0x00007ff9cd8e7000 	C:\WINDOWS\System32\bcrypt.dll
0x00007ff9cd670000 - 0x00007ff9cd69e000 	C:\WINDOWS\SYSTEM32\USERENV.dll
0x00007ff9cd150000 - 0x00007ff9cd15c000 	C:\WINDOWS\SYSTEM32\CRYPTBASE.dll
0x00007ff9ccbe0000 - 0x00007ff9ccc1b000 	C:\WINDOWS\SYSTEM32\IPHLPAPI.DLL
0x00007ff9cf1f0000 - 0x00007ff9cf1f8000 	C:\WINDOWS\System32\NSI.dll
0x00007ff9c2880000 - 0x00007ff9c2897000 	C:\WINDOWS\SYSTEM32\dhcpcsvc6.DLL
0x00007ff9c3550000 - 0x00007ff9c356d000 	C:\WINDOWS\SYSTEM32\dhcpcsvc.DLL
0x00007ff9ccc20000 - 0x00007ff9ccceb000 	C:\WINDOWS\SYSTEM32\DNSAPI.dll

dbghelp: loaded successfully - version: 4.0.5 - missing functions: none
symbol engine: initialized successfully - sym options: 0x614 - pdb path: .;C:\Program Files\Android\Android Studio1\jre\bin;C:\WINDOWS\SYSTEM32;C:\WINDOWS\WinSxS\amd64_microsoft.windows.common-controls_6595b64144ccf1df_6.0.19041.1110_none_60b5254171f9507e;C:\Program Files\Android\Android Studio1\jre\bin\server;C:\Users\ASUS\AndroidStudioProjects\Room-Chapter-6\native\e1d6ef7f7dcc3fd88c89a11ec53ec762bb8ba0a96d01ffa2cd45eb1d1d8dd5c5\windows-amd64;C:\Users\ASUS\AndroidStudioProjects\Room-Chapter-6\native\5664cfc778a61ccfe75a443a1ab52a65af34e5dc3c78e0209fed803814484fcb\windows-amd64

VM Arguments:
jvm_args: --add-opens=java.base/java.util=ALL-UNNAMED --add-opens=java.base/java.lang=ALL-UNNAMED --add-opens=java.base/java.lang.invoke=ALL-UNNAMED --add-opens=java.base/java.util=ALL-UNNAMED --add-opens=java.prefs/java.util.prefs=ALL-UNNAMED --add-opens=java.prefs/java.util.prefs=ALL-UNNAMED --add-opens=java.base/java.nio.charset=ALL-UNNAMED --add-opens=java.base/java.net=ALL-UNNAMED --add-opens=java.base/java.util.concurrent.atomic=ALL-UNNAMED -Xmx2048m -Dfile.encoding=windows-1252 -Duser.country=ID -Duser.language=en -Duser.variant 
java_command: org.gradle.launcher.daemon.bootstrap.GradleDaemon 7.2
java_class_path (initial): C:\Users\ASUS\AndroidStudioProjects\Room-Chapter-6\wrapper\dists\gradle-7.2-bin\2dnblmf4td7x66yl1d74lt32g\gradle-7.2\lib\gradle-launcher-7.2.jar
Launcher Type: SUN_STANDARD

[Global flags]
     intx CICompilerCount                          = 3                                         {product} {ergonomic}
     uint ConcGCThreads                            = 1                                         {product} {ergonomic}
     uint G1ConcRefinementThreads                  = 4                                         {product} {ergonomic}
   size_t G1HeapRegionSize                         = 1048576                                   {product} {ergonomic}
    uintx GCDrainStackTargetSize                   = 64                                        {product} {ergonomic}
   size_t InitialHeapSize                          = 67108864                                  {product} {ergonomic}
   size_t MarkStackSize                            = 4194304                                   {product} {ergonomic}
   size_t MaxHeapSize                              = 2147483648                                {product} {command line}
   size_t MaxNewSize                               = 1287651328                                {product} {ergonomic}
   size_t MinHeapDeltaBytes                        = 1048576                                   {product} {ergonomic}
    uintx NonNMethodCodeHeapSize                   = 5830732                                {pd product} {ergonomic}
    uintx NonProfiledCodeHeapSize                  = 122913754                              {pd product} {ergonomic}
    uintx ProfiledCodeHeapSize                     = 122913754                              {pd product} {ergonomic}
    uintx ReservedCodeCacheSize                    = 251658240                              {pd product} {ergonomic}
     bool SegmentedCodeCache                       = true                                      {product} {ergonomic}
     bool UseCompressedClassPointers               = true                                 {lp64_product} {ergonomic}
     bool UseCompressedOops                        = true                                 {lp64_product} {ergonomic}
     bool UseG1GC                                  = true                                      {product} {ergonomic}
     bool UseLargePagesIndividualAllocation        = false                                  {pd product} {ergonomic}

Logging:
Log output configuration:
 #0: stdout all=warning uptime,level,tags
 #1: stderr all=off uptime,level,tags

Environment Variables:
JAVA_HOME=C:\Program Files\Eclipse Adoptium\jdk-17.0.2.8-hotspot\
PATH=C:\Program Files\Eclipse Adoptium\jdk-17.0.2.8-hotspot\bin;C:\Program Files (x86)\Common Files\Intel\Shared Files\cpp\bin\Intel64;C:\WINDOWS\system32;C:\WINDOWS;C:\WINDOWS\System32\Wbem;C:\WINDOWS\System32\WindowsPowerShell\v1.0\;C:\WINDOWS\System32\OpenSSH\;C:\Program Files (x86)\Windows Live\Shared;C:\Program Files\Git\cmd;C:\Program Files\Dart\dart-sdk\bin;C:\Android1\sdk\cmdline-tools\latest\bin;C:\Android1\flutter\bin;C:\Users\ASUS\AppData\Local\Microsoft\WindowsApps;C:\Program Files\JetBrains\IntelliJ IDEA Community Edition 2021.3.2\bin;;C:\android\flutter\bin;C:\android\cmdline-tools\tools\bin;C:\Users\ASUS\AppData\Local\Programs\Microsoft VS Code\bin
USERNAME=ASUS
OS=Windows_NT
PROCESSOR_IDENTIFIER=Intel64 Family 6 Model 142 Stepping 9, GenuineIntel



---------------  S Y S T E M  ---------------

OS: Windows 10 , 64 bit Build 19041 (10.0.19041.1645)
OS uptime: 30 days 0:27 hours

CPU:total 4 (initial active 4) (2 cores per cpu, 2 threads per core) family 6 model 142 stepping 9 microcode 0xb4, cmov, cx8, fxsr, mmx, sse, sse2, sse3, ssse3, sse4.1, sse4.2, popcnt, avx, avx2, aes, clmul, erms, 3dnowpref, lzcnt, ht, tsc, tscinvbit, bmi1, bmi2, adx, fma

Memory: 4k page, system-wide physical 3978M (348M free)
TotalPageFile size 16266M (AvailPageFile size 18M)
current process WorkingSet (physical memory assigned to process): 193M, peak: 194M
current process commit charge ("private bytes"): 230M, peak: 232M

vm_info: OpenJDK 64-Bit Server VM (11.0.11+9-b60-7590822) for windows-amd64 JRE (11.0.11+9-b60-7590822), built on Jul 29 2021 21:43:44 by "builder" with MS VC++ 14.0 (VS2015)

END.
