#
# There is insufficient memory for the Java Runtime Environment to continue.
# Native memory allocation (malloc) failed to allocate 1072176 bytes for Chunk::new
# Possible reasons:
#   The system is out of physical RAM or swap space
#   The process is running with CompressedOops enabled, and the Java Heap may be blocking the growth of the native heap
# Possible solutions:
#   Reduce memory load on the system
#   Increase physical memory or swap space
#   Check if swap backing store is full
#   Decrease Java heap size (-Xmx/-Xms)
#   Decrease number of Java threads
#   Decrease Java thread stack sizes (-Xss)
#   Set larger code cache with -XX:ReservedCodeCacheSize=
#   JVM is running with Unscaled Compressed Oops mode in which the Java heap is
#     placed in the first 4GB address space. The Java Heap base address is the
#     maximum limit for the native heap growth. Please use -XX:HeapBaseMinAddress
#     to set the Java Heap base and to place the Java Heap above 4GB virtual address.
# This output file may be truncated or incomplete.
#
#  Out of Memory Error (./src/hotspot/share/memory/arena.cpp:197), pid=4416, tid=16924
#
# JRE version: OpenJDK Runtime Environment (11.0.11+9) (build 11.0.11+9-b60-7590822)
# Java VM: OpenJDK 64-Bit Server VM (11.0.11+9-b60-7590822, mixed mode, tiered, compressed oops, g1 gc, windows-amd64)
# No core dump will be written. Minidumps are not enabled by default on client versions of Windows
#

---------------  S U M M A R Y ------------

Command Line: --add-opens=java.base/java.util=ALL-UNNAMED --add-opens=java.base/java.lang=ALL-UNNAMED --add-opens=java.base/java.lang.invoke=ALL-UNNAMED --add-opens=java.base/java.util=ALL-UNNAMED --add-opens=java.prefs/java.util.prefs=ALL-UNNAMED --add-opens=java.prefs/java.util.prefs=ALL-UNNAMED --add-opens=java.base/java.nio.charset=ALL-UNNAMED --add-opens=java.base/java.net=ALL-UNNAMED --add-opens=java.base/java.util.concurrent.atomic=ALL-UNNAMED -Xmx2048m -Dfile.encoding=windows-1252 -Duser.country=ID -Duser.language=en -Duser.variant org.gradle.launcher.daemon.bootstrap.GradleDaemon 7.2

Host: Intel(R) Core(TM) i3-7020U CPU @ 2.30GHz, 4 cores, 3G,  Windows 10 , 64 bit Build 19041 (10.0.19041.1645)
Time: Fri May 13 20:39:09 2022 Pacific Daylight Time elapsed time: 20.573447 seconds (0d 0h 0m 20s)

---------------  T H R E A D  ---------------

Current thread (0x000002448400d800):  JavaThread "C2 CompilerThread0" daemon [_thread_in_native, id=16924, stack(0x0000006006700000,0x0000006006800000)]


Current CompileTask:
C2:  20573 7862 %     4       org.gradle.internal.instantiation.generator.AbstractClassGenerator::inspectType @ 77 (560 bytes)

Stack: [0x0000006006700000,0x0000006006800000]
Native frames: (J=compiled Java code, j=interpreted, Vv=VM code, C=native code)
V  [jvm.dll+0x5f214a]
V  [jvm.dll+0x726fb5]
V  [jvm.dll+0x7285cd]
V  [jvm.dll+0x728c83]
V  [jvm.dll+0x243278]
V  [jvm.dll+0xbc53c]
V  [jvm.dll+0xbca3c]
V  [jvm.dll+0x353e7d]
V  [jvm.dll+0x19895c]
V  [jvm.dll+0x1fc2ee]
V  [jvm.dll+0x1fb3d4]
V  [jvm.dll+0x183d6c]
V  [jvm.dll+0x209a57]
V  [jvm.dll+0x2082a1]
V  [jvm.dll+0x6ef58f]
V  [jvm.dll+0x6e80b5]
V  [jvm.dll+0x5f1036]
C  [ucrtbase.dll+0x21bb2]
C  [KERNEL32.DLL+0x17034]
C  [ntdll.dll+0x52651]


---------------  P R O C E S S  ---------------

Threads class SMR info:
_java_thread_list=0x000002448a8bee60, length=79, elements={
0x00000244e8fcb000, 0x00000244ff2f9000, 0x00000244ff2fa800, 0x0000024484001800,
0x0000024484004000, 0x0000024484007000, 0x000002448400d800, 0x000002448400e800,
0x0000024484010000, 0x0000024484168000, 0x0000024486b08000, 0x0000024487065000,
0x0000024485ba3800, 0x00000244869aa800, 0x0000024485984000, 0x0000024485647000,
0x0000024485948000, 0x000002448682a000, 0x000002448639b800, 0x0000024486368000,
0x0000024486368800, 0x000002448636a800, 0x0000024486365800, 0x0000024486369800,
0x000002448636b000, 0x000002448636c000, 0x0000024486366800, 0x0000024486367000,
0x0000024486cf8000, 0x0000024486cf8800, 0x0000024486cf7000, 0x0000024486cfa800,
0x0000024486cf6800, 0x0000024486d02800, 0x0000024486d01800, 0x0000024486cfd000,
0x0000024486cfd800, 0x0000024486d03800, 0x0000024486d00000, 0x0000024486d01000,
0x0000024486d04000, 0x0000024486cfe800, 0x0000024486d05000, 0x0000024486cff800,
0x00000244844ee000, 0x00000244844f1800, 0x00000244844f0800, 0x00000244844ef000,
0x00000244844f3000, 0x00000244844ed800, 0x00000244844f2000, 0x00000244844f4000,
0x00000244844f4800, 0x00000244844f5800, 0x00000244844ef800, 0x00000244844fa800,
0x00000244844f9800, 0x00000244844fb000, 0x00000244844fc000, 0x00000244844f7000,
0x00000244844f6800, 0x00000244844f8000, 0x00000244844f8800, 0x0000024489ee3000,
0x0000024489ee7000, 0x0000024489ee3800, 0x0000024489ee4800, 0x0000024489ee5800,
0x0000024489ee8000, 0x0000024489ee6000, 0x0000024489ee2000, 0x0000024489eec800,
0x0000024489eeb000, 0x0000024489eed800, 0x0000024489eec000, 0x0000024489eea000,
0x0000024489ee8800, 0x0000024489eee800, 0x0000024489eef000
}

Java Threads: ( => current thread )
  0x00000244e8fcb000 JavaThread "main" [_thread_blocked, id=15236, stack(0x0000006005b00000,0x0000006005c00000)]
  0x00000244ff2f9000 JavaThread "Reference Handler" daemon [_thread_blocked, id=2788, stack(0x0000006006200000,0x0000006006300000)]
  0x00000244ff2fa800 JavaThread "Finalizer" daemon [_thread_blocked, id=15208, stack(0x0000006006300000,0x0000006006400000)]
  0x0000024484001800 JavaThread "Signal Dispatcher" daemon [_thread_blocked, id=14044, stack(0x0000006006400000,0x0000006006500000)]
  0x0000024484004000 JavaThread "Attach Listener" daemon [_thread_blocked, id=16644, stack(0x0000006006500000,0x0000006006600000)]
  0x0000024484007000 JavaThread "Service Thread" daemon [_thread_blocked, id=14288, stack(0x0000006006600000,0x0000006006700000)]
=>0x000002448400d800 JavaThread "C2 CompilerThread0" daemon [_thread_in_native, id=16924, stack(0x0000006006700000,0x0000006006800000)]
  0x000002448400e800 JavaThread "C1 CompilerThread0" daemon [_thread_blocked, id=8428, stack(0x0000006006800000,0x0000006006900000)]
  0x0000024484010000 JavaThread "Sweeper thread" daemon [_thread_blocked, id=16796, stack(0x0000006006900000,0x0000006006a00000)]
  0x0000024484168000 JavaThread "Common-Cleaner" daemon [_thread_blocked, id=13524, stack(0x0000006006a00000,0x0000006006b00000)]
  0x0000024486b08000 JavaThread "Daemon health stats" [_thread_blocked, id=14788, stack(0x0000006006e00000,0x0000006006f00000)]
  0x0000024487065000 JavaThread "Incoming local TCP Connector on port 53525" [_thread_in_native, id=9260, stack(0x0000006006c00000,0x0000006006d00000)]
  0x0000024485ba3800 JavaThread "Daemon periodic checks" [_thread_blocked, id=15472, stack(0x0000006006f00000,0x0000006007000000)]
  0x00000244869aa800 JavaThread "Daemon" [_thread_blocked, id=7332, stack(0x0000006007000000,0x0000006007100000)]
  0x0000024485984000 JavaThread "Handler for socket connection from /127.0.0.1:53525 to /127.0.0.1:53526" [_thread_in_native, id=9184, stack(0x0000006007100000,0x0000006007200000)]
  0x0000024485647000 JavaThread "Cancel handler" [_thread_blocked, id=8060, stack(0x0000006007200000,0x0000006007300000)]
  0x0000024485948000 JavaThread "Daemon worker" [_thread_in_Java, id=1664, stack(0x0000006007300000,0x0000006007400000)]
  0x000002448682a000 JavaThread "Asynchronous log dispatcher for DefaultDaemonConnection: socket connection from /127.0.0.1:53525 to /127.0.0.1:53526" [_thread_blocked, id=3400, stack(0x0000006007400000,0x0000006007500000)]
  0x000002448639b800 JavaThread "Stdin handler" [_thread_blocked, id=17248, stack(0x0000006007500000,0x0000006007600000)]
  0x0000024486368000 JavaThread "Daemon client event forwarder" [_thread_blocked, id=16460, stack(0x0000006007800000,0x0000006007900000)]
  0x0000024486368800 JavaThread "Cache worker for journal cache (C:\Users\ASUS\AndroidStudioProjects\Room-Chapter-6\caches\journal-1)" [_thread_blocked, id=7192, stack(0x0000006007900000,0x0000006007a00000)]
  0x000002448636a800 JavaThread "File lock request listener" [_thread_in_native, id=2216, stack(0x0000006007a00000,0x0000006007b00000)]
  0x0000024486365800 JavaThread "Cache worker for file hash cache (C:\Users\ASUS\AndroidStudioProjects\Room-Chapter-6\caches\7.2\fileHashes)" [_thread_blocked, id=14952, stack(0x0000006007b00000,0x0000006007c00000)]
  0x0000024486369800 JavaThread "Cache worker for file hash cache (C:\Users\ASUS\AndroidStudioProjects\fixphone\.gradle\7.2\fileHashes)" [_thread_blocked, id=15120, stack(0x0000006007c00000,0x0000006007d00000)]
  0x000002448636b000 JavaThread "File watcher server" daemon [_thread_in_native, id=7976, stack(0x0000006007d00000,0x0000006007e00000)]
  0x000002448636c000 JavaThread "File watcher consumer" daemon [_thread_blocked, id=10292, stack(0x0000006007e00000,0x0000006007f00000)]
  0x0000024486366800 JavaThread "Cache worker for checksums cache (C:\Users\ASUS\AndroidStudioProjects\fixphone\.gradle\checksums)" [_thread_blocked, id=3752, stack(0x0000006007f00000,0x0000006008000000)]
  0x0000024486367000 JavaThread "Cache worker for cache directory md-supplier (C:\Users\ASUS\AndroidStudioProjects\Room-Chapter-6\caches\7.2\md-supplier)" [_thread_blocked, id=11780, stack(0x0000006008000000,0x0000006008100000)]
  0x0000024486cf8000 JavaThread "Cache worker for cache directory md-rule (C:\Users\ASUS\AndroidStudioProjects\Room-Chapter-6\caches\7.2\md-rule)" [_thread_blocked, id=7884, stack(0x0000006008100000,0x0000006008200000)]
  0x0000024486cf8800 JavaThread "Cache worker for execution history cache (C:\Users\ASUS\AndroidStudioProjects\Room-Chapter-6\caches\7.2\executionHistory)" [_thread_blocked, id=3796, stack(0x0000006008200000,0x0000006008300000)]
  0x0000024486cf7000 JavaThread "jar transforms" [_thread_blocked, id=12656, stack(0x0000006008300000,0x0000006008400000)]
  0x0000024486cfa800 JavaThread "Cache worker for file content cache (C:\Users\ASUS\AndroidStudioProjects\Room-Chapter-6\caches\7.2\fileContent)" [_thread_blocked, id=8816, stack(0x0000006008400000,0x0000006008500000)]
  0x0000024486cf6800 JavaThread "jar transforms Thread 2" [_thread_blocked, id=15940, stack(0x0000006008500000,0x0000006008600000)]
  0x0000024486d02800 JavaThread "Cache worker for dependencies-accessors (C:\Users\ASUS\AndroidStudioProjects\fixphone\.gradle\7.2\dependencies-accessors)" [_thread_blocked, id=9876, stack(0x0000006008600000,0x0000006008700000)]
  0x0000024486d01800 JavaThread "jar transforms Thread 3" [_thread_blocked, id=9980, stack(0x0000006008700000,0x0000006008800000)]
  0x0000024486cfd000 JavaThread "Cache worker for Build Output Cleanup Cache (C:\Users\ASUS\AndroidStudioProjects\fixphone\.gradle\buildOutputCleanup)" [_thread_blocked, id=13168, stack(0x0000006008800000,0x0000006008900000)]
  0x0000024486cfd800 JavaThread "Unconstrained build operations" [_thread_blocked, id=9744, stack(0x0000006008900000,0x0000006008a00000)]
  0x0000024486d03800 JavaThread "Unconstrained build operations Thread 2" [_thread_blocked, id=11044, stack(0x0000006008a00000,0x0000006008b00000)]
  0x0000024486d00000 JavaThread "Unconstrained build operations Thread 3" [_thread_blocked, id=6992, stack(0x0000006008b00000,0x0000006008c00000)]
  0x0000024486d01000 JavaThread "Unconstrained build operations Thread 4" [_thread_blocked, id=6444, stack(0x0000006008c00000,0x0000006008d00000)]
  0x0000024486d04000 JavaThread "Unconstrained build operations Thread 5" [_thread_blocked, id=3756, stack(0x0000006008d00000,0x0000006008e00000)]
  0x0000024486cfe800 JavaThread "Unconstrained build operations Thread 6" [_thread_blocked, id=2444, stack(0x0000006008e00000,0x0000006008f00000)]
  0x0000024486d05000 JavaThread "Unconstrained build operations Thread 7" [_thread_blocked, id=3612, stack(0x0000006008f00000,0x0000006009000000)]
  0x0000024486cff800 JavaThread "Unconstrained build operations Thread 8" [_thread_blocked, id=2456, stack(0x0000006009000000,0x0000006009100000)]
  0x00000244844ee000 JavaThread "Unconstrained build operations Thread 9" [_thread_blocked, id=11068, stack(0x0000006009100000,0x0000006009200000)]
  0x00000244844f1800 JavaThread "Unconstrained build operations Thread 10" [_thread_blocked, id=14636, stack(0x0000006009200000,0x0000006009300000)]
  0x00000244844f0800 JavaThread "Unconstrained build operations Thread 11" [_thread_blocked, id=10204, stack(0x0000006009300000,0x0000006009400000)]
  0x00000244844ef000 JavaThread "Unconstrained build operations Thread 12" [_thread_blocked, id=2864, stack(0x0000006009400000,0x0000006009500000)]
  0x00000244844f3000 JavaThread "Unconstrained build operations Thread 13" [_thread_blocked, id=3512, stack(0x0000006009500000,0x0000006009600000)]
  0x00000244844ed800 JavaThread "Unconstrained build operations Thread 14" [_thread_blocked, id=5844, stack(0x0000006009600000,0x0000006009700000)]
  0x00000244844f2000 JavaThread "Unconstrained build operations Thread 15" [_thread_blocked, id=8988, stack(0x0000006009700000,0x0000006009800000)]
  0x00000244844f4000 JavaThread "Unconstrained build operations Thread 16" [_thread_blocked, id=13880, stack(0x0000006009800000,0x0000006009900000)]
  0x00000244844f4800 JavaThread "Unconstrained build operations Thread 17" [_thread_blocked, id=9728, stack(0x0000006009900000,0x0000006009a00000)]
  0x00000244844f5800 JavaThread "Unconstrained build operations Thread 18" [_thread_blocked, id=12956, stack(0x0000006009a00000,0x0000006009b00000)]
  0x00000244844ef800 JavaThread "Unconstrained build operations Thread 19" [_thread_blocked, id=12924, stack(0x0000006009b00000,0x0000006009c00000)]
  0x00000244844fa800 JavaThread "Unconstrained build operations Thread 20" [_thread_blocked, id=12828, stack(0x0000006009c00000,0x0000006009d00000)]
  0x00000244844f9800 JavaThread "Unconstrained build operations Thread 21" [_thread_blocked, id=2416, stack(0x0000006009d00000,0x0000006009e00000)]
  0x00000244844fb000 JavaThread "Unconstrained build operations Thread 22" [_thread_blocked, id=11304, stack(0x0000006009e00000,0x0000006009f00000)]
  0x00000244844fc000 JavaThread "Unconstrained build operations Thread 23" [_thread_blocked, id=9376, stack(0x0000006009f00000,0x000000600a000000)]
  0x00000244844f7000 JavaThread "Unconstrained build operations Thread 24" [_thread_blocked, id=16900, stack(0x000000600a000000,0x000000600a100000)]
  0x00000244844f6800 JavaThread "Unconstrained build operations Thread 25" [_thread_blocked, id=9872, stack(0x000000600a100000,0x000000600a200000)]
  0x00000244844f8000 JavaThread "Unconstrained build operations Thread 26" [_thread_blocked, id=8404, stack(0x000000600a200000,0x000000600a300000)]
  0x00000244844f8800 JavaThread "Unconstrained build operations Thread 27" [_thread_blocked, id=14524, stack(0x000000600a300000,0x000000600a400000)]
  0x0000024489ee3000 JavaThread "Unconstrained build operations Thread 28" [_thread_blocked, id=1668, stack(0x000000600a400000,0x000000600a500000)]
  0x0000024489ee7000 JavaThread "Unconstrained build operations Thread 29" [_thread_blocked, id=5104, stack(0x000000600a500000,0x000000600a600000)]
  0x0000024489ee3800 JavaThread "Unconstrained build operations Thread 30" [_thread_blocked, id=2500, stack(0x000000600a600000,0x000000600a700000)]
  0x0000024489ee4800 JavaThread "Unconstrained build operations Thread 31" [_thread_blocked, id=14960, stack(0x000000600a700000,0x000000600a800000)]
  0x0000024489ee5800 JavaThread "Unconstrained build operations Thread 32" [_thread_blocked, id=1868, stack(0x000000600a800000,0x000000600a900000)]
  0x0000024489ee8000 JavaThread "Unconstrained build operations Thread 33" [_thread_blocked, id=9780, stack(0x000000600a900000,0x000000600aa00000)]
  0x0000024489ee6000 JavaThread "Unconstrained build operations Thread 34" [_thread_blocked, id=4488, stack(0x000000600aa00000,0x000000600ab00000)]
  0x0000024489ee2000 JavaThread "Unconstrained build operations Thread 35" [_thread_blocked, id=10004, stack(0x000000600ab00000,0x000000600ac00000)]
  0x0000024489eec800 JavaThread "Unconstrained build operations Thread 36" [_thread_blocked, id=8508, stack(0x000000600ac00000,0x000000600ad00000)]
  0x0000024489eeb000 JavaThread "Unconstrained build operations Thread 37" [_thread_blocked, id=16972, stack(0x000000600ad00000,0x000000600ae00000)]
  0x0000024489eed800 JavaThread "Unconstrained build operations Thread 38" [_thread_blocked, id=12300, stack(0x000000600ae00000,0x000000600af00000)]
  0x0000024489eec000 JavaThread "Unconstrained build operations Thread 39" [_thread_blocked, id=12932, stack(0x000000600af00000,0x000000600b000000)]
  0x0000024489eea000 JavaThread "Unconstrained build operations Thread 40" [_thread_blocked, id=1644, stack(0x000000600b000000,0x000000600b100000)]
  0x0000024489ee8800 JavaThread "jar transforms Thread 4" [_thread_blocked, id=5404, stack(0x000000600b100000,0x000000600b200000)]
  0x0000024489eee800 JavaThread "Memory manager" [_thread_blocked, id=12176, stack(0x000000600b200000,0x000000600b300000)]
  0x0000024489eef000 JavaThread "build event listener" [_thread_blocked, id=7700, stack(0x000000600b300000,0x000000600b400000)]

Other Threads:
  0x00000244ff2f4800 VMThread "VM Thread" [stack: 0x0000006006100000,0x0000006006200000] [id=12228]
  0x000002448416d800 WatcherThread [stack: 0x0000006006b00000,0x0000006006c00000] [id=15376]
  0x00000244e8fe4000 GCTaskThread "GC Thread#0" [stack: 0x0000006005c00000,0x0000006005d00000] [id=15960]
  0x000002448492d000 GCTaskThread "GC Thread#1" [stack: 0x0000006006d00000,0x0000006006e00000] [id=16668]
  0x0000024485f41800 GCTaskThread "GC Thread#2" [stack: 0x0000006007600000,0x0000006007700000] [id=6800]
  0x000002448543f000 GCTaskThread "GC Thread#3" [stack: 0x0000006007700000,0x0000006007800000] [id=16968]
  0x00000244e9015800 ConcurrentGCThread "G1 Main Marker" [stack: 0x0000006005d00000,0x0000006005e00000] [id=15364]
  0x00000244e9017800 ConcurrentGCThread "G1 Conc#0" [stack: 0x0000006005e00000,0x0000006005f00000] [id=7304]
  0x00000244e9072000 ConcurrentGCThread "G1 Refine#0" [stack: 0x0000006005f00000,0x0000006006000000] [id=500]
  0x00000244e9073000 ConcurrentGCThread "G1 Young RemSet Sampling" [stack: 0x0000006006000000,0x0000006006100000] [id=17032]

Threads with active compile tasks:
C2 CompilerThread0  20634 7862 %     4       org.gradle.internal.instantiation.generator.AbstractClassGenerator::inspectType @ 77 (560 bytes)

VM state:not at safepoint (normal execution)

VM Mutex/Monitor currently owned by a thread: None

Heap address: 0x0000000080000000, size: 2048 MB, Compressed Oops mode: 32-bit
Narrow klass base: 0x0000000000000000, Narrow klass shift: 3
Compressed class space size: 1073741824 Address: 0x0000000100000000

Heap:
 garbage-first heap   total 140288K, used 83546K [0x0000000080000000, 0x0000000100000000)
  region size 1024K, 16 young (16384K), 5 survivors (5120K)
 Metaspace       used 82604K, capacity 84413K, committed 84556K, reserved 1122304K
  class space    used 10684K, capacity 11381K, committed 11392K, reserved 1048576K
Heap Regions: E=young(eden), S=young(survivor), O=old, HS=humongous(starts), HC=humongous(continues), CS=collection set, F=free, A=archive, TAMS=top-at-mark-start (previous, next)
|   0|0x0000000080000000, 0x0000000080100000, 0x0000000080100000|100%|HS|  |TAMS 0x0000000080100000, 0x0000000080000000| Complete 
|   1|0x0000000080100000, 0x0000000080200000, 0x0000000080200000|100%|HC|  |TAMS 0x0000000080200000, 0x0000000080100000| Complete 
|   2|0x0000000080200000, 0x0000000080300000, 0x0000000080300000|100%|HC|  |TAMS 0x0000000080300000, 0x0000000080200000| Complete 
|   3|0x0000000080300000, 0x0000000080400000, 0x0000000080400000|100%| O|  |TAMS 0x0000000080400000, 0x0000000080300000| Untracked 
|   4|0x0000000080400000, 0x0000000080500000, 0x0000000080500000|100%| O|  |TAMS 0x0000000080500000, 0x0000000080400000| Untracked 
|   5|0x0000000080500000, 0x0000000080600000, 0x0000000080600000|100%| O|  |TAMS 0x0000000080600000, 0x0000000080500000| Untracked 
|   6|0x0000000080600000, 0x0000000080700000, 0x0000000080700000|100%| O|  |TAMS 0x0000000080700000, 0x0000000080600000| Untracked 
|   7|0x0000000080700000, 0x0000000080800000, 0x0000000080800000|100%| O|  |TAMS 0x0000000080800000, 0x0000000080700000| Untracked 
|   8|0x0000000080800000, 0x0000000080900000, 0x0000000080900000|100%| O|  |TAMS 0x0000000080900000, 0x0000000080800000| Untracked 
|   9|0x0000000080900000, 0x0000000080a00000, 0x0000000080a00000|100%| O|  |TAMS 0x0000000080a00000, 0x0000000080900000| Untracked 
|  10|0x0000000080a00000, 0x0000000080b00000, 0x0000000080b00000|100%| O|  |TAMS 0x0000000080b00000, 0x0000000080a00000| Untracked 
|  11|0x0000000080b00000, 0x0000000080c00000, 0x0000000080c00000|100%| O|  |TAMS 0x0000000080c00000, 0x0000000080b00000| Untracked 
|  12|0x0000000080c00000, 0x0000000080d00000, 0x0000000080d00000|100%| O|  |TAMS 0x0000000080d00000, 0x0000000080c00000| Untracked 
|  13|0x0000000080d00000, 0x0000000080e00000, 0x0000000080e00000|100%| O|  |TAMS 0x0000000080e00000, 0x0000000080d00000| Untracked 
|  14|0x0000000080e00000, 0x0000000080f00000, 0x0000000080f00000|100%| O|  |TAMS 0x0000000080f00000, 0x0000000080e00000| Untracked 
|  15|0x0000000080f00000, 0x0000000081000000, 0x0000000081000000|100%| O|  |TAMS 0x0000000081000000, 0x0000000080f00000| Untracked 
|  16|0x0000000081000000, 0x0000000081100000, 0x0000000081100000|100%| O|  |TAMS 0x0000000081100000, 0x0000000081000000| Untracked 
|  17|0x0000000081100000, 0x0000000081200000, 0x0000000081200000|100%| O|  |TAMS 0x0000000081200000, 0x0000000081100000| Untracked 
|  18|0x0000000081200000, 0x0000000081300000, 0x0000000081300000|100%| O|  |TAMS 0x0000000081300000, 0x0000000081200000| Untracked 
|  19|0x0000000081300000, 0x0000000081400000, 0x0000000081400000|100%| O|  |TAMS 0x0000000081400000, 0x0000000081300000| Untracked 
|  20|0x0000000081400000, 0x0000000081500000, 0x0000000081500000|100%| O|  |TAMS 0x0000000081500000, 0x0000000081400000| Untracked 
|  21|0x0000000081500000, 0x0000000081600000, 0x0000000081600000|100%| O|  |TAMS 0x0000000081600000, 0x0000000081500000| Untracked 
|  22|0x0000000081600000, 0x0000000081700000, 0x0000000081700000|100%| O|  |TAMS 0x0000000081700000, 0x0000000081600000| Untracked 
|  23|0x0000000081700000, 0x0000000081800000, 0x0000000081800000|100%| O|  |TAMS 0x0000000081800000, 0x0000000081700000| Untracked 
|  24|0x0000000081800000, 0x0000000081900000, 0x0000000081900000|100%|HS|  |TAMS 0x0000000081900000, 0x0000000081800000| Complete 
|  25|0x0000000081900000, 0x0000000081a00000, 0x0000000081a00000|100%| O|  |TAMS 0x0000000081a00000, 0x0000000081900000| Untracked 
|  26|0x0000000081a00000, 0x0000000081b00000, 0x0000000081b00000|100%| O|  |TAMS 0x0000000081b00000, 0x0000000081a00000| Untracked 
|  27|0x0000000081b00000, 0x0000000081c00000, 0x0000000081c00000|100%| O|  |TAMS 0x0000000081c00000, 0x0000000081b00000| Untracked 
|  28|0x0000000081c00000, 0x0000000081d00000, 0x0000000081d00000|100%| O|  |TAMS 0x0000000081d00000, 0x0000000081c00000| Untracked 
|  29|0x0000000081d00000, 0x0000000081e00000, 0x0000000081e00000|100%|HS|  |TAMS 0x0000000081e00000, 0x0000000081d00000| Complete 
|  30|0x0000000081e00000, 0x0000000081f00000, 0x0000000081f00000|100%|HS|  |TAMS 0x0000000081f00000, 0x0000000081e00000| Complete 
|  31|0x0000000081f00000, 0x0000000082000000, 0x0000000082000000|100%|HS|  |TAMS 0x0000000082000000, 0x0000000081f00000| Complete 
|  32|0x0000000082000000, 0x0000000082100000, 0x0000000082100000|100%|HS|  |TAMS 0x0000000082100000, 0x0000000082000000| Complete 
|  33|0x0000000082100000, 0x0000000082200000, 0x0000000082200000|100%|HC|  |TAMS 0x0000000082200000, 0x0000000082100000| Complete 
|  34|0x0000000082200000, 0x0000000082300000, 0x0000000082300000|100%|HC|  |TAMS 0x0000000082300000, 0x0000000082200000| Complete 
|  35|0x0000000082300000, 0x0000000082400000, 0x0000000082400000|100%|HS|  |TAMS 0x0000000082400000, 0x0000000082300000| Complete 
|  36|0x0000000082400000, 0x0000000082500000, 0x0000000082500000|100%|HC|  |TAMS 0x0000000082500000, 0x0000000082400000| Complete 
|  37|0x0000000082500000, 0x0000000082600000, 0x0000000082600000|100%| O|  |TAMS 0x0000000082600000, 0x0000000082500000| Untracked 
|  38|0x0000000082600000, 0x0000000082700000, 0x0000000082700000|100%| O|  |TAMS 0x0000000082700000, 0x0000000082600000| Untracked 
|  39|0x0000000082700000, 0x0000000082800000, 0x0000000082800000|100%| O|  |TAMS 0x0000000082800000, 0x0000000082700000| Untracked 
|  40|0x0000000082800000, 0x0000000082900000, 0x0000000082900000|100%| O|  |TAMS 0x0000000082900000, 0x0000000082800000| Untracked 
|  41|0x0000000082900000, 0x0000000082a00000, 0x0000000082a00000|100%| O|  |TAMS 0x0000000082a00000, 0x0000000082900000| Untracked 
|  42|0x0000000082a00000, 0x0000000082b00000, 0x0000000082b00000|100%| O|  |TAMS 0x0000000082b00000, 0x0000000082a00000| Untracked 
|  43|0x0000000082b00000, 0x0000000082c00000, 0x0000000082c00000|100%| O|  |TAMS 0x0000000082c00000, 0x0000000082b00000| Untracked 
|  44|0x0000000082c00000, 0x0000000082d00000, 0x0000000082d00000|100%| O|  |TAMS 0x0000000082d00000, 0x0000000082c00000| Untracked 
|  45|0x0000000082d00000, 0x0000000082e00000, 0x0000000082e00000|100%| O|  |TAMS 0x0000000082e00000, 0x0000000082d00000| Untracked 
|  46|0x0000000082e00000, 0x0000000082f00000, 0x0000000082f00000|100%| O|  |TAMS 0x0000000082f00000, 0x0000000082e00000| Untracked 
|  47|0x0000000082f00000, 0x0000000083000000, 0x0000000083000000|100%| O|  |TAMS 0x0000000083000000, 0x0000000082f00000| Untracked 
|  48|0x0000000083000000, 0x0000000083100000, 0x0000000083100000|100%| O|  |TAMS 0x0000000083100000, 0x0000000083000000| Untracked 
|  49|0x0000000083100000, 0x0000000083200000, 0x0000000083200000|100%| O|  |TAMS 0x0000000083200000, 0x0000000083100000| Untracked 
|  50|0x0000000083200000, 0x0000000083300000, 0x0000000083300000|100%| O|  |TAMS 0x0000000083300000, 0x0000000083200000| Untracked 
|  51|0x0000000083300000, 0x0000000083400000, 0x0000000083400000|100%| O|  |TAMS 0x0000000083400000, 0x0000000083300000| Untracked 
|  52|0x0000000083400000, 0x0000000083500000, 0x0000000083500000|100%| O|  |TAMS 0x0000000083500000, 0x0000000083400000| Untracked 
|  53|0x0000000083500000, 0x0000000083600000, 0x0000000083600000|100%| O|  |TAMS 0x0000000083600000, 0x0000000083500000| Untracked 
|  54|0x0000000083600000, 0x0000000083700000, 0x0000000083700000|100%| O|  |TAMS 0x0000000083700000, 0x0000000083600000| Untracked 
|  55|0x0000000083700000, 0x0000000083800000, 0x0000000083800000|100%| O|  |TAMS 0x0000000083800000, 0x0000000083700000| Untracked 
|  56|0x0000000083800000, 0x0000000083900000, 0x0000000083900000|100%| O|  |TAMS 0x0000000083900000, 0x0000000083800000| Untracked 
|  57|0x0000000083900000, 0x0000000083a00000, 0x0000000083a00000|100%| O|  |TAMS 0x0000000083a00000, 0x0000000083900000| Untracked 
|  58|0x0000000083a00000, 0x0000000083b00000, 0x0000000083b00000|100%| O|  |TAMS 0x0000000083b00000, 0x0000000083a00000| Untracked 
|  59|0x0000000083b00000, 0x0000000083c00000, 0x0000000083c00000|100%| O|  |TAMS 0x0000000083c00000, 0x0000000083b00000| Untracked 
|  60|0x0000000083c00000, 0x0000000083d00000, 0x0000000083d00000|100%| O|  |TAMS 0x0000000083d00000, 0x0000000083c00000| Untracked 
|  61|0x0000000083d00000, 0x0000000083e00000, 0x0000000083e00000|100%| O|  |TAMS 0x0000000083e00000, 0x0000000083d00000| Untracked 
|  62|0x0000000083e00000, 0x0000000083f00000, 0x0000000083f00000|100%| O|  |TAMS 0x0000000083e38600, 0x0000000083e00000| Untracked 
|  63|0x0000000083f00000, 0x0000000084000000, 0x0000000084000000|100%| O|  |TAMS 0x0000000083f00000, 0x0000000083f00000| Untracked 
|  64|0x0000000084000000, 0x00000000840ac000, 0x0000000084100000| 67%| O|  |TAMS 0x0000000084000000, 0x0000000084000000| Untracked 
|  65|0x0000000084100000, 0x0000000084100000, 0x0000000084200000|  0%| F|  |TAMS 0x0000000084100000, 0x0000000084100000| Untracked 
|  66|0x0000000084200000, 0x0000000084200000, 0x0000000084300000|  0%| F|  |TAMS 0x0000000084200000, 0x0000000084200000| Untracked 
|  67|0x0000000084300000, 0x0000000084300000, 0x0000000084400000|  0%| F|  |TAMS 0x0000000084300000, 0x0000000084300000| Untracked 
|  68|0x0000000084400000, 0x0000000084400000, 0x0000000084500000|  0%| F|  |TAMS 0x0000000084400000, 0x0000000084400000| Untracked 
|  69|0x0000000084500000, 0x0000000084500000, 0x0000000084600000|  0%| F|  |TAMS 0x0000000084500000, 0x0000000084500000| Untracked 
|  70|0x0000000084600000, 0x0000000084600000, 0x0000000084700000|  0%| F|  |TAMS 0x0000000084600000, 0x0000000084600000| Untracked 
|  71|0x0000000084700000, 0x0000000084700000, 0x0000000084800000|  0%| F|  |TAMS 0x0000000084700000, 0x0000000084700000| Untracked 
|  72|0x0000000084800000, 0x0000000084800000, 0x0000000084900000|  0%| F|  |TAMS 0x0000000084800000, 0x0000000084800000| Untracked 
|  73|0x0000000084900000, 0x0000000084900000, 0x0000000084a00000|  0%| F|  |TAMS 0x0000000084900000, 0x0000000084900000| Untracked 
|  74|0x0000000084a00000, 0x0000000084a00000, 0x0000000084b00000|  0%| F|  |TAMS 0x0000000084a00000, 0x0000000084a00000| Untracked 
|  75|0x0000000084b00000, 0x0000000084b00000, 0x0000000084c00000|  0%| F|  |TAMS 0x0000000084b00000, 0x0000000084b00000| Untracked 
|  76|0x0000000084c00000, 0x0000000084c00000, 0x0000000084d00000|  0%| F|  |TAMS 0x0000000084c00000, 0x0000000084c00000| Untracked 
|  77|0x0000000084d00000, 0x0000000084d00000, 0x0000000084e00000|  0%| F|  |TAMS 0x0000000084d00000, 0x0000000084d00000| Untracked 
|  78|0x0000000084e00000, 0x0000000084e00000, 0x0000000084f00000|  0%| F|  |TAMS 0x0000000084e00000, 0x0000000084e00000| Untracked 
|  79|0x0000000084f00000, 0x0000000084f00000, 0x0000000085000000|  0%| F|  |TAMS 0x0000000084f00000, 0x0000000084f00000| Untracked 
|  80|0x0000000085000000, 0x0000000085000000, 0x0000000085100000|  0%| F|  |TAMS 0x0000000085000000, 0x0000000085000000| Untracked 
|  81|0x0000000085100000, 0x0000000085100000, 0x0000000085200000|  0%| F|  |TAMS 0x0000000085100000, 0x0000000085100000| Untracked 
|  82|0x0000000085200000, 0x0000000085200000, 0x0000000085300000|  0%| F|  |TAMS 0x0000000085200000, 0x0000000085200000| Untracked 
|  83|0x0000000085300000, 0x0000000085300000, 0x0000000085400000|  0%| F|  |TAMS 0x0000000085300000, 0x0000000085300000| Untracked 
|  84|0x0000000085400000, 0x0000000085400000, 0x0000000085500000|  0%| F|  |TAMS 0x0000000085400000, 0x0000000085400000| Untracked 
|  85|0x0000000085500000, 0x0000000085500000, 0x0000000085600000|  0%| F|  |TAMS 0x0000000085500000, 0x0000000085500000| Untracked 
|  86|0x0000000085600000, 0x0000000085600000, 0x0000000085700000|  0%| F|  |TAMS 0x0000000085600000, 0x0000000085600000| Untracked 
|  87|0x0000000085700000, 0x0000000085700000, 0x0000000085800000|  0%| F|  |TAMS 0x0000000085700000, 0x0000000085700000| Untracked 
|  88|0x0000000085800000, 0x0000000085800000, 0x0000000085900000|  0%| F|  |TAMS 0x0000000085800000, 0x0000000085800000| Untracked 
|  89|0x0000000085900000, 0x0000000085900000, 0x0000000085a00000|  0%| F|  |TAMS 0x0000000085900000, 0x0000000085900000| Untracked 
|  90|0x0000000085a00000, 0x0000000085a00000, 0x0000000085b00000|  0%| F|  |TAMS 0x0000000085a00000, 0x0000000085a00000| Untracked 
|  91|0x0000000085b00000, 0x0000000085beabe0, 0x0000000085c00000| 91%| S|CS|TAMS 0x0000000085b00000, 0x0000000085b00000| Complete 
|  92|0x0000000085c00000, 0x0000000085d00000, 0x0000000085d00000|100%| S|CS|TAMS 0x0000000085c00000, 0x0000000085c00000| Complete 
|  93|0x0000000085d00000, 0x0000000085e00000, 0x0000000085e00000|100%| O|  |TAMS 0x0000000085e00000, 0x0000000085d00000| Untracked 
|  94|0x0000000085e00000, 0x0000000085f00000, 0x0000000085f00000|100%| O|  |TAMS 0x0000000085f00000, 0x0000000085e00000| Untracked 
|  95|0x0000000085f00000, 0x0000000086000000, 0x0000000086000000|100%| S|CS|TAMS 0x0000000085f00000, 0x0000000085f00000| Complete 
|  96|0x0000000086000000, 0x0000000086100000, 0x0000000086100000|100%| S|CS|TAMS 0x0000000086000000, 0x0000000086000000| Complete 
|  97|0x0000000086100000, 0x0000000086200000, 0x0000000086200000|100%| S|CS|TAMS 0x0000000086100000, 0x0000000086100000| Complete 
|  98|0x0000000086200000, 0x0000000086200000, 0x0000000086300000|  0%| F|  |TAMS 0x0000000086200000, 0x0000000086200000| Untracked 
|  99|0x0000000086300000, 0x0000000086300000, 0x0000000086400000|  0%| F|  |TAMS 0x0000000086300000, 0x0000000086300000| Untracked 
| 100|0x0000000086400000, 0x0000000086400000, 0x0000000086500000|  0%| F|  |TAMS 0x0000000086400000, 0x0000000086400000| Untracked 
| 101|0x0000000086500000, 0x0000000086500000, 0x0000000086600000|  0%| F|  |TAMS 0x0000000086500000, 0x0000000086500000| Untracked 
| 102|0x0000000086600000, 0x0000000086600000, 0x0000000086700000|  0%| F|  |TAMS 0x0000000086600000, 0x0000000086600000| Untracked 
| 103|0x0000000086700000, 0x0000000086700000, 0x0000000086800000|  0%| F|  |TAMS 0x0000000086700000, 0x0000000086700000| Untracked 
| 104|0x0000000086800000, 0x0000000086800000, 0x0000000086900000|  0%| F|  |TAMS 0x0000000086800000, 0x0000000086800000| Untracked 
| 105|0x0000000086900000, 0x0000000086900000, 0x0000000086a00000|  0%| F|  |TAMS 0x0000000086900000, 0x0000000086900000| Untracked 
| 106|0x0000000086a00000, 0x0000000086a00000, 0x0000000086b00000|  0%| F|  |TAMS 0x0000000086a00000, 0x0000000086a00000| Untracked 
| 107|0x0000000086b00000, 0x0000000086b00000, 0x0000000086c00000|  0%| F|  |TAMS 0x0000000086b00000, 0x0000000086b00000| Untracked 
| 108|0x0000000086c00000, 0x0000000086c00000, 0x0000000086d00000|  0%| F|  |TAMS 0x0000000086c00000, 0x0000000086c00000| Untracked 
| 109|0x0000000086d00000, 0x0000000086d00000, 0x0000000086e00000|  0%| F|  |TAMS 0x0000000086d00000, 0x0000000086d00000| Untracked 
| 110|0x0000000086e00000, 0x0000000086e00000, 0x0000000086f00000|  0%| F|  |TAMS 0x0000000086e00000, 0x0000000086e00000| Untracked 
| 111|0x0000000086f00000, 0x0000000086f00000, 0x0000000087000000|  0%| F|  |TAMS 0x0000000086f00000, 0x0000000086f00000| Untracked 
| 112|0x0000000087000000, 0x0000000087000000, 0x0000000087100000|  0%| F|  |TAMS 0x0000000087000000, 0x0000000087000000| Untracked 
| 113|0x0000000087100000, 0x0000000087100000, 0x0000000087200000|  0%| F|  |TAMS 0x0000000087100000, 0x0000000087100000| Untracked 
| 114|0x0000000087200000, 0x0000000087200000, 0x0000000087300000|  0%| F|  |TAMS 0x0000000087200000, 0x0000000087200000| Untracked 
| 115|0x0000000087300000, 0x0000000087300000, 0x0000000087400000|  0%| F|  |TAMS 0x0000000087300000, 0x0000000087300000| Untracked 
| 116|0x0000000087400000, 0x0000000087400000, 0x0000000087500000|  0%| F|  |TAMS 0x0000000087400000, 0x0000000087400000| Untracked 
| 117|0x0000000087500000, 0x0000000087500000, 0x0000000087600000|  0%| F|  |TAMS 0x0000000087500000, 0x0000000087500000| Untracked 
| 118|0x0000000087600000, 0x0000000087600000, 0x0000000087700000|  0%| F|  |TAMS 0x0000000087600000, 0x0000000087600000| Untracked 
| 119|0x0000000087700000, 0x0000000087700000, 0x0000000087800000|  0%| F|  |TAMS 0x0000000087700000, 0x0000000087700000| Untracked 
| 120|0x0000000087800000, 0x0000000087800000, 0x0000000087900000|  0%| F|  |TAMS 0x0000000087800000, 0x0000000087800000| Untracked 
| 121|0x0000000087900000, 0x0000000087900000, 0x0000000087a00000|  0%| F|  |TAMS 0x0000000087900000, 0x0000000087900000| Untracked 
| 122|0x0000000087a00000, 0x0000000087a00000, 0x0000000087b00000|  0%| F|  |TAMS 0x0000000087a00000, 0x0000000087a00000| Untracked 
| 123|0x0000000087b00000, 0x0000000087b00000, 0x0000000087c00000|  0%| F|  |TAMS 0x0000000087b00000, 0x0000000087b00000| Untracked 
| 124|0x0000000087c00000, 0x0000000087c00000, 0x0000000087d00000|  0%| F|  |TAMS 0x0000000087c00000, 0x0000000087c00000| Untracked 
| 125|0x0000000087d00000, 0x0000000087d00000, 0x0000000087e00000|  0%| F|  |TAMS 0x0000000087d00000, 0x0000000087d00000| Untracked 
| 126|0x0000000087e00000, 0x0000000087f00000, 0x0000000087f00000|100%| E|  |TAMS 0x0000000087e00000, 0x0000000087e00000| Complete 
| 127|0x0000000087f00000, 0x0000000088000000, 0x0000000088000000|100%| E|CS|TAMS 0x0000000087f00000, 0x0000000087f00000| Complete 
| 128|0x0000000088000000, 0x0000000088100000, 0x0000000088100000|100%| E|CS|TAMS 0x0000000088000000, 0x0000000088000000| Complete 
| 129|0x0000000088100000, 0x0000000088200000, 0x0000000088200000|100%| E|CS|TAMS 0x0000000088100000, 0x0000000088100000| Complete 
| 130|0x0000000088200000, 0x0000000088300000, 0x0000000088300000|100%| E|CS|TAMS 0x0000000088200000, 0x0000000088200000| Complete 
| 131|0x0000000088300000, 0x0000000088400000, 0x0000000088400000|100%| E|CS|TAMS 0x0000000088300000, 0x0000000088300000| Complete 
| 132|0x0000000088400000, 0x0000000088500000, 0x0000000088500000|100%| E|CS|TAMS 0x0000000088400000, 0x0000000088400000| Complete 
| 133|0x0000000088500000, 0x0000000088600000, 0x0000000088600000|100%| E|CS|TAMS 0x0000000088500000, 0x0000000088500000| Complete 
| 134|0x0000000088600000, 0x0000000088700000, 0x0000000088700000|100%| E|CS|TAMS 0x0000000088600000, 0x0000000088600000| Complete 
| 135|0x0000000088700000, 0x0000000088800000, 0x0000000088800000|100%| E|CS|TAMS 0x0000000088700000, 0x0000000088700000| Complete 
| 136|0x0000000088800000, 0x0000000088900000, 0x0000000088900000|100%| E|CS|TAMS 0x0000000088800000, 0x0000000088800000| Complete 

Card table byte_map: [0x00000244fc4f0000,0x00000244fc8f0000] _byte_map_base: 0x00000244fc0f0000

Marking Bits (Prev, Next): (CMBitMap*) 0x00000244e900c9c0, (CMBitMap*) 0x00000244e900c988
 Prev Bits: [0x0000024480000000, 0x0000024482000000)
 Next Bits: [0x00000244fccf0000, 0x00000244fecf0000)

Polling page: 0x00000244e77d0000

Metaspace:

Usage:
  Non-class:     71.32 MB capacity,    70.25 MB ( 98%) used,   896.66 KB (  1%) free+waste,   203.25 KB ( <1%) overhead. 
      Class:     11.11 MB capacity,    10.44 MB ( 94%) used,   601.62 KB (  5%) free+waste,    93.38 KB ( <1%) overhead. 
       Both:     82.43 MB capacity,    80.68 MB ( 98%) used,     1.46 MB (  2%) free+waste,   296.63 KB ( <1%) overhead. 

Virtual space:
  Non-class space:       72.00 MB reserved,      71.45 MB (>99%) committed 
      Class space:        1.00 GB reserved,      11.13 MB (  1%) committed 
             Both:        1.07 GB reserved,      82.57 MB (  8%) committed 

Chunk freelists:
   Non-Class:  4.00 KB
       Class:  11.00 KB
        Both:  15.00 KB

MaxMetaspaceSize: 17179869184.00 GB
CompressedClassSpaceSize: 1.00 GB

CodeHeap 'non-profiled nmethods': size=120064Kb used=3484Kb max_used=3484Kb free=116579Kb
 bounds [0x00000244f4590000, 0x00000244f4900000, 0x00000244fbad0000]
CodeHeap 'profiled nmethods': size=120000Kb used=16052Kb max_used=16052Kb free=103947Kb
 bounds [0x00000244ed060000, 0x00000244ee010000, 0x00000244f4590000]
CodeHeap 'non-nmethods': size=5696Kb used=2275Kb max_used=2308Kb free=3420Kb
 bounds [0x00000244ecad0000, 0x00000244ecd40000, 0x00000244ed060000]
 total_blobs=8931 nmethods=8057 adapters=785
 compilation: enabled
              stopped_count=0, restarted_count=0
 full_count=0

Compilation events (20 events):
Event: 20.548 Thread 0x000002448400e800 8202       2       org.gradle.internal.Describables::of (11 bytes)
Event: 20.549 Thread 0x000002448400e800 nmethod 8202 0x00000244ee008590 code [0x00000244ee008740, 0x00000244ee008998]
Event: 20.549 Thread 0x000002448400e800 8203       2       org.gradle.internal.Describables$ThreePartDescribable::<init> (21 bytes)
Event: 20.549 Thread 0x000002448400e800 nmethod 8203 0x00000244ee008a90 code [0x00000244ee008c40, 0x00000244ee008e58]
Event: 20.549 Thread 0x000002448400e800 8204       2       org.gradle.api.internal.artifacts.configurations.DefaultConfiguration::getResolutionStrategy (43 bytes)
Event: 20.549 Thread 0x000002448400e800 nmethod 8204 0x00000244ee008f10 code [0x00000244ee0090e0, 0x00000244ee009338]
Event: 20.550 Thread 0x000002448400e800 8205       2       org.gradle.api.internal.artifacts.configurations.DefaultConfiguration_Decorated::getDescription (40 bytes)
Event: 20.550 Thread 0x000002448400e800 nmethod 8205 0x00000244ee009410 code [0x00000244ee0095e0, 0x00000244ee0097b8]
Event: 20.550 Thread 0x000002448400e800 8206       2       org.gradle.api.internal.artifacts.configurations.DefaultConfiguration_Decorated::isTransitive (46 bytes)
Event: 20.551 Thread 0x000002448400e800 nmethod 8206 0x00000244ee009910 code [0x00000244ee009ae0, 0x00000244ee009cf8]
Event: 20.551 Thread 0x000002448400e800 8207       2       org.gradle.internal.lazy.Lazy::locking (6 bytes)
Event: 20.551 Thread 0x000002448400e800 nmethod 8207 0x00000244ee009e90 code [0x00000244ee00a040, 0x00000244ee00a118]
Event: 20.551 Thread 0x000002448400e800 8208       2       org.gradle.internal.lazy.Lazy$$Lambda$195/0x00000001003d0040::of (12 bytes)
Event: 20.551 Thread 0x000002448400e800 nmethod 8208 0x00000244ee00a190 code [0x00000244ee00a360, 0x00000244ee00a678]
Event: 20.551 Thread 0x000002448400e800 8209       2       org.gradle.internal.lazy.LockingLazy::<init> (21 bytes)
Event: 20.551 Thread 0x000002448400e800 nmethod 8209 0x00000244ee00a790 code [0x00000244ee00a940, 0x00000244ee00ac18]
Event: 20.551 Thread 0x000002448400e800 8210       2       org.gradle.api.internal.artifacts.ivyservice.moduleconverter.DefaultRootComponentMetadataBuilder::addConfiguration (33 bytes)
Event: 20.552 Thread 0x000002448400e800 nmethod 8210 0x00000244ee00ad10 code [0x00000244ee00af00, 0x00000244ee00b0d8]
Event: 20.552 Thread 0x000002448400e800 8211       2       org.gradle.api.internal.artifacts.ivyservice.moduleconverter.DefaultLocalComponentMetadataBuilder$1::visitOwnVariant (40 bytes)
Event: 20.552 Thread 0x000002448400e800 nmethod 8211 0x00000244ee00b210 code [0x00000244ee00b400, 0x00000244ee00b638]

GC Heap History (20 events):
Event: 13.124 GC heap before
{Heap before GC invocations=19 (full 0):
 garbage-first heap   total 97280K, used 73961K [0x0000000080000000, 0x0000000100000000)
  region size 1024K, 29 young (29696K), 6 survivors (6144K)
 Metaspace       used 52282K, capacity 53595K, committed 53708K, reserved 1095680K
  class space    used 6640K, capacity 7138K, committed 7168K, reserved 1048576K
}
Event: 13.135 GC heap after
{Heap after GC invocations=20 (full 0):
 garbage-first heap   total 116736K, used 53248K [0x0000000080000000, 0x0000000100000000)
  region size 1024K, 1 young (1024K), 1 survivors (1024K)
 Metaspace       used 52282K, capacity 53595K, committed 53708K, reserved 1095680K
  class space    used 6640K, capacity 7138K, committed 7168K, reserved 1048576K
}
Event: 14.129 GC heap before
{Heap before GC invocations=21 (full 0):
 garbage-first heap   total 116736K, used 90112K [0x0000000080000000, 0x0000000100000000)
  region size 1024K, 37 young (37888K), 1 survivors (1024K)
 Metaspace       used 57664K, capacity 59045K, committed 59212K, reserved 1101824K
  class space    used 7251K, capacity 7757K, committed 7808K, reserved 1048576K
}
Event: 14.134 GC heap after
{Heap after GC invocations=22 (full 0):
 garbage-first heap   total 116736K, used 54272K [0x0000000080000000, 0x0000000100000000)
  region size 1024K, 2 young (2048K), 2 survivors (2048K)
 Metaspace       used 57664K, capacity 59045K, committed 59212K, reserved 1101824K
  class space    used 7251K, capacity 7757K, committed 7808K, reserved 1048576K
}
Event: 15.250 GC heap before
{Heap before GC invocations=22 (full 0):
 garbage-first heap   total 116736K, used 90112K [0x0000000080000000, 0x0000000100000000)
  region size 1024K, 38 young (38912K), 2 survivors (2048K)
 Metaspace       used 62173K, capacity 63665K, committed 63948K, reserved 1105920K
  class space    used 7830K, capacity 8401K, committed 8448K, reserved 1048576K
}
Event: 15.259 GC heap after
{Heap after GC invocations=23 (full 0):
 garbage-first heap   total 116736K, used 57459K [0x0000000080000000, 0x0000000100000000)
  region size 1024K, 5 young (5120K), 5 survivors (5120K)
 Metaspace       used 62173K, capacity 63665K, committed 63948K, reserved 1105920K
  class space    used 7830K, capacity 8401K, committed 8448K, reserved 1048576K
}
Event: 15.901 GC heap before
{Heap before GC invocations=23 (full 0):
 garbage-first heap   total 116736K, used 88179K [0x0000000080000000, 0x0000000100000000)
  region size 1024K, 36 young (36864K), 5 survivors (5120K)
 Metaspace       used 64937K, capacity 66431K, committed 66636K, reserved 1107968K
  class space    used 8179K, capacity 8740K, committed 8832K, reserved 1048576K
}
Event: 15.914 GC heap after
{Heap after GC invocations=24 (full 0):
 garbage-first heap   total 116736K, used 59881K [0x0000000080000000, 0x0000000100000000)
  region size 1024K, 3 young (3072K), 3 survivors (3072K)
 Metaspace       used 64937K, capacity 66431K, committed 66636K, reserved 1107968K
  class space    used 8179K, capacity 8740K, committed 8832K, reserved 1048576K
}
Event: 16.636 GC heap before
{Heap before GC invocations=25 (full 0):
 garbage-first heap   total 116736K, used 92649K [0x0000000080000000, 0x0000000100000000)
  region size 1024K, 34 young (34816K), 3 survivors (3072K)
 Metaspace       used 67597K, capacity 69053K, committed 69324K, reserved 1110016K
  class space    used 8518K, capacity 9094K, committed 9216K, reserved 1048576K
}
Event: 16.643 GC heap after
{Heap after GC invocations=26 (full 0):
 garbage-first heap   total 116736K, used 60979K [0x0000000080000000, 0x0000000100000000)
  region size 1024K, 4 young (4096K), 4 survivors (4096K)
 Metaspace       used 67597K, capacity 69053K, committed 69324K, reserved 1110016K
  class space    used 8518K, capacity 9094K, committed 9216K, reserved 1048576K
}
Event: 17.049 GC heap before
{Heap before GC invocations=26 (full 0):
 garbage-first heap   total 116736K, used 92723K [0x0000000080000000, 0x0000000100000000)
  region size 1024K, 35 young (35840K), 4 survivors (4096K)
 Metaspace       used 68293K, capacity 69915K, committed 70220K, reserved 1110016K
  class space    used 8613K, capacity 9231K, committed 9344K, reserved 1048576K
}
Event: 17.066 GC heap after
{Heap after GC invocations=27 (full 0):
 garbage-first heap   total 116736K, used 63473K [0x0000000080000000, 0x0000000100000000)
  region size 1024K, 4 young (4096K), 4 survivors (4096K)
 Metaspace       used 68293K, capacity 69915K, committed 70220K, reserved 1110016K
  class space    used 8613K, capacity 9231K, committed 9344K, reserved 1048576K
}
Event: 17.468 GC heap before
{Heap before GC invocations=28 (full 0):
 garbage-first heap   total 116736K, used 95217K [0x0000000080000000, 0x0000000100000000)
  region size 1024K, 35 young (35840K), 4 survivors (4096K)
 Metaspace       used 69468K, capacity 71048K, committed 71244K, reserved 1112064K
  class space    used 8723K, capacity 9330K, committed 9344K, reserved 1048576K
}
Event: 17.481 GC heap after
{Heap after GC invocations=29 (full 0):
 garbage-first heap   total 140288K, used 65560K [0x0000000080000000, 0x0000000100000000)
  region size 1024K, 5 young (5120K), 5 survivors (5120K)
 Metaspace       used 69468K, capacity 71048K, committed 71244K, reserved 1112064K
  class space    used 8723K, capacity 9330K, committed 9344K, reserved 1048576K
}
Event: 18.547 GC heap before
{Heap before GC invocations=29 (full 0):
 garbage-first heap   total 140288K, used 105496K [0x0000000080000000, 0x0000000100000000)
  region size 1024K, 44 young (45056K), 5 survivors (5120K)
 Metaspace       used 74097K, capacity 75632K, committed 75980K, reserved 1116160K
  class space    used 9512K, capacity 10130K, committed 10240K, reserved 1048576K
}
Event: 18.559 GC heap after
{Heap after GC invocations=30 (full 0):
 garbage-first heap   total 140288K, used 68363K [0x0000000080000000, 0x0000000100000000)
  region size 1024K, 5 young (5120K), 5 survivors (5120K)
 Metaspace       used 74097K, capacity 75632K, committed 75980K, reserved 1116160K
  class space    used 9512K, capacity 10130K, committed 10240K, reserved 1048576K
}
Event: 19.415 GC heap before
{Heap before GC invocations=30 (full 0):
 garbage-first heap   total 140288K, used 107275K [0x0000000080000000, 0x0000000100000000)
  region size 1024K, 43 young (44032K), 5 survivors (5120K)
 Metaspace       used 77198K, capacity 78936K, committed 79180K, reserved 1118208K
  class space    used 9948K, capacity 10595K, committed 10624K, reserved 1048576K
}
Event: 19.441 GC heap after
{Heap after GC invocations=31 (full 0):
 garbage-first heap   total 140288K, used 71094K [0x0000000080000000, 0x0000000100000000)
  region size 1024K, 6 young (6144K), 6 survivors (6144K)
 Metaspace       used 77198K, capacity 78936K, committed 79180K, reserved 1118208K
  class space    used 9948K, capacity 10595K, committed 10624K, reserved 1048576K
}
Event: 20.308 GC heap before
{Heap before GC invocations=32 (full 0):
 garbage-first heap   total 140288K, used 110006K [0x0000000080000000, 0x0000000100000000)
  region size 1024K, 44 young (45056K), 6 survivors (6144K)
 Metaspace       used 80722K, capacity 82518K, committed 82636K, reserved 1120256K
  class space    used 10469K, capacity 11180K, committed 11264K, reserved 1048576K
}
Event: 20.323 GC heap after
{Heap after GC invocations=33 (full 0):
 garbage-first heap   total 140288K, used 73306K [0x0000000080000000, 0x0000000100000000)
  region size 1024K, 5 young (5120K), 5 survivors (5120K)
 Metaspace       used 80722K, capacity 82518K, committed 82636K, reserved 1120256K
  class space    used 10469K, capacity 11180K, committed 11264K, reserved 1048576K
}

Deoptimization events (20 events):
Event: 19.905 Thread 0x0000024485948000 Uncommon trap: trap_request=0xffffff4d fr.pc=0x00000244f46a9638 relative=0x0000000000000838
Event: 19.905 Thread 0x0000024485948000 Uncommon trap: reason=unstable_if action=reinterpret pc=0x00000244f46a9638 method=java.util.jar.JarFile.getVersionedEntry(Ljava/lang/String;Ljava/util/jar/JarEntry;)Ljava/util/jar/JarEntry; @ 67 c2
Event: 19.905 Thread 0x0000024485948000 DEOPT PACKING pc=0x00000244f46a9638 sp=0x00000060073f7840
Event: 19.905 Thread 0x0000024485948000 DEOPT UNPACKING pc=0x00000244ecaf662f sp=0x00000060073f7828 mode 2
Event: 19.914 Thread 0x0000024485948000 Uncommon trap: trap_request=0xffffff4d fr.pc=0x00000244f45f651c relative=0x000000000000121c
Event: 19.914 Thread 0x0000024485948000 Uncommon trap: reason=unstable_if action=reinterpret pc=0x00000244f45f651c method=java.util.jar.JarFile.checkForSpecialAttributes()V @ 53 c2
Event: 19.915 Thread 0x0000024485948000 DEOPT PACKING pc=0x00000244f45f651c sp=0x00000060073f9ba0
Event: 19.915 Thread 0x0000024485948000 DEOPT UNPACKING pc=0x00000244ecaf662f sp=0x00000060073f9af8 mode 2
Event: 20.150 Thread 0x0000024485948000 DEOPT PACKING pc=0x00000244ed9b6604 sp=0x00000060073f8bc0
Event: 20.150 Thread 0x0000024485948000 DEOPT UNPACKING pc=0x00000244ecaf6dde sp=0x00000060073f8098 mode 0
Event: 20.473 Thread 0x0000024485948000 Uncommon trap: trap_request=0xffffff4d fr.pc=0x00000244f48efeb0 relative=0x0000000000000610
Event: 20.473 Thread 0x0000024485948000 Uncommon trap: reason=unstable_if action=reinterpret pc=0x00000244f48efeb0 method=java.util.regex.Matcher.find()Z @ 10 c2
Event: 20.473 Thread 0x0000024485948000 DEOPT PACKING pc=0x00000244f48efeb0 sp=0x00000060073f9450
Event: 20.473 Thread 0x0000024485948000 DEOPT UNPACKING pc=0x00000244ecaf662f sp=0x00000060073f9420 mode 2
Event: 20.485 Thread 0x0000024485948000 Uncommon trap: trap_request=0xffffff4d fr.pc=0x00000244f487ec4c relative=0x000000000000026c
Event: 20.485 Thread 0x0000024485948000 Uncommon trap: reason=unstable_if action=reinterpret pc=0x00000244f487ec4c method=java.lang.CharacterDataLatin1.digit(II)I @ 12 c2
Event: 20.485 Thread 0x0000024485948000 DEOPT PACKING pc=0x00000244f487ec4c sp=0x00000060073f9870
Event: 20.485 Thread 0x0000024485948000 DEOPT UNPACKING pc=0x00000244ecaf662f sp=0x00000060073f9690 mode 2
Event: 20.513 Thread 0x0000024485948000 DEOPT PACKING pc=0x00000244edffba71 sp=0x00000060073f92c0
Event: 20.513 Thread 0x0000024485948000 DEOPT UNPACKING pc=0x00000244ecaf6dde sp=0x00000060073f8768 mode 0

Classes redefined (0 events):
No events

Internal exceptions (20 events):
Event: 17.285 Thread 0x0000024485948000 Exception <a 'java/lang/ClassNotFoundException'{0x00000000859c1fc8}: org/codehaus/groovy/runtime/GStringImplCustomizer> (0x00000000859c1fc8) thrown at [./src/hotspot/share/classfile/systemDictionary.cpp, line 231]
Event: 18.579 Thread 0x0000024485948000 Exception <a 'java/lang/ClassNotFoundException'{0x0000000088779528}: com/android/build/gradle/internal/api/ApkVariantOutputImpl_DecoratedBeanInfo> (0x0000000088779528) thrown at [./src/hotspot/share/classfile/systemDictionary.cpp, line 231]
Event: 18.580 Thread 0x0000024485948000 Exception <a 'java/lang/ClassNotFoundException'{0x00000000887954e8}: com/android/build/gradle/internal/api/ApkVariantOutputImplBeanInfo> (0x00000000887954e8) thrown at [./src/hotspot/share/classfile/systemDictionary.cpp, line 231]
Event: 18.581 Thread 0x0000024485948000 Exception <a 'java/lang/ClassNotFoundException'{0x00000000887b1b48}: com/android/build/gradle/internal/api/BaseVariantOutputImplBeanInfo> (0x00000000887b1b48) thrown at [./src/hotspot/share/classfile/systemDictionary.cpp, line 231]
Event: 18.582 Thread 0x0000024485948000 Exception <a 'java/lang/ClassNotFoundException'{0x00000000887ce210}: com/android/build/gradle/internal/api/BaseVariantOutputImplCustomizer> (0x00000000887ce210) thrown at [./src/hotspot/share/classfile/systemDictionary.cpp, line 231]
Event: 18.584 Thread 0x0000024485948000 Exception <a 'java/lang/ClassNotFoundException'{0x00000000887fcf90}: com/android/build/gradle/internal/api/ApkVariantOutputImplCustomizer> (0x00000000887fcf90) thrown at [./src/hotspot/share/classfile/systemDictionary.cpp, line 231]
Event: 18.585 Thread 0x0000024485948000 Exception <a 'java/lang/ClassNotFoundException'{0x0000000088628888}: com/android/build/gradle/internal/api/ApkVariantOutputImpl_DecoratedCustomizer> (0x0000000088628888) thrown at [./src/hotspot/share/classfile/systemDictionary.cpp, line 231]
Event: 18.633 Thread 0x0000024485948000 Exception <a 'java/lang/ClassNotFoundException'{0x0000000088429660}: com/android/build/gradle/internal/api/ReadOnlyBuildTypeBeanInfo> (0x0000000088429660) thrown at [./src/hotspot/share/classfile/systemDictionary.cpp, line 231]
Event: 18.634 Thread 0x0000024485948000 Exception <a 'java/lang/ClassNotFoundException'{0x0000000088445cb0}: com/android/build/gradle/internal/api/ReadOnlyBaseConfigBeanInfo> (0x0000000088445cb0) thrown at [./src/hotspot/share/classfile/systemDictionary.cpp, line 231]
Event: 18.635 Thread 0x0000024485948000 Exception <a 'java/lang/ClassNotFoundException'{0x0000000088462708}: com/android/build/gradle/internal/api/ReadOnlyBaseConfigCustomizer> (0x0000000088462708) thrown at [./src/hotspot/share/classfile/systemDictionary.cpp, line 231]
Event: 18.636 Thread 0x0000024485948000 Exception <a 'java/lang/ClassNotFoundException'{0x000000008848e480}: com/android/build/gradle/internal/api/ReadOnlyBuildTypeCustomizer> (0x000000008848e480) thrown at [./src/hotspot/share/classfile/systemDictionary.cpp, line 231]
Event: 19.497 Thread 0x0000024485948000 Exception <a 'java/lang/NoSuchMethodError'{0x000000008852cb58}: 'java.lang.Object java.lang.invoke.Invokers$Holder.linkToTargetMethod(java.lang.Object, int, java.lang.Object)'> (0x000000008852cb58) thrown at [./src/hotspot/share/interpreter/linkResolver.cpp, line 773]
Event: 19.789 Thread 0x0000024485948000 Exception <a 'sun/nio/fs/WindowsException'{0x0000000087a95668}> (0x0000000087a95668) thrown at [./src/hotspot/share/prims/jni.cpp, line 615]
Event: 19.789 Thread 0x0000024485948000 Exception <a 'sun/nio/fs/WindowsException'{0x0000000087a95a30}> (0x0000000087a95a30) thrown at [./src/hotspot/share/prims/jni.cpp, line 615]
Event: 19.987 Thread 0x0000024485948000 Exception <a 'java/lang/NullPointerException'{0x00000000870ea2d0}> (0x00000000870ea2d0) thrown at [./src/hotspot/share/interpreter/linkResolver.cpp, line 1440]
Event: 20.401 Thread 0x0000024485948000 Exception <a 'java/lang/NoSuchMethodError'{0x00000000885c2d40}: 'int java.lang.invoke.DirectMethodHandle$Holder.invokeStatic(java.lang.Object, java.lang.Object, int, java.lang.Object)'> (0x00000000885c2d40) thrown at [./src/hotspot/share/interpreter/linkResolver.cpp, line 773]
Event: 20.497 Thread 0x0000024485948000 Exception <a 'sun/nio/fs/WindowsException'{0x00000000884fe530}> (0x00000000884fe530) thrown at [./src/hotspot/share/prims/jni.cpp, line 615]
Event: 20.498 Thread 0x0000024485948000 Exception <a 'sun/nio/fs/WindowsException'{0x00000000884ff8c0}> (0x00000000884ff8c0) thrown at [./src/hotspot/share/prims/jni.cpp, line 615]
Event: 20.498 Thread 0x0000024485948000 Exception <a 'sun/nio/fs/WindowsException'{0x00000000883011d8}> (0x00000000883011d8) thrown at [./src/hotspot/share/prims/jni.cpp, line 615]
Event: 20.498 Thread 0x0000024485948000 Exception <a 'sun/nio/fs/WindowsException'{0x00000000883025a0}> (0x00000000883025a0) thrown at [./src/hotspot/share/prims/jni.cpp, line 615]

Events (20 events):
Event: 20.537 loading class com/android/build/gradle/internal/scope/BootClasspathBuilder$computeAdditionalAndRequestedOptionalLibraries$1
Event: 20.537 loading class com/android/build/gradle/internal/scope/BootClasspathBuilder$computeAdditionalAndRequestedOptionalLibraries$1 done
Event: 20.539 loading class com/android/build/gradle/internal/scope/BootClasspathBuilder$computeAdditionalAndRequestedOptionalLibraries$2
Event: 20.539 loading class com/android/build/gradle/internal/scope/BootClasspathBuilder$computeAdditionalAndRequestedOptionalLibraries$2 done
Event: 20.539 loading class com/android/build/gradle/internal/scope/BootClasspathBuilder$computeAdditionalAndRequestedOptionalLibraries$3
Event: 20.539 loading class com/android/build/gradle/internal/scope/BootClasspathBuilder$computeAdditionalAndRequestedOptionalLibraries$3 done
Event: 20.540 loading class com/android/build/gradle/internal/scope/BootClasspathBuilder$computeAdditionalAndRequestedOptionalLibraries$4
Event: 20.540 loading class com/android/build/gradle/internal/scope/BootClasspathBuilder$computeAdditionalAndRequestedOptionalLibraries$4 done
Event: 20.541 loading class com/android/build/gradle/internal/scope/BootClasspathBuilder$computeAdditionalAndRequestedOptionalLibraries$5
Event: 20.541 loading class com/android/build/gradle/internal/scope/BootClasspathBuilder$computeAdditionalAndRequestedOptionalLibraries$5 done
Event: 20.541 loading class com/android/build/gradle/internal/scope/BootClasspathBuilder$computeAdditionalAndRequestedOptionalLibraries$6
Event: 20.541 loading class com/android/build/gradle/internal/scope/BootClasspathBuilder$computeAdditionalAndRequestedOptionalLibraries$6 done
Event: 20.543 loading class com/android/build/gradle/internal/scope/BootClasspathBuilder$computeAdditionalAndRequestedOptionalLibraries$4$1
Event: 20.543 loading class com/android/build/gradle/internal/scope/BootClasspathBuilder$computeAdditionalAndRequestedOptionalLibraries$4$1 done
Event: 20.544 loading class org/gradle/api/internal/file/DefaultProjectLayout$1
Event: 20.544 loading class org/gradle/api/internal/file/DefaultProjectLayout$1 done
Event: 20.555 loading class org/gradle/workers/IsolationMode
Event: 20.555 loading class org/gradle/workers/IsolationMode done
Event: 20.555 loading class org/gradle/workers/IsolationMode
Event: 20.555 loading class org/gradle/workers/IsolationMode done


Dynamic libraries:
0x00007ff63e1f0000 - 0x00007ff63e1fa000 	C:\Program Files\Android\Android Studio1\jre\bin\java.exe
0x00007ff9d0050000 - 0x00007ff9d0245000 	C:\WINDOWS\SYSTEM32\ntdll.dll
0x00007ff9cec80000 - 0x00007ff9ced3e000 	C:\WINDOWS\System32\KERNEL32.DLL
0x00007ff9cdb90000 - 0x00007ff9cde58000 	C:\WINDOWS\System32\KERNELBASE.dll
0x00007ff9cd7c0000 - 0x00007ff9cd8c0000 	C:\WINDOWS\System32\ucrtbase.dll
0x00007ff9c72d0000 - 0x00007ff9c72e7000 	C:\Program Files\Android\Android Studio1\jre\bin\VCRUNTIME140.dll
0x00007ff9c7520000 - 0x00007ff9c7539000 	C:\Program Files\Android\Android Studio1\jre\bin\jli.dll
0x00007ff9ce340000 - 0x00007ff9ce4e0000 	C:\WINDOWS\System32\USER32.dll
0x00007ff9b9a80000 - 0x00007ff9b9d1a000 	C:\WINDOWS\WinSxS\amd64_microsoft.windows.common-controls_6595b64144ccf1df_6.0.19041.1110_none_60b5254171f9507e\COMCTL32.dll
0x00007ff9ce080000 - 0x00007ff9ce0a2000 	C:\WINDOWS\System32\win32u.dll
0x00007ff9cf000000 - 0x00007ff9cf09e000 	C:\WINDOWS\System32\msvcrt.dll
0x00007ff9ce4e0000 - 0x00007ff9ce50a000 	C:\WINDOWS\System32\GDI32.dll
0x00007ff9cde60000 - 0x00007ff9cdf6b000 	C:\WINDOWS\System32\gdi32full.dll
0x00007ff9cdf70000 - 0x00007ff9ce00d000 	C:\WINDOWS\System32\msvcp_win.dll
0x00007ff9ce0b0000 - 0x00007ff9ce0e0000 	C:\WINDOWS\System32\IMM32.DLL
0x00007ff9a89d0000 - 0x00007ff9a8a6d000 	C:\Program Files\Android\Android Studio1\jre\bin\msvcp140.dll
0x00007ff98e310000 - 0x00007ff98ede5000 	C:\Program Files\Android\Android Studio1\jre\bin\server\jvm.dll
0x00007ff9ce5e0000 - 0x00007ff9ce68e000 	C:\WINDOWS\System32\ADVAPI32.dll
0x00007ff9cfb00000 - 0x00007ff9cfb9c000 	C:\WINDOWS\System32\sechost.dll
0x00007ff9ce210000 - 0x00007ff9ce335000 	C:\WINDOWS\System32\RPCRT4.dll
0x00007ff9ce890000 - 0x00007ff9ce898000 	C:\WINDOWS\System32\PSAPI.DLL
0x00007ff9c8ef0000 - 0x00007ff9c8ef9000 	C:\WINDOWS\SYSTEM32\WSOCK32.dll
0x00007ff9c9270000 - 0x00007ff9c9297000 	C:\WINDOWS\SYSTEM32\WINMM.dll
0x00007ff9c6280000 - 0x00007ff9c628a000 	C:\WINDOWS\SYSTEM32\VERSION.dll
0x00007ff9ce690000 - 0x00007ff9ce6fb000 	C:\WINDOWS\System32\WS2_32.dll
0x00007ff9cc020000 - 0x00007ff9cc032000 	C:\WINDOWS\SYSTEM32\kernel.appcore.dll
0x00007ff9c7b70000 - 0x00007ff9c7b81000 	C:\Program Files\Android\Android Studio1\jre\bin\verify.dll
0x00007ff9cb590000 - 0x00007ff9cb774000 	C:\WINDOWS\SYSTEM32\DBGHELP.DLL
0x00007ff9adac0000 - 0x00007ff9adaec000 	C:\WINDOWS\SYSTEM32\dbgcore.DLL
0x00007ff9cda50000 - 0x00007ff9cdad2000 	C:\WINDOWS\System32\bcryptPrimitives.dll
0x00007ff9c75f0000 - 0x00007ff9c7619000 	C:\Program Files\Android\Android Studio1\jre\bin\java.dll
0x00007ff9c7b60000 - 0x00007ff9c7b6b000 	C:\Program Files\Android\Android Studio1\jre\bin\jimage.dll
0x00007ff9c75d0000 - 0x00007ff9c75e8000 	C:\Program Files\Android\Android Studio1\jre\bin\zip.dll
0x00007ff9cf200000 - 0x00007ff9cf944000 	C:\WINDOWS\System32\SHELL32.dll
0x00007ff9cb870000 - 0x00007ff9cc004000 	C:\WINDOWS\SYSTEM32\windows.storage.dll
0x00007ff9ce8a0000 - 0x00007ff9cebf4000 	C:\WINDOWS\System32\combase.dll
0x00007ff9cd1e0000 - 0x00007ff9cd20c000 	C:\WINDOWS\SYSTEM32\Wldp.dll
0x00007ff9ce700000 - 0x00007ff9ce7ad000 	C:\WINDOWS\System32\SHCORE.dll
0x00007ff9ce830000 - 0x00007ff9ce885000 	C:\WINDOWS\System32\shlwapi.dll
0x00007ff9cd6b0000 - 0x00007ff9cd6cf000 	C:\WINDOWS\SYSTEM32\profapi.dll
0x00007ff9c5870000 - 0x00007ff9c588a000 	C:\Program Files\Android\Android Studio1\jre\bin\net.dll
0x00007ff9bcd20000 - 0x00007ff9bce2a000 	C:\WINDOWS\SYSTEM32\WINHTTP.dll
0x00007ff9ccf40000 - 0x00007ff9ccfaa000 	C:\WINDOWS\system32\mswsock.dll
0x00007ff9c31e0000 - 0x00007ff9c31f4000 	C:\Program Files\Android\Android Studio1\jre\bin\nio.dll
0x00007ff9bcbd0000 - 0x00007ff9bcbf7000 	C:\Users\ASUS\AndroidStudioProjects\Room-Chapter-6\native\e1d6ef7f7dcc3fd88c89a11ec53ec762bb8ba0a96d01ffa2cd45eb1d1d8dd5c5\windows-amd64\native-platform.dll
0x00007ff998540000 - 0x00007ff998684000 	C:\Users\ASUS\AndroidStudioProjects\Room-Chapter-6\native\5664cfc778a61ccfe75a443a1ab52a65af34e5dc3c78e0209fed803814484fcb\windows-amd64\native-platform-file-events.dll
0x00007ff9c7470000 - 0x00007ff9c747a000 	C:\Program Files\Android\Android Studio1\jre\bin\management.dll
0x00007ff9c7210000 - 0x00007ff9c721d000 	C:\Program Files\Android\Android Studio1\jre\bin\management_ext.dll
0x00007ff9cd130000 - 0x00007ff9cd148000 	C:\WINDOWS\SYSTEM32\CRYPTSP.dll
0x00007ff9cc850000 - 0x00007ff9cc884000 	C:\WINDOWS\system32\rsaenh.dll
0x00007ff9cd8c0000 - 0x00007ff9cd8e7000 	C:\WINDOWS\System32\bcrypt.dll
0x00007ff9cd670000 - 0x00007ff9cd69e000 	C:\WINDOWS\SYSTEM32\USERENV.dll
0x00007ff9cd150000 - 0x00007ff9cd15c000 	C:\WINDOWS\SYSTEM32\CRYPTBASE.dll
0x00007ff9ccbe0000 - 0x00007ff9ccc1b000 	C:\WINDOWS\SYSTEM32\IPHLPAPI.DLL
0x00007ff9cf1f0000 - 0x00007ff9cf1f8000 	C:\WINDOWS\System32\NSI.dll
0x00007ff9c2880000 - 0x00007ff9c2897000 	C:\WINDOWS\SYSTEM32\dhcpcsvc6.DLL
0x00007ff9c3550000 - 0x00007ff9c356d000 	C:\WINDOWS\SYSTEM32\dhcpcsvc.DLL
0x00007ff9ccc20000 - 0x00007ff9ccceb000 	C:\WINDOWS\SYSTEM32\DNSAPI.dll

dbghelp: loaded successfully - version: 4.0.5 - missing functions: none
symbol engine: initialized successfully - sym options: 0x614 - pdb path: .;C:\Program Files\Android\Android Studio1\jre\bin;C:\WINDOWS\SYSTEM32;C:\WINDOWS\WinSxS\amd64_microsoft.windows.common-controls_6595b64144ccf1df_6.0.19041.1110_none_60b5254171f9507e;C:\Program Files\Android\Android Studio1\jre\bin\server;C:\Users\ASUS\AndroidStudioProjects\Room-Chapter-6\native\e1d6ef7f7dcc3fd88c89a11ec53ec762bb8ba0a96d01ffa2cd45eb1d1d8dd5c5\windows-amd64;C:\Users\ASUS\AndroidStudioProjects\Room-Chapter-6\native\5664cfc778a61ccfe75a443a1ab52a65af34e5dc3c78e0209fed803814484fcb\windows-amd64

VM Arguments:
jvm_args: --add-opens=java.base/java.util=ALL-UNNAMED --add-opens=java.base/java.lang=ALL-UNNAMED --add-opens=java.base/java.lang.invoke=ALL-UNNAMED --add-opens=java.base/java.util=ALL-UNNAMED --add-opens=java.prefs/java.util.prefs=ALL-UNNAMED --add-opens=java.prefs/java.util.prefs=ALL-UNNAMED --add-opens=java.base/java.nio.charset=ALL-UNNAMED --add-opens=java.base/java.net=ALL-UNNAMED --add-opens=java.base/java.util.concurrent.atomic=ALL-UNNAMED -Xmx2048m -Dfile.encoding=windows-1252 -Duser.country=ID -Duser.language=en -Duser.variant 
java_command: org.gradle.launcher.daemon.bootstrap.GradleDaemon 7.2
java_class_path (initial): C:\Users\ASUS\AndroidStudioProjects\Room-Chapter-6\wrapper\dists\gradle-7.2-bin\2dnblmf4td7x66yl1d74lt32g\gradle-7.2\lib\gradle-launcher-7.2.jar
Launcher Type: SUN_STANDARD

[Global flags]
     intx CICompilerCount                          = 3                                         {product} {ergonomic}
     uint ConcGCThreads                            = 1                                         {product} {ergonomic}
     uint G1ConcRefinementThreads                  = 4                                         {product} {ergonomic}
   size_t G1HeapRegionSize                         = 1048576                                   {product} {ergonomic}
    uintx GCDrainStackTargetSize                   = 64                                        {product} {ergonomic}
   size_t InitialHeapSize                          = 67108864                                  {product} {ergonomic}
   size_t MarkStackSize                            = 4194304                                   {product} {ergonomic}
   size_t MaxHeapSize                              = 2147483648                                {product} {command line}
   size_t MaxNewSize                               = 1287651328                                {product} {ergonomic}
   size_t MinHeapDeltaBytes                        = 1048576                                   {product} {ergonomic}
    uintx NonNMethodCodeHeapSize                   = 5830732                                {pd product} {ergonomic}
    uintx NonProfiledCodeHeapSize                  = 122913754                              {pd product} {ergonomic}
    uintx ProfiledCodeHeapSize                     = 122913754                              {pd product} {ergonomic}
    uintx ReservedCodeCacheSize                    = 251658240                              {pd product} {ergonomic}
     bool SegmentedCodeCache                       = true                                      {product} {ergonomic}
     bool UseCompressedClassPointers               = true                                 {lp64_product} {ergonomic}
     bool UseCompressedOops                        = true                                 {lp64_product} {ergonomic}
     bool UseG1GC                                  = true                                      {product} {ergonomic}
     bool UseLargePagesIndividualAllocation        = false                                  {pd product} {ergonomic}

Logging:
Log output configuration:
 #0: stdout all=warning uptime,level,tags
 #1: stderr all=off uptime,level,tags

Environment Variables:
JAVA_HOME=C:\Program Files\Eclipse Adoptium\jdk-17.0.2.8-hotspot\
PATH=C:\Program Files\Eclipse Adoptium\jdk-17.0.2.8-hotspot\bin;C:\Program Files (x86)\Common Files\Intel\Shared Files\cpp\bin\Intel64;C:\WINDOWS\system32;C:\WINDOWS;C:\WINDOWS\System32\Wbem;C:\WINDOWS\System32\WindowsPowerShell\v1.0\;C:\WINDOWS\System32\OpenSSH\;C:\Program Files (x86)\Windows Live\Shared;C:\Program Files\Git\cmd;C:\Program Files\Dart\dart-sdk\bin;C:\Android1\sdk\cmdline-tools\latest\bin;C:\Android1\flutter\bin;C:\Users\ASUS\AppData\Local\Microsoft\WindowsApps;C:\Program Files\JetBrains\IntelliJ IDEA Community Edition 2021.3.2\bin;;C:\android\flutter\bin;C:\android\cmdline-tools\tools\bin;C:\Users\ASUS\AppData\Local\Programs\Microsoft VS Code\bin
USERNAME=ASUS
OS=Windows_NT
PROCESSOR_IDENTIFIER=Intel64 Family 6 Model 142 Stepping 9, GenuineIntel



---------------  S Y S T E M  ---------------

OS: Windows 10 , 64 bit Build 19041 (10.0.19041.1645)
OS uptime: 30 days 0:49 hours

CPU:total 4 (initial active 4) (2 cores per cpu, 2 threads per core) family 6 model 142 stepping 9 microcode 0xb4, cmov, cx8, fxsr, mmx, sse, sse2, sse3, ssse3, sse4.1, sse4.2, popcnt, avx, avx2, aes, clmul, erms, 3dnowpref, lzcnt, ht, tsc, tscinvbit, bmi1, bmi2, adx, fma

Memory: 4k page, system-wide physical 3978M (352M free)
TotalPageFile size 16266M (AvailPageFile size 5M)
current process WorkingSet (physical memory assigned to process): 362M, peak: 363M
current process commit charge ("private bytes"): 390M, peak: 391M

vm_info: OpenJDK 64-Bit Server VM (11.0.11+9-b60-7590822) for windows-amd64 JRE (11.0.11+9-b60-7590822), built on Jul 29 2021 21:43:44 by "builder" with MS VC++ 14.0 (VS2015)

END.
