#
# There is insufficient memory for the Java Runtime Environment to continue.
# Native memory allocation (malloc) failed to allocate 515376 bytes for Chunk::new
# Possible reasons:
#   The system is out of physical RAM or swap space
#   The process is running with CompressedOops enabled, and the Java Heap may be blocking the growth of the native heap
# Possible solutions:
#   Reduce memory load on the system
#   Increase physical memory or swap space
#   Check if swap backing store is full
#   Decrease Java heap size (-Xmx/-Xms)
#   Decrease number of Java threads
#   Decrease Java thread stack sizes (-Xss)
#   Set larger code cache with -XX:ReservedCodeCacheSize=
#   JVM is running with Unscaled Compressed Oops mode in which the Java heap is
#     placed in the first 4GB address space. The Java Heap base address is the
#     maximum limit for the native heap growth. Please use -XX:HeapBaseMinAddress
#     to set the Java Heap base and to place the Java Heap above 4GB virtual address.
# This output file may be truncated or incomplete.
#
#  Out of Memory Error (./src/hotspot/share/memory/arena.cpp:197), pid=9460, tid=5844
#
# JRE version: OpenJDK Runtime Environment (11.0.11+9) (build 11.0.11+9-b60-7590822)
# Java VM: OpenJDK 64-Bit Server VM (11.0.11+9-b60-7590822, mixed mode, tiered, compressed oops, g1 gc, windows-amd64)
# No core dump will be written. Minidumps are not enabled by default on client versions of Windows
#

---------------  S U M M A R Y ------------

Command Line: --add-opens=java.base/java.util=ALL-UNNAMED --add-opens=java.base/java.lang=ALL-UNNAMED --add-opens=java.base/java.lang.invoke=ALL-UNNAMED --add-opens=java.base/java.util=ALL-UNNAMED --add-opens=java.prefs/java.util.prefs=ALL-UNNAMED --add-opens=java.prefs/java.util.prefs=ALL-UNNAMED --add-opens=java.base/java.nio.charset=ALL-UNNAMED --add-opens=java.base/java.net=ALL-UNNAMED --add-opens=java.base/java.util.concurrent.atomic=ALL-UNNAMED -Xmx2048m -Dfile.encoding=windows-1252 -Duser.country=ID -Duser.language=en -Duser.variant org.gradle.launcher.daemon.bootstrap.GradleDaemon 7.2

Host: Intel(R) Core(TM) i3-7020U CPU @ 2.30GHz, 4 cores, 3G,  Windows 10 , 64 bit Build 19041 (10.0.19041.1645)
Time: Fri May 13 20:58:56 2022 Pacific Daylight Time elapsed time: 34.842147 seconds (0d 0h 0m 34s)

---------------  T H R E A D  ---------------

Current thread (0x0000029db8dad800):  JavaThread "C2 CompilerThread0" daemon [_thread_in_native, id=5844, stack(0x000000bae5d00000,0x000000bae5e00000)]


Current CompileTask:
C2:  34842 7825   !   4       jdk.internal.loader.Resource::getBytes (242 bytes)

Stack: [0x000000bae5d00000,0x000000bae5e00000]
Native frames: (J=compiled Java code, j=interpreted, Vv=VM code, C=native code)
V  [jvm.dll+0x5f214a]
V  [jvm.dll+0x726fb5]
V  [jvm.dll+0x7285cd]
V  [jvm.dll+0x728c83]
V  [jvm.dll+0x243278]
V  [jvm.dll+0xbc53c]
V  [jvm.dll+0xbca3c]
V  [jvm.dll+0x353e7d]
V  [jvm.dll+0x321893]
V  [jvm.dll+0x320d8a]
V  [jvm.dll+0x1fc1e2]
V  [jvm.dll+0x1fb3d4]
V  [jvm.dll+0x183d6c]
V  [jvm.dll+0x209a57]
V  [jvm.dll+0x2082a1]
V  [jvm.dll+0x6ef58f]
V  [jvm.dll+0x6e80b5]
V  [jvm.dll+0x5f1036]
C  [ucrtbase.dll+0x21bb2]
C  [KERNEL32.DLL+0x17034]
C  [ntdll.dll+0x52651]


---------------  P R O C E S S  ---------------

Threads class SMR info:
_java_thread_list=0x0000029dbf8de860, length=79, elements={
0x0000029d9e86c000, 0x0000029db841c000, 0x0000029db841f800, 0x0000029db8da3000,
0x0000029db8da6000, 0x0000029db8da7000, 0x0000029db8dad800, 0x0000029db8dae800,
0x0000029db8db0000, 0x0000029db8ef9800, 0x0000029dba8dc800, 0x0000029dbb15a800,
0x0000029dbae67800, 0x0000029dba26a800, 0x0000029dba26b800, 0x0000029dba312000,
0x0000029dbaf25000, 0x0000029dba8fc000, 0x0000029dbad8b800, 0x0000029dba784000,
0x0000029dba782000, 0x0000029dba785800, 0x0000029dba784800, 0x0000029dba786800,
0x0000029dba780800, 0x0000029dba787000, 0x0000029dba781800, 0x0000029dba783000,
0x0000029dbd251000, 0x0000029dbd250800, 0x0000029dbd252000, 0x0000029dbd24c000,
0x0000029dbd253800, 0x0000029dbd24e000, 0x0000029dbd254800, 0x0000029dbd255000,
0x0000029dbd24f800, 0x0000029dbd25b000, 0x0000029dbd25a000, 0x0000029dbd256000,
0x0000029dbd257000, 0x0000029dbd258800, 0x0000029dbd257800, 0x0000029dbd259800,
0x0000029dbba70000, 0x0000029dbba76000, 0x0000029dbba72000, 0x0000029dbba77000,
0x0000029dbba74800, 0x0000029dbba71000, 0x0000029dbba78800, 0x0000029dbba72800,
0x0000029dbba77800, 0x0000029dbba79000, 0x0000029dbba73800, 0x0000029dbba7a000,
0x0000029dbba75000, 0x0000029dbba7b000, 0x0000029dbba7b800, 0x0000029dbba7d800,
0x0000029dbba7c800, 0x0000029dbba7e000, 0x0000029dbba7f000, 0x0000029dbd540000,
0x0000029dbd53e800, 0x0000029dbd543800, 0x0000029dbd53f800, 0x0000029dbd541000,
0x0000029dbd53d800, 0x0000029dbd542800, 0x0000029dbd547800, 0x0000029dbd546000,
0x0000029dbd544000, 0x0000029dbd545000, 0x0000029dbd546800, 0x0000029dbd542000,
0x0000029dbd549000, 0x0000029dbd54b800, 0x0000029dbd54a800
}

Java Threads: ( => current thread )
  0x0000029d9e86c000 JavaThread "main" [_thread_blocked, id=2772, stack(0x000000bae5100000,0x000000bae5200000)]
  0x0000029db841c000 JavaThread "Reference Handler" daemon [_thread_blocked, id=16640, stack(0x000000bae5800000,0x000000bae5900000)]
  0x0000029db841f800 JavaThread "Finalizer" daemon [_thread_blocked, id=3556, stack(0x000000bae5900000,0x000000bae5a00000)]
  0x0000029db8da3000 JavaThread "Signal Dispatcher" daemon [_thread_blocked, id=13880, stack(0x000000bae5a00000,0x000000bae5b00000)]
  0x0000029db8da6000 JavaThread "Attach Listener" daemon [_thread_blocked, id=11560, stack(0x000000bae5b00000,0x000000bae5c00000)]
  0x0000029db8da7000 JavaThread "Service Thread" daemon [_thread_blocked, id=14788, stack(0x000000bae5c00000,0x000000bae5d00000)]
=>0x0000029db8dad800 JavaThread "C2 CompilerThread0" daemon [_thread_in_native, id=5844, stack(0x000000bae5d00000,0x000000bae5e00000)]
  0x0000029db8dae800 JavaThread "C1 CompilerThread0" daemon [_thread_blocked, id=9228, stack(0x000000bae5e00000,0x000000bae5f00000)]
  0x0000029db8db0000 JavaThread "Sweeper thread" daemon [_thread_blocked, id=1304, stack(0x000000bae5f00000,0x000000bae6000000)]
  0x0000029db8ef9800 JavaThread "Common-Cleaner" daemon [_thread_blocked, id=14428, stack(0x000000bae6000000,0x000000bae6100000)]
  0x0000029dba8dc800 JavaThread "Daemon health stats" [_thread_blocked, id=17132, stack(0x000000bae6300000,0x000000bae6400000)]
  0x0000029dbb15a800 JavaThread "Incoming local TCP Connector on port 54042" [_thread_in_native, id=16972, stack(0x000000bae6400000,0x000000bae6500000)]
  0x0000029dbae67800 JavaThread "Daemon periodic checks" [_thread_blocked, id=9872, stack(0x000000bae6500000,0x000000bae6600000)]
  0x0000029dba26a800 JavaThread "Daemon" [_thread_blocked, id=1644, stack(0x000000bae6600000,0x000000bae6700000)]
  0x0000029dba26b800 JavaThread "Handler for socket connection from /127.0.0.1:54042 to /127.0.0.1:54043" [_thread_in_native, id=3540, stack(0x000000bae6700000,0x000000bae6800000)]
  0x0000029dba312000 JavaThread "Cancel handler" [_thread_blocked, id=11684, stack(0x000000bae6a00000,0x000000bae6b00000)]
  0x0000029dbaf25000 JavaThread "Daemon worker" [_thread_in_native, id=16480, stack(0x000000bae6b00000,0x000000bae6c00000)]
  0x0000029dba8fc000 JavaThread "Asynchronous log dispatcher for DefaultDaemonConnection: socket connection from /127.0.0.1:54042 to /127.0.0.1:54043" [_thread_blocked, id=7160, stack(0x000000bae6c00000,0x000000bae6d00000)]
  0x0000029dbad8b800 JavaThread "Stdin handler" [_thread_blocked, id=8980, stack(0x000000bae6d00000,0x000000bae6e00000)]
  0x0000029dba784000 JavaThread "Daemon client event forwarder" [_thread_blocked, id=9780, stack(0x000000bae6e00000,0x000000bae6f00000)]
  0x0000029dba782000 JavaThread "Cache worker for journal cache (C:\Users\ASUS\AndroidStudioProjects\Room-Chapter-6\caches\journal-1)" [_thread_blocked, id=13008, stack(0x000000bae6f00000,0x000000bae7000000)]
  0x0000029dba785800 JavaThread "File lock request listener" [_thread_in_native, id=4488, stack(0x000000bae7000000,0x000000bae7100000)]
  0x0000029dba784800 JavaThread "Cache worker for file hash cache (C:\Users\ASUS\AndroidStudioProjects\Room-Chapter-6\caches\7.2\fileHashes)" [_thread_blocked, id=14140, stack(0x000000bae7100000,0x000000bae7200000)]
  0x0000029dba786800 JavaThread "Cache worker for file hash cache (C:\Users\ASUS\AndroidStudioProjects\fixphone\.gradle\7.2\fileHashes)" [_thread_blocked, id=16560, stack(0x000000bae7200000,0x000000bae7300000)]
  0x0000029dba780800 JavaThread "File watcher server" daemon [_thread_in_native, id=7268, stack(0x000000bae7300000,0x000000bae7400000)]
  0x0000029dba787000 JavaThread "File watcher consumer" daemon [_thread_blocked, id=16672, stack(0x000000bae7400000,0x000000bae7500000)]
  0x0000029dba781800 JavaThread "Cache worker for checksums cache (C:\Users\ASUS\AndroidStudioProjects\fixphone\.gradle\checksums)" [_thread_blocked, id=14628, stack(0x000000bae7500000,0x000000bae7600000)]
  0x0000029dba783000 JavaThread "Cache worker for cache directory md-supplier (C:\Users\ASUS\AndroidStudioProjects\Room-Chapter-6\caches\7.2\md-supplier)" [_thread_blocked, id=14296, stack(0x000000bae7600000,0x000000bae7700000)]
  0x0000029dbd251000 JavaThread "Cache worker for cache directory md-rule (C:\Users\ASUS\AndroidStudioProjects\Room-Chapter-6\caches\7.2\md-rule)" [_thread_blocked, id=11080, stack(0x000000bae7700000,0x000000bae7800000)]
  0x0000029dbd250800 JavaThread "Cache worker for execution history cache (C:\Users\ASUS\AndroidStudioProjects\Room-Chapter-6\caches\7.2\executionHistory)" [_thread_blocked, id=11272, stack(0x000000bae7800000,0x000000bae7900000)]
  0x0000029dbd252000 JavaThread "jar transforms" [_thread_blocked, id=14164, stack(0x000000bae7900000,0x000000bae7a00000)]
  0x0000029dbd24c000 JavaThread "Cache worker for file content cache (C:\Users\ASUS\AndroidStudioProjects\Room-Chapter-6\caches\7.2\fileContent)" [_thread_blocked, id=11044, stack(0x000000bae7a00000,0x000000bae7b00000)]
  0x0000029dbd253800 JavaThread "jar transforms Thread 2" [_thread_blocked, id=6292, stack(0x000000bae7b00000,0x000000bae7c00000)]
  0x0000029dbd24e000 JavaThread "Cache worker for dependencies-accessors (C:\Users\ASUS\AndroidStudioProjects\fixphone\.gradle\7.2\dependencies-accessors)" [_thread_blocked, id=16364, stack(0x000000bae7c00000,0x000000bae7d00000)]
  0x0000029dbd254800 JavaThread "jar transforms Thread 3" [_thread_blocked, id=13208, stack(0x000000bae7d00000,0x000000bae7e00000)]
  0x0000029dbd255000 JavaThread "Cache worker for Build Output Cleanup Cache (C:\Users\ASUS\AndroidStudioProjects\fixphone\.gradle\buildOutputCleanup)" [_thread_blocked, id=5616, stack(0x000000bae7e00000,0x000000bae7f00000)]
  0x0000029dbd24f800 JavaThread "Unconstrained build operations" [_thread_blocked, id=7316, stack(0x000000bae7f00000,0x000000bae8000000)]
  0x0000029dbd25b000 JavaThread "Unconstrained build operations Thread 2" [_thread_blocked, id=7804, stack(0x000000bae8000000,0x000000bae8100000)]
  0x0000029dbd25a000 JavaThread "Unconstrained build operations Thread 3" [_thread_blocked, id=10044, stack(0x000000bae8100000,0x000000bae8200000)]
  0x0000029dbd256000 JavaThread "Unconstrained build operations Thread 4" [_thread_blocked, id=11180, stack(0x000000bae8200000,0x000000bae8300000)]
  0x0000029dbd257000 JavaThread "Unconstrained build operations Thread 5" [_thread_blocked, id=9728, stack(0x000000bae8300000,0x000000bae8400000)]
  0x0000029dbd258800 JavaThread "Unconstrained build operations Thread 6" [_thread_blocked, id=12252, stack(0x000000bae8400000,0x000000bae8500000)]
  0x0000029dbd257800 JavaThread "Unconstrained build operations Thread 7" [_thread_blocked, id=13588, stack(0x000000bae8500000,0x000000bae8600000)]
  0x0000029dbd259800 JavaThread "Unconstrained build operations Thread 8" [_thread_blocked, id=15120, stack(0x000000bae8600000,0x000000bae8700000)]
  0x0000029dbba70000 JavaThread "Unconstrained build operations Thread 9" [_thread_blocked, id=17248, stack(0x000000bae8700000,0x000000bae8800000)]
  0x0000029dbba76000 JavaThread "Unconstrained build operations Thread 10" [_thread_blocked, id=16584, stack(0x000000bae8800000,0x000000bae8900000)]
  0x0000029dbba72000 JavaThread "Unconstrained build operations Thread 11" [_thread_blocked, id=15884, stack(0x000000bae8900000,0x000000bae8a00000)]
  0x0000029dbba77000 JavaThread "Unconstrained build operations Thread 12" [_thread_blocked, id=14044, stack(0x000000bae8a00000,0x000000bae8b00000)]
  0x0000029dbba74800 JavaThread "Unconstrained build operations Thread 13" [_thread_blocked, id=13432, stack(0x000000bae8b00000,0x000000bae8c00000)]
  0x0000029dbba71000 JavaThread "Unconstrained build operations Thread 14" [_thread_blocked, id=2304, stack(0x000000bae8c00000,0x000000bae8d00000)]
  0x0000029dbba78800 JavaThread "Unconstrained build operations Thread 15" [_thread_blocked, id=9156, stack(0x000000bae8d00000,0x000000bae8e00000)]
  0x0000029dbba72800 JavaThread "Unconstrained build operations Thread 16" [_thread_blocked, id=16648, stack(0x000000bae8e00000,0x000000bae8f00000)]
  0x0000029dbba77800 JavaThread "Unconstrained build operations Thread 17" [_thread_blocked, id=12416, stack(0x000000bae8f00000,0x000000bae9000000)]
  0x0000029dbba79000 JavaThread "Unconstrained build operations Thread 18" [_thread_blocked, id=10220, stack(0x000000bae9000000,0x000000bae9100000)]
  0x0000029dbba73800 JavaThread "Unconstrained build operations Thread 19" [_thread_blocked, id=72, stack(0x000000bae9100000,0x000000bae9200000)]
  0x0000029dbba7a000 JavaThread "Unconstrained build operations Thread 20" [_thread_blocked, id=15420, stack(0x000000bae9200000,0x000000bae9300000)]
  0x0000029dbba75000 JavaThread "Unconstrained build operations Thread 21" [_thread_blocked, id=2652, stack(0x000000bae9300000,0x000000bae9400000)]
  0x0000029dbba7b000 JavaThread "Unconstrained build operations Thread 22" [_thread_blocked, id=15732, stack(0x000000bae9400000,0x000000bae9500000)]
  0x0000029dbba7b800 JavaThread "Unconstrained build operations Thread 23" [_thread_blocked, id=3196, stack(0x000000bae9500000,0x000000bae9600000)]
  0x0000029dbba7d800 JavaThread "Unconstrained build operations Thread 24" [_thread_blocked, id=7700, stack(0x000000bae9600000,0x000000bae9700000)]
  0x0000029dbba7c800 JavaThread "Unconstrained build operations Thread 25" [_thread_blocked, id=2972, stack(0x000000bae9700000,0x000000bae9800000)]
  0x0000029dbba7e000 JavaThread "Unconstrained build operations Thread 26" [_thread_blocked, id=2328, stack(0x000000bae9800000,0x000000bae9900000)]
  0x0000029dbba7f000 JavaThread "Unconstrained build operations Thread 27" [_thread_blocked, id=10380, stack(0x000000bae9900000,0x000000bae9a00000)]
  0x0000029dbd540000 JavaThread "Unconstrained build operations Thread 28" [_thread_blocked, id=3524, stack(0x000000bae9a00000,0x000000bae9b00000)]
  0x0000029dbd53e800 JavaThread "Unconstrained build operations Thread 29" [_thread_blocked, id=11604, stack(0x000000bae9b00000,0x000000bae9c00000)]
  0x0000029dbd543800 JavaThread "Unconstrained build operations Thread 30" [_thread_blocked, id=10524, stack(0x000000bae9c00000,0x000000bae9d00000)]
  0x0000029dbd53f800 JavaThread "Unconstrained build operations Thread 31" [_thread_blocked, id=8052, stack(0x000000bae9d00000,0x000000bae9e00000)]
  0x0000029dbd541000 JavaThread "Unconstrained build operations Thread 32" [_thread_blocked, id=16652, stack(0x000000bae9e00000,0x000000bae9f00000)]
  0x0000029dbd53d800 JavaThread "Unconstrained build operations Thread 33" [_thread_blocked, id=1508, stack(0x000000bae9f00000,0x000000baea000000)]
  0x0000029dbd542800 JavaThread "Unconstrained build operations Thread 34" [_thread_blocked, id=16108, stack(0x000000baea000000,0x000000baea100000)]
  0x0000029dbd547800 JavaThread "Unconstrained build operations Thread 35" [_thread_blocked, id=4948, stack(0x000000baea100000,0x000000baea200000)]
  0x0000029dbd546000 JavaThread "Unconstrained build operations Thread 36" [_thread_blocked, id=8304, stack(0x000000baea200000,0x000000baea300000)]
  0x0000029dbd544000 JavaThread "Unconstrained build operations Thread 37" [_thread_blocked, id=7988, stack(0x000000baea300000,0x000000baea400000)]
  0x0000029dbd545000 JavaThread "Unconstrained build operations Thread 38" [_thread_blocked, id=2660, stack(0x000000baea400000,0x000000baea500000)]
  0x0000029dbd546800 JavaThread "Unconstrained build operations Thread 39" [_thread_blocked, id=14036, stack(0x000000baea500000,0x000000baea600000)]
  0x0000029dbd542000 JavaThread "Unconstrained build operations Thread 40" [_thread_blocked, id=14612, stack(0x000000baea600000,0x000000baea700000)]
  0x0000029dbd549000 JavaThread "jar transforms Thread 4" [_thread_blocked, id=12764, stack(0x000000baea700000,0x000000baea800000)]
  0x0000029dbd54b800 JavaThread "Memory manager" [_thread_blocked, id=13668, stack(0x000000baea800000,0x000000baea900000)]
  0x0000029dbd54a800 JavaThread "build event listener" [_thread_blocked, id=14356, stack(0x000000baea900000,0x000000baeaa00000)]

Other Threads:
  0x0000029db8414000 VMThread "VM Thread" [stack: 0x000000bae5700000,0x000000bae5800000] [id=2208]
  0x0000029db8f38000 WatcherThread [stack: 0x000000bae6100000,0x000000bae6200000] [id=9184]
  0x0000029d9e884000 GCTaskThread "GC Thread#0" [stack: 0x000000bae5200000,0x000000bae5300000] [id=16036]
  0x0000029db9679800 GCTaskThread "GC Thread#1" [stack: 0x000000bae6200000,0x000000bae6300000] [id=17068]
  0x0000029dba2a3800 GCTaskThread "GC Thread#2" [stack: 0x000000bae6800000,0x000000bae6900000] [id=9192]
  0x0000029dba1f6000 GCTaskThread "GC Thread#3" [stack: 0x000000bae6900000,0x000000bae6a00000] [id=8264]
  0x0000029d9e8b8800 ConcurrentGCThread "G1 Main Marker" [stack: 0x000000bae5300000,0x000000bae5400000] [id=14280]
  0x0000029d9e8b9800 ConcurrentGCThread "G1 Conc#0" [stack: 0x000000bae5400000,0x000000bae5500000] [id=1128]
  0x0000029d9e915800 ConcurrentGCThread "G1 Refine#0" [stack: 0x000000bae5500000,0x000000bae5600000] [id=6304]
  0x0000029d9e916800 ConcurrentGCThread "G1 Young RemSet Sampling" [stack: 0x000000bae5600000,0x000000bae5700000] [id=11232]

Threads with active compile tasks:
C2 CompilerThread0  34919 7825   !   4       jdk.internal.loader.Resource::getBytes (242 bytes)

VM state:not at safepoint (normal execution)

VM Mutex/Monitor currently owned by a thread: None

Heap address: 0x0000000080000000, size: 2048 MB, Compressed Oops mode: 32-bit
Narrow klass base: 0x0000000000000000, Narrow klass shift: 3
Compressed class space size: 1073741824 Address: 0x0000000100000000

Heap:
 garbage-first heap   total 114688K, used 81299K [0x0000000080000000, 0x0000000100000000)
  region size 1024K, 16 young (16384K), 3 survivors (3072K)
 Metaspace       used 76949K, capacity 78577K, committed 78668K, reserved 1118208K
  class space    used 9893K, capacity 10521K, committed 10572K, reserved 1048576K
Heap Regions: E=young(eden), S=young(survivor), O=old, HS=humongous(starts), HC=humongous(continues), CS=collection set, F=free, A=archive, TAMS=top-at-mark-start (previous, next)
|   0|0x0000000080000000, 0x0000000080100000, 0x0000000080100000|100%|HS|  |TAMS 0x0000000080100000, 0x0000000080000000| Complete 
|   1|0x0000000080100000, 0x0000000080200000, 0x0000000080200000|100%|HC|  |TAMS 0x0000000080200000, 0x0000000080100000| Complete 
|   2|0x0000000080200000, 0x0000000080300000, 0x0000000080300000|100%|HC|  |TAMS 0x0000000080300000, 0x0000000080200000| Complete 
|   3|0x0000000080300000, 0x0000000080400000, 0x0000000080400000|100%| O|  |TAMS 0x0000000080400000, 0x0000000080300000| Untracked 
|   4|0x0000000080400000, 0x0000000080500000, 0x0000000080500000|100%| O|  |TAMS 0x0000000080500000, 0x0000000080400000| Untracked 
|   5|0x0000000080500000, 0x0000000080600000, 0x0000000080600000|100%| O|  |TAMS 0x0000000080600000, 0x0000000080500000| Untracked 
|   6|0x0000000080600000, 0x0000000080700000, 0x0000000080700000|100%| O|  |TAMS 0x0000000080700000, 0x0000000080600000| Untracked 
|   7|0x0000000080700000, 0x0000000080800000, 0x0000000080800000|100%| O|  |TAMS 0x0000000080800000, 0x0000000080700000| Untracked 
|   8|0x0000000080800000, 0x0000000080900000, 0x0000000080900000|100%| O|  |TAMS 0x0000000080900000, 0x0000000080800000| Untracked 
|   9|0x0000000080900000, 0x0000000080a00000, 0x0000000080a00000|100%| O|  |TAMS 0x0000000080a00000, 0x0000000080900000| Untracked 
|  10|0x0000000080a00000, 0x0000000080b00000, 0x0000000080b00000|100%| O|  |TAMS 0x0000000080b00000, 0x0000000080a00000| Untracked 
|  11|0x0000000080b00000, 0x0000000080c00000, 0x0000000080c00000|100%| O|  |TAMS 0x0000000080c00000, 0x0000000080b00000| Untracked 
|  12|0x0000000080c00000, 0x0000000080d00000, 0x0000000080d00000|100%| O|  |TAMS 0x0000000080d00000, 0x0000000080c00000| Untracked 
|  13|0x0000000080d00000, 0x0000000080e00000, 0x0000000080e00000|100%| O|  |TAMS 0x0000000080e00000, 0x0000000080d00000| Untracked 
|  14|0x0000000080e00000, 0x0000000080f00000, 0x0000000080f00000|100%| O|  |TAMS 0x0000000080f00000, 0x0000000080e00000| Untracked 
|  15|0x0000000080f00000, 0x0000000081000000, 0x0000000081000000|100%| O|  |TAMS 0x0000000081000000, 0x0000000080f00000| Untracked 
|  16|0x0000000081000000, 0x0000000081100000, 0x0000000081100000|100%| O|  |TAMS 0x0000000081100000, 0x0000000081000000| Untracked 
|  17|0x0000000081100000, 0x0000000081200000, 0x0000000081200000|100%| O|  |TAMS 0x0000000081200000, 0x0000000081100000| Untracked 
|  18|0x0000000081200000, 0x0000000081300000, 0x0000000081300000|100%| O|  |TAMS 0x0000000081300000, 0x0000000081200000| Untracked 
|  19|0x0000000081300000, 0x0000000081400000, 0x0000000081400000|100%| O|  |TAMS 0x0000000081400000, 0x0000000081300000| Untracked 
|  20|0x0000000081400000, 0x0000000081500000, 0x0000000081500000|100%| O|  |TAMS 0x0000000081500000, 0x0000000081400000| Untracked 
|  21|0x0000000081500000, 0x0000000081600000, 0x0000000081600000|100%| O|  |TAMS 0x0000000081600000, 0x0000000081500000| Untracked 
|  22|0x0000000081600000, 0x0000000081700000, 0x0000000081700000|100%| O|  |TAMS 0x0000000081700000, 0x0000000081600000| Untracked 
|  23|0x0000000081700000, 0x0000000081800000, 0x0000000081800000|100%| O|  |TAMS 0x0000000081800000, 0x0000000081700000| Untracked 
|  24|0x0000000081800000, 0x0000000081900000, 0x0000000081900000|100%| O|  |TAMS 0x0000000081900000, 0x0000000081800000| Untracked 
|  25|0x0000000081900000, 0x0000000081a00000, 0x0000000081a00000|100%| O|  |TAMS 0x0000000081a00000, 0x0000000081900000| Untracked 
|  26|0x0000000081a00000, 0x0000000081b00000, 0x0000000081b00000|100%| O|  |TAMS 0x0000000081b00000, 0x0000000081a00000| Untracked 
|  27|0x0000000081b00000, 0x0000000081c00000, 0x0000000081c00000|100%| O|  |TAMS 0x0000000081c00000, 0x0000000081b00000| Untracked 
|  28|0x0000000081c00000, 0x0000000081d00000, 0x0000000081d00000|100%|HS|  |TAMS 0x0000000081d00000, 0x0000000081c00000| Complete 
|  29|0x0000000081d00000, 0x0000000081e00000, 0x0000000081e00000|100%|HS|  |TAMS 0x0000000081e00000, 0x0000000081d00000| Complete 
|  30|0x0000000081e00000, 0x0000000081f00000, 0x0000000081f00000|100%|HS|  |TAMS 0x0000000081f00000, 0x0000000081e00000| Complete 
|  31|0x0000000081f00000, 0x0000000082000000, 0x0000000082000000|100%|HS|  |TAMS 0x0000000082000000, 0x0000000081f00000| Complete 
|  32|0x0000000082000000, 0x0000000082100000, 0x0000000082100000|100%|HS|  |TAMS 0x0000000082100000, 0x0000000082000000| Complete 
|  33|0x0000000082100000, 0x0000000082200000, 0x0000000082200000|100%|HC|  |TAMS 0x0000000082200000, 0x0000000082100000| Complete 
|  34|0x0000000082200000, 0x0000000082300000, 0x0000000082300000|100%|HC|  |TAMS 0x0000000082300000, 0x0000000082200000| Complete 
|  35|0x0000000082300000, 0x0000000082400000, 0x0000000082400000|100%|HS|  |TAMS 0x0000000082400000, 0x0000000082300000| Complete 
|  36|0x0000000082400000, 0x0000000082500000, 0x0000000082500000|100%|HC|  |TAMS 0x0000000082500000, 0x0000000082400000| Complete 
|  37|0x0000000082500000, 0x0000000082600000, 0x0000000082600000|100%| O|  |TAMS 0x0000000082600000, 0x0000000082500000| Untracked 
|  38|0x0000000082600000, 0x0000000082700000, 0x0000000082700000|100%| O|  |TAMS 0x0000000082700000, 0x0000000082600000| Untracked 
|  39|0x0000000082700000, 0x0000000082800000, 0x0000000082800000|100%| O|  |TAMS 0x0000000082800000, 0x0000000082700000| Untracked 
|  40|0x0000000082800000, 0x0000000082900000, 0x0000000082900000|100%| O|  |TAMS 0x0000000082900000, 0x0000000082800000| Untracked 
|  41|0x0000000082900000, 0x0000000082a00000, 0x0000000082a00000|100%| O|  |TAMS 0x0000000082a00000, 0x0000000082900000| Untracked 
|  42|0x0000000082a00000, 0x0000000082b00000, 0x0000000082b00000|100%| O|  |TAMS 0x0000000082b00000, 0x0000000082a00000| Untracked 
|  43|0x0000000082b00000, 0x0000000082c00000, 0x0000000082c00000|100%| O|  |TAMS 0x0000000082c00000, 0x0000000082b00000| Untracked 
|  44|0x0000000082c00000, 0x0000000082d00000, 0x0000000082d00000|100%| O|  |TAMS 0x0000000082d00000, 0x0000000082c00000| Untracked 
|  45|0x0000000082d00000, 0x0000000082e00000, 0x0000000082e00000|100%| O|  |TAMS 0x0000000082e00000, 0x0000000082d00000| Untracked 
|  46|0x0000000082e00000, 0x0000000082f00000, 0x0000000082f00000|100%| O|  |TAMS 0x0000000082f00000, 0x0000000082e00000| Untracked 
|  47|0x0000000082f00000, 0x0000000083000000, 0x0000000083000000|100%| O|  |TAMS 0x0000000083000000, 0x0000000082f00000| Untracked 
|  48|0x0000000083000000, 0x0000000083100000, 0x0000000083100000|100%| O|  |TAMS 0x0000000083100000, 0x0000000083000000| Untracked 
|  49|0x0000000083100000, 0x0000000083200000, 0x0000000083200000|100%| O|  |TAMS 0x0000000083200000, 0x0000000083100000| Untracked 
|  50|0x0000000083200000, 0x0000000083300000, 0x0000000083300000|100%| O|  |TAMS 0x0000000083300000, 0x0000000083200000| Untracked 
|  51|0x0000000083300000, 0x0000000083400000, 0x0000000083400000|100%| O|  |TAMS 0x0000000083400000, 0x0000000083300000| Untracked 
|  52|0x0000000083400000, 0x0000000083500000, 0x0000000083500000|100%| O|  |TAMS 0x0000000083500000, 0x0000000083400000| Untracked 
|  53|0x0000000083500000, 0x0000000083600000, 0x0000000083600000|100%| O|  |TAMS 0x0000000083600000, 0x0000000083500000| Untracked 
|  54|0x0000000083600000, 0x0000000083700000, 0x0000000083700000|100%| O|  |TAMS 0x0000000083700000, 0x0000000083600000| Untracked 
|  55|0x0000000083700000, 0x0000000083800000, 0x0000000083800000|100%| O|  |TAMS 0x0000000083800000, 0x0000000083700000| Untracked 
|  56|0x0000000083800000, 0x0000000083900000, 0x0000000083900000|100%| O|  |TAMS 0x0000000083900000, 0x0000000083800000| Untracked 
|  57|0x0000000083900000, 0x0000000083a00000, 0x0000000083a00000|100%| O|  |TAMS 0x0000000083a00000, 0x0000000083900000| Untracked 
|  58|0x0000000083a00000, 0x0000000083b00000, 0x0000000083b00000|100%| O|  |TAMS 0x0000000083b00000, 0x0000000083a00000| Untracked 
|  59|0x0000000083b00000, 0x0000000083c00000, 0x0000000083c00000|100%| O|  |TAMS 0x0000000083c00000, 0x0000000083b00000| Untracked 
|  60|0x0000000083c00000, 0x0000000083d00000, 0x0000000083d00000|100%| O|  |TAMS 0x0000000083d00000, 0x0000000083c00000| Untracked 
|  61|0x0000000083d00000, 0x0000000083e00000, 0x0000000083e00000|100%| O|  |TAMS 0x0000000083e00000, 0x0000000083d00000| Untracked 
|  62|0x0000000083e00000, 0x0000000083f00000, 0x0000000083f00000|100%| O|  |TAMS 0x0000000083f00000, 0x0000000083e00000| Untracked 
|  63|0x0000000083f00000, 0x0000000084000000, 0x0000000084000000|100%| O|  |TAMS 0x0000000084000000, 0x0000000083f00000| Untracked 
|  64|0x0000000084000000, 0x00000000840eb200, 0x0000000084100000| 91%| O|  |TAMS 0x00000000840eb200, 0x0000000084000000| Untracked 
|  65|0x0000000084100000, 0x0000000084100000, 0x0000000084200000|  0%| F|  |TAMS 0x0000000084100000, 0x0000000084100000| Untracked 
|  66|0x0000000084200000, 0x0000000084200000, 0x0000000084300000|  0%| F|  |TAMS 0x0000000084200000, 0x0000000084200000| Untracked 
|  67|0x0000000084300000, 0x0000000084300000, 0x0000000084400000|  0%| F|  |TAMS 0x0000000084300000, 0x0000000084300000| Untracked 
|  68|0x0000000084400000, 0x0000000084400000, 0x0000000084500000|  0%| F|  |TAMS 0x0000000084400000, 0x0000000084400000| Untracked 
|  69|0x0000000084500000, 0x0000000084500000, 0x0000000084600000|  0%| F|  |TAMS 0x0000000084500000, 0x0000000084500000| Untracked 
|  70|0x0000000084600000, 0x0000000084600000, 0x0000000084700000|  0%| F|  |TAMS 0x0000000084600000, 0x0000000084600000| Untracked 
|  71|0x0000000084700000, 0x0000000084700000, 0x0000000084800000|  0%| F|  |TAMS 0x0000000084700000, 0x0000000084700000| Untracked 
|  72|0x0000000084800000, 0x0000000084800000, 0x0000000084900000|  0%| F|  |TAMS 0x0000000084800000, 0x0000000084800000| Untracked 
|  73|0x0000000084900000, 0x0000000084900000, 0x0000000084a00000|  0%| F|  |TAMS 0x0000000084900000, 0x0000000084900000| Untracked 
|  74|0x0000000084a00000, 0x0000000084a00000, 0x0000000084b00000|  0%| F|  |TAMS 0x0000000084a00000, 0x0000000084a00000| Untracked 
|  75|0x0000000084b00000, 0x0000000084b00000, 0x0000000084c00000|  0%| F|  |TAMS 0x0000000084b00000, 0x0000000084b00000| Untracked 
|  76|0x0000000084c00000, 0x0000000084c00000, 0x0000000084d00000|  0%| F|  |TAMS 0x0000000084c00000, 0x0000000084c00000| Untracked 
|  77|0x0000000084d00000, 0x0000000084d00000, 0x0000000084e00000|  0%| F|  |TAMS 0x0000000084d00000, 0x0000000084d00000| Untracked 
|  78|0x0000000084e00000, 0x0000000084e00000, 0x0000000084f00000|  0%| F|  |TAMS 0x0000000084e00000, 0x0000000084e00000| Untracked 
|  79|0x0000000084f00000, 0x0000000084f00000, 0x0000000085000000|  0%| F|  |TAMS 0x0000000084f00000, 0x0000000084f00000| Untracked 
|  80|0x0000000085000000, 0x0000000085000000, 0x0000000085100000|  0%| F|  |TAMS 0x0000000085000000, 0x0000000085000000| Untracked 
|  81|0x0000000085100000, 0x0000000085100000, 0x0000000085200000|  0%| F|  |TAMS 0x0000000085100000, 0x0000000085100000| Untracked 
|  82|0x0000000085200000, 0x0000000085200000, 0x0000000085300000|  0%| F|  |TAMS 0x0000000085200000, 0x0000000085200000| Untracked 
|  83|0x0000000085300000, 0x0000000085300000, 0x0000000085400000|  0%| F|  |TAMS 0x0000000085300000, 0x0000000085300000| Untracked 
|  84|0x0000000085400000, 0x0000000085400000, 0x0000000085500000|  0%| F|  |TAMS 0x0000000085400000, 0x0000000085400000| Untracked 
|  85|0x0000000085500000, 0x0000000085500000, 0x0000000085600000|  0%| F|  |TAMS 0x0000000085500000, 0x0000000085500000| Untracked 
|  86|0x0000000085600000, 0x0000000085600000, 0x0000000085700000|  0%| F|  |TAMS 0x0000000085600000, 0x0000000085600000| Untracked 
|  87|0x0000000085700000, 0x0000000085700000, 0x0000000085800000|  0%| F|  |TAMS 0x0000000085700000, 0x0000000085700000| Untracked 
|  88|0x0000000085800000, 0x0000000085879ce0, 0x0000000085900000| 47%| S|CS|TAMS 0x0000000085800000, 0x0000000085800000| Complete 
|  89|0x0000000085900000, 0x0000000085a00000, 0x0000000085a00000|100%| S|CS|TAMS 0x0000000085900000, 0x0000000085900000| Complete 
|  90|0x0000000085a00000, 0x0000000085b00000, 0x0000000085b00000|100%| S|CS|TAMS 0x0000000085a00000, 0x0000000085a00000| Complete 
|  91|0x0000000085b00000, 0x0000000085b00000, 0x0000000085c00000|  0%| F|  |TAMS 0x0000000085b00000, 0x0000000085b00000| Untracked 
|  92|0x0000000085c00000, 0x0000000085c00000, 0x0000000085d00000|  0%| F|  |TAMS 0x0000000085c00000, 0x0000000085c00000| Untracked 
|  93|0x0000000085d00000, 0x0000000085d00000, 0x0000000085e00000|  0%| F|  |TAMS 0x0000000085d00000, 0x0000000085d00000| Untracked 
|  94|0x0000000085e00000, 0x0000000085e00000, 0x0000000085f00000|  0%| F|  |TAMS 0x0000000085e00000, 0x0000000085e00000| Untracked 
|  95|0x0000000085f00000, 0x0000000085f00000, 0x0000000086000000|  0%| F|  |TAMS 0x0000000085f00000, 0x0000000085f00000| Untracked 
|  96|0x0000000086000000, 0x0000000086000000, 0x0000000086100000|  0%| F|  |TAMS 0x0000000086000000, 0x0000000086000000| Untracked 
|  97|0x0000000086100000, 0x0000000086100000, 0x0000000086200000|  0%| F|  |TAMS 0x0000000086100000, 0x0000000086100000| Untracked 
|  98|0x0000000086200000, 0x0000000086200000, 0x0000000086300000|  0%| F|  |TAMS 0x0000000086200000, 0x0000000086200000| Untracked 
|  99|0x0000000086300000, 0x000000008636b168, 0x0000000086400000| 41%| E|  |TAMS 0x0000000086300000, 0x0000000086300000| Complete 
| 100|0x0000000086400000, 0x0000000086500000, 0x0000000086500000|100%| E|CS|TAMS 0x0000000086400000, 0x0000000086400000| Complete 
| 101|0x0000000086500000, 0x0000000086600000, 0x0000000086600000|100%| E|CS|TAMS 0x0000000086500000, 0x0000000086500000| Complete 
| 102|0x0000000086600000, 0x0000000086700000, 0x0000000086700000|100%| E|CS|TAMS 0x0000000086600000, 0x0000000086600000| Complete 
| 103|0x0000000086700000, 0x0000000086800000, 0x0000000086800000|100%| E|CS|TAMS 0x0000000086700000, 0x0000000086700000| Complete 
| 104|0x0000000086800000, 0x0000000086900000, 0x0000000086900000|100%| E|CS|TAMS 0x0000000086800000, 0x0000000086800000| Complete 
| 105|0x0000000086900000, 0x0000000086a00000, 0x0000000086a00000|100%| E|CS|TAMS 0x0000000086900000, 0x0000000086900000| Complete 
| 106|0x0000000086a00000, 0x0000000086b00000, 0x0000000086b00000|100%| E|CS|TAMS 0x0000000086a00000, 0x0000000086a00000| Complete 
| 107|0x0000000086b00000, 0x0000000086c00000, 0x0000000086c00000|100%| E|CS|TAMS 0x0000000086b00000, 0x0000000086b00000| Complete 
| 108|0x0000000086c00000, 0x0000000086d00000, 0x0000000086d00000|100%| E|CS|TAMS 0x0000000086c00000, 0x0000000086c00000| Complete 
| 109|0x0000000086d00000, 0x0000000086e00000, 0x0000000086e00000|100%| E|CS|TAMS 0x0000000086d00000, 0x0000000086d00000| Complete 
| 110|0x0000000086e00000, 0x0000000086f00000, 0x0000000086f00000|100%| E|CS|TAMS 0x0000000086e00000, 0x0000000086e00000| Complete 
| 111|0x0000000086f00000, 0x0000000087000000, 0x0000000087000000|100%| E|CS|TAMS 0x0000000086f00000, 0x0000000086f00000| Complete 

Card table byte_map: [0x0000029db1770000,0x0000029db1b70000] _byte_map_base: 0x0000029db1370000

Marking Bits (Prev, Next): (CMBitMap*) 0x0000029d9e8af760, (CMBitMap*) 0x0000029d9e8af728
 Prev Bits: [0x0000029db3f70000, 0x0000029db5f70000)
 Next Bits: [0x0000029db1f70000, 0x0000029db3f70000)

Polling page: 0x0000029d9e050000

Metaspace:

Usage:
  Non-class:     66.46 MB capacity,    65.49 MB ( 99%) used,   808.26 KB (  1%) free+waste,   190.75 KB ( <1%) overhead. 
      Class:     10.27 MB capacity,     9.66 MB ( 94%) used,   538.59 KB (  5%) free+waste,    88.06 KB ( <1%) overhead. 
       Both:     76.74 MB capacity,    75.15 MB ( 98%) used,     1.32 MB (  2%) free+waste,   278.81 KB ( <1%) overhead. 

Virtual space:
  Non-class space:       68.00 MB reserved,      66.50 MB ( 98%) committed 
      Class space:        1.00 GB reserved,      10.32 MB (  1%) committed 
             Both:        1.07 GB reserved,      76.82 MB (  7%) committed 

Chunk freelists:
   Non-Class:  40.00 KB
       Class:  7.00 KB
        Both:  47.00 KB

MaxMetaspaceSize: 17179869184.00 GB
CompressedClassSpaceSize: 1.00 GB

CodeHeap 'non-profiled nmethods': size=120064Kb used=3921Kb max_used=3921Kb free=116142Kb
 bounds [0x0000029da9e30000, 0x0000029daa210000, 0x0000029db1370000]
CodeHeap 'profiled nmethods': size=120000Kb used=16178Kb max_used=16178Kb free=103821Kb
 bounds [0x0000029da2900000, 0x0000029da38d0000, 0x0000029da9e30000]
CodeHeap 'non-nmethods': size=5696Kb used=2272Kb max_used=2319Kb free=3423Kb
 bounds [0x0000029da2370000, 0x0000029da25e0000, 0x0000029da2900000]
 total_blobs=8569 nmethods=7700 adapters=780
 compilation: enabled
              stopped_count=0, restarted_count=0
 full_count=0

Compilation events (20 events):
Event: 34.779 Thread 0x0000029db8dae800 7833       3       org.objectweb.asm.MethodWriter::visitLdcInsn (215 bytes)
Event: 34.780 Thread 0x0000029db8dae800 nmethod 7833 0x0000029da38c3290 code [0x0000029da38c3520, 0x0000029da38c4088]
Event: 34.780 Thread 0x0000029db8dae800 7837       3       org.objectweb.asm.SymbolTable::putBootstrapMethods (56 bytes)
Event: 34.781 Thread 0x0000029db8dae800 nmethod 7837 0x0000029da38c4510 code [0x0000029da38c4720, 0x0000029da38c4a08]
Event: 34.786 Thread 0x0000029db8dae800 7839       3       org.gradle.util.internal.DeferredUtil::isNestableDeferred (20 bytes)
Event: 34.786 Thread 0x0000029db8dae800 nmethod 7839 0x0000029da38c4c10 code [0x0000029da38c4de0, 0x0000029da38c51b8]
Event: 34.789 Thread 0x0000029db8dae800 7840       3       org.gradle.internal.model.CalculatedValueContainer::<init> (26 bytes)
Event: 34.789 Thread 0x0000029db8dae800 nmethod 7840 0x0000029da38c5290 code [0x0000029da38c5460, 0x0000029da38c5728]
Event: 34.790 Thread 0x0000029db8dae800 7841       3       org.gradle.internal.model.CalculatedValueContainer$CalculationState::<init> (37 bytes)
Event: 34.790 Thread 0x0000029db8dae800 nmethod 7841 0x0000029da38c5890 code [0x0000029da38c5aa0, 0x0000029da38c6178]
Event: 34.798 Thread 0x0000029db8dae800 7842       3       org.gradle.api.internal.tasks.DefaultTaskDependency::<init> (15 bytes)
Event: 34.798 Thread 0x0000029db8dae800 nmethod 7842 0x0000029da38c6390 code [0x0000029da38c6560, 0x0000029da38c67d8]
Event: 34.801 Thread 0x0000029db8dae800 7843       3       com.google.common.collect.Maps::newLinkedHashMapWithExpectedSize (12 bytes)
Event: 34.802 Thread 0x0000029db8dae800 nmethod 7843 0x0000029da38c6910 code [0x0000029da38c6b40, 0x0000029da38c6f18]
Event: 34.810 Thread 0x0000029db8dae800 7844       3       org.gradle.util.internal.CollectionUtils::collectArray (49 bytes)
Event: 34.810 Thread 0x0000029db8dae800 nmethod 7844 0x0000029da38c7090 code [0x0000029da38c7280, 0x0000029da38c76a8]
Event: 34.810 Thread 0x0000029db8dae800 7845       3       org.gradle.internal.instantiation.generator.AbstractClassGenerator$DslMixInPropertyType::addSetMethods (180 bytes)
Event: 34.813 Thread 0x0000029db8dae800 nmethod 7845 0x0000029da38c7890 code [0x0000029da38c7c00, 0x0000029da38c93c8]
Event: 34.823 Thread 0x0000029db8dae800 7846       3       org.gradle.internal.snapshot.impl.DefaultValueSnapshotter$IsolatableVisitor::array (7 bytes)
Event: 34.823 Thread 0x0000029db8dae800 nmethod 7846 0x0000029da38c9b10 code [0x0000029da38c9ce0, 0x0000029da38ca078]

GC Heap History (20 events):
Event: 27.128 GC heap before
{Heap before GC invocations=28 (full 0):
 garbage-first heap   total 95232K, used 69695K [0x0000000080000000, 0x0000000100000000)
  region size 1024K, 15 young (15360K), 2 survivors (2048K)
 Metaspace       used 65052K, capacity 66504K, committed 66636K, reserved 1107968K
  class space    used 8179K, capacity 8740K, committed 8780K, reserved 1048576K
}
Event: 27.134 GC heap after
{Heap after GC invocations=29 (full 0):
 garbage-first heap   total 95232K, used 59237K [0x0000000080000000, 0x0000000100000000)
  region size 1024K, 3 young (3072K), 3 survivors (3072K)
 Metaspace       used 65052K, capacity 66504K, committed 66636K, reserved 1107968K
  class space    used 8179K, capacity 8740K, committed 8780K, reserved 1048576K
}
Event: 28.253 GC heap before
{Heap before GC invocations=30 (full 0):
 garbage-first heap   total 95232K, used 78693K [0x0000000080000000, 0x0000000100000000)
  region size 1024K, 21 young (21504K), 3 survivors (3072K)
 Metaspace       used 66884K, capacity 68373K, committed 68428K, reserved 1107968K
  class space    used 8413K, capacity 8994K, committed 9036K, reserved 1048576K
}
Event: 28.262 GC heap after
{Heap after GC invocations=31 (full 0):
 garbage-first heap   total 95232K, used 59760K [0x0000000080000000, 0x0000000100000000)
  region size 1024K, 2 young (2048K), 2 survivors (2048K)
 Metaspace       used 66884K, capacity 68373K, committed 68428K, reserved 1107968K
  class space    used 8413K, capacity 8994K, committed 9036K, reserved 1048576K
}
Event: 28.876 GC heap before
{Heap before GC invocations=31 (full 0):
 garbage-first heap   total 95232K, used 78192K [0x0000000080000000, 0x0000000100000000)
  region size 1024K, 20 young (20480K), 2 survivors (2048K)
 Metaspace       used 68096K, capacity 69611K, committed 69836K, reserved 1110016K
  class space    used 8557K, capacity 9127K, committed 9164K, reserved 1048576K
}
Event: 28.885 GC heap after
{Heap after GC invocations=32 (full 0):
 garbage-first heap   total 95232K, used 60741K [0x0000000080000000, 0x0000000100000000)
  region size 1024K, 3 young (3072K), 3 survivors (3072K)
 Metaspace       used 68096K, capacity 69611K, committed 69836K, reserved 1110016K
  class space    used 8557K, capacity 9127K, committed 9164K, reserved 1048576K
}
Event: 29.421 GC heap before
{Heap before GC invocations=33 (full 0):
 garbage-first heap   total 95232K, used 79173K [0x0000000080000000, 0x0000000100000000)
  region size 1024K, 21 young (21504K), 3 survivors (3072K)
 Metaspace       used 68407K, capacity 69957K, committed 70220K, reserved 1110016K
  class space    used 8610K, capacity 9198K, committed 9292K, reserved 1048576K
}
Event: 29.444 GC heap after
{Heap after GC invocations=34 (full 0):
 garbage-first heap   total 95232K, used 62521K [0x0000000080000000, 0x0000000100000000)
  region size 1024K, 3 young (3072K), 3 survivors (3072K)
 Metaspace       used 68407K, capacity 69957K, committed 70220K, reserved 1110016K
  class space    used 8610K, capacity 9198K, committed 9292K, reserved 1048576K
}
Event: 29.723 GC heap before
{Heap before GC invocations=34 (full 0):
 garbage-first heap   total 95232K, used 78905K [0x0000000080000000, 0x0000000100000000)
  region size 1024K, 19 young (19456K), 3 survivors (3072K)
 Metaspace       used 68453K, capacity 70055K, committed 70220K, reserved 1110016K
  class space    used 8618K, capacity 9232K, committed 9292K, reserved 1048576K
}
Event: 29.746 GC heap after
{Heap after GC invocations=35 (full 0):
 garbage-first heap   total 95232K, used 63950K [0x0000000080000000, 0x0000000100000000)
  region size 1024K, 2 young (2048K), 2 survivors (2048K)
 Metaspace       used 68453K, capacity 70055K, committed 70220K, reserved 1110016K
  class space    used 8618K, capacity 9232K, committed 9292K, reserved 1048576K
}
Event: 29.955 GC heap before
{Heap before GC invocations=35 (full 0):
 garbage-first heap   total 95232K, used 79310K [0x0000000080000000, 0x0000000100000000)
  region size 1024K, 17 young (17408K), 2 survivors (2048K)
 Metaspace       used 68832K, capacity 70388K, committed 70476K, reserved 1110016K
  class space    used 8641K, capacity 9235K, committed 9292K, reserved 1048576K
}
Event: 29.961 GC heap after
{Heap after GC invocations=36 (full 0):
 garbage-first heap   total 95232K, used 64788K [0x0000000080000000, 0x0000000100000000)
  region size 1024K, 3 young (3072K), 3 survivors (3072K)
 Metaspace       used 68832K, capacity 70388K, committed 70476K, reserved 1110016K
  class space    used 8641K, capacity 9235K, committed 9292K, reserved 1048576K
}
Event: 30.454 GC heap before
{Heap before GC invocations=37 (full 0):
 garbage-first heap   total 95232K, used 80148K [0x0000000080000000, 0x0000000100000000)
  region size 1024K, 18 young (18432K), 3 survivors (3072K)
 Metaspace       used 70552K, capacity 72084K, committed 72268K, reserved 1112064K
  class space    used 8862K, capacity 9459K, committed 9548K, reserved 1048576K
}
Event: 30.474 GC heap after
{Heap after GC invocations=38 (full 0):
 garbage-first heap   total 95232K, used 65556K [0x0000000080000000, 0x0000000100000000)
  region size 1024K, 2 young (2048K), 2 survivors (2048K)
 Metaspace       used 70552K, capacity 72084K, committed 72268K, reserved 1112064K
  class space    used 8862K, capacity 9459K, committed 9548K, reserved 1048576K
}
Event: 31.399 GC heap before
{Heap before GC invocations=38 (full 0):
 garbage-first heap   total 95232K, used 79892K [0x0000000080000000, 0x0000000100000000)
  region size 1024K, 16 young (16384K), 2 survivors (2048K)
 Metaspace       used 72558K, capacity 74183K, committed 74444K, reserved 1114112K
  class space    used 9268K, capacity 9883K, committed 9932K, reserved 1048576K
}
Event: 31.418 GC heap after
{Heap after GC invocations=39 (full 0):
 garbage-first heap   total 95232K, used 66523K [0x0000000080000000, 0x0000000100000000)
  region size 1024K, 2 young (2048K), 2 survivors (2048K)
 Metaspace       used 72558K, capacity 74183K, committed 74444K, reserved 1114112K
  class space    used 9268K, capacity 9883K, committed 9932K, reserved 1048576K
}
Event: 32.342 GC heap before
{Heap before GC invocations=40 (full 0):
 garbage-first heap   total 95232K, used 79835K [0x0000000080000000, 0x0000000100000000)
  region size 1024K, 15 young (15360K), 2 survivors (2048K)
 Metaspace       used 73985K, capacity 75600K, committed 75724K, reserved 1114112K
  class space    used 9480K, capacity 10097K, committed 10188K, reserved 1048576K
}
Event: 32.358 GC heap after
{Heap after GC invocations=41 (full 0):
 garbage-first heap   total 114688K, used 67508K [0x0000000080000000, 0x0000000100000000)
  region size 1024K, 2 young (2048K), 2 survivors (2048K)
 Metaspace       used 73985K, capacity 75600K, committed 75724K, reserved 1114112K
  class space    used 9480K, capacity 10097K, committed 10188K, reserved 1048576K
}
Event: 33.851 GC heap before
{Heap before GC invocations=41 (full 0):
 garbage-first heap   total 114688K, used 89012K [0x0000000080000000, 0x0000000100000000)
  region size 1024K, 23 young (23552K), 2 survivors (2048K)
 Metaspace       used 75941K, capacity 77602K, committed 77772K, reserved 1116160K
  class space    used 9737K, capacity 10391K, committed 10444K, reserved 1048576K
}
Event: 33.868 GC heap after
{Heap after GC invocations=42 (full 0):
 garbage-first heap   total 114688K, used 69011K [0x0000000080000000, 0x0000000100000000)
  region size 1024K, 3 young (3072K), 3 survivors (3072K)
 Metaspace       used 75941K, capacity 77602K, committed 77772K, reserved 1116160K
  class space    used 9737K, capacity 10391K, committed 10444K, reserved 1048576K
}

Deoptimization events (20 events):
Event: 34.207 Thread 0x0000029dbaf25000 Uncommon trap: trap_request=0xffffffde fr.pc=0x0000029daa168fd4 relative=0x0000000000002cb4
Event: 34.207 Thread 0x0000029dbaf25000 Uncommon trap: reason=class_check action=maybe_recompile pc=0x0000029daa168fd4 method=java.util.TreeMap.put(Ljava/lang/Object;Ljava/lang/Object;)Ljava/lang/Object; @ 127 c2
Event: 34.207 Thread 0x0000029dbaf25000 DEOPT PACKING pc=0x0000029daa168fd4 sp=0x000000bae6bfae60
Event: 34.207 Thread 0x0000029dbaf25000 DEOPT UNPACKING pc=0x0000029da239662f sp=0x000000bae6bfae10 mode 2
Event: 34.706 Thread 0x0000029dbaf25000 Uncommon trap: trap_request=0xffffff4d fr.pc=0x0000029da9e9ab28 relative=0x00000000000009a8
Event: 34.706 Thread 0x0000029dbaf25000 Uncommon trap: reason=unstable_if action=reinterpret pc=0x0000029da9e9ab28 method=java.util.HashMap.resize()[Ljava/util/HashMap$Node; @ 203 c2
Event: 34.706 Thread 0x0000029dbaf25000 DEOPT PACKING pc=0x0000029da9e9ab28 sp=0x000000bae6bf8fe0
Event: 34.706 Thread 0x0000029dbaf25000 DEOPT UNPACKING pc=0x0000029da239662f sp=0x000000bae6bf8f80 mode 2
Event: 34.706 Thread 0x0000029dbaf25000 Uncommon trap: trap_request=0xffffff4d fr.pc=0x0000029daa1d8e48 relative=0x0000000000002a48
Event: 34.706 Thread 0x0000029dbaf25000 Uncommon trap: reason=unstable_if action=reinterpret pc=0x0000029daa1d8e48 method=java.util.HashMap.getNode(ILjava/lang/Object;)Ljava/util/HashMap$Node; @ 84 c2
Event: 34.706 Thread 0x0000029dbaf25000 DEOPT PACKING pc=0x0000029daa1d8e48 sp=0x000000bae6bf9080
Event: 34.706 Thread 0x0000029dbaf25000 DEOPT UNPACKING pc=0x0000029da239662f sp=0x000000bae6bf8f68 mode 2
Event: 34.707 Thread 0x0000029dbaf25000 Uncommon trap: trap_request=0xffffff4d fr.pc=0x0000029daa15d894 relative=0x00000000000002d4
Event: 34.707 Thread 0x0000029dbaf25000 Uncommon trap: reason=unstable_if action=reinterpret pc=0x0000029daa15d894 method=java.util.HashMap.getNode(ILjava/lang/Object;)Ljava/util/HashMap$Node; @ 84 c2
Event: 34.707 Thread 0x0000029dbaf25000 DEOPT PACKING pc=0x0000029daa15d894 sp=0x000000bae6bf9030
Event: 34.707 Thread 0x0000029dbaf25000 DEOPT UNPACKING pc=0x0000029da239662f sp=0x000000bae6bf8f50 mode 2
Event: 34.707 Thread 0x0000029dbaf25000 Uncommon trap: trap_request=0xffffff4d fr.pc=0x0000029daa060c74 relative=0x00000000000001b4
Event: 34.707 Thread 0x0000029dbaf25000 Uncommon trap: reason=unstable_if action=reinterpret pc=0x0000029daa060c74 method=java.util.HashMap.getNode(ILjava/lang/Object;)Ljava/util/HashMap$Node; @ 84 c2
Event: 34.707 Thread 0x0000029dbaf25000 DEOPT PACKING pc=0x0000029daa060c74 sp=0x000000bae6bf8fd0
Event: 34.707 Thread 0x0000029dbaf25000 DEOPT UNPACKING pc=0x0000029da239662f sp=0x000000bae6bf8f58 mode 2

Classes redefined (0 events):
No events

Internal exceptions (20 events):
Event: 29.821 Thread 0x0000029dbaf25000 Exception <a 'java/lang/ClassNotFoundException'{0x00000000859906e0}: org/gradle/api/internal/artifacts/dsl/dependencies/DefaultDependencyHandler_DecoratedBeanInfo> (0x00000000859906e0) thrown at [./src/hotspot/share/classfile/systemDictionary.cpp, line 231]
Event: 29.823 Thread 0x0000029dbaf25000 Exception <a 'java/lang/ClassNotFoundException'{0x00000000859d75b0}: org/gradle/api/internal/artifacts/dsl/dependencies/DefaultDependencyHandlerBeanInfo> (0x00000000859d75b0) thrown at [./src/hotspot/share/classfile/systemDictionary.cpp, line 231]
Event: 29.824 Thread 0x0000029dbaf25000 Exception <a 'java/lang/ClassNotFoundException'{0x000000008581e5a8}: org/gradle/api/internal/artifacts/dsl/dependencies/DefaultDependencyHandlerCustomizer> (0x000000008581e5a8) thrown at [./src/hotspot/share/classfile/systemDictionary.cpp, line 231]
Event: 29.830 Thread 0x0000029dbaf25000 Exception <a 'java/lang/ClassNotFoundException'{0x000000008588e9e0}: org/gradle/api/internal/artifacts/dsl/dependencies/DefaultDependencyHandler_DecoratedCustomizer> (0x000000008588e9e0) thrown at [./src/hotspot/share/classfile/systemDictionary.cpp, line 231]
Event: 29.846 Thread 0x0000029dbaf25000 Exception <a 'java/lang/ClassNotFoundException'{0x000000008577a960}: groovy/lang/GString$1BeanInfo> (0x000000008577a960) thrown at [./src/hotspot/share/classfile/systemDictionary.cpp, line 231]
Event: 29.848 Thread 0x0000029dbaf25000 Exception <a 'java/lang/ClassNotFoundException'{0x00000000857b4240}: groovy/lang/GStringBeanInfo> (0x00000000857b4240) thrown at [./src/hotspot/share/classfile/systemDictionary.cpp, line 231]
Event: 29.850 Thread 0x0000029dbaf25000 Exception <a 'java/lang/ClassNotFoundException'{0x00000000857edc80}: groovy/lang/GStringCustomizer> (0x00000000857edc80) thrown at [./src/hotspot/share/classfile/systemDictionary.cpp, line 231]
Event: 29.852 Thread 0x0000029dbaf25000 Exception <a 'java/lang/ClassNotFoundException'{0x0000000085631890}: groovy/lang/GString$1Customizer> (0x0000000085631890) thrown at [./src/hotspot/share/classfile/systemDictionary.cpp, line 231]
Event: 29.871 Thread 0x0000029dbaf25000 Exception <a 'java/lang/ClassNotFoundException'{0x00000000853e6138}: org/codehaus/groovy/runtime/GStringImplBeanInfo> (0x00000000853e6138) thrown at [./src/hotspot/share/classfile/systemDictionary.cpp, line 231]
Event: 29.878 Thread 0x0000029dbaf25000 Exception <a 'java/lang/ClassNotFoundException'{0x000000008509e9c8}: org/codehaus/groovy/runtime/GStringImplCustomizer> (0x000000008509e9c8) thrown at [./src/hotspot/share/classfile/systemDictionary.cpp, line 231]
Event: 32.871 Thread 0x0000029dbaf25000 Exception <a 'java/lang/ClassNotFoundException'{0x0000000086cfca30}: com/android/build/gradle/internal/api/ApkVariantOutputImpl_DecoratedBeanInfo> (0x0000000086cfca30) thrown at [./src/hotspot/share/classfile/systemDictionary.cpp, line 231]
Event: 32.880 Thread 0x0000029dbaf25000 Exception <a 'java/lang/ClassNotFoundException'{0x0000000086b17890}: com/android/build/gradle/internal/api/ApkVariantOutputImplBeanInfo> (0x0000000086b17890) thrown at [./src/hotspot/share/classfile/systemDictionary.cpp, line 231]
Event: 32.909 Thread 0x0000029dbaf25000 Exception <a 'java/lang/ClassNotFoundException'{0x0000000086b32b30}: com/android/build/gradle/internal/api/BaseVariantOutputImplBeanInfo> (0x0000000086b32b30) thrown at [./src/hotspot/share/classfile/systemDictionary.cpp, line 231]
Event: 32.914 Thread 0x0000029dbaf25000 Exception <a 'java/lang/ClassNotFoundException'{0x0000000086b4de38}: com/android/build/gradle/internal/api/BaseVariantOutputImplCustomizer> (0x0000000086b4de38) thrown at [./src/hotspot/share/classfile/systemDictionary.cpp, line 231]
Event: 32.933 Thread 0x0000029dbaf25000 Exception <a 'java/lang/ClassNotFoundException'{0x0000000086b7ba68}: com/android/build/gradle/internal/api/ApkVariantOutputImplCustomizer> (0x0000000086b7ba68) thrown at [./src/hotspot/share/classfile/systemDictionary.cpp, line 231]
Event: 32.938 Thread 0x0000029dbaf25000 Exception <a 'java/lang/ClassNotFoundException'{0x0000000086ba5ae0}: com/android/build/gradle/internal/api/ApkVariantOutputImpl_DecoratedCustomizer> (0x0000000086ba5ae0) thrown at [./src/hotspot/share/classfile/systemDictionary.cpp, line 231]
Event: 33.097 Thread 0x0000029dbaf25000 Exception <a 'java/lang/ClassNotFoundException'{0x000000008699b1f8}: com/android/build/gradle/internal/api/ReadOnlyBuildTypeBeanInfo> (0x000000008699b1f8) thrown at [./src/hotspot/share/classfile/systemDictionary.cpp, line 231]
Event: 33.098 Thread 0x0000029dbaf25000 Exception <a 'java/lang/ClassNotFoundException'{0x00000000869b6488}: com/android/build/gradle/internal/api/ReadOnlyBaseConfigBeanInfo> (0x00000000869b6488) thrown at [./src/hotspot/share/classfile/systemDictionary.cpp, line 231]
Event: 33.099 Thread 0x0000029dbaf25000 Exception <a 'java/lang/ClassNotFoundException'{0x00000000869d1b20}: com/android/build/gradle/internal/api/ReadOnlyBaseConfigCustomizer> (0x00000000869d1b20) thrown at [./src/hotspot/share/classfile/systemDictionary.cpp, line 231]
Event: 33.102 Thread 0x0000029dbaf25000 Exception <a 'java/lang/ClassNotFoundException'{0x00000000869fc4b8}: com/android/build/gradle/internal/api/ReadOnlyBuildTypeCustomizer> (0x00000000869fc4b8) thrown at [./src/hotspot/share/classfile/systemDictionary.cpp, line 231]

Events (20 events):
Event: 34.793 loading class com/android/build/gradle/internal/SdkComponentsKt
Event: 34.793 loading class com/android/build/gradle/internal/SdkComponentsKt done
Event: 34.797 loading class org/gradle/api/provider/HasMultipleValues
Event: 34.797 loading class org/gradle/api/provider/HasMultipleValues done
Event: 34.804 loading class com/android/ide/common/resources/FileValidity
Event: 34.804 loading class com/android/ide/common/resources/FileValidity done
Event: 34.806 loading class com/android/ide/common/resources/AssetSet
Event: 34.806 loading class com/android/ide/common/resources/AssetSet done
Event: 34.813 loading class com/android/ide/common/resources/FileValidity$FileStatus
Event: 34.813 loading class com/android/ide/common/resources/FileValidity$FileStatus done
Event: 34.815 loading class com/android/build/gradle/tasks/MergeSourceSetFolders$MergeAssetBaseCreationAction$configure$assetDirFunction$1
Event: 34.815 loading class com/android/build/gradle/tasks/MergeSourceSetFolders$MergeAssetBaseCreationAction$configure$assetDirFunction$1 done
Event: 34.824 loading class com/android/build/gradle/tasks/MergeSourceSetFolders$MergeAssetBaseCreationAction$configure$1
Event: 34.824 loading class com/android/build/gradle/tasks/MergeSourceSetFolders$MergeAssetBaseCreationAction$configure$1 done
Event: 34.824 loading class com/android/build/gradle/tasks/MergeSourceSetFolders$MergeAssetBaseCreationAction$configure$2
Event: 34.824 loading class com/android/build/gradle/tasks/MergeSourceSetFolders$MergeAssetBaseCreationAction$configure$2 done
Event: 34.826 loading class com/android/build/api/artifact/MultipleArtifact$MULTIDEX_KEEP_PROGUARD
Event: 34.826 loading class com/android/build/api/artifact/MultipleArtifact$MULTIDEX_KEEP_PROGUARD done
Event: 34.827 loading class org/gradle/api/internal/file/collections/ProviderBackedFileCollection
Event: 34.827 loading class org/gradle/api/internal/file/collections/ProviderBackedFileCollection done


Dynamic libraries:
0x00007ff63e1f0000 - 0x00007ff63e1fa000 	C:\Program Files\Android\Android Studio1\jre\bin\java.exe
0x00007ff9d0050000 - 0x00007ff9d0245000 	C:\WINDOWS\SYSTEM32\ntdll.dll
0x00007ff9cec80000 - 0x00007ff9ced3e000 	C:\WINDOWS\System32\KERNEL32.DLL
0x00007ff9cdb90000 - 0x00007ff9cde58000 	C:\WINDOWS\System32\KERNELBASE.dll
0x00007ff9cd7c0000 - 0x00007ff9cd8c0000 	C:\WINDOWS\System32\ucrtbase.dll
0x00007ff9c72d0000 - 0x00007ff9c72e7000 	C:\Program Files\Android\Android Studio1\jre\bin\VCRUNTIME140.dll
0x00007ff9c7520000 - 0x00007ff9c7539000 	C:\Program Files\Android\Android Studio1\jre\bin\jli.dll
0x00007ff9ce340000 - 0x00007ff9ce4e0000 	C:\WINDOWS\System32\USER32.dll
0x00007ff9b9a80000 - 0x00007ff9b9d1a000 	C:\WINDOWS\WinSxS\amd64_microsoft.windows.common-controls_6595b64144ccf1df_6.0.19041.1110_none_60b5254171f9507e\COMCTL32.dll
0x00007ff9ce080000 - 0x00007ff9ce0a2000 	C:\WINDOWS\System32\win32u.dll
0x00007ff9ce4e0000 - 0x00007ff9ce50a000 	C:\WINDOWS\System32\GDI32.dll
0x00007ff9cf000000 - 0x00007ff9cf09e000 	C:\WINDOWS\System32\msvcrt.dll
0x00007ff9cde60000 - 0x00007ff9cdf6b000 	C:\WINDOWS\System32\gdi32full.dll
0x00007ff9cdf70000 - 0x00007ff9ce00d000 	C:\WINDOWS\System32\msvcp_win.dll
0x00007ff9ce0b0000 - 0x00007ff9ce0e0000 	C:\WINDOWS\System32\IMM32.DLL
0x00007ff9a89d0000 - 0x00007ff9a8a6d000 	C:\Program Files\Android\Android Studio1\jre\bin\msvcp140.dll
0x00007ff98e310000 - 0x00007ff98ede5000 	C:\Program Files\Android\Android Studio1\jre\bin\server\jvm.dll
0x00007ff9ce5e0000 - 0x00007ff9ce68e000 	C:\WINDOWS\System32\ADVAPI32.dll
0x00007ff9cfb00000 - 0x00007ff9cfb9c000 	C:\WINDOWS\System32\sechost.dll
0x00007ff9ce210000 - 0x00007ff9ce335000 	C:\WINDOWS\System32\RPCRT4.dll
0x00007ff9ce890000 - 0x00007ff9ce898000 	C:\WINDOWS\System32\PSAPI.DLL
0x00007ff9c9270000 - 0x00007ff9c9297000 	C:\WINDOWS\SYSTEM32\WINMM.dll
0x00007ff9c8ef0000 - 0x00007ff9c8ef9000 	C:\WINDOWS\SYSTEM32\WSOCK32.dll
0x00007ff9c6280000 - 0x00007ff9c628a000 	C:\WINDOWS\SYSTEM32\VERSION.dll
0x00007ff9ce690000 - 0x00007ff9ce6fb000 	C:\WINDOWS\System32\WS2_32.dll
0x00007ff9cc020000 - 0x00007ff9cc032000 	C:\WINDOWS\SYSTEM32\kernel.appcore.dll
0x00007ff9c7b70000 - 0x00007ff9c7b81000 	C:\Program Files\Android\Android Studio1\jre\bin\verify.dll
0x00007ff9cb590000 - 0x00007ff9cb774000 	C:\WINDOWS\SYSTEM32\DBGHELP.DLL
0x00007ff9adac0000 - 0x00007ff9adaec000 	C:\WINDOWS\SYSTEM32\dbgcore.DLL
0x00007ff9cda50000 - 0x00007ff9cdad2000 	C:\WINDOWS\System32\bcryptPrimitives.dll
0x00007ff9c75f0000 - 0x00007ff9c7619000 	C:\Program Files\Android\Android Studio1\jre\bin\java.dll
0x00007ff9c7b60000 - 0x00007ff9c7b6b000 	C:\Program Files\Android\Android Studio1\jre\bin\jimage.dll
0x00007ff9c75d0000 - 0x00007ff9c75e8000 	C:\Program Files\Android\Android Studio1\jre\bin\zip.dll
0x00007ff9cf200000 - 0x00007ff9cf944000 	C:\WINDOWS\System32\SHELL32.dll
0x00007ff9cb870000 - 0x00007ff9cc004000 	C:\WINDOWS\SYSTEM32\windows.storage.dll
0x00007ff9ce8a0000 - 0x00007ff9cebf4000 	C:\WINDOWS\System32\combase.dll
0x00007ff9cd1e0000 - 0x00007ff9cd20c000 	C:\WINDOWS\SYSTEM32\Wldp.dll
0x00007ff9ce700000 - 0x00007ff9ce7ad000 	C:\WINDOWS\System32\SHCORE.dll
0x00007ff9ce830000 - 0x00007ff9ce885000 	C:\WINDOWS\System32\shlwapi.dll
0x00007ff9cd6b0000 - 0x00007ff9cd6cf000 	C:\WINDOWS\SYSTEM32\profapi.dll
0x00007ff9c5870000 - 0x00007ff9c588a000 	C:\Program Files\Android\Android Studio1\jre\bin\net.dll
0x00007ff9bcd20000 - 0x00007ff9bce2a000 	C:\WINDOWS\SYSTEM32\WINHTTP.dll
0x00007ff9ccf40000 - 0x00007ff9ccfaa000 	C:\WINDOWS\system32\mswsock.dll
0x00007ff9c31e0000 - 0x00007ff9c31f4000 	C:\Program Files\Android\Android Studio1\jre\bin\nio.dll
0x00007ff9bcbd0000 - 0x00007ff9bcbf7000 	C:\Users\ASUS\AndroidStudioProjects\Room-Chapter-6\native\e1d6ef7f7dcc3fd88c89a11ec53ec762bb8ba0a96d01ffa2cd45eb1d1d8dd5c5\windows-amd64\native-platform.dll
0x00007ff991070000 - 0x00007ff9911b4000 	C:\Users\ASUS\AndroidStudioProjects\Room-Chapter-6\native\5664cfc778a61ccfe75a443a1ab52a65af34e5dc3c78e0209fed803814484fcb\windows-amd64\native-platform-file-events.dll
0x00007ff9c7470000 - 0x00007ff9c747a000 	C:\Program Files\Android\Android Studio1\jre\bin\management.dll
0x00007ff9c7210000 - 0x00007ff9c721d000 	C:\Program Files\Android\Android Studio1\jre\bin\management_ext.dll
0x00007ff9cd130000 - 0x00007ff9cd148000 	C:\WINDOWS\SYSTEM32\CRYPTSP.dll
0x00007ff9cc850000 - 0x00007ff9cc884000 	C:\WINDOWS\system32\rsaenh.dll
0x00007ff9cd8c0000 - 0x00007ff9cd8e7000 	C:\WINDOWS\System32\bcrypt.dll
0x00007ff9cd670000 - 0x00007ff9cd69e000 	C:\WINDOWS\SYSTEM32\USERENV.dll
0x00007ff9cd150000 - 0x00007ff9cd15c000 	C:\WINDOWS\SYSTEM32\CRYPTBASE.dll
0x00007ff9ccbe0000 - 0x00007ff9ccc1b000 	C:\WINDOWS\SYSTEM32\IPHLPAPI.DLL
0x00007ff9cf1f0000 - 0x00007ff9cf1f8000 	C:\WINDOWS\System32\NSI.dll
0x00007ff9c2880000 - 0x00007ff9c2897000 	C:\WINDOWS\SYSTEM32\dhcpcsvc6.DLL
0x00007ff9c3550000 - 0x00007ff9c356d000 	C:\WINDOWS\SYSTEM32\dhcpcsvc.DLL
0x00007ff9ccc20000 - 0x00007ff9ccceb000 	C:\WINDOWS\SYSTEM32\DNSAPI.dll

dbghelp: loaded successfully - version: 4.0.5 - missing functions: none
symbol engine: initialized successfully - sym options: 0x614 - pdb path: .;C:\Program Files\Android\Android Studio1\jre\bin;C:\WINDOWS\SYSTEM32;C:\WINDOWS\WinSxS\amd64_microsoft.windows.common-controls_6595b64144ccf1df_6.0.19041.1110_none_60b5254171f9507e;C:\Program Files\Android\Android Studio1\jre\bin\server;C:\Users\ASUS\AndroidStudioProjects\Room-Chapter-6\native\e1d6ef7f7dcc3fd88c89a11ec53ec762bb8ba0a96d01ffa2cd45eb1d1d8dd5c5\windows-amd64;C:\Users\ASUS\AndroidStudioProjects\Room-Chapter-6\native\5664cfc778a61ccfe75a443a1ab52a65af34e5dc3c78e0209fed803814484fcb\windows-amd64

VM Arguments:
jvm_args: --add-opens=java.base/java.util=ALL-UNNAMED --add-opens=java.base/java.lang=ALL-UNNAMED --add-opens=java.base/java.lang.invoke=ALL-UNNAMED --add-opens=java.base/java.util=ALL-UNNAMED --add-opens=java.prefs/java.util.prefs=ALL-UNNAMED --add-opens=java.prefs/java.util.prefs=ALL-UNNAMED --add-opens=java.base/java.nio.charset=ALL-UNNAMED --add-opens=java.base/java.net=ALL-UNNAMED --add-opens=java.base/java.util.concurrent.atomic=ALL-UNNAMED -Xmx2048m -Dfile.encoding=windows-1252 -Duser.country=ID -Duser.language=en -Duser.variant 
java_command: org.gradle.launcher.daemon.bootstrap.GradleDaemon 7.2
java_class_path (initial): C:\Users\ASUS\AndroidStudioProjects\Room-Chapter-6\wrapper\dists\gradle-7.2-bin\2dnblmf4td7x66yl1d74lt32g\gradle-7.2\lib\gradle-launcher-7.2.jar
Launcher Type: SUN_STANDARD

[Global flags]
     intx CICompilerCount                          = 3                                         {product} {ergonomic}
     uint ConcGCThreads                            = 1                                         {product} {ergonomic}
     uint G1ConcRefinementThreads                  = 4                                         {product} {ergonomic}
   size_t G1HeapRegionSize                         = 1048576                                   {product} {ergonomic}
    uintx GCDrainStackTargetSize                   = 64                                        {product} {ergonomic}
   size_t InitialHeapSize                          = 67108864                                  {product} {ergonomic}
   size_t MarkStackSize                            = 4194304                                   {product} {ergonomic}
   size_t MaxHeapSize                              = 2147483648                                {product} {command line}
   size_t MaxNewSize                               = 1287651328                                {product} {ergonomic}
   size_t MinHeapDeltaBytes                        = 1048576                                   {product} {ergonomic}
    uintx NonNMethodCodeHeapSize                   = 5830732                                {pd product} {ergonomic}
    uintx NonProfiledCodeHeapSize                  = 122913754                              {pd product} {ergonomic}
    uintx ProfiledCodeHeapSize                     = 122913754                              {pd product} {ergonomic}
    uintx ReservedCodeCacheSize                    = 251658240                              {pd product} {ergonomic}
     bool SegmentedCodeCache                       = true                                      {product} {ergonomic}
     bool UseCompressedClassPointers               = true                                 {lp64_product} {ergonomic}
     bool UseCompressedOops                        = true                                 {lp64_product} {ergonomic}
     bool UseG1GC                                  = true                                      {product} {ergonomic}
     bool UseLargePagesIndividualAllocation        = false                                  {pd product} {ergonomic}

Logging:
Log output configuration:
 #0: stdout all=warning uptime,level,tags
 #1: stderr all=off uptime,level,tags

Environment Variables:
JAVA_HOME=C:\Program Files\Eclipse Adoptium\jdk-17.0.2.8-hotspot\
PATH=C:\Program Files\Eclipse Adoptium\jdk-17.0.2.8-hotspot\bin;C:\Program Files (x86)\Common Files\Intel\Shared Files\cpp\bin\Intel64;C:\WINDOWS\system32;C:\WINDOWS;C:\WINDOWS\System32\Wbem;C:\WINDOWS\System32\WindowsPowerShell\v1.0\;C:\WINDOWS\System32\OpenSSH\;C:\Program Files (x86)\Windows Live\Shared;C:\Program Files\Git\cmd;C:\Program Files\Dart\dart-sdk\bin;C:\Android1\sdk\cmdline-tools\latest\bin;C:\Android1\flutter\bin;C:\Users\ASUS\AppData\Local\Microsoft\WindowsApps;C:\Program Files\JetBrains\IntelliJ IDEA Community Edition 2021.3.2\bin;;C:\android\flutter\bin;C:\android\cmdline-tools\tools\bin;C:\Users\ASUS\AppData\Local\Programs\Microsoft VS Code\bin
USERNAME=ASUS
OS=Windows_NT
PROCESSOR_IDENTIFIER=Intel64 Family 6 Model 142 Stepping 9, GenuineIntel



---------------  S Y S T E M  ---------------

OS: Windows 10 , 64 bit Build 19041 (10.0.19041.1645)
OS uptime: 30 days 1:09 hours

CPU:total 4 (initial active 4) (2 cores per cpu, 2 threads per core) family 6 model 142 stepping 9 microcode 0xb4, cmov, cx8, fxsr, mmx, sse, sse2, sse3, ssse3, sse4.1, sse4.2, popcnt, avx, avx2, aes, clmul, erms, 3dnowpref, lzcnt, ht, tsc, tscinvbit, bmi1, bmi2, adx, fma

Memory: 4k page, system-wide physical 3978M (302M free)
TotalPageFile size 16266M (AvailPageFile size 11M)
current process WorkingSet (physical memory assigned to process): 254M, peak: 261M
current process commit charge ("private bytes"): 353M, peak: 356M

vm_info: OpenJDK 64-Bit Server VM (11.0.11+9-b60-7590822) for windows-amd64 JRE (11.0.11+9-b60-7590822), built on Jul 29 2021 21:43:44 by "builder" with MS VC++ 14.0 (VS2015)

END.
