#
# There is insufficient memory for the Java Runtime Environment to continue.
# Native memory allocation (malloc) failed to allocate 130736 bytes for Chunk::new
# Possible reasons:
#   The system is out of physical RAM or swap space
#   The process is running with CompressedOops enabled, and the Java Heap may be blocking the growth of the native heap
# Possible solutions:
#   Reduce memory load on the system
#   Increase physical memory or swap space
#   Check if swap backing store is full
#   Decrease Java heap size (-Xmx/-Xms)
#   Decrease number of Java threads
#   Decrease Java thread stack sizes (-Xss)
#   Set larger code cache with -XX:ReservedCodeCacheSize=
#   JVM is running with Unscaled Compressed Oops mode in which the Java heap is
#     placed in the first 4GB address space. The Java Heap base address is the
#     maximum limit for the native heap growth. Please use -XX:HeapBaseMinAddress
#     to set the Java Heap base and to place the Java Heap above 4GB virtual address.
# This output file may be truncated or incomplete.
#
#  Out of Memory Error (./src/hotspot/share/memory/arena.cpp:197), pid=8120, tid=12508
#
# JRE version: OpenJDK Runtime Environment (11.0.11+9) (build 11.0.11+9-b60-7590822)
# Java VM: OpenJDK 64-Bit Server VM (11.0.11+9-b60-7590822, mixed mode, tiered, compressed oops, g1 gc, windows-amd64)
# No core dump will be written. Minidumps are not enabled by default on client versions of Windows
#

---------------  S U M M A R Y ------------

Command Line: --add-opens=java.base/java.util=ALL-UNNAMED --add-opens=java.base/java.lang=ALL-UNNAMED --add-opens=java.base/java.lang.invoke=ALL-UNNAMED --add-opens=java.base/java.util=ALL-UNNAMED --add-opens=java.prefs/java.util.prefs=ALL-UNNAMED --add-opens=java.prefs/java.util.prefs=ALL-UNNAMED --add-opens=java.base/java.nio.charset=ALL-UNNAMED --add-opens=java.base/java.net=ALL-UNNAMED --add-opens=java.base/java.util.concurrent.atomic=ALL-UNNAMED -Xmx2048m -Dfile.encoding=windows-1252 -Duser.country=ID -Duser.language=en -Duser.variant org.gradle.launcher.daemon.bootstrap.GradleDaemon 7.2

Host: Intel(R) Core(TM) i3-7020U CPU @ 2.30GHz, 4 cores, 3G,  Windows 10 , 64 bit Build 19041 (10.0.19041.1645)
Time: Fri May 13 21:00:06 2022 Pacific Daylight Time elapsed time: 21.338432 seconds (0d 0h 0m 21s)

---------------  T H R E A D  ---------------

Current thread (0x000002186ce83800):  JavaThread "C2 CompilerThread1" daemon [_thread_in_native, id=12508, stack(0x000000cd3ad00000,0x000000cd3ae00000)]


Current CompileTask:
C2:  21338 6419       4       jdk.internal.loader.URLClassPath$JarLoader$2::getInputStream (15 bytes)

Stack: [0x000000cd3ad00000,0x000000cd3ae00000]
Native frames: (J=compiled Java code, j=interpreted, Vv=VM code, C=native code)
V  [jvm.dll+0x5f214a]
V  [jvm.dll+0x726fb5]
V  [jvm.dll+0x7285cd]
V  [jvm.dll+0x728c83]
V  [jvm.dll+0x243278]
V  [jvm.dll+0xbc53c]
V  [jvm.dll+0xbca3c]
V  [jvm.dll+0xbc638]
V  [jvm.dll+0x64dc1c]
V  [jvm.dll+0x50f744]
V  [jvm.dll+0x50d31e]
V  [jvm.dll+0x50a77e]
V  [jvm.dll+0x50a7f4]
V  [jvm.dll+0x5086f6]
V  [jvm.dll+0x1fd4b5]
V  [jvm.dll+0x1fb35f]
V  [jvm.dll+0x183d6c]
V  [jvm.dll+0x209a57]
V  [jvm.dll+0x2082a1]
V  [jvm.dll+0x6ef58f]
V  [jvm.dll+0x6e80b5]
V  [jvm.dll+0x5f1036]
C  [ucrtbase.dll+0x21bb2]
C  [KERNEL32.DLL+0x17034]
C  [ntdll.dll+0x52651]


---------------  P R O C E S S  ---------------

Threads class SMR info:
_java_thread_list=0x000002186d021180, length=79, elements={
0x000002184ba1c000, 0x0000021865d0a800, 0x0000021865d0d800, 0x00000218666a2800,
0x00000218666a6000, 0x00000218666a7000, 0x00000218666ac000, 0x0000021865d71800,
0x0000021865d7b000, 0x00000218667e9000, 0x0000021867865800, 0x0000021867dcb800,
0x0000021867e3a800, 0x000002186735d800, 0x000002186735e000, 0x000002186735f800,
0x0000021867386800, 0x0000021867387000, 0x0000021868209800, 0x00000218668be000,
0x00000218668bf800, 0x00000218668be800, 0x00000218668bb800, 0x00000218668c2000,
0x00000218668bc800, 0x00000218668bd000, 0x00000218668c0800, 0x00000218668c1000,
0x000002186948d000, 0x000002186948e000, 0x0000021869491000, 0x0000021869492000,
0x0000021869493000, 0x0000021869493800, 0x0000021869498800, 0x0000021869494800,
0x0000021869495800, 0x0000021869497000, 0x0000021869499800, 0x0000021869497800,
0x0000021869496000, 0x000002186949a000, 0x000002186949b000, 0x000002186b08a800,
0x000002186b08c000, 0x000002186b088000, 0x000002186b08b000, 0x000002186b08d000,
0x000002186b087000, 0x000002186b08d800, 0x000002186b08e800, 0x000002186b088800,
0x000002186b08f000, 0x000002186b089800, 0x000002186b093800, 0x000002186b094000,
0x000002186b095800, 0x000002186b091000, 0x000002186b092800, 0x000002186b090000,
0x000002186b095000, 0x000002186b091800, 0x0000021869044000, 0x000002186903e800,
0x0000021869043000, 0x0000021869045000, 0x000002186903f000, 0x0000021869045800,
0x0000021869040000, 0x0000021869046800, 0x0000021869041000, 0x0000021869042800,
0x0000021869047800, 0x0000021869041800, 0x000002186904c000, 0x000002186904d000,
0x0000021869048000, 0x000002186ce83800, 0x0000021869049800
}

Java Threads: ( => current thread )
  0x000002184ba1c000 JavaThread "main" [_thread_blocked, id=16368, stack(0x000000cd37f00000,0x000000cd38000000)]
  0x0000021865d0a800 JavaThread "Reference Handler" daemon [_thread_blocked, id=14288, stack(0x000000cd38600000,0x000000cd38700000)]
  0x0000021865d0d800 JavaThread "Finalizer" daemon [_thread_blocked, id=17092, stack(0x000000cd38700000,0x000000cd38800000)]
  0x00000218666a2800 JavaThread "Signal Dispatcher" daemon [_thread_blocked, id=16136, stack(0x000000cd38800000,0x000000cd38900000)]
  0x00000218666a6000 JavaThread "Attach Listener" daemon [_thread_blocked, id=5364, stack(0x000000cd38900000,0x000000cd38a00000)]
  0x00000218666a7000 JavaThread "Service Thread" daemon [_thread_blocked, id=9548, stack(0x000000cd38a00000,0x000000cd38b00000)]
  0x00000218666ac000 JavaThread "C2 CompilerThread0" daemon [_thread_in_native, id=11856, stack(0x000000cd38b00000,0x000000cd38c00000)]
  0x0000021865d71800 JavaThread "C1 CompilerThread0" daemon [_thread_in_native, id=14040, stack(0x000000cd38c00000,0x000000cd38d00000)]
  0x0000021865d7b000 JavaThread "Sweeper thread" daemon [_thread_blocked, id=9952, stack(0x000000cd38d00000,0x000000cd38e00000)]
  0x00000218667e9000 JavaThread "Common-Cleaner" daemon [_thread_blocked, id=1868, stack(0x000000cd38e00000,0x000000cd38f00000)]
  0x0000021867865800 JavaThread "Daemon health stats" [_thread_blocked, id=9100, stack(0x000000cd39100000,0x000000cd39200000)]
  0x0000021867dcb800 JavaThread "Incoming local TCP Connector on port 54133" [_thread_in_native, id=15208, stack(0x000000cd39200000,0x000000cd39300000)]
  0x0000021867e3a800 JavaThread "Daemon periodic checks" [_thread_blocked, id=4800, stack(0x000000cd39300000,0x000000cd39400000)]
  0x000002186735d800 JavaThread "Daemon" [_thread_blocked, id=10396, stack(0x000000cd39600000,0x000000cd39700000)]
  0x000002186735e000 JavaThread "Handler for socket connection from /127.0.0.1:54133 to /127.0.0.1:54134" [_thread_in_native, id=11652, stack(0x000000cd39700000,0x000000cd39800000)]
  0x000002186735f800 JavaThread "Cancel handler" [_thread_blocked, id=8948, stack(0x000000cd39800000,0x000000cd39900000)]
  0x0000021867386800 JavaThread "Daemon worker" [_thread_in_Java, id=15892, stack(0x000000cd39900000,0x000000cd39a00000)]
  0x0000021867387000 JavaThread "Asynchronous log dispatcher for DefaultDaemonConnection: socket connection from /127.0.0.1:54133 to /127.0.0.1:54134" [_thread_blocked, id=12828, stack(0x000000cd39a00000,0x000000cd39b00000)]
  0x0000021868209800 JavaThread "Stdin handler" [_thread_blocked, id=2168, stack(0x000000cd39b00000,0x000000cd39c00000)]
  0x00000218668be000 JavaThread "Daemon client event forwarder" [_thread_blocked, id=236, stack(0x000000cd39c00000,0x000000cd39d00000)]
  0x00000218668bf800 JavaThread "Cache worker for journal cache (C:\Users\ASUS\AndroidStudioProjects\Room-Chapter-6\caches\journal-1)" [_thread_blocked, id=15196, stack(0x000000cd39d00000,0x000000cd39e00000)]
  0x00000218668be800 JavaThread "File lock request listener" [_thread_in_native, id=17160, stack(0x000000cd39e00000,0x000000cd39f00000)]
  0x00000218668bb800 JavaThread "Cache worker for file hash cache (C:\Users\ASUS\AndroidStudioProjects\Room-Chapter-6\caches\7.2\fileHashes)" [_thread_blocked, id=6984, stack(0x000000cd39f00000,0x000000cd3a000000)]
  0x00000218668c2000 JavaThread "Cache worker for file hash cache (C:\Users\ASUS\AndroidStudioProjects\fixphone\.gradle\7.2\fileHashes)" [_thread_blocked, id=15528, stack(0x000000cd3a000000,0x000000cd3a100000)]
  0x00000218668bc800 JavaThread "File watcher server" daemon [_thread_in_native, id=9632, stack(0x000000cd3a100000,0x000000cd3a200000)]
  0x00000218668bd000 JavaThread "File watcher consumer" daemon [_thread_blocked, id=9324, stack(0x000000cd3a200000,0x000000cd3a300000)]
  0x00000218668c0800 JavaThread "Cache worker for checksums cache (C:\Users\ASUS\AndroidStudioProjects\fixphone\.gradle\checksums)" [_thread_blocked, id=3368, stack(0x000000cd3a300000,0x000000cd3a400000)]
  0x00000218668c1000 JavaThread "Cache worker for cache directory md-supplier (C:\Users\ASUS\AndroidStudioProjects\Room-Chapter-6\caches\7.2\md-supplier)" [_thread_blocked, id=11504, stack(0x000000cd3a400000,0x000000cd3a500000)]
  0x000002186948d000 JavaThread "Cache worker for cache directory md-rule (C:\Users\ASUS\AndroidStudioProjects\Room-Chapter-6\caches\7.2\md-rule)" [_thread_blocked, id=13852, stack(0x000000cd3a500000,0x000000cd3a600000)]
  0x000002186948e000 JavaThread "Cache worker for execution history cache (C:\Users\ASUS\AndroidStudioProjects\Room-Chapter-6\caches\7.2\executionHistory)" [_thread_blocked, id=12944, stack(0x000000cd3a600000,0x000000cd3a700000)]
  0x0000021869491000 JavaThread "jar transforms" [_thread_blocked, id=8860, stack(0x000000cd3a700000,0x000000cd3a800000)]
  0x0000021869492000 JavaThread "Cache worker for file content cache (C:\Users\ASUS\AndroidStudioProjects\Room-Chapter-6\caches\7.2\fileContent)" [_thread_blocked, id=16616, stack(0x000000cd3a800000,0x000000cd3a900000)]
  0x0000021869493000 JavaThread "jar transforms Thread 2" [_thread_blocked, id=16428, stack(0x000000cd3a900000,0x000000cd3aa00000)]
  0x0000021869493800 JavaThread "Cache worker for dependencies-accessors (C:\Users\ASUS\AndroidStudioProjects\fixphone\.gradle\7.2\dependencies-accessors)" [_thread_blocked, id=13288, stack(0x000000cd3aa00000,0x000000cd3ab00000)]
  0x0000021869498800 JavaThread "jar transforms Thread 3" [_thread_blocked, id=16076, stack(0x000000cd3ab00000,0x000000cd3ac00000)]
  0x0000021869494800 JavaThread "Cache worker for Build Output Cleanup Cache (C:\Users\ASUS\AndroidStudioProjects\fixphone\.gradle\buildOutputCleanup)" [_thread_blocked, id=5212, stack(0x000000cd3ac00000,0x000000cd3ad00000)]
  0x0000021869495800 JavaThread "Unconstrained build operations" [_thread_blocked, id=11348, stack(0x000000cd3ae00000,0x000000cd3af00000)]
  0x0000021869497000 JavaThread "Unconstrained build operations Thread 2" [_thread_blocked, id=12780, stack(0x000000cd3af00000,0x000000cd3b000000)]
  0x0000021869499800 JavaThread "Unconstrained build operations Thread 3" [_thread_blocked, id=14956, stack(0x000000cd3b000000,0x000000cd3b100000)]
  0x0000021869497800 JavaThread "Unconstrained build operations Thread 4" [_thread_blocked, id=14672, stack(0x000000cd3b100000,0x000000cd3b200000)]
  0x0000021869496000 JavaThread "Unconstrained build operations Thread 5" [_thread_blocked, id=11432, stack(0x000000cd3b200000,0x000000cd3b300000)]
  0x000002186949a000 JavaThread "Unconstrained build operations Thread 6" [_thread_blocked, id=7576, stack(0x000000cd3b300000,0x000000cd3b400000)]
  0x000002186949b000 JavaThread "Unconstrained build operations Thread 7" [_thread_blocked, id=5224, stack(0x000000cd3b400000,0x000000cd3b500000)]
  0x000002186b08a800 JavaThread "Unconstrained build operations Thread 8" [_thread_blocked, id=3832, stack(0x000000cd3b500000,0x000000cd3b600000)]
  0x000002186b08c000 JavaThread "Unconstrained build operations Thread 9" [_thread_blocked, id=16924, stack(0x000000cd3b600000,0x000000cd3b700000)]
  0x000002186b088000 JavaThread "Unconstrained build operations Thread 10" [_thread_blocked, id=16340, stack(0x000000cd3b700000,0x000000cd3b800000)]
  0x000002186b08b000 JavaThread "Unconstrained build operations Thread 11" [_thread_blocked, id=11324, stack(0x000000cd3b800000,0x000000cd3b900000)]
  0x000002186b08d000 JavaThread "Unconstrained build operations Thread 12" [_thread_blocked, id=2084, stack(0x000000cd3b900000,0x000000cd3ba00000)]
  0x000002186b087000 JavaThread "Unconstrained build operations Thread 13" [_thread_blocked, id=11132, stack(0x000000cd3ba00000,0x000000cd3bb00000)]
  0x000002186b08d800 JavaThread "Unconstrained build operations Thread 14" [_thread_blocked, id=1760, stack(0x000000cd3bb00000,0x000000cd3bc00000)]
  0x000002186b08e800 JavaThread "Unconstrained build operations Thread 15" [_thread_blocked, id=9844, stack(0x000000cd3bc00000,0x000000cd3bd00000)]
  0x000002186b088800 JavaThread "Unconstrained build operations Thread 16" [_thread_blocked, id=13900, stack(0x000000cd3bd00000,0x000000cd3be00000)]
  0x000002186b08f000 JavaThread "Unconstrained build operations Thread 17" [_thread_blocked, id=1652, stack(0x000000cd3be00000,0x000000cd3bf00000)]
  0x000002186b089800 JavaThread "Unconstrained build operations Thread 18" [_thread_blocked, id=5756, stack(0x000000cd3bf00000,0x000000cd3c000000)]
  0x000002186b093800 JavaThread "Unconstrained build operations Thread 19" [_thread_blocked, id=15472, stack(0x000000cd3c000000,0x000000cd3c100000)]
  0x000002186b094000 JavaThread "Unconstrained build operations Thread 20" [_thread_blocked, id=9112, stack(0x000000cd3c100000,0x000000cd3c200000)]
  0x000002186b095800 JavaThread "Unconstrained build operations Thread 21" [_thread_blocked, id=14376, stack(0x000000cd3c200000,0x000000cd3c300000)]
  0x000002186b091000 JavaThread "Unconstrained build operations Thread 22" [_thread_blocked, id=14424, stack(0x000000cd3c300000,0x000000cd3c400000)]
  0x000002186b092800 JavaThread "Unconstrained build operations Thread 23" [_thread_blocked, id=14636, stack(0x000000cd3c400000,0x000000cd3c500000)]
  0x000002186b090000 JavaThread "Unconstrained build operations Thread 24" [_thread_blocked, id=3796, stack(0x000000cd3c500000,0x000000cd3c600000)]
  0x000002186b095000 JavaThread "Unconstrained build operations Thread 25" [_thread_blocked, id=16948, stack(0x000000cd3c600000,0x000000cd3c700000)]
  0x000002186b091800 JavaThread "Unconstrained build operations Thread 26" [_thread_blocked, id=10408, stack(0x000000cd3c700000,0x000000cd3c800000)]
  0x0000021869044000 JavaThread "Unconstrained build operations Thread 27" [_thread_blocked, id=15784, stack(0x000000cd3c800000,0x000000cd3c900000)]
  0x000002186903e800 JavaThread "Unconstrained build operations Thread 28" [_thread_blocked, id=16624, stack(0x000000cd3c900000,0x000000cd3ca00000)]
  0x0000021869043000 JavaThread "Unconstrained build operations Thread 29" [_thread_blocked, id=6344, stack(0x000000cd3ca00000,0x000000cd3cb00000)]
  0x0000021869045000 JavaThread "Unconstrained build operations Thread 30" [_thread_blocked, id=13892, stack(0x000000cd3cb00000,0x000000cd3cc00000)]
  0x000002186903f000 JavaThread "Unconstrained build operations Thread 31" [_thread_blocked, id=9416, stack(0x000000cd3cc00000,0x000000cd3cd00000)]
  0x0000021869045800 JavaThread "Unconstrained build operations Thread 32" [_thread_blocked, id=7176, stack(0x000000cd3cd00000,0x000000cd3ce00000)]
  0x0000021869040000 JavaThread "Unconstrained build operations Thread 33" [_thread_blocked, id=8492, stack(0x000000cd3ce00000,0x000000cd3cf00000)]
  0x0000021869046800 JavaThread "Unconstrained build operations Thread 34" [_thread_blocked, id=15504, stack(0x000000cd3cf00000,0x000000cd3d000000)]
  0x0000021869041000 JavaThread "Unconstrained build operations Thread 35" [_thread_blocked, id=8468, stack(0x000000cd3d000000,0x000000cd3d100000)]
  0x0000021869042800 JavaThread "Unconstrained build operations Thread 36" [_thread_blocked, id=13380, stack(0x000000cd3d100000,0x000000cd3d200000)]
  0x0000021869047800 JavaThread "Unconstrained build operations Thread 37" [_thread_blocked, id=11816, stack(0x000000cd3d200000,0x000000cd3d300000)]
  0x0000021869041800 JavaThread "Unconstrained build operations Thread 38" [_thread_blocked, id=16780, stack(0x000000cd3d300000,0x000000cd3d400000)]
  0x000002186904c000 JavaThread "Unconstrained build operations Thread 39" [_thread_blocked, id=11084, stack(0x000000cd3d400000,0x000000cd3d500000)]
  0x000002186904d000 JavaThread "Unconstrained build operations Thread 40" [_thread_blocked, id=13152, stack(0x000000cd3d500000,0x000000cd3d600000)]
  0x0000021869048000 JavaThread "jar transforms Thread 4" [_thread_blocked, id=12216, stack(0x000000cd3d600000,0x000000cd3d700000)]
=>0x000002186ce83800 JavaThread "C2 CompilerThread1" daemon [_thread_in_native, id=12508, stack(0x000000cd3ad00000,0x000000cd3ae00000)]
  0x0000021869049800 JavaThread "Memory manager" [_thread_blocked, id=15476, stack(0x000000cd3d700000,0x000000cd3d800000)]

Other Threads:
  0x0000021865d04800 VMThread "VM Thread" [stack: 0x000000cd38500000,0x000000cd38600000] [id=16628]
  0x000002186682e000 WatcherThread [stack: 0x000000cd38f00000,0x000000cd39000000] [id=13664]
  0x000002184ba35000 GCTaskThread "GC Thread#0" [stack: 0x000000cd38000000,0x000000cd38100000] [id=5812]
  0x0000021866ce4000 GCTaskThread "GC Thread#1" [stack: 0x000000cd39000000,0x000000cd39100000] [id=14680]
  0x0000021867f33000 GCTaskThread "GC Thread#2" [stack: 0x000000cd39400000,0x000000cd39500000] [id=7436]
  0x00000218671eb800 GCTaskThread "GC Thread#3" [stack: 0x000000cd39500000,0x000000cd39600000] [id=8184]
  0x000002184ba65800 ConcurrentGCThread "G1 Main Marker" [stack: 0x000000cd38100000,0x000000cd38200000] [id=9132]
  0x000002184ba67000 ConcurrentGCThread "G1 Conc#0" [stack: 0x000000cd38200000,0x000000cd38300000] [id=920]
  0x000002184bac3000 ConcurrentGCThread "G1 Refine#0" [stack: 0x000000cd38300000,0x000000cd38400000] [id=9840]
  0x000002184bac4000 ConcurrentGCThread "G1 Young RemSet Sampling" [stack: 0x000000cd38400000,0x000000cd38500000] [id=1236]

Threads with active compile tasks:
C2 CompilerThread0  21405 6412   !   4       jdk.internal.loader.Resource::getBytes (242 bytes)
C2 CompilerThread1  21405 6419       4       jdk.internal.loader.URLClassPath$JarLoader$2::getInputStream (15 bytes)

VM state:not at safepoint (normal execution)

VM Mutex/Monitor currently owned by a thread: None

Heap address: 0x0000000080000000, size: 2048 MB, Compressed Oops mode: 32-bit
Narrow klass base: 0x0000000000000000, Narrow klass shift: 3
Compressed class space size: 1073741824 Address: 0x0000000100000000

Heap:
 garbage-first heap   total 118784K, used 69782K [0x0000000080000000, 0x0000000100000000)
  region size 1024K, 16 young (16384K), 5 survivors (5120K)
 Metaspace       used 62805K, capacity 64267K, committed 64332K, reserved 1105920K
  class space    used 7897K, capacity 8466K, committed 8524K, reserved 1048576K
Heap Regions: E=young(eden), S=young(survivor), O=old, HS=humongous(starts), HC=humongous(continues), CS=collection set, F=free, A=archive, TAMS=top-at-mark-start (previous, next)
|   0|0x0000000080000000, 0x0000000080100000, 0x0000000080100000|100%|HS|  |TAMS 0x0000000080100000, 0x0000000080000000| Complete 
|   1|0x0000000080100000, 0x0000000080200000, 0x0000000080200000|100%|HC|  |TAMS 0x0000000080200000, 0x0000000080100000| Complete 
|   2|0x0000000080200000, 0x0000000080300000, 0x0000000080300000|100%|HC|  |TAMS 0x0000000080300000, 0x0000000080200000| Complete 
|   3|0x0000000080300000, 0x0000000080400000, 0x0000000080400000|100%| O|  |TAMS 0x0000000080400000, 0x0000000080300000| Untracked 
|   4|0x0000000080400000, 0x0000000080500000, 0x0000000080500000|100%| O|  |TAMS 0x0000000080500000, 0x0000000080400000| Untracked 
|   5|0x0000000080500000, 0x0000000080600000, 0x0000000080600000|100%| O|  |TAMS 0x0000000080600000, 0x0000000080500000| Untracked 
|   6|0x0000000080600000, 0x0000000080700000, 0x0000000080700000|100%| O|  |TAMS 0x0000000080700000, 0x0000000080600000| Untracked 
|   7|0x0000000080700000, 0x0000000080800000, 0x0000000080800000|100%| O|  |TAMS 0x0000000080800000, 0x0000000080700000| Untracked 
|   8|0x0000000080800000, 0x0000000080900000, 0x0000000080900000|100%| O|  |TAMS 0x0000000080900000, 0x0000000080800000| Untracked 
|   9|0x0000000080900000, 0x0000000080a00000, 0x0000000080a00000|100%| O|  |TAMS 0x0000000080a00000, 0x0000000080900000| Untracked 
|  10|0x0000000080a00000, 0x0000000080b00000, 0x0000000080b00000|100%| O|  |TAMS 0x0000000080b00000, 0x0000000080a00000| Untracked 
|  11|0x0000000080b00000, 0x0000000080c00000, 0x0000000080c00000|100%| O|  |TAMS 0x0000000080c00000, 0x0000000080b00000| Untracked 
|  12|0x0000000080c00000, 0x0000000080d00000, 0x0000000080d00000|100%| O|  |TAMS 0x0000000080d00000, 0x0000000080c00000| Untracked 
|  13|0x0000000080d00000, 0x0000000080e00000, 0x0000000080e00000|100%| O|  |TAMS 0x0000000080e00000, 0x0000000080d00000| Untracked 
|  14|0x0000000080e00000, 0x0000000080f00000, 0x0000000080f00000|100%| O|  |TAMS 0x0000000080f00000, 0x0000000080e00000| Untracked 
|  15|0x0000000080f00000, 0x0000000081000000, 0x0000000081000000|100%| O|  |TAMS 0x0000000081000000, 0x0000000080f00000| Untracked 
|  16|0x0000000081000000, 0x0000000081100000, 0x0000000081100000|100%| O|  |TAMS 0x0000000081100000, 0x0000000081000000| Untracked 
|  17|0x0000000081100000, 0x0000000081200000, 0x0000000081200000|100%| O|  |TAMS 0x0000000081200000, 0x0000000081100000| Untracked 
|  18|0x0000000081200000, 0x0000000081300000, 0x0000000081300000|100%| O|  |TAMS 0x0000000081300000, 0x0000000081200000| Untracked 
|  19|0x0000000081300000, 0x0000000081400000, 0x0000000081400000|100%| O|  |TAMS 0x0000000081400000, 0x0000000081300000| Untracked 
|  20|0x0000000081400000, 0x0000000081500000, 0x0000000081500000|100%| O|  |TAMS 0x0000000081500000, 0x0000000081400000| Untracked 
|  21|0x0000000081500000, 0x0000000081600000, 0x0000000081600000|100%| O|  |TAMS 0x0000000081600000, 0x0000000081500000| Untracked 
|  22|0x0000000081600000, 0x0000000081700000, 0x0000000081700000|100%| O|  |TAMS 0x0000000081700000, 0x0000000081600000| Untracked 
|  23|0x0000000081700000, 0x0000000081800000, 0x0000000081800000|100%| O|  |TAMS 0x0000000081800000, 0x0000000081700000| Untracked 
|  24|0x0000000081800000, 0x0000000081900000, 0x0000000081900000|100%| O|  |TAMS 0x0000000081900000, 0x0000000081800000| Untracked 
|  25|0x0000000081900000, 0x0000000081a00000, 0x0000000081a00000|100%|HS|  |TAMS 0x0000000081a00000, 0x0000000081900000| Complete 
|  26|0x0000000081a00000, 0x0000000081b00000, 0x0000000081b00000|100%| O|  |TAMS 0x0000000081b00000, 0x0000000081a00000| Untracked 
|  27|0x0000000081b00000, 0x0000000081c00000, 0x0000000081c00000|100%| O|  |TAMS 0x0000000081c00000, 0x0000000081b00000| Untracked 
|  28|0x0000000081c00000, 0x0000000081d00000, 0x0000000081d00000|100%|HS|  |TAMS 0x0000000081d00000, 0x0000000081c00000| Complete 
|  29|0x0000000081d00000, 0x0000000081e00000, 0x0000000081e00000|100%|HS|  |TAMS 0x0000000081e00000, 0x0000000081d00000| Complete 
|  30|0x0000000081e00000, 0x0000000081f00000, 0x0000000081f00000|100%|HS|  |TAMS 0x0000000081f00000, 0x0000000081e00000| Complete 
|  31|0x0000000081f00000, 0x0000000082000000, 0x0000000082000000|100%|HS|  |TAMS 0x0000000082000000, 0x0000000081f00000| Complete 
|  32|0x0000000082000000, 0x0000000082100000, 0x0000000082100000|100%|HC|  |TAMS 0x0000000082100000, 0x0000000082000000| Complete 
|  33|0x0000000082100000, 0x0000000082200000, 0x0000000082200000|100%|HC|  |TAMS 0x0000000082200000, 0x0000000082100000| Complete 
|  34|0x0000000082200000, 0x0000000082300000, 0x0000000082300000|100%|HS|  |TAMS 0x0000000082300000, 0x0000000082200000| Complete 
|  35|0x0000000082300000, 0x0000000082400000, 0x0000000082400000|100%|HC|  |TAMS 0x0000000082400000, 0x0000000082300000| Complete 
|  36|0x0000000082400000, 0x0000000082500000, 0x0000000082500000|100%| O|  |TAMS 0x0000000082500000, 0x0000000082400000| Untracked 
|  37|0x0000000082500000, 0x0000000082600000, 0x0000000082600000|100%| O|  |TAMS 0x0000000082600000, 0x0000000082500000| Untracked 
|  38|0x0000000082600000, 0x0000000082700000, 0x0000000082700000|100%| O|  |TAMS 0x0000000082700000, 0x0000000082600000| Untracked 
|  39|0x0000000082700000, 0x0000000082800000, 0x0000000082800000|100%| O|  |TAMS 0x0000000082800000, 0x0000000082700000| Untracked 
|  40|0x0000000082800000, 0x0000000082900000, 0x0000000082900000|100%| O|  |TAMS 0x0000000082900000, 0x0000000082800000| Untracked 
|  41|0x0000000082900000, 0x0000000082a00000, 0x0000000082a00000|100%| O|  |TAMS 0x0000000082a00000, 0x0000000082900000| Untracked 
|  42|0x0000000082a00000, 0x0000000082b00000, 0x0000000082b00000|100%| O|  |TAMS 0x0000000082a00000, 0x0000000082a00000| Untracked 
|  43|0x0000000082b00000, 0x0000000082c00000, 0x0000000082c00000|100%| O|  |TAMS 0x0000000082b00000, 0x0000000082b00000| Untracked 
|  44|0x0000000082c00000, 0x0000000082c25800, 0x0000000082d00000| 14%| O|  |TAMS 0x0000000082c00000, 0x0000000082c00000| Untracked 
|  45|0x0000000082d00000, 0x0000000082d00000, 0x0000000082e00000|  0%| F|  |TAMS 0x0000000082d00000, 0x0000000082d00000| Untracked 
|  46|0x0000000082e00000, 0x0000000082e00000, 0x0000000082f00000|  0%| F|  |TAMS 0x0000000082e00000, 0x0000000082e00000| Untracked 
|  47|0x0000000082f00000, 0x0000000082f00000, 0x0000000083000000|  0%| F|  |TAMS 0x0000000082f00000, 0x0000000082f00000| Untracked 
|  48|0x0000000083000000, 0x0000000083100000, 0x0000000083100000|100%| O|  |TAMS 0x0000000083100000, 0x0000000083000000| Untracked 
|  49|0x0000000083100000, 0x0000000083200000, 0x0000000083200000|100%| O|  |TAMS 0x0000000083200000, 0x0000000083100000| Untracked 
|  50|0x0000000083200000, 0x0000000083300000, 0x0000000083300000|100%| O|  |TAMS 0x0000000083300000, 0x0000000083200000| Untracked 
|  51|0x0000000083300000, 0x0000000083400000, 0x0000000083400000|100%| O|  |TAMS 0x0000000083400000, 0x0000000083300000| Untracked 
|  52|0x0000000083400000, 0x0000000083500000, 0x0000000083500000|100%| O|  |TAMS 0x0000000083500000, 0x0000000083400000| Untracked 
|  53|0x0000000083500000, 0x0000000083600000, 0x0000000083600000|100%| O|  |TAMS 0x000000008358a800, 0x0000000083500000| Untracked 
|  54|0x0000000083600000, 0x0000000083600000, 0x0000000083700000|  0%| F|  |TAMS 0x0000000083600000, 0x0000000083600000| Untracked 
|  55|0x0000000083700000, 0x0000000083700000, 0x0000000083800000|  0%| F|  |TAMS 0x0000000083700000, 0x0000000083700000| Untracked 
|  56|0x0000000083800000, 0x0000000083800000, 0x0000000083900000|  0%| F|  |TAMS 0x0000000083800000, 0x0000000083800000| Untracked 
|  57|0x0000000083900000, 0x0000000083900000, 0x0000000083a00000|  0%| F|  |TAMS 0x0000000083900000, 0x0000000083900000| Untracked 
|  58|0x0000000083a00000, 0x0000000083a00000, 0x0000000083b00000|  0%| F|  |TAMS 0x0000000083a00000, 0x0000000083a00000| Untracked 
|  59|0x0000000083b00000, 0x0000000083b00000, 0x0000000083c00000|  0%| F|  |TAMS 0x0000000083b00000, 0x0000000083b00000| Untracked 
|  60|0x0000000083c00000, 0x0000000083c00000, 0x0000000083d00000|  0%| F|  |TAMS 0x0000000083c00000, 0x0000000083c00000| Untracked 
|  61|0x0000000083d00000, 0x0000000083d00000, 0x0000000083e00000|  0%| F|  |TAMS 0x0000000083d00000, 0x0000000083d00000| Untracked 
|  62|0x0000000083e00000, 0x0000000083e00000, 0x0000000083f00000|  0%| F|  |TAMS 0x0000000083e00000, 0x0000000083e00000| Untracked 
|  63|0x0000000083f00000, 0x0000000083f00000, 0x0000000084000000|  0%| F|  |TAMS 0x0000000083f00000, 0x0000000083f00000| Untracked 
|  64|0x0000000084000000, 0x0000000084000000, 0x0000000084100000|  0%| F|  |TAMS 0x0000000084000000, 0x0000000084000000| Untracked 
|  65|0x0000000084100000, 0x0000000084100000, 0x0000000084200000|  0%| F|  |TAMS 0x0000000084100000, 0x0000000084100000| Untracked 
|  66|0x0000000084200000, 0x0000000084200000, 0x0000000084300000|  0%| F|  |TAMS 0x0000000084200000, 0x0000000084200000| Untracked 
|  67|0x0000000084300000, 0x0000000084300000, 0x0000000084400000|  0%| F|  |TAMS 0x0000000084300000, 0x0000000084300000| Untracked 
|  68|0x0000000084400000, 0x0000000084400000, 0x0000000084500000|  0%| F|  |TAMS 0x0000000084400000, 0x0000000084400000| Untracked 
|  69|0x0000000084500000, 0x0000000084500000, 0x0000000084600000|  0%| F|  |TAMS 0x0000000084500000, 0x0000000084500000| Untracked 
|  70|0x0000000084600000, 0x0000000084600000, 0x0000000084700000|  0%| F|  |TAMS 0x0000000084600000, 0x0000000084600000| Untracked 
|  71|0x0000000084700000, 0x0000000084700000, 0x0000000084800000|  0%| F|  |TAMS 0x0000000084700000, 0x0000000084700000| Untracked 
|  72|0x0000000084800000, 0x0000000084800000, 0x0000000084900000|  0%| F|  |TAMS 0x0000000084800000, 0x0000000084800000| Untracked 
|  73|0x0000000084900000, 0x0000000084900000, 0x0000000084a00000|  0%| F|  |TAMS 0x0000000084900000, 0x0000000084900000| Untracked 
|  74|0x0000000084a00000, 0x0000000084b00000, 0x0000000084b00000|100%| S|CS|TAMS 0x0000000084a00000, 0x0000000084a00000| Complete 
|  75|0x0000000084b00000, 0x0000000084c00000, 0x0000000084c00000|100%| S|CS|TAMS 0x0000000084b00000, 0x0000000084b00000| Complete 
|  76|0x0000000084c00000, 0x0000000084d00000, 0x0000000084d00000|100%| S|CS|TAMS 0x0000000084c00000, 0x0000000084c00000| Complete 
|  77|0x0000000084d00000, 0x0000000084e00000, 0x0000000084e00000|100%| S|CS|TAMS 0x0000000084d00000, 0x0000000084d00000| Complete 
|  78|0x0000000084e00000, 0x0000000084f00000, 0x0000000084f00000|100%| S|CS|TAMS 0x0000000084e00000, 0x0000000084e00000| Complete 
|  79|0x0000000084f00000, 0x0000000084f00000, 0x0000000085000000|  0%| F|  |TAMS 0x0000000084f00000, 0x0000000084f00000| Untracked 
|  80|0x0000000085000000, 0x0000000085000000, 0x0000000085100000|  0%| F|  |TAMS 0x0000000085000000, 0x0000000085000000| Untracked 
|  81|0x0000000085100000, 0x0000000085100000, 0x0000000085200000|  0%| F|  |TAMS 0x0000000085100000, 0x0000000085100000| Untracked 
|  82|0x0000000085200000, 0x0000000085200000, 0x0000000085300000|  0%| F|  |TAMS 0x0000000085200000, 0x0000000085200000| Untracked 
|  83|0x0000000085300000, 0x0000000085300000, 0x0000000085400000|  0%| F|  |TAMS 0x0000000085300000, 0x0000000085300000| Untracked 
|  84|0x0000000085400000, 0x0000000085400000, 0x0000000085500000|  0%| F|  |TAMS 0x0000000085400000, 0x0000000085400000| Untracked 
|  85|0x0000000085500000, 0x0000000085500000, 0x0000000085600000|  0%| F|  |TAMS 0x0000000085500000, 0x0000000085500000| Untracked 
|  86|0x0000000085600000, 0x0000000085600000, 0x0000000085700000|  0%| F|  |TAMS 0x0000000085600000, 0x0000000085600000| Untracked 
|  87|0x0000000085700000, 0x0000000085700000, 0x0000000085800000|  0%| F|  |TAMS 0x0000000085700000, 0x0000000085700000| Untracked 
|  88|0x0000000085800000, 0x0000000085800000, 0x0000000085900000|  0%| F|  |TAMS 0x0000000085800000, 0x0000000085800000| Untracked 
|  89|0x0000000085900000, 0x0000000085900000, 0x0000000085a00000|  0%| F|  |TAMS 0x0000000085900000, 0x0000000085900000| Untracked 
|  90|0x0000000085a00000, 0x0000000085a00000, 0x0000000085b00000|  0%| F|  |TAMS 0x0000000085a00000, 0x0000000085a00000| Untracked 
|  91|0x0000000085b00000, 0x0000000085b00000, 0x0000000085c00000|  0%| F|  |TAMS 0x0000000085b00000, 0x0000000085b00000| Untracked 
|  92|0x0000000085c00000, 0x0000000085c00000, 0x0000000085d00000|  0%| F|  |TAMS 0x0000000085c00000, 0x0000000085c00000| Untracked 
|  93|0x0000000085d00000, 0x0000000085e00000, 0x0000000085e00000|100%| O|  |TAMS 0x0000000085e00000, 0x0000000085d00000| Untracked 
|  94|0x0000000085e00000, 0x0000000085f00000, 0x0000000085f00000|100%| O|  |TAMS 0x0000000085f00000, 0x0000000085e00000| Untracked 
|  95|0x0000000085f00000, 0x0000000086000000, 0x0000000086000000|100%| O|  |TAMS 0x0000000086000000, 0x0000000085f00000| Untracked 
|  96|0x0000000086000000, 0x0000000086000000, 0x0000000086100000|  0%| F|  |TAMS 0x0000000086000000, 0x0000000086000000| Untracked 
|  97|0x0000000086100000, 0x0000000086100000, 0x0000000086200000|  0%| F|  |TAMS 0x0000000086100000, 0x0000000086100000| Untracked 
|  98|0x0000000086200000, 0x0000000086200000, 0x0000000086300000|  0%| F|  |TAMS 0x0000000086200000, 0x0000000086200000| Untracked 
|  99|0x0000000086300000, 0x0000000086300000, 0x0000000086400000|  0%| F|  |TAMS 0x0000000086300000, 0x0000000086300000| Untracked 
| 100|0x0000000086400000, 0x0000000086400000, 0x0000000086500000|  0%| F|  |TAMS 0x0000000086400000, 0x0000000086400000| Untracked 
| 101|0x0000000086500000, 0x0000000086500000, 0x0000000086600000|  0%| F|  |TAMS 0x0000000086500000, 0x0000000086500000| Untracked 
| 102|0x0000000086600000, 0x0000000086600000, 0x0000000086700000|  0%| F|  |TAMS 0x0000000086600000, 0x0000000086600000| Untracked 
| 103|0x0000000086700000, 0x0000000086700000, 0x0000000086800000|  0%| F|  |TAMS 0x0000000086700000, 0x0000000086700000| Untracked 
| 104|0x0000000086800000, 0x0000000086800000, 0x0000000086900000|  0%| F|  |TAMS 0x0000000086800000, 0x0000000086800000| Untracked 
| 105|0x0000000086900000, 0x0000000086981010, 0x0000000086a00000| 50%| E|  |TAMS 0x0000000086900000, 0x0000000086900000| Complete 
| 106|0x0000000086a00000, 0x0000000086b00000, 0x0000000086b00000|100%| E|CS|TAMS 0x0000000086a00000, 0x0000000086a00000| Complete 
| 107|0x0000000086b00000, 0x0000000086c00000, 0x0000000086c00000|100%| E|CS|TAMS 0x0000000086b00000, 0x0000000086b00000| Complete 
| 108|0x0000000086c00000, 0x0000000086d00000, 0x0000000086d00000|100%| E|CS|TAMS 0x0000000086c00000, 0x0000000086c00000| Complete 
| 109|0x0000000086d00000, 0x0000000086e00000, 0x0000000086e00000|100%| E|CS|TAMS 0x0000000086d00000, 0x0000000086d00000| Complete 
| 110|0x0000000086e00000, 0x0000000086f00000, 0x0000000086f00000|100%| E|CS|TAMS 0x0000000086e00000, 0x0000000086e00000| Complete 
| 111|0x0000000086f00000, 0x0000000087000000, 0x0000000087000000|100%| E|CS|TAMS 0x0000000086f00000, 0x0000000086f00000| Complete 
| 112|0x0000000087000000, 0x0000000087100000, 0x0000000087100000|100%| E|CS|TAMS 0x0000000087000000, 0x0000000087000000| Complete 
| 113|0x0000000087100000, 0x0000000087200000, 0x0000000087200000|100%| E|CS|TAMS 0x0000000087100000, 0x0000000087100000| Complete 
| 114|0x0000000087200000, 0x0000000087300000, 0x0000000087300000|100%| E|CS|TAMS 0x0000000087200000, 0x0000000087200000| Complete 
| 115|0x0000000087300000, 0x0000000087400000, 0x0000000087400000|100%| E|CS|TAMS 0x0000000087300000, 0x0000000087300000| Complete 

Card table byte_map: [0x000002185ef50000,0x000002185f350000] _byte_map_base: 0x000002185eb50000

Marking Bits (Prev, Next): (CMBitMap*) 0x000002184ba5cd90, (CMBitMap*) 0x000002184ba5cd58
 Prev Bits: [0x0000021861750000, 0x0000021863750000)
 Next Bits: [0x000002185f750000, 0x0000021861750000)

Polling page: 0x000002184a1d0000

Metaspace:

Usage:
  Non-class:     54.56 MB capacity,    53.65 MB ( 98%) used,   765.65 KB (  1%) free+waste,   159.13 KB ( <1%) overhead. 
      Class:      8.27 MB capacity,     7.72 MB ( 93%) used,   489.86 KB (  6%) free+waste,    74.19 KB ( <1%) overhead. 
       Both:     62.82 MB capacity,    61.37 MB ( 98%) used,     1.23 MB (  2%) free+waste,   233.31 KB ( <1%) overhead. 

Virtual space:
  Non-class space:       56.00 MB reserved,      54.75 MB ( 98%) committed 
      Class space:        1.00 GB reserved,       8.32 MB ( <1%) committed 
             Both:        1.05 GB reserved,      63.07 MB (  6%) committed 

Chunk freelists:
   Non-Class:  7.00 KB
       Class:  14.00 KB
        Both:  21.00 KB

MaxMetaspaceSize: 17179869184.00 GB
CompressedClassSpaceSize: 1.00 GB

CodeHeap 'non-profiled nmethods': size=120064Kb used=3216Kb max_used=3216Kb free=116847Kb
 bounds [0x0000021856fe0000, 0x0000021857310000, 0x000002185e520000]
CodeHeap 'profiled nmethods': size=120000Kb used=13484Kb max_used=13484Kb free=106515Kb
 bounds [0x000002184fab0000, 0x00000218507e0000, 0x0000021856fe0000]
CodeHeap 'non-nmethods': size=5696Kb used=2256Kb max_used=2313Kb free=3439Kb
 bounds [0x000002184f520000, 0x000002184f790000, 0x000002184fab0000]
 total_blobs=7234 nmethods=6387 adapters=758
 compilation: enabled
              stopped_count=0, restarted_count=0
 full_count=0

Compilation events (20 events):
Event: 21.272 Thread 0x0000021865d71800 6423       3       java.lang.reflect.ProxyGenerator$ProxyMethod::<init> (71 bytes)
Event: 21.273 Thread 0x0000021865d71800 nmethod 6423 0x00000218507c8110 code [0x00000218507c8380, 0x00000218507c8de8]
Event: 21.280 Thread 0x0000021865d71800 6424       3       com.android.build.gradle.internal.dsl.decorator.DslDecorator$CollectingInfoVisitor::method (323 bytes)
Event: 21.284 Thread 0x0000021865d71800 nmethod 6424 0x00000218507c9110 code [0x00000218507c9660, 0x00000218507cbc18]
Event: 21.296 Thread 0x0000021865d71800 6425       3       java.lang.reflect.Executable::getDeclaredAnnotations (8 bytes)
Event: 21.297 Thread 0x0000021865d71800 nmethod 6425 0x00000218507cc810 code [0x00000218507cca00, 0x00000218507cce08]
Event: 21.321 Thread 0x0000021865d71800 6426       3       org.objectweb.asm.Type::<init> (26 bytes)
Event: 21.321 Thread 0x0000021865d71800 nmethod 6426 0x00000218507ccf90 code [0x00000218507cd140, 0x00000218507cd2f8]
Event: 21.321 Thread 0x0000021865d71800 6427       3       org.objectweb.asm.Type::getTypeInternal (199 bytes)
Event: 21.322 Thread 0x0000021865d71800 nmethod 6427 0x00000218507cd390 code [0x00000218507cd620, 0x00000218507ce408]
Event: 21.323 Thread 0x0000021865d71800 6428       3       org.objectweb.asm.SymbolTable::get (13 bytes)
Event: 21.323 Thread 0x0000021865d71800 nmethod 6428 0x00000218507ce890 code [0x00000218507cea40, 0x00000218507ceb98]
Event: 21.323 Thread 0x0000021865d71800 6429       3       org.objectweb.asm.SymbolTable::hash (10 bytes)
Event: 21.323 Thread 0x0000021865d71800 nmethod 6429 0x00000218507cec90 code [0x00000218507cee40, 0x00000218507cef68]
Event: 21.325 Thread 0x0000021865d71800 6430       3       org.objectweb.asm.SymbolTable::addConstantUtf8 (98 bytes)
Event: 21.326 Thread 0x0000021865d71800 nmethod 6430 0x00000218507cf090 code [0x00000218507cf2e0, 0x00000218507cf978]
Event: 21.326 Thread 0x0000021865d71800 6431       3       org.objectweb.asm.ByteVector::putShort (52 bytes)
Event: 21.327 Thread 0x0000021865d71800 nmethod 6431 0x00000218507cfd10 code [0x00000218507cfee0, 0x00000218507d00e8]
Event: 21.328 Thread 0x0000021865d71800 6433       3       org.gradle.internal.reflect.MutableClassDetails::property (41 bytes)
Event: 21.329 Thread 0x0000021865d71800 nmethod 6433 0x00000218507d0210 code [0x00000218507d04a0, 0x00000218507d1218]

GC Heap History (20 events):
Event: 11.044 GC heap before
{Heap before GC invocations=10 (full 0):
 garbage-first heap   total 78848K, used 45797K [0x0000000080000000, 0x0000000100000000)
  region size 1024K, 29 young (29696K), 3 survivors (3072K)
 Metaspace       used 34995K, capacity 35805K, committed 35840K, reserved 1081344K
  class space    used 4541K, capacity 4864K, committed 4864K, reserved 1048576K
}
Event: 11.059 GC heap after
{Heap after GC invocations=11 (full 0):
 garbage-first heap   total 78848K, used 22802K [0x0000000080000000, 0x0000000100000000)
  region size 1024K, 5 young (5120K), 5 survivors (5120K)
 Metaspace       used 34995K, capacity 35805K, committed 35840K, reserved 1081344K
  class space    used 4541K, capacity 4864K, committed 4864K, reserved 1048576K
}
Event: 11.881 GC heap before
{Heap before GC invocations=12 (full 0):
 garbage-first heap   total 78848K, used 56594K [0x0000000080000000, 0x0000000100000000)
  region size 1024K, 38 young (38912K), 5 survivors (5120K)
 Metaspace       used 37609K, capacity 38539K, committed 38860K, reserved 1083392K
  class space    used 4858K, capacity 5196K, committed 5324K, reserved 1048576K
}
Event: 11.895 GC heap after
{Heap after GC invocations=13 (full 0):
 garbage-first heap   total 78848K, used 26108K [0x0000000080000000, 0x0000000100000000)
  region size 1024K, 4 young (4096K), 4 survivors (4096K)
 Metaspace       used 37609K, capacity 38539K, committed 38860K, reserved 1083392K
  class space    used 4858K, capacity 5196K, committed 5324K, reserved 1048576K
}
Event: 12.710 GC heap before
{Heap before GC invocations=13 (full 0):
 garbage-first heap   total 78848K, used 60924K [0x0000000080000000, 0x0000000100000000)
  region size 1024K, 36 young (36864K), 4 survivors (4096K)
 Metaspace       used 40162K, capacity 41172K, committed 41420K, reserved 1085440K
  class space    used 5124K, capacity 5474K, committed 5580K, reserved 1048576K
}
Event: 12.722 GC heap after
{Heap after GC invocations=14 (full 0):
 garbage-first heap   total 78848K, used 27863K [0x0000000080000000, 0x0000000100000000)
  region size 1024K, 3 young (3072K), 3 survivors (3072K)
 Metaspace       used 40162K, capacity 41172K, committed 41420K, reserved 1085440K
  class space    used 5124K, capacity 5474K, committed 5580K, reserved 1048576K
}
Event: 13.555 GC heap before
{Heap before GC invocations=14 (full 0):
 garbage-first heap   total 78848K, used 60631K [0x0000000080000000, 0x0000000100000000)
  region size 1024K, 35 young (35840K), 3 survivors (3072K)
 Metaspace       used 43576K, capacity 44560K, committed 44620K, reserved 1087488K
  class space    used 5551K, capacity 5911K, committed 5964K, reserved 1048576K
}
Event: 13.565 GC heap after
{Heap after GC invocations=15 (full 0):
 garbage-first heap   total 78848K, used 29029K [0x0000000080000000, 0x0000000100000000)
  region size 1024K, 4 young (4096K), 4 survivors (4096K)
 Metaspace       used 43576K, capacity 44560K, committed 44620K, reserved 1087488K
  class space    used 5551K, capacity 5911K, committed 5964K, reserved 1048576K
}
Event: 14.303 GC heap before
{Heap before GC invocations=15 (full 0):
 garbage-first heap   total 78848K, used 61797K [0x0000000080000000, 0x0000000100000000)
  region size 1024K, 36 young (36864K), 4 survivors (4096K)
 Metaspace       used 45990K, capacity 47096K, committed 47308K, reserved 1089536K
  class space    used 5905K, capacity 6332K, committed 6348K, reserved 1048576K
}
Event: 14.318 GC heap after
{Heap after GC invocations=16 (full 0):
 garbage-first heap   total 95232K, used 29972K [0x0000000080000000, 0x0000000100000000)
  region size 1024K, 3 young (3072K), 3 survivors (3072K)
 Metaspace       used 45990K, capacity 47096K, committed 47308K, reserved 1089536K
  class space    used 5905K, capacity 6332K, committed 6348K, reserved 1048576K
}
Event: 16.631 GC heap before
{Heap before GC invocations=16 (full 0):
 garbage-first heap   total 95232K, used 68884K [0x0000000080000000, 0x0000000100000000)
  region size 1024K, 41 young (41984K), 3 survivors (3072K)
 Metaspace       used 47863K, capacity 49059K, committed 49356K, reserved 1091584K
  class space    used 6092K, capacity 6534K, committed 6604K, reserved 1048576K
}
Event: 16.646 GC heap after
{Heap after GC invocations=17 (full 0):
 garbage-first heap   total 95232K, used 33743K [0x0000000080000000, 0x0000000100000000)
  region size 1024K, 6 young (6144K), 6 survivors (6144K)
 Metaspace       used 47863K, capacity 49059K, committed 49356K, reserved 1091584K
  class space    used 6092K, capacity 6534K, committed 6604K, reserved 1048576K
}
Event: 18.047 GC heap before
{Heap before GC invocations=17 (full 0):
 garbage-first heap   total 95232K, used 81871K [0x0000000080000000, 0x0000000100000000)
  region size 1024K, 45 young (46080K), 6 survivors (6144K)
 Metaspace       used 49967K, capacity 51195K, committed 51404K, reserved 1093632K
  class space    used 6345K, capacity 6803K, committed 6860K, reserved 1048576K
}
Event: 18.064 GC heap after
{Heap after GC invocations=18 (full 0):
 garbage-first heap   total 98304K, used 51274K [0x0000000080000000, 0x0000000100000000)
  region size 1024K, 6 young (6144K), 6 survivors (6144K)
 Metaspace       used 49967K, capacity 51195K, committed 51404K, reserved 1093632K
  class space    used 6345K, capacity 6803K, committed 6860K, reserved 1048576K
}
Event: 18.875 GC heap before
{Heap before GC invocations=18 (full 0):
 garbage-first heap   total 98304K, used 76874K [0x0000000080000000, 0x0000000100000000)
  region size 1024K, 31 young (31744K), 6 survivors (6144K)
 Metaspace       used 53261K, capacity 54589K, committed 54732K, reserved 1097728K
  class space    used 6755K, capacity 7273K, committed 7372K, reserved 1048576K
}
Event: 18.888 GC heap after
{Heap after GC invocations=19 (full 0):
 garbage-first heap   total 98304K, used 53178K [0x0000000080000000, 0x0000000100000000)
  region size 1024K, 2 young (2048K), 2 survivors (2048K)
 Metaspace       used 53261K, capacity 54589K, committed 54732K, reserved 1097728K
  class space    used 6755K, capacity 7273K, committed 7372K, reserved 1048576K
}
Event: 19.794 GC heap before
{Heap before GC invocations=20 (full 0):
 garbage-first heap   total 98304K, used 77754K [0x0000000080000000, 0x0000000100000000)
  region size 1024K, 27 young (27648K), 2 survivors (2048K)
 Metaspace       used 57236K, capacity 58662K, committed 58956K, reserved 1099776K
  class space    used 7195K, capacity 7712K, committed 7756K, reserved 1048576K
}
Event: 19.800 GC heap after
{Heap after GC invocations=21 (full 0):
 garbage-first heap   total 118784K, used 53575K [0x0000000080000000, 0x0000000100000000)
  region size 1024K, 2 young (2048K), 2 survivors (2048K)
 Metaspace       used 57236K, capacity 58662K, committed 58956K, reserved 1099776K
  class space    used 7195K, capacity 7712K, committed 7756K, reserved 1048576K
}
Event: 21.010 GC heap before
{Heap before GC invocations=21 (full 0):
 garbage-first heap   total 118784K, used 87367K [0x0000000080000000, 0x0000000100000000)
  region size 1024K, 36 young (36864K), 2 survivors (2048K)
 Metaspace       used 61584K, capacity 63010K, committed 63180K, reserved 1103872K
  class space    used 7749K, capacity 8304K, committed 8396K, reserved 1048576K
}
Event: 21.020 GC heap after
{Heap after GC invocations=22 (full 0):
 garbage-first heap   total 118784K, used 59542K [0x0000000080000000, 0x0000000100000000)
  region size 1024K, 5 young (5120K), 5 survivors (5120K)
 Metaspace       used 61584K, capacity 63010K, committed 63180K, reserved 1103872K
  class space    used 7749K, capacity 8304K, committed 8396K, reserved 1048576K
}

Deoptimization events (20 events):
Event: 20.953 Thread 0x0000021867386800 Uncommon trap: trap_request=0xffffff4d fr.pc=0x000002185727c5a4 relative=0x00000000000001e4
Event: 20.953 Thread 0x0000021867386800 Uncommon trap: reason=unstable_if action=reinterpret pc=0x000002185727c5a4 method=java.security.CodeSource.matchCerts(Ljava/security/CodeSource;Z)Z @ 11 c2
Event: 20.953 Thread 0x0000021867386800 DEOPT PACKING pc=0x000002185727c5a4 sp=0x000000cd399f1550
Event: 20.953 Thread 0x0000021867386800 DEOPT UNPACKING pc=0x000002184f54662f sp=0x000000cd399f1460 mode 2
Event: 20.998 Thread 0x0000021867386800 Uncommon trap: trap_request=0xffffff4d fr.pc=0x00000218572195a8 relative=0x0000000000000268
Event: 20.998 Thread 0x0000021867386800 Uncommon trap: reason=unstable_if action=reinterpret pc=0x00000218572195a8 method=java.util.LinkedHashMap.get(Ljava/lang/Object;)Ljava/lang/Object; @ 20 c2
Event: 20.998 Thread 0x0000021867386800 DEOPT PACKING pc=0x00000218572195a8 sp=0x000000cd399f3a50
Event: 20.998 Thread 0x0000021867386800 DEOPT UNPACKING pc=0x000002184f54662f sp=0x000000cd399f3a08 mode 2
Event: 21.022 Thread 0x0000021867386800 Uncommon trap: trap_request=0xffffff4d fr.pc=0x00000218570a72d8 relative=0x0000000000000418
Event: 21.022 Thread 0x0000021867386800 Uncommon trap: reason=unstable_if action=reinterpret pc=0x00000218570a72d8 method=java.lang.StringLatin1.regionMatchesCI([BI[BII)Z @ 66 c2
Event: 21.022 Thread 0x0000021867386800 DEOPT PACKING pc=0x00000218570a72d8 sp=0x000000cd399f37e0
Event: 21.022 Thread 0x0000021867386800 DEOPT UNPACKING pc=0x000002184f54662f sp=0x000000cd399f3770 mode 2
Event: 21.040 Thread 0x0000021867386800 DEOPT PACKING pc=0x00000218507a1863 sp=0x000000cd399f35c0
Event: 21.040 Thread 0x0000021867386800 DEOPT UNPACKING pc=0x000002184f546dde sp=0x000000cd399f2a80 mode 0
Event: 21.040 Thread 0x0000021867386800 DEOPT PACKING pc=0x00000218507a10d0 sp=0x000000cd399f3570
Event: 21.040 Thread 0x0000021867386800 DEOPT UNPACKING pc=0x000002184f546dde sp=0x000000cd399f29e8 mode 0
Event: 21.082 Thread 0x0000021867386800 Uncommon trap: trap_request=0xffffff4d fr.pc=0x000002185727c03c relative=0x000000000000009c
Event: 21.082 Thread 0x0000021867386800 Uncommon trap: reason=unstable_if action=reinterpret pc=0x000002185727c03c method=java.security.CodeSource.matchCerts(Ljava/security/CodeSource;Z)Z @ 11 c2
Event: 21.082 Thread 0x0000021867386800 DEOPT PACKING pc=0x000002185727c03c sp=0x000000cd399f0d00
Event: 21.082 Thread 0x0000021867386800 DEOPT UNPACKING pc=0x000002184f54662f sp=0x000000cd399f0c98 mode 2

Classes redefined (0 events):
No events

Internal exceptions (20 events):
Event: 17.748 Thread 0x00000218668be000 Exception <a 'java/lang/NoSuchMethodError'{0x00000000841b3740}: <clinit>> (0x00000000841b3740) thrown at [./src/hotspot/share/prims/jni.cpp, line 1362]
Event: 17.750 Thread 0x00000218668be000 Exception <a 'java/lang/NoSuchMethodError'{0x00000000841c89c8}: <clinit>> (0x00000000841c89c8) thrown at [./src/hotspot/share/prims/jni.cpp, line 1362]
Event: 17.751 Thread 0x00000218668be000 Exception <a 'java/lang/NoSuchMethodError'{0x00000000841d48e8}: <clinit>> (0x00000000841d48e8) thrown at [./src/hotspot/share/prims/jni.cpp, line 1362]
Event: 17.755 Thread 0x00000218668be000 Exception <a 'java/lang/NoSuchMethodError'{0x00000000841eba98}: <clinit>> (0x00000000841eba98) thrown at [./src/hotspot/share/prims/jni.cpp, line 1362]
Event: 17.785 Thread 0x0000021867386800 Exception <a 'java/lang/ClassNotFoundException'{0x000000008404b3d0}: build_6b3ol7zx590ay6k3hu545ogdvBeanInfo> (0x000000008404b3d0) thrown at [./src/hotspot/share/classfile/systemDictionary.cpp, line 231]
Event: 17.785 Thread 0x0000021867386800 Exception <a 'java/lang/ClassNotFoundException'{0x0000000084056388}: build_6b3ol7zx590ay6k3hu545ogdvCustomizer> (0x0000000084056388) thrown at [./src/hotspot/share/classfile/systemDictionary.cpp, line 231]
Event: 17.850 Thread 0x0000021867386800 Exception <a 'java/lang/ClassNotFoundException'{0x0000000083d13438}: org/gradle/api/internal/plugins/DefaultObjectConfigurationActionBeanInfo> (0x0000000083d13438) thrown at [./src/hotspot/share/classfile/systemDictionary.cpp, line 231]
Event: 17.851 Thread 0x0000021867386800 Exception <a 'java/lang/ClassNotFoundException'{0x0000000083d49bf0}: org/gradle/api/internal/plugins/DefaultObjectConfigurationActionCustomizer> (0x0000000083d49bf0) thrown at [./src/hotspot/share/classfile/systemDictionary.cpp, line 231]
Event: 18.146 Thread 0x0000021867386800 Exception <a 'java/lang/NoSuchMethodError'{0x0000000085acd3c0}: 'java.lang.Object java.lang.invoke.DirectMethodHandle$Holder.invokeStatic(java.lang.Object, java.lang.Object, java.lang.Object, java.lang.Object, int)'> (0x0000000085acd3c0) thrown at [./src/hotspot/share/interpreter/linkResolver.cpp, line 773]
Event: 18.147 Thread 0x0000021867386800 Exception <a 'java/lang/NoSuchMethodError'{0x0000000085ad1db8}: 'java.lang.Object java.lang.invoke.DirectMethodHandle$Holder.invokeSpecial(java.lang.Object, java.lang.Object, java.lang.Object, java.lang.Object, java.lang.Object, int)'> (0x0000000085ad1db8) thrown at [./src/hotspot/share/interpreter/linkResolver.cpp, line 773]
Event: 18.147 Thread 0x0000021867386800 Exception <a 'java/lang/NoSuchMethodError'{0x0000000085ad63f8}: 'java.lang.Object java.lang.invoke.Invokers$Holder.linkToTargetMethod(java.lang.Object, java.lang.Object, java.lang.Object, int, java.lang.Object)'> (0x0000000085ad63f8) thrown at [./src/hotspot/share/interpreter/linkResolver.cpp, line 773]
Event: 18.571 Thread 0x0000021867386800 Exception <a 'java/lang/NoSuchMethodError'{0x0000000084a41f90}: 'java.lang.Object java.lang.invoke.DirectMethodHandle$Holder.invokeSpecial(java.lang.Object, java.lang.Object, int, int, java.lang.Object, java.lang.Object, java.lang.Object)'> (0x0000000084a41f90) thrown at [./src/hotspot/share/interpreter/linkResolver.cpp, line 773]
Event: 18.571 Thread 0x0000021867386800 Exception <a 'java/lang/NoSuchMethodError'{0x0000000084a46510}: 'java.lang.Object java.lang.invoke.DelegatingMethodHandle$Holder.reinvoke_L(java.lang.Object, int, int, java.lang.Object, java.lang.Object, java.lang.Object)'> (0x0000000084a46510) thrown at [./src/hotspot/share/interpreter/linkResolver.cpp, line 773]
Event: 19.192 Thread 0x0000021867386800 Exception <a 'java/lang/NoSuchMethodError'{0x000000008565e8c8}: 'int java.lang.invoke.DirectMethodHandle$Holder.invokeInterface(java.lang.Object, java.lang.Object, java.lang.Object, java.lang.Object)'> (0x000000008565e8c8) thrown at [./src/hotspot/share/interpreter/linkResolver.cpp, line 773]
Event: 19.990 Thread 0x0000021867386800 Exception <a 'java/lang/NoSuchMethodError'{0x0000000086f845f0}: 'void java.lang.invoke.DirectMethodHandle$Holder.invokeInterface(java.lang.Object, java.lang.Object, java.lang.Object, java.lang.Object)'> (0x0000000086f845f0) thrown at [./src/hotspot/share/interpreter/linkResolver.cpp, line 773]
Event: 20.293 Thread 0x0000021867386800 Exception <a 'java/lang/IncompatibleClassChangeError'{0x0000000086608a68}: Found class java.lang.Object, but interface was expected> (0x0000000086608a68) thrown at [./src/hotspot/share/interpreter/linkResolver.cpp, line 839]
Event: 20.429 Thread 0x0000021867386800 Implicit null exception at 0x0000021857271454 to 0x0000021857271638
Event: 20.739 Thread 0x0000021867386800 Implicit null exception at 0x00000218570edb8b to 0x00000218570edc64
Event: 20.868 Thread 0x0000021867386800 Implicit null exception at 0x000002185712f2ac to 0x000002185712f45a
Event: 21.155 Thread 0x0000021867386800 Exception <a 'sun/nio/fs/WindowsException'{0x00000000872bf1f0}> (0x00000000872bf1f0) thrown at [./src/hotspot/share/prims/jni.cpp, line 615]

Events (20 events):
Event: 21.309 loading class org/objectweb/asm/Frame
Event: 21.309 loading class org/objectweb/asm/Frame done
Event: 21.310 loading class org/objectweb/asm/CurrentFrame
Event: 21.310 loading class org/objectweb/asm/CurrentFrame done
Event: 21.312 loading class org/objectweb/asm/Label
Event: 21.312 loading class org/objectweb/asm/Label done
Event: 21.317 loading class com/android/build/gradle/internal/dsl/decorator/annotation/NonNullableSetter
Event: 21.317 loading class com/android/build/gradle/internal/dsl/decorator/annotation/NonNullableSetter done
Event: 21.318 loading class org/objectweb/asm/Edge
Event: 21.318 loading class org/objectweb/asm/Edge done
Event: 21.323 loading class org/objectweb/asm/Attribute
Event: 21.323 loading class org/objectweb/asm/Attribute done
Event: 21.324 loading class org/objectweb/asm/Handler
Event: 21.324 loading class org/objectweb/asm/Handler done
Event: 21.327 loading class org/gradle/api/logging/Logger
Event: 21.327 loading class org/gradle/api/logging/Logger done
Event: 21.328 loading class com/android/builder/core/AbstractProductFlavor$Companion
Event: 21.328 loading class com/android/builder/core/AbstractProductFlavor$Companion done
Event: 21.329 loading class com/android/builder/internal/BaseConfigImpl$Companion
Event: 21.329 loading class com/android/builder/internal/BaseConfigImpl$Companion done


Dynamic libraries:
0x00007ff63e1f0000 - 0x00007ff63e1fa000 	C:\Program Files\Android\Android Studio1\jre\bin\java.exe
0x00007ff9d0050000 - 0x00007ff9d0245000 	C:\WINDOWS\SYSTEM32\ntdll.dll
0x00007ff9cec80000 - 0x00007ff9ced3e000 	C:\WINDOWS\System32\KERNEL32.DLL
0x00007ff9cdb90000 - 0x00007ff9cde58000 	C:\WINDOWS\System32\KERNELBASE.dll
0x00007ff9cd7c0000 - 0x00007ff9cd8c0000 	C:\WINDOWS\System32\ucrtbase.dll
0x00007ff9c7520000 - 0x00007ff9c7539000 	C:\Program Files\Android\Android Studio1\jre\bin\jli.dll
0x00007ff9c72d0000 - 0x00007ff9c72e7000 	C:\Program Files\Android\Android Studio1\jre\bin\VCRUNTIME140.dll
0x00007ff9ce340000 - 0x00007ff9ce4e0000 	C:\WINDOWS\System32\USER32.dll
0x00007ff9b9a80000 - 0x00007ff9b9d1a000 	C:\WINDOWS\WinSxS\amd64_microsoft.windows.common-controls_6595b64144ccf1df_6.0.19041.1110_none_60b5254171f9507e\COMCTL32.dll
0x00007ff9ce080000 - 0x00007ff9ce0a2000 	C:\WINDOWS\System32\win32u.dll
0x00007ff9cf000000 - 0x00007ff9cf09e000 	C:\WINDOWS\System32\msvcrt.dll
0x00007ff9ce4e0000 - 0x00007ff9ce50a000 	C:\WINDOWS\System32\GDI32.dll
0x00007ff9cde60000 - 0x00007ff9cdf6b000 	C:\WINDOWS\System32\gdi32full.dll
0x00007ff9cdf70000 - 0x00007ff9ce00d000 	C:\WINDOWS\System32\msvcp_win.dll
0x00007ff9ce0b0000 - 0x00007ff9ce0e0000 	C:\WINDOWS\System32\IMM32.DLL
0x00007ff9a89d0000 - 0x00007ff9a8a6d000 	C:\Program Files\Android\Android Studio1\jre\bin\msvcp140.dll
0x00007ff98e310000 - 0x00007ff98ede5000 	C:\Program Files\Android\Android Studio1\jre\bin\server\jvm.dll
0x00007ff9ce5e0000 - 0x00007ff9ce68e000 	C:\WINDOWS\System32\ADVAPI32.dll
0x00007ff9cfb00000 - 0x00007ff9cfb9c000 	C:\WINDOWS\System32\sechost.dll
0x00007ff9ce210000 - 0x00007ff9ce335000 	C:\WINDOWS\System32\RPCRT4.dll
0x00007ff9ce890000 - 0x00007ff9ce898000 	C:\WINDOWS\System32\PSAPI.DLL
0x00007ff9c9270000 - 0x00007ff9c9297000 	C:\WINDOWS\SYSTEM32\WINMM.dll
0x00007ff9c8ef0000 - 0x00007ff9c8ef9000 	C:\WINDOWS\SYSTEM32\WSOCK32.dll
0x00007ff9ce690000 - 0x00007ff9ce6fb000 	C:\WINDOWS\System32\WS2_32.dll
0x00007ff9c6280000 - 0x00007ff9c628a000 	C:\WINDOWS\SYSTEM32\VERSION.dll
0x00007ff9cc020000 - 0x00007ff9cc032000 	C:\WINDOWS\SYSTEM32\kernel.appcore.dll
0x00007ff9c7b70000 - 0x00007ff9c7b81000 	C:\Program Files\Android\Android Studio1\jre\bin\verify.dll
0x00007ff9cb590000 - 0x00007ff9cb774000 	C:\WINDOWS\SYSTEM32\DBGHELP.DLL
0x00007ff9adac0000 - 0x00007ff9adaec000 	C:\WINDOWS\SYSTEM32\dbgcore.DLL
0x00007ff9cda50000 - 0x00007ff9cdad2000 	C:\WINDOWS\System32\bcryptPrimitives.dll
0x00007ff9c75f0000 - 0x00007ff9c7619000 	C:\Program Files\Android\Android Studio1\jre\bin\java.dll
0x00007ff9c7b60000 - 0x00007ff9c7b6b000 	C:\Program Files\Android\Android Studio1\jre\bin\jimage.dll
0x00007ff9c75d0000 - 0x00007ff9c75e8000 	C:\Program Files\Android\Android Studio1\jre\bin\zip.dll
0x00007ff9cf200000 - 0x00007ff9cf944000 	C:\WINDOWS\System32\SHELL32.dll
0x00007ff9cb870000 - 0x00007ff9cc004000 	C:\WINDOWS\SYSTEM32\windows.storage.dll
0x00007ff9ce8a0000 - 0x00007ff9cebf4000 	C:\WINDOWS\System32\combase.dll
0x00007ff9cd1e0000 - 0x00007ff9cd20c000 	C:\WINDOWS\SYSTEM32\Wldp.dll
0x00007ff9ce700000 - 0x00007ff9ce7ad000 	C:\WINDOWS\System32\SHCORE.dll
0x00007ff9ce830000 - 0x00007ff9ce885000 	C:\WINDOWS\System32\shlwapi.dll
0x00007ff9cd6b0000 - 0x00007ff9cd6cf000 	C:\WINDOWS\SYSTEM32\profapi.dll
0x00007ff9c5870000 - 0x00007ff9c588a000 	C:\Program Files\Android\Android Studio1\jre\bin\net.dll
0x00007ff9bcd20000 - 0x00007ff9bce2a000 	C:\WINDOWS\SYSTEM32\WINHTTP.dll
0x00007ff9ccf40000 - 0x00007ff9ccfaa000 	C:\WINDOWS\system32\mswsock.dll
0x00007ff9c31e0000 - 0x00007ff9c31f4000 	C:\Program Files\Android\Android Studio1\jre\bin\nio.dll
0x00007ff9bcbd0000 - 0x00007ff9bcbf7000 	C:\Users\ASUS\AndroidStudioProjects\Room-Chapter-6\native\e1d6ef7f7dcc3fd88c89a11ec53ec762bb8ba0a96d01ffa2cd45eb1d1d8dd5c5\windows-amd64\native-platform.dll
0x00007ff984bb0000 - 0x00007ff984cf4000 	C:\Users\ASUS\AndroidStudioProjects\Room-Chapter-6\native\5664cfc778a61ccfe75a443a1ab52a65af34e5dc3c78e0209fed803814484fcb\windows-amd64\native-platform-file-events.dll
0x00007ff9c7470000 - 0x00007ff9c747a000 	C:\Program Files\Android\Android Studio1\jre\bin\management.dll
0x00007ff9c7210000 - 0x00007ff9c721d000 	C:\Program Files\Android\Android Studio1\jre\bin\management_ext.dll
0x00007ff9cd130000 - 0x00007ff9cd148000 	C:\WINDOWS\SYSTEM32\CRYPTSP.dll
0x00007ff9cc850000 - 0x00007ff9cc884000 	C:\WINDOWS\system32\rsaenh.dll
0x00007ff9cd8c0000 - 0x00007ff9cd8e7000 	C:\WINDOWS\System32\bcrypt.dll
0x00007ff9cd670000 - 0x00007ff9cd69e000 	C:\WINDOWS\SYSTEM32\USERENV.dll
0x00007ff9cd150000 - 0x00007ff9cd15c000 	C:\WINDOWS\SYSTEM32\CRYPTBASE.dll
0x00007ff9ccbe0000 - 0x00007ff9ccc1b000 	C:\WINDOWS\SYSTEM32\IPHLPAPI.DLL
0x00007ff9cf1f0000 - 0x00007ff9cf1f8000 	C:\WINDOWS\System32\NSI.dll
0x00007ff9c2880000 - 0x00007ff9c2897000 	C:\WINDOWS\SYSTEM32\dhcpcsvc6.DLL
0x00007ff9c3550000 - 0x00007ff9c356d000 	C:\WINDOWS\SYSTEM32\dhcpcsvc.DLL
0x00007ff9ccc20000 - 0x00007ff9ccceb000 	C:\WINDOWS\SYSTEM32\DNSAPI.dll

dbghelp: loaded successfully - version: 4.0.5 - missing functions: none
symbol engine: initialized successfully - sym options: 0x614 - pdb path: .;C:\Program Files\Android\Android Studio1\jre\bin;C:\WINDOWS\SYSTEM32;C:\WINDOWS\WinSxS\amd64_microsoft.windows.common-controls_6595b64144ccf1df_6.0.19041.1110_none_60b5254171f9507e;C:\Program Files\Android\Android Studio1\jre\bin\server;C:\Users\ASUS\AndroidStudioProjects\Room-Chapter-6\native\e1d6ef7f7dcc3fd88c89a11ec53ec762bb8ba0a96d01ffa2cd45eb1d1d8dd5c5\windows-amd64;C:\Users\ASUS\AndroidStudioProjects\Room-Chapter-6\native\5664cfc778a61ccfe75a443a1ab52a65af34e5dc3c78e0209fed803814484fcb\windows-amd64

VM Arguments:
jvm_args: --add-opens=java.base/java.util=ALL-UNNAMED --add-opens=java.base/java.lang=ALL-UNNAMED --add-opens=java.base/java.lang.invoke=ALL-UNNAMED --add-opens=java.base/java.util=ALL-UNNAMED --add-opens=java.prefs/java.util.prefs=ALL-UNNAMED --add-opens=java.prefs/java.util.prefs=ALL-UNNAMED --add-opens=java.base/java.nio.charset=ALL-UNNAMED --add-opens=java.base/java.net=ALL-UNNAMED --add-opens=java.base/java.util.concurrent.atomic=ALL-UNNAMED -Xmx2048m -Dfile.encoding=windows-1252 -Duser.country=ID -Duser.language=en -Duser.variant 
java_command: org.gradle.launcher.daemon.bootstrap.GradleDaemon 7.2
java_class_path (initial): C:\Users\ASUS\AndroidStudioProjects\Room-Chapter-6\wrapper\dists\gradle-7.2-bin\2dnblmf4td7x66yl1d74lt32g\gradle-7.2\lib\gradle-launcher-7.2.jar
Launcher Type: SUN_STANDARD

[Global flags]
     intx CICompilerCount                          = 3                                         {product} {ergonomic}
     uint ConcGCThreads                            = 1                                         {product} {ergonomic}
     uint G1ConcRefinementThreads                  = 4                                         {product} {ergonomic}
   size_t G1HeapRegionSize                         = 1048576                                   {product} {ergonomic}
    uintx GCDrainStackTargetSize                   = 64                                        {product} {ergonomic}
   size_t InitialHeapSize                          = 67108864                                  {product} {ergonomic}
   size_t MarkStackSize                            = 4194304                                   {product} {ergonomic}
   size_t MaxHeapSize                              = 2147483648                                {product} {command line}
   size_t MaxNewSize                               = 1287651328                                {product} {ergonomic}
   size_t MinHeapDeltaBytes                        = 1048576                                   {product} {ergonomic}
    uintx NonNMethodCodeHeapSize                   = 5830732                                {pd product} {ergonomic}
    uintx NonProfiledCodeHeapSize                  = 122913754                              {pd product} {ergonomic}
    uintx ProfiledCodeHeapSize                     = 122913754                              {pd product} {ergonomic}
    uintx ReservedCodeCacheSize                    = 251658240                              {pd product} {ergonomic}
     bool SegmentedCodeCache                       = true                                      {product} {ergonomic}
     bool UseCompressedClassPointers               = true                                 {lp64_product} {ergonomic}
     bool UseCompressedOops                        = true                                 {lp64_product} {ergonomic}
     bool UseG1GC                                  = true                                      {product} {ergonomic}
     bool UseLargePagesIndividualAllocation        = false                                  {pd product} {ergonomic}

Logging:
Log output configuration:
 #0: stdout all=warning uptime,level,tags
 #1: stderr all=off uptime,level,tags

Environment Variables:
JAVA_HOME=C:\Program Files\Eclipse Adoptium\jdk-17.0.2.8-hotspot\
PATH=C:\Program Files\Eclipse Adoptium\jdk-17.0.2.8-hotspot\bin;C:\Program Files (x86)\Common Files\Intel\Shared Files\cpp\bin\Intel64;C:\WINDOWS\system32;C:\WINDOWS;C:\WINDOWS\System32\Wbem;C:\WINDOWS\System32\WindowsPowerShell\v1.0\;C:\WINDOWS\System32\OpenSSH\;C:\Program Files (x86)\Windows Live\Shared;C:\Program Files\Git\cmd;C:\Program Files\Dart\dart-sdk\bin;C:\Android1\sdk\cmdline-tools\latest\bin;C:\Android1\flutter\bin;C:\Users\ASUS\AppData\Local\Microsoft\WindowsApps;C:\Program Files\JetBrains\IntelliJ IDEA Community Edition 2021.3.2\bin;;C:\android\flutter\bin;C:\android\cmdline-tools\tools\bin;C:\Users\ASUS\AppData\Local\Programs\Microsoft VS Code\bin
USERNAME=ASUS
OS=Windows_NT
PROCESSOR_IDENTIFIER=Intel64 Family 6 Model 142 Stepping 9, GenuineIntel



---------------  S Y S T E M  ---------------

OS: Windows 10 , 64 bit Build 19041 (10.0.19041.1645)
OS uptime: 30 days 1:10 hours

CPU:total 4 (initial active 4) (2 cores per cpu, 2 threads per core) family 6 model 142 stepping 9 microcode 0xb4, cmov, cx8, fxsr, mmx, sse, sse2, sse3, ssse3, sse4.1, sse4.2, popcnt, avx, avx2, aes, clmul, erms, 3dnowpref, lzcnt, ht, tsc, tscinvbit, bmi1, bmi2, adx, fma

Memory: 4k page, system-wide physical 3978M (358M free)
TotalPageFile size 16266M (AvailPageFile size 0M)
current process WorkingSet (physical memory assigned to process): 321M, peak: 323M
current process commit charge ("private bytes"): 348M, peak: 351M

vm_info: OpenJDK 64-Bit Server VM (11.0.11+9-b60-7590822) for windows-amd64 JRE (11.0.11+9-b60-7590822), built on Jul 29 2021 21:43:44 by "builder" with MS VC++ 14.0 (VS2015)

END.
