#
# There is insufficient memory for the Java Runtime Environment to continue.
# Native memory allocation (mmap) failed to map 34603008 bytes for Failed to commit area from 0x0000000084d00000 to 0x0000000086e00000 of length 34603008.
# Possible reasons:
#   The system is out of physical RAM or swap space
#   The process is running with CompressedOops enabled, and the Java Heap may be blocking the growth of the native heap
# Possible solutions:
#   Reduce memory load on the system
#   Increase physical memory or swap space
#   Check if swap backing store is full
#   Decrease Java heap size (-Xmx/-Xms)
#   Decrease number of Java threads
#   Decrease Java thread stack sizes (-Xss)
#   Set larger code cache with -XX:ReservedCodeCacheSize=
#   JVM is running with Unscaled Compressed Oops mode in which the Java heap is
#     placed in the first 4GB address space. The Java Heap base address is the
#     maximum limit for the native heap growth. Please use -XX:HeapBaseMinAddress
#     to set the Java Heap base and to place the Java Heap above 4GB virtual address.
# This output file may be truncated or incomplete.
#
#  Out of Memory Error (./src/hotspot/os/windows/os_windows.cpp:3301), pid=8568, tid=12508
#
# JRE version: OpenJDK Runtime Environment (11.0.11+9) (build 11.0.11+9-b60-7590822)
# Java VM: OpenJDK 64-Bit Server VM (11.0.11+9-b60-7590822, mixed mode, tiered, compressed oops, g1 gc, windows-amd64)
# No core dump will be written. Minidumps are not enabled by default on client versions of Windows
#

---------------  S U M M A R Y ------------

Command Line: --add-opens=java.base/java.util=ALL-UNNAMED --add-opens=java.base/java.lang=ALL-UNNAMED --add-opens=java.base/java.lang.invoke=ALL-UNNAMED --add-opens=java.base/java.util=ALL-UNNAMED --add-opens=java.prefs/java.util.prefs=ALL-UNNAMED --add-opens=java.prefs/java.util.prefs=ALL-UNNAMED --add-opens=java.base/java.nio.charset=ALL-UNNAMED --add-opens=java.base/java.net=ALL-UNNAMED --add-opens=java.base/java.util.concurrent.atomic=ALL-UNNAMED -Xmx2048m -Dfile.encoding=windows-1252 -Duser.country=ID -Duser.language=en -Duser.variant org.gradle.launcher.daemon.bootstrap.GradleDaemon 7.2

Host: Intel(R) Core(TM) i3-7020U CPU @ 2.30GHz, 4 cores, 3G,  Windows 10 , 64 bit Build 19041 (10.0.19041.1645)
Time: Fri May 13 20:43:48 2022 Pacific Daylight Time elapsed time: 22.647457 seconds (0d 0h 0m 22s)

---------------  T H R E A D  ---------------

Current thread (0x000001593e913000):  VMThread "VM Thread" [stack: 0x0000001cbeb00000,0x0000001cbec00000] [id=12508]

Stack: [0x0000001cbeb00000,0x0000001cbec00000]
[error occurred during error reporting (printing stack bounds), id 0xc0000005, EXCEPTION_ACCESS_VIOLATION (0xc0000005) at pc=0x0000015928870f2d]

Native frames: (J=compiled Java code, j=interpreted, Vv=VM code, C=native code)
V  [jvm.dll+0x5f214a]
V  [jvm.dll+0x726fb5]
V  [jvm.dll+0x7285cd]
V  [jvm.dll+0x728be5]
V  [jvm.dll+0x728b9b]
V  [jvm.dll+0x5f14e8]
V  [jvm.dll+0x5f1c78]
C  [ntdll.dll+0xa20cf]
C  [ntdll.dll+0x51454]
C  [ntdll.dll+0xa0bfe]
C  0x0000015928870f2d

VM_Operation (0x0000001cbfff6d70): G1CollectForAllocation, mode: safepoint, requested by thread 0x00000159417c2000


---------------  P R O C E S S  ---------------

Threads class SMR info:
_java_thread_list=0x00000159412b8580, length=77, elements={
0x0000015924d6e000, 0x000001593e919800, 0x000001593e91d000, 0x000001593f2a0800,
0x000001593f2a3800, 0x000001593f2a7000, 0x000001593f2aa000, 0x000001593e998000,
0x000001593e999000, 0x000001593f3e2800, 0x0000015940715000, 0x000001593fcb6800,
0x000001593ff17800, 0x0000015940e6b000, 0x0000015940e6c000, 0x0000015940078800,
0x00000159417c2000, 0x000001593f38a800, 0x000001593fd14800, 0x0000015941995000,
0x000001594199a000, 0x0000015941997800, 0x0000015941996000, 0x0000015941994000,
0x0000015941999000, 0x0000015941998800, 0x000001594199b000, 0x0000015941996800,
0x00000159413d8800, 0x00000159413d7800, 0x00000159413d6000, 0x00000159413dc800,
0x00000159413d7000, 0x00000159413da000, 0x00000159413df000, 0x00000159413de800,
0x00000159413e0800, 0x00000159413e0000, 0x00000159413db000, 0x00000159413e1800,
0x00000159413e2800, 0x00000159413e3000, 0x00000159413dd800, 0x00000159413e4000,
0x00000159413e5000, 0x000001594107e800, 0x000001594107f800, 0x000001594107d000,
0x0000015941080000, 0x000001594107c000, 0x000001594107d800, 0x000001594107a800,
0x0000015941081000, 0x000001594107b000, 0x0000015941085000, 0x0000015941086000,
0x0000015941082800, 0x0000015941086800, 0x0000015941084000, 0x0000015941083800,
0x0000015941082000, 0x0000015941087800, 0x0000015941088800, 0x0000015941089000,
0x0000015943696800, 0x0000015943697800, 0x0000015943691800, 0x0000015943698000,
0x0000015943694000, 0x0000015943693800, 0x0000015943692800, 0x0000015943699000,
0x000001594369a800, 0x0000015943695000, 0x000001594369a000, 0x0000015943695800,
0x000001594369e800
}

Java Threads: ( => current thread )
  0x0000015924d6e000 JavaThread "main" [_thread_blocked, id=8908, stack(0x0000001cbe500000,0x0000001cbe600000)]
  0x000001593e919800 JavaThread "Reference Handler" daemon [_thread_blocked, id=4980, stack(0x0000001cbec00000,0x0000001cbed00000)]
  0x000001593e91d000 JavaThread "Finalizer" daemon [_thread_blocked, id=1388, stack(0x0000001cbed00000,0x0000001cbee00000)]
  0x000001593f2a0800 JavaThread "Signal Dispatcher" daemon [_thread_blocked, id=13296, stack(0x0000001cbee00000,0x0000001cbef00000)]
  0x000001593f2a3800 JavaThread "Attach Listener" daemon [_thread_blocked, id=3672, stack(0x0000001cbef00000,0x0000001cbf000000)]
  0x000001593f2a7000 JavaThread "Service Thread" daemon [_thread_blocked, id=3324, stack(0x0000001cbf000000,0x0000001cbf100000)]
  0x000001593f2aa000 JavaThread "C2 CompilerThread0" daemon [_thread_in_native, id=3936, stack(0x0000001cbf100000,0x0000001cbf200000)]
  0x000001593e998000 JavaThread "C1 CompilerThread0" daemon [_thread_blocked, id=360, stack(0x0000001cbf200000,0x0000001cbf300000)]
  0x000001593e999000 JavaThread "Sweeper thread" daemon [_thread_blocked, id=3060, stack(0x0000001cbf300000,0x0000001cbf400000)]
  0x000001593f3e2800 JavaThread "Common-Cleaner" daemon [_thread_blocked, id=12400, stack(0x0000001cbf400000,0x0000001cbf500000)]
  0x0000015940715000 JavaThread "Daemon health stats" [_thread_blocked, id=72, stack(0x0000001cbf700000,0x0000001cbf800000)]
  0x000001593fcb6800 JavaThread "Incoming local TCP Connector on port 53664" [_thread_in_native, id=11564, stack(0x0000001cbf800000,0x0000001cbf900000)]
  0x000001593ff17800 JavaThread "Daemon periodic checks" [_thread_blocked, id=15868, stack(0x0000001cbf900000,0x0000001cbfa00000)]
  0x0000015940e6b000 JavaThread "Daemon" [_thread_blocked, id=16036, stack(0x0000001cbfa00000,0x0000001cbfb00000)]
  0x0000015940e6c000 JavaThread "Handler for socket connection from /127.0.0.1:53664 to /127.0.0.1:53665" [_thread_in_native, id=2892, stack(0x0000001cbfb00000,0x0000001cbfc00000)]
  0x0000015940078800 JavaThread "Cancel handler" [_thread_blocked, id=3696, stack(0x0000001cbfe00000,0x0000001cbff00000)]
  0x00000159417c2000 JavaThread "Daemon worker" [_thread_blocked, id=16440, stack(0x0000001cbff00000,0x0000001cc0000000)]
  0x000001593f38a800 JavaThread "Asynchronous log dispatcher for DefaultDaemonConnection: socket connection from /127.0.0.1:53664 to /127.0.0.1:53665" [_thread_blocked, id=3200, stack(0x0000001cc0000000,0x0000001cc0100000)]
  0x000001593fd14800 JavaThread "Stdin handler" [_thread_blocked, id=15960, stack(0x0000001cc0100000,0x0000001cc0200000)]
  0x0000015941995000 JavaThread "Daemon client event forwarder" [_thread_blocked, id=15364, stack(0x0000001cc0200000,0x0000001cc0300000)]
  0x000001594199a000 JavaThread "Cache worker for journal cache (C:\Users\ASUS\AndroidStudioProjects\Room-Chapter-6\caches\journal-1)" [_thread_blocked, id=500, stack(0x0000001cc0300000,0x0000001cc0400000)]
  0x0000015941997800 JavaThread "File lock request listener" [_thread_in_native, id=17032, stack(0x0000001cc0400000,0x0000001cc0500000)]
  0x0000015941996000 JavaThread "Cache worker for file hash cache (C:\Users\ASUS\AndroidStudioProjects\Room-Chapter-6\caches\7.2\fileHashes)" [_thread_blocked, id=12228, stack(0x0000001cc0500000,0x0000001cc0600000)]
  0x0000015941994000 JavaThread "Cache worker for file hash cache (C:\Users\ASUS\AndroidStudioProjects\fixphone\.gradle\7.2\fileHashes)" [_thread_blocked, id=15208, stack(0x0000001cc0600000,0x0000001cc0700000)]
  0x0000015941999000 JavaThread "File watcher server" daemon [_thread_in_native, id=14044, stack(0x0000001cc0700000,0x0000001cc0800000)]
  0x0000015941998800 JavaThread "File watcher consumer" daemon [_thread_blocked, id=16644, stack(0x0000001cc0800000,0x0000001cc0900000)]
  0x000001594199b000 JavaThread "Cache worker for checksums cache (C:\Users\ASUS\AndroidStudioProjects\fixphone\.gradle\checksums)" [_thread_blocked, id=14288, stack(0x0000001cc0900000,0x0000001cc0a00000)]
  0x0000015941996800 JavaThread "Cache worker for cache directory md-supplier (C:\Users\ASUS\AndroidStudioProjects\Room-Chapter-6\caches\7.2\md-supplier)" [_thread_blocked, id=8428, stack(0x0000001cc0a00000,0x0000001cc0b00000)]
  0x00000159413d8800 JavaThread "Cache worker for cache directory md-rule (C:\Users\ASUS\AndroidStudioProjects\Room-Chapter-6\caches\7.2\md-rule)" [_thread_blocked, id=16796, stack(0x0000001cc0b00000,0x0000001cc0c00000)]
  0x00000159413d7800 JavaThread "Cache worker for execution history cache (C:\Users\ASUS\AndroidStudioProjects\Room-Chapter-6\caches\7.2\executionHistory)" [_thread_blocked, id=13524, stack(0x0000001cc0c00000,0x0000001cc0d00000)]
  0x00000159413d6000 JavaThread "jar transforms" [_thread_blocked, id=15376, stack(0x0000001cc0d00000,0x0000001cc0e00000)]
  0x00000159413dc800 JavaThread "Cache worker for file content cache (C:\Users\ASUS\AndroidStudioProjects\Room-Chapter-6\caches\7.2\fileContent)" [_thread_blocked, id=16668, stack(0x0000001cc0e00000,0x0000001cc0f00000)]
  0x00000159413d7000 JavaThread "jar transforms Thread 2" [_thread_blocked, id=14788, stack(0x0000001cc0f00000,0x0000001cc1000000)]
  0x00000159413da000 JavaThread "Cache worker for dependencies-accessors (C:\Users\ASUS\AndroidStudioProjects\fixphone\.gradle\7.2\dependencies-accessors)" [_thread_blocked, id=9260, stack(0x0000001cc1000000,0x0000001cc1100000)]
  0x00000159413df000 JavaThread "jar transforms Thread 3" [_thread_blocked, id=15236, stack(0x0000001cc1100000,0x0000001cc1200000)]
  0x00000159413de800 JavaThread "Cache worker for Build Output Cleanup Cache (C:\Users\ASUS\AndroidStudioProjects\fixphone\.gradle\buildOutputCleanup)" [_thread_blocked, id=9184, stack(0x0000001cc1200000,0x0000001cc1300000)]
  0x00000159413e0800 JavaThread "Unconstrained build operations" [_thread_blocked, id=8060, stack(0x0000001cc1300000,0x0000001cc1400000)]
  0x00000159413e0000 JavaThread "Unconstrained build operations Thread 2" [_thread_blocked, id=1664, stack(0x0000001cc1400000,0x0000001cc1500000)]
  0x00000159413db000 JavaThread "Unconstrained build operations Thread 3" [_thread_blocked, id=17248, stack(0x0000001cc1500000,0x0000001cc1600000)]
  0x00000159413e1800 JavaThread "Unconstrained build operations Thread 4" [_thread_blocked, id=6800, stack(0x0000001cc1600000,0x0000001cc1700000)]
  0x00000159413e2800 JavaThread "Unconstrained build operations Thread 5" [_thread_blocked, id=16968, stack(0x0000001cc1700000,0x0000001cc1800000)]
  0x00000159413e3000 JavaThread "Unconstrained build operations Thread 6" [_thread_blocked, id=3400, stack(0x0000001cc1800000,0x0000001cc1900000)]
  0x00000159413dd800 JavaThread "Unconstrained build operations Thread 7" [_thread_blocked, id=7192, stack(0x0000001cc1900000,0x0000001cc1a00000)]
  0x00000159413e4000 JavaThread "Unconstrained build operations Thread 8" [_thread_blocked, id=2216, stack(0x0000001cc1a00000,0x0000001cc1b00000)]
  0x00000159413e5000 JavaThread "Unconstrained build operations Thread 9" [_thread_blocked, id=14952, stack(0x0000001cc1b00000,0x0000001cc1c00000)]
  0x000001594107e800 JavaThread "Unconstrained build operations Thread 10" [_thread_blocked, id=15120, stack(0x0000001cc1c00000,0x0000001cc1d00000)]
  0x000001594107f800 JavaThread "Unconstrained build operations Thread 11" [_thread_blocked, id=7976, stack(0x0000001cc1d00000,0x0000001cc1e00000)]
  0x000001594107d000 JavaThread "Unconstrained build operations Thread 12" [_thread_blocked, id=10292, stack(0x0000001cc1e00000,0x0000001cc1f00000)]
  0x0000015941080000 JavaThread "Unconstrained build operations Thread 13" [_thread_blocked, id=3752, stack(0x0000001cc1f00000,0x0000001cc2000000)]
  0x000001594107c000 JavaThread "Unconstrained build operations Thread 14" [_thread_blocked, id=11780, stack(0x0000001cc2000000,0x0000001cc2100000)]
  0x000001594107d800 JavaThread "Unconstrained build operations Thread 15" [_thread_blocked, id=7884, stack(0x0000001cc2100000,0x0000001cc2200000)]
  0x000001594107a800 JavaThread "Unconstrained build operations Thread 16" [_thread_blocked, id=3796, stack(0x0000001cc2200000,0x0000001cc2300000)]
  0x0000015941081000 JavaThread "Unconstrained build operations Thread 17" [_thread_blocked, id=12656, stack(0x0000001cc2300000,0x0000001cc2400000)]
  0x000001594107b000 JavaThread "Unconstrained build operations Thread 18" [_thread_blocked, id=8816, stack(0x0000001cc2400000,0x0000001cc2500000)]
  0x0000015941085000 JavaThread "Unconstrained build operations Thread 19" [_thread_blocked, id=16460, stack(0x0000001cc2500000,0x0000001cc2600000)]
  0x0000015941086000 JavaThread "Unconstrained build operations Thread 20" [_thread_blocked, id=15940, stack(0x0000001cc2600000,0x0000001cc2700000)]
  0x0000015941082800 JavaThread "Unconstrained build operations Thread 21" [_thread_blocked, id=9876, stack(0x0000001cc2700000,0x0000001cc2800000)]
  0x0000015941086800 JavaThread "Unconstrained build operations Thread 22" [_thread_blocked, id=9980, stack(0x0000001cc2800000,0x0000001cc2900000)]
  0x0000015941084000 JavaThread "Unconstrained build operations Thread 23" [_thread_blocked, id=13168, stack(0x0000001cc2900000,0x0000001cc2a00000)]
  0x0000015941083800 JavaThread "Unconstrained build operations Thread 24" [_thread_blocked, id=9744, stack(0x0000001cc2a00000,0x0000001cc2b00000)]
  0x0000015941082000 JavaThread "Unconstrained build operations Thread 25" [_thread_blocked, id=11044, stack(0x0000001cc2b00000,0x0000001cc2c00000)]
  0x0000015941087800 JavaThread "Unconstrained build operations Thread 26" [_thread_blocked, id=6992, stack(0x0000001cc2c00000,0x0000001cc2d00000)]
  0x0000015941088800 JavaThread "Unconstrained build operations Thread 27" [_thread_blocked, id=6444, stack(0x0000001cc2d00000,0x0000001cc2e00000)]
  0x0000015941089000 JavaThread "Unconstrained build operations Thread 28" [_thread_blocked, id=3756, stack(0x0000001cc2e00000,0x0000001cc2f00000)]
  0x0000015943696800 JavaThread "Unconstrained build operations Thread 29" [_thread_blocked, id=2444, stack(0x0000001cc2f00000,0x0000001cc3000000)]
  0x0000015943697800 JavaThread "Unconstrained build operations Thread 30" [_thread_blocked, id=3612, stack(0x0000001cc3000000,0x0000001cc3100000)]
  0x0000015943691800 JavaThread "Unconstrained build operations Thread 31" [_thread_blocked, id=2456, stack(0x0000001cc3100000,0x0000001cc3200000)]
  0x0000015943698000 JavaThread "Unconstrained build operations Thread 32" [_thread_blocked, id=11068, stack(0x0000001cc3200000,0x0000001cc3300000)]
  0x0000015943694000 JavaThread "Unconstrained build operations Thread 33" [_thread_blocked, id=14636, stack(0x0000001cc3300000,0x0000001cc3400000)]
  0x0000015943693800 JavaThread "Unconstrained build operations Thread 34" [_thread_blocked, id=10204, stack(0x0000001cc3400000,0x0000001cc3500000)]
  0x0000015943692800 JavaThread "Unconstrained build operations Thread 35" [_thread_blocked, id=2864, stack(0x0000001cc3500000,0x0000001cc3600000)]
  0x0000015943699000 JavaThread "Unconstrained build operations Thread 36" [_thread_blocked, id=3512, stack(0x0000001cc3600000,0x0000001cc3700000)]
  0x000001594369a800 JavaThread "Unconstrained build operations Thread 37" [_thread_blocked, id=5844, stack(0x0000001cc3700000,0x0000001cc3800000)]
  0x0000015943695000 JavaThread "Unconstrained build operations Thread 38" [_thread_blocked, id=8988, stack(0x0000001cc3800000,0x0000001cc3900000)]
  0x000001594369a000 JavaThread "Unconstrained build operations Thread 39" [_thread_blocked, id=13880, stack(0x0000001cc3900000,0x0000001cc3a00000)]
  0x0000015943695800 JavaThread "Unconstrained build operations Thread 40" [_thread_blocked, id=9728, stack(0x0000001cc3a00000,0x0000001cc3b00000)]
  0x000001594369e800 JavaThread "jar transforms Thread 4" [_thread_blocked, id=12956, stack(0x0000001cc3b00000,0x0000001cc3c00000)]

Other Threads:
=>0x000001593e913000 VMThread "VM Thread" [stack: 0x0000001cbeb00000,0x0000001cbec00000] [id=12508]
  0x000001593f414800 WatcherThread [stack: 0x0000001cbf500000,0x0000001cbf600000] [id=16828]
  0x0000015924d86800 GCTaskThread "GC Thread#0" [stack: 0x0000001cbe600000,0x0000001cbe700000] [id=9144]
  0x000001593fbc4000 GCTaskThread "GC Thread#1" [stack: 0x0000001cbf600000,0x0000001cbf700000] [id=8184]
  0x0000015940cc7000 GCTaskThread "GC Thread#2" [stack: 0x0000001cbfc00000,0x0000001cbfd00000] [id=16660]
  0x000001594099f000 GCTaskThread "GC Thread#3" [stack: 0x0000001cbfd00000,0x0000001cbfe00000] [id=8360]
  0x0000015924db7800 ConcurrentGCThread "G1 Main Marker" [stack: 0x0000001cbe700000,0x0000001cbe800000] [id=16188]
  0x0000015924db9000 ConcurrentGCThread "G1 Conc#0" [stack: 0x0000001cbe800000,0x0000001cbe900000] [id=14792]
  0x0000015924e11800 ConcurrentGCThread "G1 Refine#0" [stack: 0x0000001cbe900000,0x0000001cbea00000] [id=16892]
  0x0000015924e12800 ConcurrentGCThread "G1 Young RemSet Sampling" [stack: 0x0000001cbea00000,0x0000001cbeb00000] [id=17144]

Threads with active compile tasks:
C2 CompilerThread0  22691 6014   !   4       com.google.common.reflect.TypeVisitor::visit (244 bytes)

VM state:at safepoint (normal execution)

VM Mutex/Monitor currently owned by a thread:  ([mutex/lock_event])
[0x0000015924d695d0] Threads_lock - owner thread: 0x000001593e913000
[0x0000015924d68a90] Heap_lock - owner thread: 0x00000159417c2000

Heap address: 0x0000000080000000, size: 2048 MB, Compressed Oops mode: 32-bit
Narrow klass base: 0x0000000000000000, Narrow klass shift: 3
Compressed class space size: 1073741824 Address: 0x0000000100000000

Heap:
 garbage-first heap   total 112640K, used 53993K [0x0000000080000000, 0x0000000100000000)
  region size 1024K, 2 young (2048K), 2 survivors (2048K)
 Metaspace       used 57630K, capacity 58891K, committed 59084K, reserved 1099776K
  class space    used 7252K, capacity 7746K, committed 7884K, reserved 1048576K
Heap Regions: E=young(eden), S=young(survivor), O=old, HS=humongous(starts), HC=humongous(continues), CS=collection set, F=free, A=archive, TAMS=top-at-mark-start (previous, next)
|   0|0x0000000080000000, 0x0000000080100000, 0x0000000080100000|100%|HS|  |TAMS 0x0000000080100000, 0x0000000080100000| Complete 
|   1|0x0000000080100000, 0x0000000080200000, 0x0000000080200000|100%|HC|  |TAMS 0x0000000080200000, 0x0000000080200000| Complete 
|   2|0x0000000080200000, 0x0000000080300000, 0x0000000080300000|100%|HC|  |TAMS 0x0000000080300000, 0x0000000080300000| Complete 
|   3|0x0000000080300000, 0x0000000080400000, 0x0000000080400000|100%| O|  |TAMS 0x0000000080400000, 0x0000000080400000| Untracked 
|   4|0x0000000080400000, 0x0000000080500000, 0x0000000080500000|100%| O|  |TAMS 0x0000000080500000, 0x0000000080500000| Untracked 
|   5|0x0000000080500000, 0x0000000080600000, 0x0000000080600000|100%| O|  |TAMS 0x0000000080600000, 0x0000000080600000| Untracked 
|   6|0x0000000080600000, 0x0000000080700000, 0x0000000080700000|100%| O|  |TAMS 0x0000000080700000, 0x0000000080700000| Untracked 
|   7|0x0000000080700000, 0x0000000080800000, 0x0000000080800000|100%| O|  |TAMS 0x0000000080800000, 0x0000000080800000| Untracked 
|   8|0x0000000080800000, 0x0000000080900000, 0x0000000080900000|100%| O|  |TAMS 0x0000000080900000, 0x0000000080900000| Untracked 
|   9|0x0000000080900000, 0x0000000080a00000, 0x0000000080a00000|100%| O|  |TAMS 0x0000000080a00000, 0x0000000080a00000| Untracked 
|  10|0x0000000080a00000, 0x0000000080b00000, 0x0000000080b00000|100%| O|  |TAMS 0x0000000080b00000, 0x0000000080b00000| Untracked 
|  11|0x0000000080b00000, 0x0000000080c00000, 0x0000000080c00000|100%| O|  |TAMS 0x0000000080c00000, 0x0000000080c00000| Untracked 
|  12|0x0000000080c00000, 0x0000000080d00000, 0x0000000080d00000|100%| O|  |TAMS 0x0000000080d00000, 0x0000000080d00000| Untracked 
|  13|0x0000000080d00000, 0x0000000080e00000, 0x0000000080e00000|100%| O|  |TAMS 0x0000000080e00000, 0x0000000080e00000| Untracked 
|  14|0x0000000080e00000, 0x0000000080f00000, 0x0000000080f00000|100%| O|  |TAMS 0x0000000080f00000, 0x0000000080f00000| Untracked 
|  15|0x0000000080f00000, 0x0000000081000000, 0x0000000081000000|100%| O|  |TAMS 0x0000000081000000, 0x0000000081000000| Untracked 
|  16|0x0000000081000000, 0x0000000081100000, 0x0000000081100000|100%| O|  |TAMS 0x0000000081100000, 0x0000000081100000| Untracked 
|  17|0x0000000081100000, 0x0000000081200000, 0x0000000081200000|100%| O|  |TAMS 0x0000000081200000, 0x0000000081200000| Untracked 
|  18|0x0000000081200000, 0x0000000081300000, 0x0000000081300000|100%| O|  |TAMS 0x0000000081300000, 0x0000000081300000| Untracked 
|  19|0x0000000081300000, 0x0000000081400000, 0x0000000081400000|100%| O|  |TAMS 0x0000000081400000, 0x0000000081400000| Untracked 
|  20|0x0000000081400000, 0x0000000081500000, 0x0000000081500000|100%| O|  |TAMS 0x0000000081500000, 0x0000000081500000| Untracked 
|  21|0x0000000081500000, 0x0000000081600000, 0x0000000081600000|100%| O|  |TAMS 0x0000000081600000, 0x0000000081600000| Untracked 
|  22|0x0000000081600000, 0x0000000081700000, 0x0000000081700000|100%| O|  |TAMS 0x0000000081700000, 0x0000000081700000| Untracked 
|  23|0x0000000081700000, 0x0000000081800000, 0x0000000081800000|100%| O|  |TAMS 0x0000000081800000, 0x0000000081800000| Untracked 
|  24|0x0000000081800000, 0x0000000081900000, 0x0000000081900000|100%| O|  |TAMS 0x0000000081900000, 0x0000000081900000| Untracked 
|  25|0x0000000081900000, 0x0000000081a00000, 0x0000000081a00000|100%| O|  |TAMS 0x0000000081a00000, 0x0000000081a00000| Untracked 
|  26|0x0000000081a00000, 0x0000000081b00000, 0x0000000081b00000|100%| O|  |TAMS 0x0000000081b00000, 0x0000000081b00000| Untracked 
|  27|0x0000000081b00000, 0x0000000081c00000, 0x0000000081c00000|100%| O|  |TAMS 0x0000000081c00000, 0x0000000081c00000| Untracked 
|  28|0x0000000081c00000, 0x0000000081d00000, 0x0000000081d00000|100%| O|  |TAMS 0x0000000081d00000, 0x0000000081d00000| Untracked 
|  29|0x0000000081d00000, 0x0000000081e00000, 0x0000000081e00000|100%| O|  |TAMS 0x0000000081e00000, 0x0000000081e00000| Untracked 
|  30|0x0000000081e00000, 0x0000000081f00000, 0x0000000081f00000|100%| O|  |TAMS 0x0000000081f00000, 0x0000000081f00000| Untracked 
|  31|0x0000000081f00000, 0x0000000082000000, 0x0000000082000000|100%| O|  |TAMS 0x0000000082000000, 0x0000000082000000| Untracked 
|  32|0x0000000082000000, 0x0000000082100000, 0x0000000082100000|100%| O|  |TAMS 0x0000000082100000, 0x0000000082100000| Untracked 
|  33|0x0000000082100000, 0x0000000082200000, 0x0000000082200000|100%|HS|  |TAMS 0x0000000082200000, 0x0000000082200000| Complete 
|  34|0x0000000082200000, 0x0000000082300000, 0x0000000082300000|100%|HS|  |TAMS 0x0000000082300000, 0x0000000082300000| Complete 
|  35|0x0000000082300000, 0x0000000082400000, 0x0000000082400000|100%|HS|  |TAMS 0x0000000082400000, 0x0000000082400000| Complete 
|  36|0x0000000082400000, 0x0000000082500000, 0x0000000082500000|100%|HS|  |TAMS 0x0000000082500000, 0x0000000082500000| Complete 
|  37|0x0000000082500000, 0x0000000082600000, 0x0000000082600000|100%| O|  |TAMS 0x0000000082600000, 0x0000000082600000| Untracked 
|  38|0x0000000082600000, 0x0000000082700000, 0x0000000082700000|100%| O|  |TAMS 0x0000000082700000, 0x0000000082700000| Untracked 
|  39|0x0000000082700000, 0x0000000082800000, 0x0000000082800000|100%|HS|  |TAMS 0x0000000082800000, 0x0000000082800000| Complete 
|  40|0x0000000082800000, 0x0000000082900000, 0x0000000082900000|100%|HC|  |TAMS 0x0000000082900000, 0x0000000082900000| Complete 
|  41|0x0000000082900000, 0x0000000082a00000, 0x0000000082a00000|100%|HC|  |TAMS 0x0000000082a00000, 0x0000000082a00000| Complete 
|  42|0x0000000082a00000, 0x0000000082b00000, 0x0000000082b00000|100%|HS|  |TAMS 0x0000000082b00000, 0x0000000082b00000| Complete 
|  43|0x0000000082b00000, 0x0000000082c00000, 0x0000000082c00000|100%|HC|  |TAMS 0x0000000082c00000, 0x0000000082c00000| Complete 
|  44|0x0000000082c00000, 0x0000000082d00000, 0x0000000082d00000|100%| O|  |TAMS 0x0000000082d00000, 0x0000000082d00000| Untracked 
|  45|0x0000000082d00000, 0x0000000082e00000, 0x0000000082e00000|100%| O|  |TAMS 0x0000000082e00000, 0x0000000082e00000| Untracked 
|  46|0x0000000082e00000, 0x0000000082f00000, 0x0000000082f00000|100%| O|  |TAMS 0x0000000082f00000, 0x0000000082f00000| Untracked 
|  47|0x0000000082f00000, 0x0000000083000000, 0x0000000083000000|100%| O|  |TAMS 0x0000000083000000, 0x0000000083000000| Untracked 
|  48|0x0000000083000000, 0x0000000083100000, 0x0000000083100000|100%| O|  |TAMS 0x0000000083100000, 0x0000000083100000| Untracked 
|  49|0x0000000083100000, 0x0000000083200000, 0x0000000083200000|100%| O|  |TAMS 0x0000000083200000, 0x0000000083200000| Untracked 
|  50|0x0000000083200000, 0x0000000083300000, 0x0000000083300000|100%| O|  |TAMS 0x00000000832bae00, 0x0000000083300000| Untracked 
|  51|0x0000000083300000, 0x0000000083335000, 0x0000000083400000| 20%| O|  |TAMS 0x0000000083300000, 0x0000000083335000| Untracked 
|  52|0x0000000083400000, 0x0000000083400000, 0x0000000083500000|  0%| F|  |TAMS 0x0000000083400000, 0x0000000083400000| Untracked 
|  53|0x0000000083500000, 0x0000000083500000, 0x0000000083600000|  0%| F|  |TAMS 0x0000000083500000, 0x0000000083500000| Untracked 
|  54|0x0000000083600000, 0x0000000083600000, 0x0000000083700000|  0%| F|  |TAMS 0x0000000083600000, 0x0000000083600000| Untracked 
|  55|0x0000000083700000, 0x0000000083700000, 0x0000000083800000|  0%| F|  |TAMS 0x0000000083700000, 0x0000000083700000| Untracked 
|  56|0x0000000083800000, 0x0000000083800000, 0x0000000083900000|  0%| F|  |TAMS 0x0000000083800000, 0x0000000083800000| Untracked 
|  57|0x0000000083900000, 0x0000000083900000, 0x0000000083a00000|  0%| F|  |TAMS 0x0000000083900000, 0x0000000083900000| Untracked 
|  58|0x0000000083a00000, 0x0000000083a00000, 0x0000000083b00000|  0%| F|  |TAMS 0x0000000083a00000, 0x0000000083a00000| Untracked 
|  59|0x0000000083b00000, 0x0000000083b00000, 0x0000000083c00000|  0%| F|  |TAMS 0x0000000083b00000, 0x0000000083b00000| Untracked 
|  60|0x0000000083c00000, 0x0000000083c00000, 0x0000000083d00000|  0%| F|  |TAMS 0x0000000083c00000, 0x0000000083c00000| Untracked 
|  61|0x0000000083d00000, 0x0000000083d00000, 0x0000000083e00000|  0%| F|  |TAMS 0x0000000083d00000, 0x0000000083d00000| Untracked 
|  62|0x0000000083e00000, 0x0000000083e00000, 0x0000000083f00000|  0%| F|  |TAMS 0x0000000083e00000, 0x0000000083e00000| Untracked 
|  63|0x0000000083f00000, 0x0000000083f00000, 0x0000000084000000|  0%| F|  |TAMS 0x0000000083f00000, 0x0000000083f00000| Untracked 
|  64|0x0000000084000000, 0x0000000084000000, 0x0000000084100000|  0%| F|  |TAMS 0x0000000084000000, 0x0000000084000000| Untracked 
|  65|0x0000000084100000, 0x0000000084185640, 0x0000000084200000| 52%| S|CS|TAMS 0x0000000084100000, 0x0000000084100000| Complete 
|  66|0x0000000084200000, 0x0000000084300000, 0x0000000084300000|100%| S|CS|TAMS 0x0000000084200000, 0x0000000084200000| Complete 
|  67|0x0000000084300000, 0x0000000084300000, 0x0000000084400000|  0%| F|  |TAMS 0x0000000084300000, 0x0000000084300000| Untracked 
|  68|0x0000000084400000, 0x0000000084400000, 0x0000000084500000|  0%| F|  |TAMS 0x0000000084400000, 0x0000000084400000| Untracked 
|  69|0x0000000084500000, 0x0000000084500000, 0x0000000084600000|  0%| F|  |TAMS 0x0000000084500000, 0x0000000084500000| Untracked 
|  70|0x0000000084600000, 0x0000000084600000, 0x0000000084700000|  0%| F|  |TAMS 0x0000000084600000, 0x0000000084600000| Untracked 
|  71|0x0000000084700000, 0x0000000084700000, 0x0000000084800000|  0%| F|  |TAMS 0x0000000084700000, 0x0000000084700000| Untracked 
|  72|0x0000000084800000, 0x0000000084800000, 0x0000000084900000|  0%| F|  |TAMS 0x0000000084800000, 0x0000000084800000| Untracked 
|  73|0x0000000084900000, 0x0000000084900000, 0x0000000084a00000|  0%| F|  |TAMS 0x0000000084900000, 0x0000000084900000| Untracked 
|  74|0x0000000084a00000, 0x0000000084a00000, 0x0000000084b00000|  0%| F|  |TAMS 0x0000000084a00000, 0x0000000084a00000| Untracked 
|  75|0x0000000084b00000, 0x0000000084b00000, 0x0000000084c00000|  0%| F|  |TAMS 0x0000000084b00000, 0x0000000084b00000| Untracked 
|  76|0x0000000084c00000, 0x0000000084c00000, 0x0000000084d00000|  0%| F|  |TAMS 0x0000000084c00000, 0x0000000084c00000| Untracked 

Card table byte_map: [0x0000015937c70000,0x0000015938070000] _byte_map_base: 0x0000015937870000

Marking Bits (Prev, Next): (CMBitMap*) 0x0000015924dae9f8, (CMBitMap*) 0x0000015924daea30
 Prev Bits: [0x0000015938470000, 0x000001593a470000)
 Next Bits: [0x000001593a470000, 0x000001593c470000)

Polling page: 0x0000015924550000

Metaspace:

Usage:
  Non-class:     49.95 MB capacity,    49.20 MB ( 99%) used,   621.28 KB (  1%) free+waste,   145.19 KB ( <1%) overhead. 
      Class:      7.56 MB capacity,     7.08 MB ( 94%) used,   425.93 KB (  5%) free+waste,    68.00 KB ( <1%) overhead. 
       Both:     57.51 MB capacity,    56.28 MB ( 98%) used,     1.02 MB (  2%) free+waste,   213.19 KB ( <1%) overhead. 

Virtual space:
  Non-class space:       50.00 MB reserved,      50.00 MB (100%) committed 
      Class space:        1.00 GB reserved,       7.70 MB ( <1%) committed 
             Both:        1.05 GB reserved,      57.70 MB (  5%) committed 

Chunk freelists:
   Non-Class:  55.00 KB
       Class:  30.00 KB
        Both:  85.00 KB

MaxMetaspaceSize: 17179869184.00 GB
CompressedClassSpaceSize: 1.00 GB

CodeHeap 'non-profiled nmethods': size=120064Kb used=2787Kb max_used=2787Kb free=117276Kb
 bounds [0x0000015930330000, 0x00000159305f0000, 0x0000015937870000]
CodeHeap 'profiled nmethods': size=120000Kb used=12155Kb max_used=12155Kb free=107844Kb
 bounds [0x0000015928e00000, 0x00000159299e0000, 0x0000015930330000]
CodeHeap 'non-nmethods': size=5696Kb used=2240Kb max_used=2260Kb free=3456Kb
 bounds [0x0000015928870000, 0x0000015928ae0000, 0x0000015928e00000]
 total_blobs=6857 nmethods=6035 adapters=733
 compilation: enabled
              stopped_count=0, restarted_count=0
 full_count=0

Compilation events (20 events):
Event: 22.579 Thread 0x000001593e998000 6095       3       java.util.concurrent.ConcurrentHashMap$ValuesView::iterator (34 bytes)
Event: 22.580 Thread 0x000001593e998000 nmethod 6095 0x00000159299d5210 code [0x00000159299d5400, 0x00000159299d5798]
Event: 22.580 Thread 0x000001593e998000 6096       3       java.util.concurrent.ConcurrentHashMap$ValueIterator::<init> (12 bytes)
Event: 22.580 Thread 0x000001593e998000 nmethod 6096 0x00000159299d5990 code [0x00000159299d5b60, 0x00000159299d5d98]
Event: 22.582 Thread 0x000001593e998000 6097       3       org.gradle.internal.instantiation.generator.AbstractClassGenerator$PropertyMetadata::getType (34 bytes)
Event: 22.583 Thread 0x000001593e998000 nmethod 6097 0x00000159299d5e90 code [0x00000159299d60a0, 0x00000159299d6658]
Event: 22.583 Thread 0x000001593e998000 6098       3       java.lang.Class::isEnum (27 bytes)
Event: 22.583 Thread 0x000001593e998000 nmethod 6098 0x00000159299d6890 code [0x00000159299d6a60, 0x00000159299d6c78]
Event: 22.588 Thread 0x000001593e998000 6099       3       jdk.internal.reflect.ConstantPool::getIntAt (10 bytes)
Event: 22.588 Thread 0x000001593e998000 nmethod 6099 0x00000159299d6d10 code [0x00000159299d6ec0, 0x00000159299d6fe8]
Event: 22.596 Thread 0x000001593e998000 6101       3       org.objectweb.asm.AnnotationWriter::visit (935 bytes)
Event: 22.600 Thread 0x000001593e998000 nmethod 6101 0x00000159299d7090 code [0x00000159299d7760, 0x00000159299db4f8]
Event: 22.616 Thread 0x000001593e998000 6102       3       com.google.common.collect.MapMakerInternalMap$Segment::copyEntry (19 bytes)
Event: 22.616 Thread 0x000001593e998000 nmethod 6102 0x00000159299dcb10 code [0x00000159299dcce0, 0x00000159299dcf78]
Event: 22.616 Thread 0x000001593e998000 6103       3       com.google.common.collect.MapMakerInternalMap$StrongKeyWeakValueEntry$Helper::copy (17 bytes)
Event: 22.617 Thread 0x000001593e998000 nmethod 6103 0x00000159299dd090 code [0x00000159299dd2a0, 0x00000159299dd978]
Event: 22.617 Thread 0x000001593e998000 6104       3       com.google.common.collect.MapMakerInternalMap$StrongKeyWeakValueEntry$Helper::copy (19 bytes)
Event: 22.618 Thread 0x000001593e998000 nmethod 6104 0x00000159299ddb90 code [0x00000159299dddc0, 0x00000159299de5f8]
Event: 22.623 Thread 0x000001593e998000 6106       3       org.gradle.internal.instantiation.generator.AbstractClassGenerator$MethodMetadata::getName (8 bytes)
Event: 22.623 Thread 0x000001593e998000 nmethod 6106 0x00000159299de910 code [0x00000159299deac0, 0x00000159299debd8]

GC Heap History (20 events):
Event: 21.098 GC heap after
{Heap after GC invocations=31 (full 0):
 garbage-first heap   total 65536K, used 52106K [0x0000000080000000, 0x0000000100000000)
  region size 1024K, 1 young (1024K), 1 survivors (1024K)
 Metaspace       used 49713K, capacity 50924K, committed 51148K, reserved 1093632K
  class space    used 6333K, capacity 6799K, committed 6860K, reserved 1048576K
}
Event: 21.139 GC heap before
{Heap before GC invocations=31 (full 0):
 garbage-first heap   total 65536K, used 53130K [0x0000000080000000, 0x0000000100000000)
  region size 1024K, 3 young (3072K), 1 survivors (1024K)
 Metaspace       used 50012K, capacity 51212K, committed 51404K, reserved 1093632K
  class space    used 6377K, capacity 6831K, committed 6860K, reserved 1048576K
}
Event: 21.141 GC heap after
{Heap after GC invocations=32 (full 0):
 garbage-first heap   total 65536K, used 52154K [0x0000000080000000, 0x0000000100000000)
  region size 1024K, 1 young (1024K), 1 survivors (1024K)
 Metaspace       used 50012K, capacity 51212K, committed 51404K, reserved 1093632K
  class space    used 6377K, capacity 6831K, committed 6860K, reserved 1048576K
}
Event: 21.228 GC heap before
{Heap before GC invocations=32 (full 0):
 garbage-first heap   total 65536K, used 54202K [0x0000000080000000, 0x0000000100000000)
  region size 1024K, 4 young (4096K), 1 survivors (1024K)
 Metaspace       used 50411K, capacity 51680K, committed 51788K, reserved 1093632K
  class space    used 6418K, capacity 6903K, committed 6988K, reserved 1048576K
}
Event: 21.230 GC heap after
{Heap after GC invocations=33 (full 0):
 garbage-first heap   total 65536K, used 52429K [0x0000000080000000, 0x0000000100000000)
  region size 1024K, 1 young (1024K), 1 survivors (1024K)
 Metaspace       used 50411K, capacity 51680K, committed 51788K, reserved 1093632K
  class space    used 6418K, capacity 6903K, committed 6988K, reserved 1048576K
}
Event: 21.300 GC heap before
{Heap before GC invocations=34 (full 0):
 garbage-first heap   total 65536K, used 55501K [0x0000000080000000, 0x0000000100000000)
  region size 1024K, 4 young (4096K), 1 survivors (1024K)
 Metaspace       used 50804K, capacity 52034K, committed 52300K, reserved 1095680K
  class space    used 6465K, capacity 6936K, committed 6988K, reserved 1048576K
}
Event: 21.302 GC heap after
{Heap after GC invocations=35 (full 0):
 garbage-first heap   total 65536K, used 52287K [0x0000000080000000, 0x0000000100000000)
  region size 1024K, 1 young (1024K), 1 survivors (1024K)
 Metaspace       used 50804K, capacity 52034K, committed 52300K, reserved 1095680K
  class space    used 6465K, capacity 6936K, committed 6988K, reserved 1048576K
}
Event: 21.381 GC heap before
{Heap before GC invocations=35 (full 0):
 garbage-first heap   total 65536K, used 55359K [0x0000000080000000, 0x0000000100000000)
  region size 1024K, 4 young (4096K), 1 survivors (1024K)
 Metaspace       used 51170K, capacity 52436K, committed 52684K, reserved 1095680K
  class space    used 6513K, capacity 7005K, committed 7116K, reserved 1048576K
}
Event: 21.383 GC heap after
{Heap after GC invocations=36 (full 0):
 garbage-first heap   total 65536K, used 52398K [0x0000000080000000, 0x0000000100000000)
  region size 1024K, 1 young (1024K), 1 survivors (1024K)
 Metaspace       used 51170K, capacity 52436K, committed 52684K, reserved 1095680K
  class space    used 6513K, capacity 7005K, committed 7116K, reserved 1048576K
}
Event: 21.449 GC heap before
{Heap before GC invocations=36 (full 0):
 garbage-first heap   total 65536K, used 54446K [0x0000000080000000, 0x0000000100000000)
  region size 1024K, 4 young (4096K), 1 survivors (1024K)
 Metaspace       used 51552K, capacity 52789K, committed 52940K, reserved 1095680K
  class space    used 6562K, capacity 7037K, committed 7116K, reserved 1048576K
}
Event: 21.451 GC heap after
{Heap after GC invocations=37 (full 0):
 garbage-first heap   total 65536K, used 52467K [0x0000000080000000, 0x0000000100000000)
  region size 1024K, 1 young (1024K), 1 survivors (1024K)
 Metaspace       used 51552K, capacity 52789K, committed 52940K, reserved 1095680K
  class space    used 6562K, capacity 7037K, committed 7116K, reserved 1048576K
}
Event: 21.534 GC heap before
{Heap before GC invocations=37 (full 0):
 garbage-first heap   total 65536K, used 55539K [0x0000000080000000, 0x0000000100000000)
  region size 1024K, 4 young (4096K), 1 survivors (1024K)
 Metaspace       used 51946K, capacity 53098K, committed 53196K, reserved 1095680K
  class space    used 6614K, capacity 7074K, committed 7116K, reserved 1048576K
}
Event: 21.537 GC heap after
{Heap after GC invocations=38 (full 0):
 garbage-first heap   total 78848K, used 52565K [0x0000000080000000, 0x0000000100000000)
  region size 1024K, 1 young (1024K), 1 survivors (1024K)
 Metaspace       used 51946K, capacity 53098K, committed 53196K, reserved 1095680K
  class space    used 6614K, capacity 7074K, committed 7116K, reserved 1048576K
}
Event: 21.798 GC heap before
{Heap before GC invocations=39 (full 0):
 garbage-first heap   total 78848K, used 61781K [0x0000000080000000, 0x0000000100000000)
  region size 1024K, 10 young (10240K), 1 survivors (1024K)
 Metaspace       used 53150K, capacity 54445K, committed 54732K, reserved 1097728K
  class space    used 6765K, capacity 7269K, committed 7372K, reserved 1048576K
}
Event: 21.801 GC heap after
{Heap after GC invocations=40 (full 0):
 garbage-first heap   total 78848K, used 52946K [0x0000000080000000, 0x0000000100000000)
  region size 1024K, 1 young (1024K), 1 survivors (1024K)
 Metaspace       used 53150K, capacity 54445K, committed 54732K, reserved 1097728K
  class space    used 6765K, capacity 7269K, committed 7372K, reserved 1048576K
}
Event: 22.100 GC heap before
{Heap before GC invocations=40 (full 0):
 garbage-first heap   total 78848K, used 62162K [0x0000000080000000, 0x0000000100000000)
  region size 1024K, 10 young (10240K), 1 survivors (1024K)
 Metaspace       used 54447K, capacity 55752K, committed 55884K, reserved 1097728K
  class space    used 6949K, capacity 7447K, committed 7500K, reserved 1048576K
}
Event: 22.104 GC heap after
{Heap after GC invocations=41 (full 0):
 garbage-first heap   total 78848K, used 53381K [0x0000000080000000, 0x0000000100000000)
  region size 1024K, 2 young (2048K), 2 survivors (2048K)
 Metaspace       used 54447K, capacity 55752K, committed 55884K, reserved 1097728K
  class space    used 6949K, capacity 7447K, committed 7500K, reserved 1048576K
}
Event: 22.345 GC heap before
{Heap before GC invocations=42 (full 0):
 garbage-first heap   total 78848K, used 62597K [0x0000000080000000, 0x0000000100000000)
  region size 1024K, 11 young (11264K), 2 survivors (2048K)
 Metaspace       used 56278K, capacity 57596K, committed 57804K, reserved 1099776K
  class space    used 7124K, capacity 7614K, committed 7628K, reserved 1048576K
}
Event: 22.351 GC heap after
{Heap after GC invocations=43 (full 0):
 garbage-first heap   total 78848K, used 53557K [0x0000000080000000, 0x0000000100000000)
  region size 1024K, 2 young (2048K), 2 survivors (2048K)
 Metaspace       used 56278K, capacity 57596K, committed 57804K, reserved 1099776K
  class space    used 7124K, capacity 7614K, committed 7628K, reserved 1048576K
}
Event: 22.635 GC heap before
{Heap before GC invocations=43 (full 0):
 garbage-first heap   total 78848K, used 62773K [0x0000000080000000, 0x0000000100000000)
  region size 1024K, 11 young (11264K), 2 survivors (2048K)
 Metaspace       used 57630K, capacity 58891K, committed 59084K, reserved 1099776K
  class space    used 7252K, capacity 7746K, committed 7884K, reserved 1048576K
}

Deoptimization events (20 events):
Event: 21.160 Thread 0x00000159417c2000 Uncommon trap: trap_request=0xffffff4d fr.pc=0x00000159305964b4 relative=0x00000000000001f4
Event: 21.160 Thread 0x00000159417c2000 Uncommon trap: reason=unstable_if action=reinterpret pc=0x00000159305964b4 method=java.io.BufferedInputStream.read1([BII)I @ 22 c2
Event: 21.160 Thread 0x00000159417c2000 DEOPT PACKING pc=0x00000159305964b4 sp=0x0000001cbfff6fa0
Event: 21.160 Thread 0x00000159417c2000 DEOPT UNPACKING pc=0x000001592889662f sp=0x0000001cbfff6f68 mode 2
Event: 21.209 Thread 0x00000159417c2000 Uncommon trap: trap_request=0xffffff45 fr.pc=0x00000159304aaa68 relative=0x0000000000000d48
Event: 21.209 Thread 0x00000159417c2000 Uncommon trap: reason=unstable_fused_if action=reinterpret pc=0x00000159304aaa68 method=org.objectweb.asm.ByteVector.putUTF8(Ljava/lang/String;)Lorg/objectweb/asm/ByteVector; @ 93 c2
Event: 21.209 Thread 0x00000159417c2000 DEOPT PACKING pc=0x00000159304aaa68 sp=0x0000001cbfff7ae0
Event: 21.209 Thread 0x00000159417c2000 DEOPT UNPACKING pc=0x000001592889662f sp=0x0000001cbfff7a38 mode 2
Event: 21.210 Thread 0x00000159417c2000 Uncommon trap: trap_request=0xffffff4d fr.pc=0x00000159304bcb50 relative=0x0000000000005b50
Event: 21.210 Thread 0x00000159417c2000 Uncommon trap: reason=unstable_if action=reinterpret pc=0x00000159304bcb50 method=org.objectweb.asm.Frame.execute(IILorg/objectweb/asm/Symbol;Lorg/objectweb/asm/SymbolTable;)V @ 1 c2
Event: 21.210 Thread 0x00000159417c2000 DEOPT PACKING pc=0x00000159304bcb50 sp=0x0000001cbfff7cd0
Event: 21.210 Thread 0x00000159417c2000 DEOPT UNPACKING pc=0x000001592889662f sp=0x0000001cbfff7c78 mode 2
Event: 21.256 Thread 0x00000159417c2000 Uncommon trap: trap_request=0xffffff45 fr.pc=0x0000015930457df4 relative=0x0000000000000214
Event: 21.256 Thread 0x00000159417c2000 Uncommon trap: reason=unstable_fused_if action=reinterpret pc=0x0000015930457df4 method=org.objectweb.asm.ByteVector.putUTF8(Ljava/lang/String;)Lorg/objectweb/asm/ByteVector; @ 93 c2
Event: 21.256 Thread 0x00000159417c2000 DEOPT PACKING pc=0x0000015930457df4 sp=0x0000001cbfff7e10
Event: 21.256 Thread 0x00000159417c2000 DEOPT UNPACKING pc=0x000001592889662f sp=0x0000001cbfff7d90 mode 2
Event: 22.047 Thread 0x00000159417c2000 Uncommon trap: trap_request=0xffffff4d fr.pc=0x00000159305c5004 relative=0x0000000000000324
Event: 22.047 Thread 0x00000159417c2000 Uncommon trap: reason=unstable_if action=reinterpret pc=0x00000159305c5004 method=org.gradle.internal.instantiation.generator.AbstractClassGenerator$InjectionAnnotationValidator.validateMethod(Ljava/lang/reflect/Method;Lorg/gradle/internal/reflect/Propert
Event: 22.047 Thread 0x00000159417c2000 DEOPT PACKING pc=0x00000159305c5004 sp=0x0000001cbfff7a40
Event: 22.047 Thread 0x00000159417c2000 DEOPT UNPACKING pc=0x000001592889662f sp=0x0000001cbfff7a08 mode 2

Classes redefined (0 events):
No events

Internal exceptions (20 events):
Event: 20.752 Thread 0x00000159417c2000 Exception <a 'java/lang/ClassNotFoundException'{0x0000000083d9d2d8}: org/gradle/api/tasks/Delete_DecoratedCustomizer> (0x0000000083d9d2d8) thrown at [./src/hotspot/share/classfile/systemDictionary.cpp, line 231]
Event: 20.793 Thread 0x00000159417c2000 Exception <a 'java/lang/NoSuchMethodError'{0x0000000083fb1ed0}: 'long java.lang.invoke.DirectMethodHandle$Holder.invokeVirtual(java.lang.Object, java.lang.Object)'> (0x0000000083fb1ed0) thrown at [./src/hotspot/share/interpreter/linkResolver.cpp, line 773]
Event: 20.798 Thread 0x0000015941995000 Exception <a 'java/lang/NoSuchMethodError'{0x0000000083ff4128}: <clinit>> (0x0000000083ff4128) thrown at [./src/hotspot/share/prims/jni.cpp, line 1362]
Event: 20.803 Thread 0x0000015941995000 Exception <a 'java/lang/NoSuchMethodError'{0x0000000083e19070}: <clinit>> (0x0000000083e19070) thrown at [./src/hotspot/share/prims/jni.cpp, line 1362]
Event: 20.804 Thread 0x0000015941995000 Exception <a 'java/lang/NoSuchMethodError'{0x0000000083e27ab0}: <clinit>> (0x0000000083e27ab0) thrown at [./src/hotspot/share/prims/jni.cpp, line 1362]
Event: 20.804 Thread 0x0000015941995000 Exception <a 'java/lang/NoSuchMethodError'{0x0000000083e29258}: <clinit>> (0x0000000083e29258) thrown at [./src/hotspot/share/prims/jni.cpp, line 1362]
Event: 20.804 Thread 0x0000015941995000 Exception <a 'java/lang/NoSuchMethodError'{0x0000000083e2a720}: <clinit>> (0x0000000083e2a720) thrown at [./src/hotspot/share/prims/jni.cpp, line 1362]
Event: 20.807 Thread 0x0000015941995000 Exception <a 'java/lang/NoSuchMethodError'{0x0000000083e40f90}: <clinit>> (0x0000000083e40f90) thrown at [./src/hotspot/share/prims/jni.cpp, line 1362]
Event: 20.808 Thread 0x0000015941995000 Exception <a 'java/lang/NoSuchMethodError'{0x0000000083e4da80}: <clinit>> (0x0000000083e4da80) thrown at [./src/hotspot/share/prims/jni.cpp, line 1362]
Event: 20.812 Thread 0x0000015941995000 Exception <a 'java/lang/NoSuchMethodError'{0x0000000083e73428}: <clinit>> (0x0000000083e73428) thrown at [./src/hotspot/share/prims/jni.cpp, line 1362]
Event: 20.837 Thread 0x00000159417c2000 Exception <a 'java/lang/ClassNotFoundException'{0x0000000083d16a08}: build_6b3ol7zx590ay6k3hu545ogdvBeanInfo> (0x0000000083d16a08) thrown at [./src/hotspot/share/classfile/systemDictionary.cpp, line 231]
Event: 20.837 Thread 0x00000159417c2000 Exception <a 'java/lang/ClassNotFoundException'{0x0000000083d213b8}: build_6b3ol7zx590ay6k3hu545ogdvCustomizer> (0x0000000083d213b8) thrown at [./src/hotspot/share/classfile/systemDictionary.cpp, line 231]
Event: 20.911 Thread 0x00000159417c2000 Exception <a 'java/lang/ClassNotFoundException'{0x0000000083ed1468}: org/gradle/api/internal/plugins/DefaultObjectConfigurationActionBeanInfo> (0x0000000083ed1468) thrown at [./src/hotspot/share/classfile/systemDictionary.cpp, line 231]
Event: 20.912 Thread 0x00000159417c2000 Exception <a 'java/lang/ClassNotFoundException'{0x0000000083d06308}: org/gradle/api/internal/plugins/DefaultObjectConfigurationActionCustomizer> (0x0000000083d06308) thrown at [./src/hotspot/share/classfile/systemDictionary.cpp, line 231]
Event: 21.193 Thread 0x00000159417c2000 Exception <a 'java/lang/NoSuchMethodError'{0x0000000083e9bf48}: 'java.lang.Object java.lang.invoke.DirectMethodHandle$Holder.invokeStatic(java.lang.Object, java.lang.Object, java.lang.Object, java.lang.Object, int)'> (0x0000000083e9bf48) thrown at [./src/hotspot/share/interpreter/linkResolver.cpp, line 773]
Event: 21.194 Thread 0x00000159417c2000 Exception <a 'java/lang/NoSuchMethodError'{0x0000000083ea0bb0}: 'java.lang.Object java.lang.invoke.DirectMethodHandle$Holder.invokeSpecial(java.lang.Object, java.lang.Object, java.lang.Object, java.lang.Object, java.lang.Object, int)'> (0x0000000083ea0bb0) thrown at [./src/hotspot/share/interpreter/linkResolver.cpp, line 773]
Event: 21.194 Thread 0x00000159417c2000 Exception <a 'java/lang/NoSuchMethodError'{0x0000000083ea51f0}: 'java.lang.Object java.lang.invoke.Invokers$Holder.linkToTargetMethod(java.lang.Object, java.lang.Object, java.lang.Object, int, java.lang.Object)'> (0x0000000083ea51f0) thrown at [./src/hotspot/share/interpreter/linkResolver.cpp, line 773]
Event: 21.611 Thread 0x00000159417c2000 Exception <a 'java/lang/NoSuchMethodError'{0x0000000084bf1860}: 'java.lang.Object java.lang.invoke.DirectMethodHandle$Holder.invokeSpecial(java.lang.Object, java.lang.Object, int, int, java.lang.Object, java.lang.Object, java.lang.Object)'> (0x0000000084bf1860) thrown at [./src/hotspot/share/interpreter/linkResolver.cpp, line 773]
Event: 21.611 Thread 0x00000159417c2000 Exception <a 'java/lang/NoSuchMethodError'{0x0000000084bf5de0}: 'java.lang.Object java.lang.invoke.DelegatingMethodHandle$Holder.reinvoke_L(java.lang.Object, int, int, java.lang.Object, java.lang.Object, java.lang.Object)'> (0x0000000084bf5de0) thrown at [./src/hotspot/share/interpreter/linkResolver.cpp, line 773]
Event: 22.023 Thread 0x00000159417c2000 Exception <a 'java/lang/NoSuchMethodError'{0x00000000847b8498}: 'int java.lang.invoke.DirectMethodHandle$Holder.invokeInterface(java.lang.Object, java.lang.Object, java.lang.Object, java.lang.Object)'> (0x00000000847b8498) thrown at [./src/hotspot/share/interpreter/linkResolver.cpp, line 773]

Events (20 events):
Event: 22.616 loading class com/android/build/gradle/internal/services/Aapt2ThreadPoolBuildService$Params done
Event: 22.619 loading class com/android/build/gradle/internal/services/Aapt2DaemonBuildService$RegistrationAction
Event: 22.619 loading class com/android/build/gradle/internal/services/Aapt2DaemonBuildService$RegistrationAction done
Event: 22.620 loading class com/android/build/gradle/internal/services/Aapt2DaemonBuildService
Event: 22.620 loading class com/android/build/gradle/internal/services/Aapt2DaemonBuildService done
Event: 22.621 loading class com/android/build/gradle/internal/services/Aapt2DaemonBuildService$Parameters
Event: 22.621 loading class com/android/build/gradle/internal/services/Aapt2DaemonBuildService$Parameters done
Event: 22.625 loading class com/android/build/gradle/internal/errors/SyncIssueReporterImpl$GlobalSyncIssueService$RegistrationAction
Event: 22.625 loading class com/android/build/gradle/internal/errors/SyncIssueReporterImpl$GlobalSyncIssueService$RegistrationAction done
Event: 22.627 loading class com/android/build/gradle/internal/errors/SyncIssueReporterImpl$GlobalSyncIssueService
Event: 22.627 loading class com/android/build/gradle/internal/errors/SyncIssueReporterImpl$GlobalSyncIssueService done
Event: 22.627 loading class com/android/build/gradle/internal/errors/SyncIssueReporterImpl$GlobalSyncIssueService$Parameters
Event: 22.627 loading class com/android/build/gradle/internal/errors/SyncIssueReporterImpl$GlobalSyncIssueService$Parameters done
Event: 22.631 loading class com/android/build/gradle/internal/SdkComponentsBuildService$RegistrationAction
Event: 22.631 loading class com/android/build/gradle/internal/SdkComponentsBuildService$RegistrationAction done
Event: 22.633 loading class com/android/build/gradle/internal/SdkComponentsBuildService$Parameters
Event: 22.633 loading class com/android/build/gradle/internal/SdkComponentsBuildService$Parameters done
Event: 22.634 loading class org/gradle/api/file/RegularFileProperty
Event: 22.634 loading class org/gradle/api/file/RegularFileProperty done
Event: 22.635 Executing VM operation: G1CollectForAllocation


Dynamic libraries:
0x00007ff63e1f0000 - 0x00007ff63e1fa000 	C:\Program Files\Android\Android Studio1\jre\bin\java.exe
0x00007ff9d0050000 - 0x00007ff9d0245000 	C:\WINDOWS\SYSTEM32\ntdll.dll
0x00007ff9cec80000 - 0x00007ff9ced3e000 	C:\WINDOWS\System32\KERNEL32.DLL
0x00007ff9cdb90000 - 0x00007ff9cde58000 	C:\WINDOWS\System32\KERNELBASE.dll
0x00007ff9cd7c0000 - 0x00007ff9cd8c0000 	C:\WINDOWS\System32\ucrtbase.dll
0x00007ff9c72d0000 - 0x00007ff9c72e7000 	C:\Program Files\Android\Android Studio1\jre\bin\VCRUNTIME140.dll
0x00007ff9c7520000 - 0x00007ff9c7539000 	C:\Program Files\Android\Android Studio1\jre\bin\jli.dll
0x00007ff9ce340000 - 0x00007ff9ce4e0000 	C:\WINDOWS\System32\USER32.dll
0x00007ff9ce080000 - 0x00007ff9ce0a2000 	C:\WINDOWS\System32\win32u.dll
0x00007ff9ce4e0000 - 0x00007ff9ce50a000 	C:\WINDOWS\System32\GDI32.dll
0x00007ff9cde60000 - 0x00007ff9cdf6b000 	C:\WINDOWS\System32\gdi32full.dll
0x00007ff9cdf70000 - 0x00007ff9ce00d000 	C:\WINDOWS\System32\msvcp_win.dll
0x00007ff9b9a80000 - 0x00007ff9b9d1a000 	C:\WINDOWS\WinSxS\amd64_microsoft.windows.common-controls_6595b64144ccf1df_6.0.19041.1110_none_60b5254171f9507e\COMCTL32.dll
0x00007ff9cf000000 - 0x00007ff9cf09e000 	C:\WINDOWS\System32\msvcrt.dll
0x00007ff9ce0b0000 - 0x00007ff9ce0e0000 	C:\WINDOWS\System32\IMM32.DLL
0x00007ff9a89d0000 - 0x00007ff9a8a6d000 	C:\Program Files\Android\Android Studio1\jre\bin\msvcp140.dll
0x00007ff98e310000 - 0x00007ff98ede5000 	C:\Program Files\Android\Android Studio1\jre\bin\server\jvm.dll
0x00007ff9ce5e0000 - 0x00007ff9ce68e000 	C:\WINDOWS\System32\ADVAPI32.dll
0x00007ff9cfb00000 - 0x00007ff9cfb9c000 	C:\WINDOWS\System32\sechost.dll
0x00007ff9ce210000 - 0x00007ff9ce335000 	C:\WINDOWS\System32\RPCRT4.dll
0x00007ff9ce890000 - 0x00007ff9ce898000 	C:\WINDOWS\System32\PSAPI.DLL
0x00007ff9c8ef0000 - 0x00007ff9c8ef9000 	C:\WINDOWS\SYSTEM32\WSOCK32.dll
0x00007ff9c9270000 - 0x00007ff9c9297000 	C:\WINDOWS\SYSTEM32\WINMM.dll
0x00007ff9ce690000 - 0x00007ff9ce6fb000 	C:\WINDOWS\System32\WS2_32.dll
0x00007ff9c6280000 - 0x00007ff9c628a000 	C:\WINDOWS\SYSTEM32\VERSION.dll
0x00007ff9cc020000 - 0x00007ff9cc032000 	C:\WINDOWS\SYSTEM32\kernel.appcore.dll
0x00007ff9c7b70000 - 0x00007ff9c7b81000 	C:\Program Files\Android\Android Studio1\jre\bin\verify.dll
0x00007ff9cb590000 - 0x00007ff9cb774000 	C:\WINDOWS\SYSTEM32\DBGHELP.DLL
0x00007ff9adac0000 - 0x00007ff9adaec000 	C:\WINDOWS\SYSTEM32\dbgcore.DLL
0x00007ff9cda50000 - 0x00007ff9cdad2000 	C:\WINDOWS\System32\bcryptPrimitives.dll
0x00007ff9c75f0000 - 0x00007ff9c7619000 	C:\Program Files\Android\Android Studio1\jre\bin\java.dll
0x00007ff9c7b60000 - 0x00007ff9c7b6b000 	C:\Program Files\Android\Android Studio1\jre\bin\jimage.dll
0x00007ff9c75d0000 - 0x00007ff9c75e8000 	C:\Program Files\Android\Android Studio1\jre\bin\zip.dll
0x00007ff9cf200000 - 0x00007ff9cf944000 	C:\WINDOWS\System32\SHELL32.dll
0x00007ff9cb870000 - 0x00007ff9cc004000 	C:\WINDOWS\SYSTEM32\windows.storage.dll
0x00007ff9ce8a0000 - 0x00007ff9cebf4000 	C:\WINDOWS\System32\combase.dll
0x00007ff9cd1e0000 - 0x00007ff9cd20c000 	C:\WINDOWS\SYSTEM32\Wldp.dll
0x00007ff9ce700000 - 0x00007ff9ce7ad000 	C:\WINDOWS\System32\SHCORE.dll
0x00007ff9ce830000 - 0x00007ff9ce885000 	C:\WINDOWS\System32\shlwapi.dll
0x00007ff9cd6b0000 - 0x00007ff9cd6cf000 	C:\WINDOWS\SYSTEM32\profapi.dll
0x00007ff9c5870000 - 0x00007ff9c588a000 	C:\Program Files\Android\Android Studio1\jre\bin\net.dll
0x00007ff9bcd20000 - 0x00007ff9bce2a000 	C:\WINDOWS\SYSTEM32\WINHTTP.dll
0x00007ff9ccf40000 - 0x00007ff9ccfaa000 	C:\WINDOWS\system32\mswsock.dll
0x00007ff9c31e0000 - 0x00007ff9c31f4000 	C:\Program Files\Android\Android Studio1\jre\bin\nio.dll
0x00007ff9bcbd0000 - 0x00007ff9bcbf7000 	C:\Users\ASUS\AndroidStudioProjects\Room-Chapter-6\native\e1d6ef7f7dcc3fd88c89a11ec53ec762bb8ba0a96d01ffa2cd45eb1d1d8dd5c5\windows-amd64\native-platform.dll
0x00007ff9a6d90000 - 0x00007ff9a6ed4000 	C:\Users\ASUS\AndroidStudioProjects\Room-Chapter-6\native\5664cfc778a61ccfe75a443a1ab52a65af34e5dc3c78e0209fed803814484fcb\windows-amd64\native-platform-file-events.dll
0x00007ff9c7470000 - 0x00007ff9c747a000 	C:\Program Files\Android\Android Studio1\jre\bin\management.dll
0x00007ff9c7210000 - 0x00007ff9c721d000 	C:\Program Files\Android\Android Studio1\jre\bin\management_ext.dll
0x00007ff9cd130000 - 0x00007ff9cd148000 	C:\WINDOWS\SYSTEM32\CRYPTSP.dll
0x00007ff9cc850000 - 0x00007ff9cc884000 	C:\WINDOWS\system32\rsaenh.dll
0x00007ff9cd8c0000 - 0x00007ff9cd8e7000 	C:\WINDOWS\System32\bcrypt.dll
0x00007ff9cd670000 - 0x00007ff9cd69e000 	C:\WINDOWS\SYSTEM32\USERENV.dll
0x00007ff9cd150000 - 0x00007ff9cd15c000 	C:\WINDOWS\SYSTEM32\CRYPTBASE.dll
0x00007ff9ccbe0000 - 0x00007ff9ccc1b000 	C:\WINDOWS\SYSTEM32\IPHLPAPI.DLL
0x00007ff9cf1f0000 - 0x00007ff9cf1f8000 	C:\WINDOWS\System32\NSI.dll
0x00007ff9c2880000 - 0x00007ff9c2897000 	C:\WINDOWS\SYSTEM32\dhcpcsvc6.DLL
0x00007ff9c3550000 - 0x00007ff9c356d000 	C:\WINDOWS\SYSTEM32\dhcpcsvc.DLL
0x00007ff9ccc20000 - 0x00007ff9ccceb000 	C:\WINDOWS\SYSTEM32\DNSAPI.dll

dbghelp: loaded successfully - version: 4.0.5 - missing functions: none
symbol engine: initialized successfully - sym options: 0x614 - pdb path: .;C:\Program Files\Android\Android Studio1\jre\bin;C:\WINDOWS\SYSTEM32;C:\WINDOWS\WinSxS\amd64_microsoft.windows.common-controls_6595b64144ccf1df_6.0.19041.1110_none_60b5254171f9507e;C:\Program Files\Android\Android Studio1\jre\bin\server;C:\Users\ASUS\AndroidStudioProjects\Room-Chapter-6\native\e1d6ef7f7dcc3fd88c89a11ec53ec762bb8ba0a96d01ffa2cd45eb1d1d8dd5c5\windows-amd64;C:\Users\ASUS\AndroidStudioProjects\Room-Chapter-6\native\5664cfc778a61ccfe75a443a1ab52a65af34e5dc3c78e0209fed803814484fcb\windows-amd64

VM Arguments:
jvm_args: --add-opens=java.base/java.util=ALL-UNNAMED --add-opens=java.base/java.lang=ALL-UNNAMED --add-opens=java.base/java.lang.invoke=ALL-UNNAMED --add-opens=java.base/java.util=ALL-UNNAMED --add-opens=java.prefs/java.util.prefs=ALL-UNNAMED --add-opens=java.prefs/java.util.prefs=ALL-UNNAMED --add-opens=java.base/java.nio.charset=ALL-UNNAMED --add-opens=java.base/java.net=ALL-UNNAMED --add-opens=java.base/java.util.concurrent.atomic=ALL-UNNAMED -Xmx2048m -Dfile.encoding=windows-1252 -Duser.country=ID -Duser.language=en -Duser.variant 
java_command: org.gradle.launcher.daemon.bootstrap.GradleDaemon 7.2
java_class_path (initial): C:\Users\ASUS\AndroidStudioProjects\Room-Chapter-6\wrapper\dists\gradle-7.2-bin\2dnblmf4td7x66yl1d74lt32g\gradle-7.2\lib\gradle-launcher-7.2.jar
Launcher Type: SUN_STANDARD

[Global flags]
     intx CICompilerCount                          = 3                                         {product} {ergonomic}
     uint ConcGCThreads                            = 1                                         {product} {ergonomic}
     uint G1ConcRefinementThreads                  = 4                                         {product} {ergonomic}
   size_t G1HeapRegionSize                         = 1048576                                   {product} {ergonomic}
    uintx GCDrainStackTargetSize                   = 64                                        {product} {ergonomic}
   size_t InitialHeapSize                          = 67108864                                  {product} {ergonomic}
   size_t MarkStackSize                            = 4194304                                   {product} {ergonomic}
   size_t MaxHeapSize                              = 2147483648                                {product} {command line}
   size_t MaxNewSize                               = 1287651328                                {product} {ergonomic}
   size_t MinHeapDeltaBytes                        = 1048576                                   {product} {ergonomic}
    uintx NonNMethodCodeHeapSize                   = 5830732                                {pd product} {ergonomic}
    uintx NonProfiledCodeHeapSize                  = 122913754                              {pd product} {ergonomic}
    uintx ProfiledCodeHeapSize                     = 122913754                              {pd product} {ergonomic}
    uintx ReservedCodeCacheSize                    = 251658240                              {pd product} {ergonomic}
     bool SegmentedCodeCache                       = true                                      {product} {ergonomic}
     bool UseCompressedClassPointers               = true                                 {lp64_product} {ergonomic}
     bool UseCompressedOops                        = true                                 {lp64_product} {ergonomic}
     bool UseG1GC                                  = true                                      {product} {ergonomic}
     bool UseLargePagesIndividualAllocation        = false                                  {pd product} {ergonomic}

Logging:
Log output configuration:
 #0: stdout all=warning uptime,level,tags
 #1: stderr all=off uptime,level,tags

Environment Variables:
JAVA_HOME=C:\Program Files\Eclipse Adoptium\jdk-17.0.2.8-hotspot\
PATH=C:\Program Files\Eclipse Adoptium\jdk-17.0.2.8-hotspot\bin;C:\Program Files (x86)\Common Files\Intel\Shared Files\cpp\bin\Intel64;C:\WINDOWS\system32;C:\WINDOWS;C:\WINDOWS\System32\Wbem;C:\WINDOWS\System32\WindowsPowerShell\v1.0\;C:\WINDOWS\System32\OpenSSH\;C:\Program Files (x86)\Windows Live\Shared;C:\Program Files\Git\cmd;C:\Program Files\Dart\dart-sdk\bin;C:\Android1\sdk\cmdline-tools\latest\bin;C:\Android1\flutter\bin;C:\Users\ASUS\AppData\Local\Microsoft\WindowsApps;C:\Program Files\JetBrains\IntelliJ IDEA Community Edition 2021.3.2\bin;;C:\android\flutter\bin;C:\android\cmdline-tools\tools\bin;C:\Users\ASUS\AppData\Local\Programs\Microsoft VS Code\bin
USERNAME=ASUS
OS=Windows_NT
PROCESSOR_IDENTIFIER=Intel64 Family 6 Model 142 Stepping 9, GenuineIntel



---------------  S Y S T E M  ---------------

OS: Windows 10 , 64 bit Build 19041 (10.0.19041.1645)
OS uptime: 30 days 0:54 hours

CPU:total 4 (initial active 4) (2 cores per cpu, 2 threads per core) family 6 model 142 stepping 9 microcode 0xb4, cmov, cx8, fxsr, mmx, sse, sse2, sse3, ssse3, sse4.1, sse4.2, popcnt, avx, avx2, aes, clmul, erms, 3dnowpref, lzcnt, ht, tsc, tscinvbit, bmi1, bmi2, adx, fma

Memory: 4k page, system-wide physical 3978M (255M free)
TotalPageFile size 16266M (AvailPageFile size 25M)
current process WorkingSet (physical memory assigned to process): 248M, peak: 251M
current process commit charge ("private bytes"): 279M, peak: 311M

vm_info: OpenJDK 64-Bit Server VM (11.0.11+9-b60-7590822) for windows-amd64 JRE (11.0.11+9-b60-7590822), built on Jul 29 2021 21:43:44 by "builder" with MS VC++ 14.0 (VS2015)

END.
