#
# There is insufficient memory for the Java Runtime Environment to continue.
# Native memory allocation (mmap) failed to map 38797312 bytes for Failed to commit area from 0x0000000088700000 to 0x000000008ac00000 of length 38797312.
# Possible reasons:
#   The system is out of physical RAM or swap space
#   The process is running with CompressedOops enabled, and the Java Heap may be blocking the growth of the native heap
# Possible solutions:
#   Reduce memory load on the system
#   Increase physical memory or swap space
#   Check if swap backing store is full
#   Decrease Java heap size (-Xmx/-Xms)
#   Decrease number of Java threads
#   Decrease Java thread stack sizes (-Xss)
#   Set larger code cache with -XX:ReservedCodeCacheSize=
#   JVM is running with Unscaled Compressed Oops mode in which the Java heap is
#     placed in the first 4GB address space. The Java Heap base address is the
#     maximum limit for the native heap growth. Please use -XX:HeapBaseMinAddress
#     to set the Java Heap base and to place the Java Heap above 4GB virtual address.
# This output file may be truncated or incomplete.
#
#  Out of Memory Error (./src/hotspot/os/windows/os_windows.cpp:3301), pid=8548, tid=13388
#
# JRE version: OpenJDK Runtime Environment (11.0.11+9) (build 11.0.11+9-b60-7590822)
# Java VM: OpenJDK 64-Bit Server VM (11.0.11+9-b60-7590822, mixed mode, tiered, compressed oops, g1 gc, windows-amd64)
# No core dump will be written. Minidumps are not enabled by default on client versions of Windows
#

---------------  S U M M A R Y ------------

Command Line: --add-opens=java.base/java.util=ALL-UNNAMED --add-opens=java.base/java.lang=ALL-UNNAMED --add-opens=java.base/java.lang.invoke=ALL-UNNAMED --add-opens=java.base/java.util=ALL-UNNAMED --add-opens=java.prefs/java.util.prefs=ALL-UNNAMED --add-opens=java.prefs/java.util.prefs=ALL-UNNAMED --add-opens=java.base/java.nio.charset=ALL-UNNAMED --add-opens=java.base/java.net=ALL-UNNAMED --add-opens=java.base/java.util.concurrent.atomic=ALL-UNNAMED -Xmx2048m -Dfile.encoding=windows-1252 -Duser.country=ID -Duser.language=en -Duser.variant org.gradle.launcher.daemon.bootstrap.GradleDaemon 7.2

Host: Intel(R) Core(TM) i3-7020U CPU @ 2.30GHz, 4 cores, 3G,  Windows 10 , 64 bit Build 19041 (10.0.19041.1645)
Time: Fri May 13 20:37:45 2022 Pacific Daylight Time elapsed time: 21.501932 seconds (0d 0h 0m 21s)

---------------  T H R E A D  ---------------

Current thread (0x0000013d84281800):  VMThread "VM Thread" [stack: 0x0000000a0d100000,0x0000000a0d200000] [id=13388]

Stack: [0x0000000a0d100000,0x0000000a0d200000]
[error occurred during error reporting (printing stack bounds), id 0xc0000005, EXCEPTION_ACCESS_VIOLATION (0xc0000005) at pc=0x0000013deda50f2d]

Native frames: (J=compiled Java code, j=interpreted, Vv=VM code, C=native code)
V  [jvm.dll+0x5f214a]
V  [jvm.dll+0x726fb5]
V  [jvm.dll+0x7285cd]
V  [jvm.dll+0x728be5]
V  [jvm.dll+0x728b9b]
V  [jvm.dll+0x5f14e8]
V  [jvm.dll+0x5f1c78]
C  [ntdll.dll+0xa20cf]
C  [ntdll.dll+0x51454]
C  [ntdll.dll+0xa0bfe]
C  0x0000013deda50f2d

VM_Operation (0x0000000a0e5f77a0): G1CollectForAllocation, mode: safepoint, requested by thread 0x0000013d857d7800


---------------  P R O C E S S  ---------------

Threads class SMR info:
_java_thread_list=0x0000013d8739bc00, length=79, elements={
0x0000013de874d800, 0x0000013d84288800, 0x0000013d84294800, 0x0000013d842ea000,
0x0000013d842ed800, 0x0000013d842ef000, 0x0000013d842f4800, 0x0000013d842f9000,
0x0000013d842fb000, 0x0000013d84d53000, 0x0000013d86061800, 0x0000013d85e2b000,
0x0000013d85b59800, 0x0000013d86c01000, 0x0000013d86d4b000, 0x0000013d86d03800,
0x0000013d857d7800, 0x0000013d86d4b800, 0x0000013d86acf800, 0x0000013d86fc5000,
0x0000013d86fc2000, 0x0000013d86fc2800, 0x0000013d86fc3800, 0x0000013d86fc4800,
0x0000013d86fc0800, 0x0000013d86fc6000, 0x0000013d86fc7000, 0x0000013d86fc1000,
0x0000013d86f67000, 0x0000013d86f68000, 0x0000013d86f68800, 0x0000013d86f66000,
0x0000013d86f69800, 0x0000013d86f6c000, 0x0000013d86f6f000, 0x0000013d86f71000,
0x0000013d86f6b000, 0x0000013d86f71800, 0x0000013d86f70000, 0x0000013d86f72800,
0x0000013d86f73800, 0x0000013d86f6d800, 0x0000013d86f74000, 0x0000013d86f6e800,
0x0000013d86f75000, 0x0000013d88f4f000, 0x0000013d88f4a000, 0x0000013d88f4e000,
0x0000013d88f4d000, 0x0000013d88f4b800, 0x0000013d88f49000, 0x0000013d88f4c800,
0x0000013d88f4f800, 0x0000013d88f50800, 0x0000013d88f4b000, 0x0000013d88f56000,
0x0000013d88f54000, 0x0000013d88f57000, 0x0000013d88f55800, 0x0000013d88f52000,
0x0000013d88f53000, 0x0000013d88f51800, 0x0000013d88f54800, 0x0000013d88f58000,
0x0000013d89b78000, 0x0000013d89b75000, 0x0000013d89b75800, 0x0000013d89b76800,
0x0000013d89b79000, 0x0000013d89b7a000, 0x0000013d89b74000, 0x0000013d89b7a800,
0x0000013d89b7d000, 0x0000013d89b7b800, 0x0000013d89b7c000, 0x0000013d89b77800,
0x0000013d89b7e000, 0x0000013d89b80800, 0x0000013d89b82000
}

Java Threads: ( => current thread )
  0x0000013de874d800 JavaThread "main" [_thread_blocked, id=10116, stack(0x0000000a0cb00000,0x0000000a0cc00000)]
  0x0000013d84288800 JavaThread "Reference Handler" daemon [_thread_blocked, id=4476, stack(0x0000000a0d200000,0x0000000a0d300000)]
  0x0000013d84294800 JavaThread "Finalizer" daemon [_thread_blocked, id=11816, stack(0x0000000a0d300000,0x0000000a0d400000)]
  0x0000013d842ea000 JavaThread "Signal Dispatcher" daemon [_thread_blocked, id=13124, stack(0x0000000a0d400000,0x0000000a0d500000)]
  0x0000013d842ed800 JavaThread "Attach Listener" daemon [_thread_blocked, id=6512, stack(0x0000000a0d500000,0x0000000a0d600000)]
  0x0000013d842ef000 JavaThread "Service Thread" daemon [_thread_blocked, id=1508, stack(0x0000000a0d600000,0x0000000a0d700000)]
  0x0000013d842f4800 JavaThread "C2 CompilerThread0" daemon [_thread_blocked, id=17028, stack(0x0000000a0d700000,0x0000000a0d800000)]
  0x0000013d842f9000 JavaThread "C1 CompilerThread0" daemon [_thread_blocked, id=14240, stack(0x0000000a0d800000,0x0000000a0d900000)]
  0x0000013d842fb000 JavaThread "Sweeper thread" daemon [_thread_blocked, id=8228, stack(0x0000000a0d900000,0x0000000a0da00000)]
  0x0000013d84d53000 JavaThread "Common-Cleaner" daemon [_thread_blocked, id=5252, stack(0x0000000a0da00000,0x0000000a0db00000)]
  0x0000013d86061800 JavaThread "Daemon health stats" [_thread_blocked, id=6520, stack(0x0000000a0dd00000,0x0000000a0de00000)]
  0x0000013d85e2b000 JavaThread "Incoming local TCP Connector on port 53484" [_thread_in_native, id=13588, stack(0x0000000a0de00000,0x0000000a0df00000)]
  0x0000013d85b59800 JavaThread "Daemon periodic checks" [_thread_blocked, id=16032, stack(0x0000000a0df00000,0x0000000a0e000000)]
  0x0000013d86c01000 JavaThread "Daemon" [_thread_blocked, id=15440, stack(0x0000000a0e200000,0x0000000a0e300000)]
  0x0000013d86d4b000 JavaThread "Handler for socket connection from /127.0.0.1:53484 to /127.0.0.1:53485" [_thread_in_native, id=17016, stack(0x0000000a0e300000,0x0000000a0e400000)]
  0x0000013d86d03800 JavaThread "Cancel handler" [_thread_blocked, id=14776, stack(0x0000000a0e400000,0x0000000a0e500000)]
  0x0000013d857d7800 JavaThread "Daemon worker" [_thread_blocked, id=11316, stack(0x0000000a0e500000,0x0000000a0e600000)]
  0x0000013d86d4b800 JavaThread "Asynchronous log dispatcher for DefaultDaemonConnection: socket connection from /127.0.0.1:53484 to /127.0.0.1:53485" [_thread_blocked, id=9416, stack(0x0000000a0e600000,0x0000000a0e700000)]
  0x0000013d86acf800 JavaThread "Stdin handler" [_thread_blocked, id=6836, stack(0x0000000a0e700000,0x0000000a0e800000)]
  0x0000013d86fc5000 JavaThread "Daemon client event forwarder" [_thread_blocked, id=11324, stack(0x0000000a0e800000,0x0000000a0e900000)]
  0x0000013d86fc2000 JavaThread "Cache worker for journal cache (C:\Users\ASUS\AndroidStudioProjects\Room-Chapter-6\caches\journal-1)" [_thread_blocked, id=14156, stack(0x0000000a0e900000,0x0000000a0ea00000)]
  0x0000013d86fc2800 JavaThread "File lock request listener" [_thread_in_native, id=8760, stack(0x0000000a0ea00000,0x0000000a0eb00000)]
  0x0000013d86fc3800 JavaThread "Cache worker for file hash cache (C:\Users\ASUS\AndroidStudioProjects\Room-Chapter-6\caches\7.2\fileHashes)" [_thread_blocked, id=11684, stack(0x0000000a0eb00000,0x0000000a0ec00000)]
  0x0000013d86fc4800 JavaThread "Cache worker for file hash cache (C:\Users\ASUS\AndroidStudioProjects\fixphone\.gradle\7.2\fileHashes)" [_thread_blocked, id=14916, stack(0x0000000a0ec00000,0x0000000a0ed00000)]
  0x0000013d86fc0800 JavaThread "File watcher server" daemon [_thread_in_native, id=13056, stack(0x0000000a0ed00000,0x0000000a0ee00000)]
  0x0000013d86fc6000 JavaThread "File watcher consumer" daemon [_thread_blocked, id=2072, stack(0x0000000a0ee00000,0x0000000a0ef00000)]
  0x0000013d86fc7000 JavaThread "Cache worker for checksums cache (C:\Users\ASUS\AndroidStudioProjects\fixphone\.gradle\checksums)" [_thread_blocked, id=9996, stack(0x0000000a0ef00000,0x0000000a0f000000)]
  0x0000013d86fc1000 JavaThread "Cache worker for cache directory md-supplier (C:\Users\ASUS\AndroidStudioProjects\Room-Chapter-6\caches\7.2\md-supplier)" [_thread_blocked, id=11236, stack(0x0000000a0f000000,0x0000000a0f100000)]
  0x0000013d86f67000 JavaThread "Cache worker for cache directory md-rule (C:\Users\ASUS\AndroidStudioProjects\Room-Chapter-6\caches\7.2\md-rule)" [_thread_blocked, id=10616, stack(0x0000000a0f100000,0x0000000a0f200000)]
  0x0000013d86f68000 JavaThread "Cache worker for execution history cache (C:\Users\ASUS\AndroidStudioProjects\Room-Chapter-6\caches\7.2\executionHistory)" [_thread_blocked, id=14356, stack(0x0000000a0f200000,0x0000000a0f300000)]
  0x0000013d86f68800 JavaThread "jar transforms" [_thread_blocked, id=12344, stack(0x0000000a0f300000,0x0000000a0f400000)]
  0x0000013d86f66000 JavaThread "Cache worker for file content cache (C:\Users\ASUS\AndroidStudioProjects\Room-Chapter-6\caches\7.2\fileContent)" [_thread_blocked, id=15600, stack(0x0000000a0f400000,0x0000000a0f500000)]
  0x0000013d86f69800 JavaThread "jar transforms Thread 2" [_thread_blocked, id=15184, stack(0x0000000a0f500000,0x0000000a0f600000)]
  0x0000013d86f6c000 JavaThread "Cache worker for dependencies-accessors (C:\Users\ASUS\AndroidStudioProjects\fixphone\.gradle\7.2\dependencies-accessors)" [_thread_blocked, id=14804, stack(0x0000000a0f600000,0x0000000a0f700000)]
  0x0000013d86f6f000 JavaThread "jar transforms Thread 3" [_thread_blocked, id=15480, stack(0x0000000a0f700000,0x0000000a0f800000)]
  0x0000013d86f71000 JavaThread "Cache worker for Build Output Cleanup Cache (C:\Users\ASUS\AndroidStudioProjects\fixphone\.gradle\buildOutputCleanup)" [_thread_blocked, id=4820, stack(0x0000000a0f800000,0x0000000a0f900000)]
  0x0000013d86f6b000 JavaThread "Unconstrained build operations" [_thread_blocked, id=5956, stack(0x0000000a0f900000,0x0000000a0fa00000)]
  0x0000013d86f71800 JavaThread "Unconstrained build operations Thread 2" [_thread_blocked, id=13808, stack(0x0000000a0fa00000,0x0000000a0fb00000)]
  0x0000013d86f70000 JavaThread "Unconstrained build operations Thread 3" [_thread_blocked, id=236, stack(0x0000000a0fb00000,0x0000000a0fc00000)]
  0x0000013d86f72800 JavaThread "Unconstrained build operations Thread 4" [_thread_blocked, id=4396, stack(0x0000000a0fc00000,0x0000000a0fd00000)]
  0x0000013d86f73800 JavaThread "Unconstrained build operations Thread 5" [_thread_blocked, id=11764, stack(0x0000000a0fd00000,0x0000000a0fe00000)]
  0x0000013d86f6d800 JavaThread "Unconstrained build operations Thread 6" [_thread_blocked, id=1064, stack(0x0000000a0fe00000,0x0000000a0ff00000)]
  0x0000013d86f74000 JavaThread "Unconstrained build operations Thread 7" [_thread_blocked, id=9196, stack(0x0000000a0ff00000,0x0000000a10000000)]
  0x0000013d86f6e800 JavaThread "Unconstrained build operations Thread 8" [_thread_blocked, id=9040, stack(0x0000000a10000000,0x0000000a10100000)]
  0x0000013d86f75000 JavaThread "Unconstrained build operations Thread 9" [_thread_blocked, id=3788, stack(0x0000000a10100000,0x0000000a10200000)]
  0x0000013d88f4f000 JavaThread "Unconstrained build operations Thread 10" [_thread_blocked, id=6132, stack(0x0000000a10200000,0x0000000a10300000)]
  0x0000013d88f4a000 JavaThread "Unconstrained build operations Thread 11" [_thread_blocked, id=8532, stack(0x0000000a10300000,0x0000000a10400000)]
  0x0000013d88f4e000 JavaThread "Unconstrained build operations Thread 12" [_thread_blocked, id=7248, stack(0x0000000a10400000,0x0000000a10500000)]
  0x0000013d88f4d000 JavaThread "Unconstrained build operations Thread 13" [_thread_blocked, id=15532, stack(0x0000000a10500000,0x0000000a10600000)]
  0x0000013d88f4b800 JavaThread "Unconstrained build operations Thread 14" [_thread_blocked, id=1512, stack(0x0000000a10600000,0x0000000a10700000)]
  0x0000013d88f49000 JavaThread "Unconstrained build operations Thread 15" [_thread_blocked, id=4608, stack(0x0000000a10700000,0x0000000a10800000)]
  0x0000013d88f4c800 JavaThread "Unconstrained build operations Thread 16" [_thread_blocked, id=7060, stack(0x0000000a10800000,0x0000000a10900000)]
  0x0000013d88f4f800 JavaThread "Unconstrained build operations Thread 17" [_thread_blocked, id=6872, stack(0x0000000a10900000,0x0000000a10a00000)]
  0x0000013d88f50800 JavaThread "Unconstrained build operations Thread 18" [_thread_blocked, id=16588, stack(0x0000000a10a00000,0x0000000a10b00000)]
  0x0000013d88f4b000 JavaThread "Unconstrained build operations Thread 19" [_thread_blocked, id=15976, stack(0x0000000a10b00000,0x0000000a10c00000)]
  0x0000013d88f56000 JavaThread "Unconstrained build operations Thread 20" [_thread_blocked, id=14844, stack(0x0000000a10c00000,0x0000000a10d00000)]
  0x0000013d88f54000 JavaThread "Unconstrained build operations Thread 21" [_thread_blocked, id=7952, stack(0x0000000a10d00000,0x0000000a10e00000)]
  0x0000013d88f57000 JavaThread "Unconstrained build operations Thread 22" [_thread_blocked, id=6352, stack(0x0000000a10e00000,0x0000000a10f00000)]
  0x0000013d88f55800 JavaThread "Unconstrained build operations Thread 23" [_thread_blocked, id=16712, stack(0x0000000a10f00000,0x0000000a11000000)]
  0x0000013d88f52000 JavaThread "Unconstrained build operations Thread 24" [_thread_blocked, id=5796, stack(0x0000000a11000000,0x0000000a11100000)]
  0x0000013d88f53000 JavaThread "Unconstrained build operations Thread 25" [_thread_blocked, id=16860, stack(0x0000000a11100000,0x0000000a11200000)]
  0x0000013d88f51800 JavaThread "Unconstrained build operations Thread 26" [_thread_blocked, id=16180, stack(0x0000000a11200000,0x0000000a11300000)]
  0x0000013d88f54800 JavaThread "Unconstrained build operations Thread 27" [_thread_blocked, id=16704, stack(0x0000000a11300000,0x0000000a11400000)]
  0x0000013d88f58000 JavaThread "Unconstrained build operations Thread 28" [_thread_blocked, id=8936, stack(0x0000000a11400000,0x0000000a11500000)]
  0x0000013d89b78000 JavaThread "Unconstrained build operations Thread 29" [_thread_blocked, id=14392, stack(0x0000000a11500000,0x0000000a11600000)]
  0x0000013d89b75000 JavaThread "Unconstrained build operations Thread 30" [_thread_blocked, id=10492, stack(0x0000000a11600000,0x0000000a11700000)]
  0x0000013d89b75800 JavaThread "Unconstrained build operations Thread 31" [_thread_blocked, id=16520, stack(0x0000000a11700000,0x0000000a11800000)]
  0x0000013d89b76800 JavaThread "Unconstrained build operations Thread 32" [_thread_blocked, id=2660, stack(0x0000000a11800000,0x0000000a11900000)]
  0x0000013d89b79000 JavaThread "Unconstrained build operations Thread 33" [_thread_blocked, id=9244, stack(0x0000000a11900000,0x0000000a11a00000)]
  0x0000013d89b7a000 JavaThread "Unconstrained build operations Thread 34" [_thread_blocked, id=2120, stack(0x0000000a11a00000,0x0000000a11b00000)]
  0x0000013d89b74000 JavaThread "Unconstrained build operations Thread 35" [_thread_blocked, id=8436, stack(0x0000000a11b00000,0x0000000a11c00000)]
  0x0000013d89b7a800 JavaThread "Unconstrained build operations Thread 36" [_thread_blocked, id=5756, stack(0x0000000a11c00000,0x0000000a11d00000)]
  0x0000013d89b7d000 JavaThread "Unconstrained build operations Thread 37" [_thread_blocked, id=4472, stack(0x0000000a11d00000,0x0000000a11e00000)]
  0x0000013d89b7b800 JavaThread "Unconstrained build operations Thread 38" [_thread_blocked, id=3292, stack(0x0000000a11e00000,0x0000000a11f00000)]
  0x0000013d89b7c000 JavaThread "Unconstrained build operations Thread 39" [_thread_blocked, id=11348, stack(0x0000000a11f00000,0x0000000a12000000)]
  0x0000013d89b77800 JavaThread "Unconstrained build operations Thread 40" [_thread_blocked, id=3124, stack(0x0000000a12000000,0x0000000a12100000)]
  0x0000013d89b7e000 JavaThread "jar transforms Thread 4" [_thread_blocked, id=12376, stack(0x0000000a12100000,0x0000000a12200000)]
  0x0000013d89b80800 JavaThread "Memory manager" [_thread_blocked, id=10064, stack(0x0000000a12200000,0x0000000a12300000)]
  0x0000013d89b82000 JavaThread "build event listener" [_thread_blocked, id=10484, stack(0x0000000a12300000,0x0000000a12400000)]

Other Threads:
=>0x0000013d84281800 VMThread "VM Thread" [stack: 0x0000000a0d100000,0x0000000a0d200000] [id=13388]
  0x0000013d84d89000 WatcherThread [stack: 0x0000000a0db00000,0x0000000a0dc00000] [id=14884]
  0x0000013de8766000 GCTaskThread "GC Thread#0" [stack: 0x0000000a0cc00000,0x0000000a0cd00000] [id=15384]
  0x0000013d854c4800 GCTaskThread "GC Thread#1" [stack: 0x0000000a0dc00000,0x0000000a0dd00000] [id=13960]
  0x0000013d85901800 GCTaskThread "GC Thread#2" [stack: 0x0000000a0e000000,0x0000000a0e100000] [id=12120]
  0x0000013d86cdc800 GCTaskThread "GC Thread#3" [stack: 0x0000000a0e100000,0x0000000a0e200000] [id=14612]
  0x0000013de8797000 ConcurrentGCThread "G1 Main Marker" [stack: 0x0000000a0cd00000,0x0000000a0ce00000] [id=15912]
  0x0000013de8798800 ConcurrentGCThread "G1 Conc#0" [stack: 0x0000000a0ce00000,0x0000000a0cf00000] [id=15328]
  0x0000013de87f1000 ConcurrentGCThread "G1 Refine#0" [stack: 0x0000000a0cf00000,0x0000000a0d000000] [id=16780]
  0x0000013de87f2000 ConcurrentGCThread "G1 Young RemSet Sampling" [stack: 0x0000000a0d000000,0x0000000a0d100000] [id=14032]

Threads with active compile tasks:
C2 CompilerThread0  21553 7698 %     4       org.gradle.internal.instantiation.generator.AbstractClassGenerator::inspectType @ 107 (560 bytes)

VM state:at safepoint (normal execution)

VM Mutex/Monitor currently owned by a thread:  ([mutex/lock_event])
[0x0000013de8748bb0] Threads_lock - owner thread: 0x0000013d84281800
[0x0000013de87499c0] Heap_lock - owner thread: 0x0000013d857d7800

Heap address: 0x0000000080000000, size: 2048 MB, Compressed Oops mode: 32-bit
Narrow klass base: 0x0000000000000000, Narrow klass shift: 3
Compressed class space size: 1073741824 Address: 0x0000000100000000

Heap:
 garbage-first heap   total 176128K, used 73297K [0x0000000080000000, 0x0000000100000000)
  region size 1024K, 4 young (4096K), 4 survivors (4096K)
 Metaspace       used 78041K, capacity 79746K, committed 79948K, reserved 1118208K
  class space    used 10082K, capacity 10757K, committed 10828K, reserved 1048576K
Heap Regions: E=young(eden), S=young(survivor), O=old, HS=humongous(starts), HC=humongous(continues), CS=collection set, F=free, A=archive, TAMS=top-at-mark-start (previous, next)
|   0|0x0000000080000000, 0x0000000080100000, 0x0000000080100000|100%|HS|  |TAMS 0x0000000080100000, 0x0000000080100000| Complete 
|   1|0x0000000080100000, 0x0000000080200000, 0x0000000080200000|100%|HC|  |TAMS 0x0000000080200000, 0x0000000080200000| Complete 
|   2|0x0000000080200000, 0x0000000080300000, 0x0000000080300000|100%|HC|  |TAMS 0x0000000080300000, 0x0000000080300000| Complete 
|   3|0x0000000080300000, 0x0000000080400000, 0x0000000080400000|100%| O|  |TAMS 0x0000000080400000, 0x0000000080400000| Untracked 
|   4|0x0000000080400000, 0x0000000080500000, 0x0000000080500000|100%| O|  |TAMS 0x0000000080500000, 0x0000000080500000| Untracked 
|   5|0x0000000080500000, 0x0000000080600000, 0x0000000080600000|100%| O|  |TAMS 0x0000000080600000, 0x0000000080600000| Untracked 
|   6|0x0000000080600000, 0x0000000080700000, 0x0000000080700000|100%| O|  |TAMS 0x0000000080700000, 0x0000000080700000| Untracked 
|   7|0x0000000080700000, 0x0000000080800000, 0x0000000080800000|100%| O|  |TAMS 0x0000000080800000, 0x0000000080800000| Untracked 
|   8|0x0000000080800000, 0x0000000080900000, 0x0000000080900000|100%| O|  |TAMS 0x0000000080900000, 0x0000000080900000| Untracked 
|   9|0x0000000080900000, 0x0000000080a00000, 0x0000000080a00000|100%| O|  |TAMS 0x0000000080a00000, 0x0000000080a00000| Untracked 
|  10|0x0000000080a00000, 0x0000000080b00000, 0x0000000080b00000|100%| O|  |TAMS 0x0000000080b00000, 0x0000000080b00000| Untracked 
|  11|0x0000000080b00000, 0x0000000080c00000, 0x0000000080c00000|100%| O|  |TAMS 0x0000000080c00000, 0x0000000080c00000| Untracked 
|  12|0x0000000080c00000, 0x0000000080d00000, 0x0000000080d00000|100%| O|  |TAMS 0x0000000080d00000, 0x0000000080d00000| Untracked 
|  13|0x0000000080d00000, 0x0000000080e00000, 0x0000000080e00000|100%| O|  |TAMS 0x0000000080e00000, 0x0000000080e00000| Untracked 
|  14|0x0000000080e00000, 0x0000000080f00000, 0x0000000080f00000|100%| O|  |TAMS 0x0000000080f00000, 0x0000000080f00000| Untracked 
|  15|0x0000000080f00000, 0x0000000081000000, 0x0000000081000000|100%| O|  |TAMS 0x0000000081000000, 0x0000000081000000| Untracked 
|  16|0x0000000081000000, 0x0000000081100000, 0x0000000081100000|100%| O|  |TAMS 0x0000000081100000, 0x0000000081100000| Untracked 
|  17|0x0000000081100000, 0x0000000081200000, 0x0000000081200000|100%| O|  |TAMS 0x0000000081200000, 0x0000000081200000| Untracked 
|  18|0x0000000081200000, 0x0000000081300000, 0x0000000081300000|100%| O|  |TAMS 0x0000000081300000, 0x0000000081300000| Untracked 
|  19|0x0000000081300000, 0x0000000081400000, 0x0000000081400000|100%| O|  |TAMS 0x0000000081400000, 0x0000000081400000| Untracked 
|  20|0x0000000081400000, 0x0000000081500000, 0x0000000081500000|100%| O|  |TAMS 0x0000000081500000, 0x0000000081500000| Untracked 
|  21|0x0000000081500000, 0x0000000081600000, 0x0000000081600000|100%| O|  |TAMS 0x0000000081600000, 0x0000000081600000| Untracked 
|  22|0x0000000081600000, 0x0000000081700000, 0x0000000081700000|100%| O|  |TAMS 0x0000000081700000, 0x0000000081700000| Untracked 
|  23|0x0000000081700000, 0x0000000081800000, 0x0000000081800000|100%| O|  |TAMS 0x0000000081800000, 0x0000000081800000| Untracked 
|  24|0x0000000081800000, 0x0000000081900000, 0x0000000081900000|100%| O|  |TAMS 0x0000000081900000, 0x0000000081900000| Untracked 
|  25|0x0000000081900000, 0x0000000081a00000, 0x0000000081a00000|100%| O|  |TAMS 0x0000000081a00000, 0x0000000081a00000| Untracked 
|  26|0x0000000081a00000, 0x0000000081b00000, 0x0000000081b00000|100%| O|  |TAMS 0x0000000081b00000, 0x0000000081b00000| Untracked 
|  27|0x0000000081b00000, 0x0000000081c00000, 0x0000000081c00000|100%| O|  |TAMS 0x0000000081c00000, 0x0000000081c00000| Untracked 
|  28|0x0000000081c00000, 0x0000000081d00000, 0x0000000081d00000|100%| O|  |TAMS 0x0000000081d00000, 0x0000000081d00000| Untracked 
|  29|0x0000000081d00000, 0x0000000081e00000, 0x0000000081e00000|100%|HS|  |TAMS 0x0000000081e00000, 0x0000000081e00000| Complete 
|  30|0x0000000081e00000, 0x0000000081f00000, 0x0000000081f00000|100%|HS|  |TAMS 0x0000000081f00000, 0x0000000081f00000| Complete 
|  31|0x0000000081f00000, 0x0000000082000000, 0x0000000082000000|100%|HS|  |TAMS 0x0000000082000000, 0x0000000082000000| Complete 
|  32|0x0000000082000000, 0x0000000082100000, 0x0000000082100000|100%| O|  |TAMS 0x0000000082100000, 0x0000000082100000| Untracked 
|  33|0x0000000082100000, 0x0000000082200000, 0x0000000082200000|100%|HS|  |TAMS 0x0000000082200000, 0x0000000082200000| Complete 
|  34|0x0000000082200000, 0x0000000082300000, 0x0000000082300000|100%| O|  |TAMS 0x0000000082300000, 0x0000000082300000| Untracked 
|  35|0x0000000082300000, 0x0000000082400000, 0x0000000082400000|100%| O|  |TAMS 0x0000000082400000, 0x0000000082400000| Untracked 
|  36|0x0000000082400000, 0x0000000082500000, 0x0000000082500000|100%| O|  |TAMS 0x0000000082500000, 0x0000000082500000| Untracked 
|  37|0x0000000082500000, 0x0000000082600000, 0x0000000082600000|100%| O|  |TAMS 0x0000000082600000, 0x0000000082600000| Untracked 
|  38|0x0000000082600000, 0x0000000082700000, 0x0000000082700000|100%| O|  |TAMS 0x0000000082700000, 0x0000000082700000| Untracked 
|  39|0x0000000082700000, 0x0000000082800000, 0x0000000082800000|100%|HS|  |TAMS 0x0000000082800000, 0x0000000082800000| Complete 
|  40|0x0000000082800000, 0x0000000082900000, 0x0000000082900000|100%|HC|  |TAMS 0x0000000082900000, 0x0000000082900000| Complete 
|  41|0x0000000082900000, 0x0000000082a00000, 0x0000000082a00000|100%|HC|  |TAMS 0x0000000082a00000, 0x0000000082a00000| Complete 
|  42|0x0000000082a00000, 0x0000000082b00000, 0x0000000082b00000|100%|HS|  |TAMS 0x0000000082b00000, 0x0000000082b00000| Complete 
|  43|0x0000000082b00000, 0x0000000082c00000, 0x0000000082c00000|100%|HC|  |TAMS 0x0000000082c00000, 0x0000000082c00000| Complete 
|  44|0x0000000082c00000, 0x0000000082d00000, 0x0000000082d00000|100%| O|  |TAMS 0x0000000082d00000, 0x0000000082d00000| Untracked 
|  45|0x0000000082d00000, 0x0000000082e00000, 0x0000000082e00000|100%| O|  |TAMS 0x0000000082e00000, 0x0000000082e00000| Untracked 
|  46|0x0000000082e00000, 0x0000000082f00000, 0x0000000082f00000|100%| O|  |TAMS 0x0000000082f00000, 0x0000000082f00000| Untracked 
|  47|0x0000000082f00000, 0x0000000083000000, 0x0000000083000000|100%| O|  |TAMS 0x0000000083000000, 0x0000000083000000| Untracked 
|  48|0x0000000083000000, 0x0000000083100000, 0x0000000083100000|100%| O|  |TAMS 0x0000000083100000, 0x0000000083100000| Untracked 
|  49|0x0000000083100000, 0x0000000083200000, 0x0000000083200000|100%| O|  |TAMS 0x0000000083200000, 0x0000000083200000| Untracked 
|  50|0x0000000083200000, 0x0000000083300000, 0x0000000083300000|100%| O|  |TAMS 0x0000000083300000, 0x0000000083300000| Untracked 
|  51|0x0000000083300000, 0x0000000083400000, 0x0000000083400000|100%| O|  |TAMS 0x0000000083400000, 0x0000000083400000| Untracked 
|  52|0x0000000083400000, 0x0000000083500000, 0x0000000083500000|100%| O|  |TAMS 0x0000000083500000, 0x0000000083500000| Untracked 
|  53|0x0000000083500000, 0x0000000083600000, 0x0000000083600000|100%| O|  |TAMS 0x0000000083600000, 0x0000000083600000| Untracked 
|  54|0x0000000083600000, 0x0000000083700000, 0x0000000083700000|100%| O|  |TAMS 0x0000000083700000, 0x0000000083700000| Untracked 
|  55|0x0000000083700000, 0x0000000083800000, 0x0000000083800000|100%| O|  |TAMS 0x0000000083800000, 0x0000000083800000| Untracked 
|  56|0x0000000083800000, 0x0000000083900000, 0x0000000083900000|100%| O|  |TAMS 0x0000000083900000, 0x0000000083900000| Untracked 
|  57|0x0000000083900000, 0x0000000083a00000, 0x0000000083a00000|100%| O|  |TAMS 0x0000000083a00000, 0x0000000083a00000| Untracked 
|  58|0x0000000083a00000, 0x0000000083b00000, 0x0000000083b00000|100%| O|  |TAMS 0x0000000083b00000, 0x0000000083b00000| Untracked 
|  59|0x0000000083b00000, 0x0000000083c00000, 0x0000000083c00000|100%| O|  |TAMS 0x0000000083c00000, 0x0000000083c00000| Untracked 
|  60|0x0000000083c00000, 0x0000000083d00000, 0x0000000083d00000|100%| O|  |TAMS 0x0000000083d00000, 0x0000000083d00000| Untracked 
|  61|0x0000000083d00000, 0x0000000083e00000, 0x0000000083e00000|100%| O|  |TAMS 0x0000000083e00000, 0x0000000083e00000| Untracked 
|  62|0x0000000083e00000, 0x0000000083f00000, 0x0000000083f00000|100%| O|  |TAMS 0x0000000083f00000, 0x0000000083f00000| Untracked 
|  63|0x0000000083f00000, 0x0000000084000000, 0x0000000084000000|100%| O|  |TAMS 0x0000000084000000, 0x0000000084000000| Untracked 
|  64|0x0000000084000000, 0x0000000084100000, 0x0000000084100000|100%| O|  |TAMS 0x0000000084100000, 0x0000000084100000| Untracked 
|  65|0x0000000084100000, 0x0000000084200000, 0x0000000084200000|100%| O|  |TAMS 0x00000000841f0200, 0x0000000084200000| Untracked 
|  66|0x0000000084200000, 0x0000000084300000, 0x0000000084300000|100%| O|  |TAMS 0x0000000084200000, 0x0000000084300000| Untracked 
|  67|0x0000000084300000, 0x0000000084394400, 0x0000000084400000| 57%| O|  |TAMS 0x0000000084300000, 0x0000000084394400| Untracked 
|  68|0x0000000084400000, 0x0000000084400000, 0x0000000084500000|  0%| F|  |TAMS 0x0000000084400000, 0x0000000084400000| Untracked 
|  69|0x0000000084500000, 0x0000000084500000, 0x0000000084600000|  0%| F|  |TAMS 0x0000000084500000, 0x0000000084500000| Untracked 
|  70|0x0000000084600000, 0x0000000084600000, 0x0000000084700000|  0%| F|  |TAMS 0x0000000084600000, 0x0000000084600000| Untracked 
|  71|0x0000000084700000, 0x0000000084700000, 0x0000000084800000|  0%| F|  |TAMS 0x0000000084700000, 0x0000000084700000| Untracked 
|  72|0x0000000084800000, 0x0000000084800000, 0x0000000084900000|  0%| F|  |TAMS 0x0000000084800000, 0x0000000084800000| Untracked 
|  73|0x0000000084900000, 0x0000000084900000, 0x0000000084a00000|  0%| F|  |TAMS 0x0000000084900000, 0x0000000084900000| Untracked 
|  74|0x0000000084a00000, 0x0000000084a00000, 0x0000000084b00000|  0%| F|  |TAMS 0x0000000084a00000, 0x0000000084a00000| Untracked 
|  75|0x0000000084b00000, 0x0000000084b00000, 0x0000000084c00000|  0%| F|  |TAMS 0x0000000084b00000, 0x0000000084b00000| Untracked 
|  76|0x0000000084c00000, 0x0000000084c00000, 0x0000000084d00000|  0%| F|  |TAMS 0x0000000084c00000, 0x0000000084c00000| Untracked 
|  77|0x0000000084d00000, 0x0000000084d00000, 0x0000000084e00000|  0%| F|  |TAMS 0x0000000084d00000, 0x0000000084d00000| Untracked 
|  78|0x0000000084e00000, 0x0000000084e00000, 0x0000000084f00000|  0%| F|  |TAMS 0x0000000084e00000, 0x0000000084e00000| Untracked 
|  79|0x0000000084f00000, 0x0000000084f00000, 0x0000000085000000|  0%| F|  |TAMS 0x0000000084f00000, 0x0000000084f00000| Untracked 
|  80|0x0000000085000000, 0x0000000085000000, 0x0000000085100000|  0%| F|  |TAMS 0x0000000085000000, 0x0000000085000000| Untracked 
|  81|0x0000000085100000, 0x0000000085100000, 0x0000000085200000|  0%| F|  |TAMS 0x0000000085100000, 0x0000000085100000| Untracked 
|  82|0x0000000085200000, 0x0000000085200000, 0x0000000085300000|  0%| F|  |TAMS 0x0000000085200000, 0x0000000085200000| Untracked 
|  83|0x0000000085300000, 0x0000000085300000, 0x0000000085400000|  0%| F|  |TAMS 0x0000000085300000, 0x0000000085300000| Untracked 
|  84|0x0000000085400000, 0x0000000085400000, 0x0000000085500000|  0%| F|  |TAMS 0x0000000085400000, 0x0000000085400000| Untracked 
|  85|0x0000000085500000, 0x0000000085500000, 0x0000000085600000|  0%| F|  |TAMS 0x0000000085500000, 0x0000000085500000| Untracked 
|  86|0x0000000085600000, 0x0000000085600000, 0x0000000085700000|  0%| F|  |TAMS 0x0000000085600000, 0x0000000085600000| Untracked 
|  87|0x0000000085700000, 0x0000000085700000, 0x0000000085800000|  0%| F|  |TAMS 0x0000000085700000, 0x0000000085700000| Untracked 
|  88|0x0000000085800000, 0x0000000085800000, 0x0000000085900000|  0%| F|  |TAMS 0x0000000085800000, 0x0000000085800000| Untracked 
|  89|0x0000000085900000, 0x0000000085900000, 0x0000000085a00000|  0%| F|  |TAMS 0x0000000085900000, 0x0000000085900000| Untracked 
|  90|0x0000000085a00000, 0x0000000085a00000, 0x0000000085b00000|  0%| F|  |TAMS 0x0000000085a00000, 0x0000000085a00000| Untracked 
|  91|0x0000000085b00000, 0x0000000085b00000, 0x0000000085c00000|  0%| F|  |TAMS 0x0000000085b00000, 0x0000000085b00000| Untracked 
|  92|0x0000000085c00000, 0x0000000085c00000, 0x0000000085d00000|  0%| F|  |TAMS 0x0000000085c00000, 0x0000000085c00000| Untracked 
|  93|0x0000000085d00000, 0x0000000085e00000, 0x0000000085e00000|100%| S|CS|TAMS 0x0000000085d00000, 0x0000000085d00000| Complete 
|  94|0x0000000085e00000, 0x0000000085f00000, 0x0000000085f00000|100%| S|CS|TAMS 0x0000000085e00000, 0x0000000085e00000| Complete 
|  95|0x0000000085f00000, 0x0000000086000000, 0x0000000086000000|100%| S|CS|TAMS 0x0000000085f00000, 0x0000000085f00000| Complete 
|  96|0x0000000086000000, 0x0000000086100000, 0x0000000086100000|100%| S|CS|TAMS 0x0000000086000000, 0x0000000086000000| Complete 
|  97|0x0000000086100000, 0x0000000086100000, 0x0000000086200000|  0%| F|  |TAMS 0x0000000086100000, 0x0000000086100000| Untracked 
|  98|0x0000000086200000, 0x0000000086200000, 0x0000000086300000|  0%| F|  |TAMS 0x0000000086200000, 0x0000000086200000| Untracked 
|  99|0x0000000086300000, 0x0000000086300000, 0x0000000086400000|  0%| F|  |TAMS 0x0000000086300000, 0x0000000086300000| Untracked 
| 100|0x0000000086400000, 0x0000000086400000, 0x0000000086500000|  0%| F|  |TAMS 0x0000000086400000, 0x0000000086400000| Untracked 
| 101|0x0000000086500000, 0x0000000086500000, 0x0000000086600000|  0%| F|  |TAMS 0x0000000086500000, 0x0000000086500000| Untracked 
| 102|0x0000000086600000, 0x0000000086600000, 0x0000000086700000|  0%| F|  |TAMS 0x0000000086600000, 0x0000000086600000| Untracked 
| 103|0x0000000086700000, 0x0000000086700000, 0x0000000086800000|  0%| F|  |TAMS 0x0000000086700000, 0x0000000086700000| Untracked 
| 104|0x0000000086800000, 0x0000000086800000, 0x0000000086900000|  0%| F|  |TAMS 0x0000000086800000, 0x0000000086800000| Untracked 
| 105|0x0000000086900000, 0x0000000086900000, 0x0000000086a00000|  0%| F|  |TAMS 0x0000000086900000, 0x0000000086900000| Untracked 
| 106|0x0000000086a00000, 0x0000000086a00000, 0x0000000086b00000|  0%| F|  |TAMS 0x0000000086a00000, 0x0000000086a00000| Untracked 
| 107|0x0000000086b00000, 0x0000000086b00000, 0x0000000086c00000|  0%| F|  |TAMS 0x0000000086b00000, 0x0000000086b00000| Untracked 
| 108|0x0000000086c00000, 0x0000000086c00000, 0x0000000086d00000|  0%| F|  |TAMS 0x0000000086c00000, 0x0000000086c00000| Untracked 
| 109|0x0000000086d00000, 0x0000000086d00000, 0x0000000086e00000|  0%| F|  |TAMS 0x0000000086d00000, 0x0000000086d00000| Untracked 
| 110|0x0000000086e00000, 0x0000000086e00000, 0x0000000086f00000|  0%| F|  |TAMS 0x0000000086e00000, 0x0000000086e00000| Untracked 
| 111|0x0000000086f00000, 0x0000000086f00000, 0x0000000087000000|  0%| F|  |TAMS 0x0000000086f00000, 0x0000000086f00000| Untracked 
| 112|0x0000000087000000, 0x0000000087000000, 0x0000000087100000|  0%| F|  |TAMS 0x0000000087000000, 0x0000000087000000| Untracked 
| 113|0x0000000087100000, 0x0000000087100000, 0x0000000087200000|  0%| F|  |TAMS 0x0000000087100000, 0x0000000087100000| Untracked 
| 114|0x0000000087200000, 0x0000000087200000, 0x0000000087300000|  0%| F|  |TAMS 0x0000000087200000, 0x0000000087200000| Untracked 
| 115|0x0000000087300000, 0x0000000087300000, 0x0000000087400000|  0%| F|  |TAMS 0x0000000087300000, 0x0000000087300000| Untracked 
| 116|0x0000000087400000, 0x0000000087400000, 0x0000000087500000|  0%| F|  |TAMS 0x0000000087400000, 0x0000000087400000| Untracked 
| 117|0x0000000087500000, 0x0000000087500000, 0x0000000087600000|  0%| F|  |TAMS 0x0000000087500000, 0x0000000087500000| Untracked 
| 118|0x0000000087600000, 0x0000000087600000, 0x0000000087700000|  0%| F|  |TAMS 0x0000000087600000, 0x0000000087600000| Untracked 
| 119|0x0000000087700000, 0x0000000087700000, 0x0000000087800000|  0%| F|  |TAMS 0x0000000087700000, 0x0000000087700000| Untracked 
| 120|0x0000000087800000, 0x0000000087800000, 0x0000000087900000|  0%| F|  |TAMS 0x0000000087800000, 0x0000000087800000| Untracked 
| 121|0x0000000087900000, 0x0000000087900000, 0x0000000087a00000|  0%| F|  |TAMS 0x0000000087900000, 0x0000000087900000| Untracked 
| 122|0x0000000087a00000, 0x0000000087a00000, 0x0000000087b00000|  0%| F|  |TAMS 0x0000000087a00000, 0x0000000087a00000| Untracked 
| 123|0x0000000087b00000, 0x0000000087b00000, 0x0000000087c00000|  0%| F|  |TAMS 0x0000000087b00000, 0x0000000087b00000| Untracked 
| 124|0x0000000087c00000, 0x0000000087c00000, 0x0000000087d00000|  0%| F|  |TAMS 0x0000000087c00000, 0x0000000087c00000| Untracked 
| 125|0x0000000087d00000, 0x0000000087d00000, 0x0000000087e00000|  0%| F|  |TAMS 0x0000000087d00000, 0x0000000087d00000| Untracked 
| 126|0x0000000087e00000, 0x0000000087e00000, 0x0000000087f00000|  0%| F|  |TAMS 0x0000000087e00000, 0x0000000087e00000| Untracked 
| 127|0x0000000087f00000, 0x0000000087f00000, 0x0000000088000000|  0%| F|  |TAMS 0x0000000087f00000, 0x0000000087f00000| Untracked 
| 128|0x0000000088000000, 0x0000000088000000, 0x0000000088100000|  0%| F|  |TAMS 0x0000000088000000, 0x0000000088000000| Untracked 
| 129|0x0000000088100000, 0x0000000088100000, 0x0000000088200000|  0%| F|  |TAMS 0x0000000088100000, 0x0000000088100000| Untracked 
| 130|0x0000000088200000, 0x0000000088200000, 0x0000000088300000|  0%| F|  |TAMS 0x0000000088200000, 0x0000000088200000| Untracked 
| 131|0x0000000088300000, 0x0000000088300000, 0x0000000088400000|  0%| F|  |TAMS 0x0000000088300000, 0x0000000088300000| Untracked 
| 132|0x0000000088400000, 0x0000000088400000, 0x0000000088500000|  0%| F|  |TAMS 0x0000000088400000, 0x0000000088400000| Untracked 
| 133|0x0000000088500000, 0x0000000088500000, 0x0000000088600000|  0%| F|  |TAMS 0x0000000088500000, 0x0000000088500000| Untracked 
| 134|0x0000000088600000, 0x0000000088600000, 0x0000000088700000|  0%| F|  |TAMS 0x0000000088600000, 0x0000000088600000| Untracked 

Card table byte_map: [0x0000013dfd470000,0x0000013dfd870000] _byte_map_base: 0x0000013dfd070000

Marking Bits (Prev, Next): (CMBitMap*) 0x0000013de878df28, (CMBitMap*) 0x0000013de878df60
 Prev Bits: [0x0000013dfdc70000, 0x0000013dffc70000)
 Next Bits: [0x0000013d80000000, 0x0000013d82000000)

Polling page: 0x0000013de8830000

Metaspace:

Usage:
  Non-class:     67.37 MB capacity,    66.37 MB ( 99%) used,   837.43 KB (  1%) free+waste,   193.00 KB ( <1%) overhead. 
      Class:     10.50 MB capacity,     9.85 MB ( 94%) used,   585.19 KB (  5%) free+waste,    89.25 KB ( <1%) overhead. 
       Both:     77.88 MB capacity,    76.21 MB ( 98%) used,     1.39 MB (  2%) free+waste,   282.25 KB ( <1%) overhead. 

Virtual space:
  Non-class space:       68.00 MB reserved,      67.50 MB (>99%) committed 
      Class space:        1.00 GB reserved,      10.57 MB (  1%) committed 
             Both:        1.07 GB reserved,      78.07 MB (  7%) committed 

Chunk freelists:
   Non-Class:  3.00 KB
       Class:  27.00 KB
        Both:  30.00 KB

MaxMetaspaceSize: 17179869184.00 GB
CompressedClassSpaceSize: 1.00 GB

CodeHeap 'non-profiled nmethods': size=120064Kb used=3243Kb max_used=3243Kb free=116820Kb
 bounds [0x0000013df5510000, 0x0000013df5840000, 0x0000013dfca50000]
CodeHeap 'profiled nmethods': size=120000Kb used=15180Kb max_used=15180Kb free=104819Kb
 bounds [0x0000013dedfe0000, 0x0000013deeec0000, 0x0000013df5510000]
CodeHeap 'non-nmethods': size=5696Kb used=2273Kb max_used=2312Kb free=3423Kb
 bounds [0x0000013deda50000, 0x0000013dedcc0000, 0x0000013dedfe0000]
 total_blobs=8480 nmethods=7611 adapters=780
 compilation: enabled
              stopped_count=0, restarted_count=0
 full_count=0

Compilation events (20 events):
Event: 21.318 Thread 0x0000013d842f9000 7751       2       org.objectweb.asm.ClassVisitor::<init> (94 bytes)
Event: 21.319 Thread 0x0000013d842f9000 nmethod 7751 0x0000013deeeaee90 code [0x0000013deeeaf0a0, 0x0000013deeeaf5c8]
Event: 21.354 Thread 0x0000013d842f9000 7752       2       org.gradle.api.internal.provider.AbstractProperty::calculateOwnValue (15 bytes)
Event: 21.354 Thread 0x0000013d842f9000 nmethod 7752 0x0000013deeeaf810 code [0x0000013deeeaf9e0, 0x0000013deeeafbb8]
Event: 21.354 Thread 0x0000013d842f9000 7753       2       org.gradle.api.internal.provider.AbstractProperty::beforeRead (29 bytes)
Event: 21.355 Thread 0x0000013d842f9000 nmethod 7753 0x0000013deeeafd10 code [0x0000013deeeafee0, 0x0000013deeeb0088]
Event: 21.355 Thread 0x0000013d842f9000 7754   !   2       org.gradle.api.internal.provider.AbstractProperty::doCalculateValue (48 bytes)
Event: 21.356 Thread 0x0000013d842f9000 nmethod 7754 0x0000013deeeb0190 code [0x0000013deeeb03e0, 0x0000013deeeb0a88]
Event: 21.356 Thread 0x0000013d842f9000 7755       2       org.gradle.api.internal.provider.DefaultProperty::calculateValueFrom (10 bytes)
Event: 21.357 Thread 0x0000013d842f9000 nmethod 7755 0x0000013deeeb0e10 code [0x0000013deeeb0fc0, 0x0000013deeeb1128]
Event: 21.357 Thread 0x0000013d842f9000 7756       2       org.gradle.api.internal.provider.DefaultProperty::calculateValueFrom (8 bytes)
Event: 21.357 Thread 0x0000013d842f9000 nmethod 7756 0x0000013deeeb1210 code [0x0000013deeeb13c0, 0x0000013deeeb14e8]
Event: 21.408 Thread 0x0000013d842f9000 7757       2       java.util.Formatter::checkText (58 bytes)
Event: 21.409 Thread 0x0000013d842f9000 nmethod 7757 0x0000013deeeb1590 code [0x0000013deeeb17a0, 0x0000013deeeb1d18]
Event: 21.409 Thread 0x0000013d842f9000 7758       1       java.util.Formatter$FixedString::index (3 bytes)
Event: 21.409 Thread 0x0000013d842f9000 nmethod 7758 0x0000013df583a610 code [0x0000013df583a7c0, 0x0000013df583a878]
Event: 21.411 Thread 0x0000013d842f9000 7759       2       java.lang.StringBuilder::append (10 bytes)
Event: 21.411 Thread 0x0000013d842f9000 nmethod 7759 0x0000013deeeb2110 code [0x0000013deeeb22c0, 0x0000013deeeb23e8]
Event: 21.459 Thread 0x0000013d842f9000 7761       2       java.util.jar.JarFile::getVersionedEntry (85 bytes)
Event: 21.461 Thread 0x0000013d842f9000 nmethod 7761 0x0000013deeeb2490 code [0x0000013deeeb26e0, 0x0000013deeeb2d08]

GC Heap History (20 events):
Event: 16.284 GC heap after
{Heap after GC invocations=29 (full 0):
 garbage-first heap   total 95232K, used 55441K [0x0000000080000000, 0x0000000100000000)
  region size 1024K, 3 young (3072K), 3 survivors (3072K)
 Metaspace       used 59680K, capacity 61123K, committed 61388K, reserved 1101824K
  class space    used 7543K, capacity 8128K, committed 8140K, reserved 1048576K
}
Event: 16.602 GC heap before
{Heap before GC invocations=30 (full 0):
 garbage-first heap   total 95232K, used 71825K [0x0000000080000000, 0x0000000100000000)
  region size 1024K, 20 young (20480K), 3 survivors (3072K)
 Metaspace       used 61440K, capacity 62931K, committed 63180K, reserved 1103872K
  class space    used 7753K, capacity 8304K, committed 8396K, reserved 1048576K
}
Event: 16.612 GC heap after
{Heap after GC invocations=31 (full 0):
 garbage-first heap   total 95232K, used 59647K [0x0000000080000000, 0x0000000100000000)
  region size 1024K, 3 young (3072K), 3 survivors (3072K)
 Metaspace       used 61440K, capacity 62931K, committed 63180K, reserved 1103872K
  class space    used 7753K, capacity 8304K, committed 8396K, reserved 1048576K
}
Event: 16.986 GC heap before
{Heap before GC invocations=31 (full 0):
 garbage-first heap   total 95232K, used 75007K [0x0000000080000000, 0x0000000100000000)
  region size 1024K, 18 young (18432K), 3 survivors (3072K)
 Metaspace       used 63094K, capacity 64560K, committed 64588K, reserved 1105920K
  class space    used 7952K, capacity 8501K, committed 8524K, reserved 1048576K
}
Event: 16.997 GC heap after
{Heap after GC invocations=32 (full 0):
 garbage-first heap   total 114688K, used 61297K [0x0000000080000000, 0x0000000100000000)
  region size 1024K, 2 young (2048K), 2 survivors (2048K)
 Metaspace       used 63094K, capacity 64560K, committed 64588K, reserved 1105920K
  class space    used 7952K, capacity 8501K, committed 8524K, reserved 1048576K
}
Event: 17.433 GC heap before
{Heap before GC invocations=33 (full 0):
 garbage-first heap   total 114688K, used 82801K [0x0000000080000000, 0x0000000100000000)
  region size 1024K, 23 young (23552K), 2 survivors (2048K)
 Metaspace       used 64920K, capacity 66372K, committed 66636K, reserved 1107968K
  class space    used 8189K, capacity 8740K, committed 8780K, reserved 1048576K
}
Event: 17.439 GC heap after
{Heap after GC invocations=34 (full 0):
 garbage-first heap   total 114688K, used 62349K [0x0000000080000000, 0x0000000100000000)
  region size 1024K, 3 young (3072K), 3 survivors (3072K)
 Metaspace       used 64920K, capacity 66372K, committed 66636K, reserved 1107968K
  class space    used 8189K, capacity 8740K, committed 8780K, reserved 1048576K
}
Event: 17.454 GC heap before
{Heap before GC invocations=34 (full 0):
 garbage-first heap   total 114688K, used 62349K [0x0000000080000000, 0x0000000100000000)
  region size 1024K, 4 young (4096K), 3 survivors (3072K)
 Metaspace       used 64952K, capacity 66372K, committed 66636K, reserved 1107968K
  class space    used 8193K, capacity 8740K, committed 8780K, reserved 1048576K
}
Event: 17.459 GC heap after
{Heap after GC invocations=35 (full 0):
 garbage-first heap   total 114688K, used 62701K [0x0000000080000000, 0x0000000100000000)
  region size 1024K, 2 young (2048K), 2 survivors (2048K)
 Metaspace       used 64952K, capacity 66372K, committed 66636K, reserved 1107968K
  class space    used 8193K, capacity 8740K, committed 8780K, reserved 1048576K
}
Event: 18.227 GC heap before
{Heap before GC invocations=36 (full 0):
 garbage-first heap   total 114688K, used 85229K [0x0000000080000000, 0x0000000100000000)
  region size 1024K, 23 young (23552K), 2 survivors (2048K)
 Metaspace       used 67008K, capacity 68499K, committed 68684K, reserved 1110016K
  class space    used 8458K, capacity 8996K, committed 9036K, reserved 1048576K
}
Event: 18.234 GC heap after
{Heap after GC invocations=37 (full 0):
 garbage-first heap   total 114688K, used 63097K [0x0000000080000000, 0x0000000100000000)
  region size 1024K, 3 young (3072K), 3 survivors (3072K)
 Metaspace       used 67008K, capacity 68499K, committed 68684K, reserved 1110016K
  class space    used 8458K, capacity 8996K, committed 9036K, reserved 1048576K
}
Event: 18.696 GC heap before
{Heap before GC invocations=37 (full 0):
 garbage-first heap   total 114688K, used 85625K [0x0000000080000000, 0x0000000100000000)
  region size 1024K, 25 young (25600K), 3 survivors (3072K)
 Metaspace       used 68189K, capacity 69657K, committed 69964K, reserved 1110016K
  class space    used 8598K, capacity 9163K, committed 9292K, reserved 1048576K
}
Event: 18.706 GC heap after
{Heap after GC invocations=38 (full 0):
 garbage-first heap   total 138240K, used 64675K [0x0000000080000000, 0x0000000100000000)
  region size 1024K, 4 young (4096K), 4 survivors (4096K)
 Metaspace       used 68189K, capacity 69657K, committed 69964K, reserved 1110016K
  class space    used 8598K, capacity 9163K, committed 9292K, reserved 1048576K
}
Event: 19.088 GC heap before
{Heap before GC invocations=39 (full 0):
 garbage-first heap   total 138240K, used 98467K [0x0000000080000000, 0x0000000100000000)
  region size 1024K, 37 young (37888K), 4 survivors (4096K)
 Metaspace       used 68535K, capacity 70049K, committed 70220K, reserved 1110016K
  class space    used 8634K, capacity 9231K, committed 9292K, reserved 1048576K
}
Event: 19.107 GC heap after
{Heap after GC invocations=40 (full 0):
 garbage-first heap   total 138240K, used 67502K [0x0000000080000000, 0x0000000100000000)
  region size 1024K, 5 young (5120K), 5 survivors (5120K)
 Metaspace       used 68535K, capacity 70049K, committed 70220K, reserved 1110016K
  class space    used 8634K, capacity 9231K, committed 9292K, reserved 1048576K
}
Event: 19.760 GC heap before
{Heap before GC invocations=40 (full 0):
 garbage-first heap   total 138240K, used 101294K [0x0000000080000000, 0x0000000100000000)
  region size 1024K, 38 young (38912K), 5 survivors (5120K)
 Metaspace       used 71289K, capacity 72798K, committed 72908K, reserved 1112064K
  class space    used 9027K, capacity 9592K, committed 9676K, reserved 1048576K
}
Event: 19.775 GC heap after
{Heap after GC invocations=41 (full 0):
 garbage-first heap   total 138240K, used 69450K [0x0000000080000000, 0x0000000100000000)
  region size 1024K, 2 young (2048K), 2 survivors (2048K)
 Metaspace       used 71289K, capacity 72798K, committed 72908K, reserved 1112064K
  class space    used 9027K, capacity 9592K, committed 9676K, reserved 1048576K
}
Event: 20.664 GC heap before
{Heap before GC invocations=42 (full 0):
 garbage-first heap   total 138240K, used 103242K [0x0000000080000000, 0x0000000100000000)
  region size 1024K, 35 young (35840K), 2 survivors (2048K)
 Metaspace       used 74864K, capacity 76437K, committed 76620K, reserved 1116160K
  class space    used 9613K, capacity 10203K, committed 10316K, reserved 1048576K
}
Event: 20.675 GC heap after
{Heap after GC invocations=43 (full 0):
 garbage-first heap   total 138240K, used 71408K [0x0000000080000000, 0x0000000100000000)
  region size 1024K, 4 young (4096K), 4 survivors (4096K)
 Metaspace       used 74864K, capacity 76437K, committed 76620K, reserved 1116160K
  class space    used 9613K, capacity 10203K, committed 10316K, reserved 1048576K
}
Event: 21.464 GC heap before
{Heap before GC invocations=43 (full 0):
 garbage-first heap   total 138240K, used 106224K [0x0000000080000000, 0x0000000100000000)
  region size 1024K, 38 young (38912K), 4 survivors (4096K)
 Metaspace       used 78041K, capacity 79746K, committed 79948K, reserved 1118208K
  class space    used 10082K, capacity 10757K, committed 10828K, reserved 1048576K
}

Deoptimization events (20 events):
Event: 21.147 Thread 0x0000013d857d7800 Uncommon trap: trap_request=0xffffff4d fr.pc=0x0000013df5810434 relative=0x0000000000002c34
Event: 21.147 Thread 0x0000013d857d7800 Uncommon trap: reason=unstable_if action=reinterpret pc=0x0000013df5810434 method=java.util.HashMap.getNode(ILjava/lang/Object;)Ljava/util/HashMap$Node; @ 84 c2
Event: 21.147 Thread 0x0000013d857d7800 DEOPT PACKING pc=0x0000013df5810434 sp=0x0000000a0e5f8d80
Event: 21.147 Thread 0x0000013d857d7800 DEOPT UNPACKING pc=0x0000013deda7662f sp=0x0000000a0e5f8c78 mode 2
Event: 21.147 Thread 0x0000013d857d7800 Uncommon trap: trap_request=0xffffff4d fr.pc=0x0000013df58063ec relative=0x00000000000002ac
Event: 21.147 Thread 0x0000013d857d7800 Uncommon trap: reason=unstable_if action=reinterpret pc=0x0000013df58063ec method=java.util.HashMap.getNode(ILjava/lang/Object;)Ljava/util/HashMap$Node; @ 84 c2
Event: 21.147 Thread 0x0000013d857d7800 DEOPT PACKING pc=0x0000013df58063ec sp=0x0000000a0e5f8d40
Event: 21.147 Thread 0x0000013d857d7800 DEOPT UNPACKING pc=0x0000013deda7662f sp=0x0000000a0e5f8c60 mode 2
Event: 21.147 Thread 0x0000013d857d7800 Uncommon trap: trap_request=0xffffff4d fr.pc=0x0000013df579d468 relative=0x00000000000001a8
Event: 21.147 Thread 0x0000013d857d7800 Uncommon trap: reason=unstable_if action=reinterpret pc=0x0000013df579d468 method=java.util.HashMap.getNode(ILjava/lang/Object;)Ljava/util/HashMap$Node; @ 84 c2
Event: 21.147 Thread 0x0000013d857d7800 DEOPT PACKING pc=0x0000013df579d468 sp=0x0000000a0e5f8ce0
Event: 21.147 Thread 0x0000013d857d7800 DEOPT UNPACKING pc=0x0000013deda7662f sp=0x0000000a0e5f8c68 mode 2
Event: 21.412 Thread 0x0000013d857d7800 Uncommon trap: trap_request=0xffffff4d fr.pc=0x0000013df571c7a0 relative=0x0000000000001b00
Event: 21.412 Thread 0x0000013d857d7800 Uncommon trap: reason=unstable_if action=reinterpret pc=0x0000013df571c7a0 method=sun.nio.fs.WindowsPathParser.normalize(Ljava/lang/StringBuilder;Ljava/lang/String;I)Ljava/lang/String; @ 172 c2
Event: 21.412 Thread 0x0000013d857d7800 DEOPT PACKING pc=0x0000013df571c7a0 sp=0x0000000a0e5f8f00
Event: 21.412 Thread 0x0000013d857d7800 DEOPT UNPACKING pc=0x0000013deda7662f sp=0x0000000a0e5f8ef0 mode 2
Event: 21.457 Thread 0x0000013d857d7800 Uncommon trap: trap_request=0xffffff4d fr.pc=0x0000013df5607038 relative=0x0000000000000838
Event: 21.457 Thread 0x0000013d857d7800 Uncommon trap: reason=unstable_if action=reinterpret pc=0x0000013df5607038 method=java.util.jar.JarFile.getVersionedEntry(Ljava/lang/String;Ljava/util/jar/JarEntry;)Ljava/util/jar/JarEntry; @ 67 c2
Event: 21.457 Thread 0x0000013d857d7800 DEOPT PACKING pc=0x0000013df5607038 sp=0x0000000a0e5f71d0
Event: 21.457 Thread 0x0000013d857d7800 DEOPT UNPACKING pc=0x0000013deda7662f sp=0x0000000a0e5f71b8 mode 2

Classes redefined (0 events):
No events

Internal exceptions (20 events):
Event: 19.110 Thread 0x0000013d857d7800 Exception <a 'java/lang/ClassNotFoundException'{0x0000000088666488}: org/gradle/api/internal/artifacts/dsl/dependencies/DefaultDependencyHandlerCustomizer> (0x0000000088666488) thrown at [./src/hotspot/share/classfile/systemDictionary.cpp, line 231]
Event: 19.115 Thread 0x0000013d857d7800 Exception <a 'java/lang/ClassNotFoundException'{0x00000000886d9df0}: org/gradle/api/internal/artifacts/dsl/dependencies/DefaultDependencyHandler_DecoratedCustomizer> (0x00000000886d9df0) thrown at [./src/hotspot/share/classfile/systemDictionary.cpp, line 231]
Event: 19.125 Thread 0x0000013d857d7800 Exception <a 'java/lang/ClassNotFoundException'{0x00000000885cf6c8}: groovy/lang/GString$1BeanInfo> (0x00000000885cf6c8) thrown at [./src/hotspot/share/classfile/systemDictionary.cpp, line 231]
Event: 19.127 Thread 0x0000013d857d7800 Exception <a 'java/lang/ClassNotFoundException'{0x000000008840f638}: groovy/lang/GStringBeanInfo> (0x000000008840f638) thrown at [./src/hotspot/share/classfile/systemDictionary.cpp, line 231]
Event: 19.128 Thread 0x0000013d857d7800 Exception <a 'java/lang/ClassNotFoundException'{0x000000008844b7c8}: groovy/lang/GStringCustomizer> (0x000000008844b7c8) thrown at [./src/hotspot/share/classfile/systemDictionary.cpp, line 231]
Event: 19.130 Thread 0x0000013d857d7800 Exception <a 'java/lang/ClassNotFoundException'{0x0000000088491b60}: groovy/lang/GString$1Customizer> (0x0000000088491b60) thrown at [./src/hotspot/share/classfile/systemDictionary.cpp, line 231]
Event: 19.149 Thread 0x0000013d857d7800 Exception <a 'java/lang/ClassNotFoundException'{0x0000000088050390}: org/codehaus/groovy/runtime/GStringImplBeanInfo> (0x0000000088050390) thrown at [./src/hotspot/share/classfile/systemDictionary.cpp, line 231]
Event: 19.157 Thread 0x0000013d857d7800 Exception <a 'java/lang/ClassNotFoundException'{0x0000000087d0ad48}: org/codehaus/groovy/runtime/GStringImplCustomizer> (0x0000000087d0ad48) thrown at [./src/hotspot/share/classfile/systemDictionary.cpp, line 231]
Event: 20.448 Thread 0x0000013d857d7800 Exception <a 'java/lang/ClassNotFoundException'{0x0000000086eb3f30}: com/android/build/gradle/internal/api/ApkVariantOutputImpl_DecoratedBeanInfo> (0x0000000086eb3f30) thrown at [./src/hotspot/share/classfile/systemDictionary.cpp, line 231]
Event: 20.449 Thread 0x0000013d857d7800 Exception <a 'java/lang/ClassNotFoundException'{0x0000000086ecfc78}: com/android/build/gradle/internal/api/ApkVariantOutputImplBeanInfo> (0x0000000086ecfc78) thrown at [./src/hotspot/share/classfile/systemDictionary.cpp, line 231]
Event: 20.450 Thread 0x0000013d857d7800 Exception <a 'java/lang/ClassNotFoundException'{0x0000000086eec2d8}: com/android/build/gradle/internal/api/BaseVariantOutputImplBeanInfo> (0x0000000086eec2d8) thrown at [./src/hotspot/share/classfile/systemDictionary.cpp, line 231]
Event: 20.451 Thread 0x0000013d857d7800 Exception <a 'java/lang/ClassNotFoundException'{0x0000000086d08ec0}: com/android/build/gradle/internal/api/BaseVariantOutputImplCustomizer> (0x0000000086d08ec0) thrown at [./src/hotspot/share/classfile/systemDictionary.cpp, line 231]
Event: 20.453 Thread 0x0000013d857d7800 Exception <a 'java/lang/ClassNotFoundException'{0x0000000086d37c20}: com/android/build/gradle/internal/api/ApkVariantOutputImplCustomizer> (0x0000000086d37c20) thrown at [./src/hotspot/share/classfile/systemDictionary.cpp, line 231]
Event: 20.455 Thread 0x0000013d857d7800 Exception <a 'java/lang/ClassNotFoundException'{0x0000000086d63058}: com/android/build/gradle/internal/api/ApkVariantOutputImpl_DecoratedCustomizer> (0x0000000086d63058) thrown at [./src/hotspot/share/classfile/systemDictionary.cpp, line 231]
Event: 20.505 Thread 0x0000013d857d7800 Exception <a 'java/lang/ClassNotFoundException'{0x0000000086b5ef08}: com/android/build/gradle/internal/api/ReadOnlyBuildTypeBeanInfo> (0x0000000086b5ef08) thrown at [./src/hotspot/share/classfile/systemDictionary.cpp, line 231]
Event: 20.506 Thread 0x0000013d857d7800 Exception <a 'java/lang/ClassNotFoundException'{0x0000000086b7b558}: com/android/build/gradle/internal/api/ReadOnlyBaseConfigBeanInfo> (0x0000000086b7b558) thrown at [./src/hotspot/share/classfile/systemDictionary.cpp, line 231]
Event: 20.507 Thread 0x0000013d857d7800 Exception <a 'java/lang/ClassNotFoundException'{0x0000000086b982c0}: com/android/build/gradle/internal/api/ReadOnlyBaseConfigCustomizer> (0x0000000086b982c0) thrown at [./src/hotspot/share/classfile/systemDictionary.cpp, line 231]
Event: 20.509 Thread 0x0000013d857d7800 Exception <a 'java/lang/ClassNotFoundException'{0x0000000086bc3db8}: com/android/build/gradle/internal/api/ReadOnlyBuildTypeCustomizer> (0x0000000086bc3db8) thrown at [./src/hotspot/share/classfile/systemDictionary.cpp, line 231]
Event: 21.339 Thread 0x0000013d857d7800 Exception <a 'sun/nio/fs/WindowsException'{0x0000000086bff220}> (0x0000000086bff220) thrown at [./src/hotspot/share/prims/jni.cpp, line 615]
Event: 21.339 Thread 0x0000013d857d7800 Exception <a 'sun/nio/fs/WindowsException'{0x0000000086bff5e8}> (0x0000000086bff5e8) thrown at [./src/hotspot/share/prims/jni.cpp, line 615]

Events (20 events):
Event: 21.450 loading class org/xml/sax/XMLFilter done
Event: 21.450 loading class javax/xml/transform/Source
Event: 21.451 loading class javax/xml/transform/Source done
Event: 21.451 loading class javax/xml/bind/JAXBContext
Event: 21.451 loading class javax/xml/bind/JAXBContext done
Event: 21.452 loading class javax/xml/bind/ContextFinder
Event: 21.452 loading class javax/xml/bind/ContextFinder done
Event: 21.453 loading class java/util/logging/ConsoleHandler
Event: 21.453 loading class java/util/logging/StreamHandler
Event: 21.454 loading class java/util/logging/StreamHandler done
Event: 21.454 loading class java/util/logging/ConsoleHandler done
Event: 21.454 loading class javax/xml/bind/ServiceLoaderUtil$ExceptionHandler
Event: 21.454 loading class javax/xml/bind/ServiceLoaderUtil$ExceptionHandler done
Event: 21.454 loading class javax/xml/bind/ContextFinder$1
Event: 21.454 loading class javax/xml/bind/ContextFinder$1 done
Event: 21.456 loading class javax/xml/bind/GetPropertyAction
Event: 21.456 loading class javax/xml/bind/GetPropertyAction done
Event: 21.456 loading class javax/xml/bind/ModuleUtil
Event: 21.456 loading class javax/xml/bind/ModuleUtil done
Event: 21.464 Executing VM operation: G1CollectForAllocation


Dynamic libraries:
0x00007ff63e1f0000 - 0x00007ff63e1fa000 	C:\Program Files\Android\Android Studio1\jre\bin\java.exe
0x00007ff9d0050000 - 0x00007ff9d0245000 	C:\WINDOWS\SYSTEM32\ntdll.dll
0x00007ff9cec80000 - 0x00007ff9ced3e000 	C:\WINDOWS\System32\KERNEL32.DLL
0x00007ff9cdb90000 - 0x00007ff9cde58000 	C:\WINDOWS\System32\KERNELBASE.dll
0x00007ff9cd7c0000 - 0x00007ff9cd8c0000 	C:\WINDOWS\System32\ucrtbase.dll
0x00007ff9c7520000 - 0x00007ff9c7539000 	C:\Program Files\Android\Android Studio1\jre\bin\jli.dll
0x00007ff9c72d0000 - 0x00007ff9c72e7000 	C:\Program Files\Android\Android Studio1\jre\bin\VCRUNTIME140.dll
0x00007ff9ce340000 - 0x00007ff9ce4e0000 	C:\WINDOWS\System32\USER32.dll
0x00007ff9ce080000 - 0x00007ff9ce0a2000 	C:\WINDOWS\System32\win32u.dll
0x00007ff9ce4e0000 - 0x00007ff9ce50a000 	C:\WINDOWS\System32\GDI32.dll
0x00007ff9cde60000 - 0x00007ff9cdf6b000 	C:\WINDOWS\System32\gdi32full.dll
0x00007ff9cdf70000 - 0x00007ff9ce00d000 	C:\WINDOWS\System32\msvcp_win.dll
0x00007ff9b9a80000 - 0x00007ff9b9d1a000 	C:\WINDOWS\WinSxS\amd64_microsoft.windows.common-controls_6595b64144ccf1df_6.0.19041.1110_none_60b5254171f9507e\COMCTL32.dll
0x00007ff9cf000000 - 0x00007ff9cf09e000 	C:\WINDOWS\System32\msvcrt.dll
0x00007ff9ce0b0000 - 0x00007ff9ce0e0000 	C:\WINDOWS\System32\IMM32.DLL
0x00007ff9a89d0000 - 0x00007ff9a8a6d000 	C:\Program Files\Android\Android Studio1\jre\bin\msvcp140.dll
0x00007ff98e310000 - 0x00007ff98ede5000 	C:\Program Files\Android\Android Studio1\jre\bin\server\jvm.dll
0x00007ff9ce5e0000 - 0x00007ff9ce68e000 	C:\WINDOWS\System32\ADVAPI32.dll
0x00007ff9cfb00000 - 0x00007ff9cfb9c000 	C:\WINDOWS\System32\sechost.dll
0x00007ff9ce210000 - 0x00007ff9ce335000 	C:\WINDOWS\System32\RPCRT4.dll
0x00007ff9ce890000 - 0x00007ff9ce898000 	C:\WINDOWS\System32\PSAPI.DLL
0x00007ff9c9270000 - 0x00007ff9c9297000 	C:\WINDOWS\SYSTEM32\WINMM.dll
0x00007ff9c6280000 - 0x00007ff9c628a000 	C:\WINDOWS\SYSTEM32\VERSION.dll
0x00007ff9c8ef0000 - 0x00007ff9c8ef9000 	C:\WINDOWS\SYSTEM32\WSOCK32.dll
0x00007ff9ce690000 - 0x00007ff9ce6fb000 	C:\WINDOWS\System32\WS2_32.dll
0x00007ff9cc020000 - 0x00007ff9cc032000 	C:\WINDOWS\SYSTEM32\kernel.appcore.dll
0x00007ff9c7b70000 - 0x00007ff9c7b81000 	C:\Program Files\Android\Android Studio1\jre\bin\verify.dll
0x00007ff9cb590000 - 0x00007ff9cb774000 	C:\WINDOWS\SYSTEM32\DBGHELP.DLL
0x00007ff9adac0000 - 0x00007ff9adaec000 	C:\WINDOWS\SYSTEM32\dbgcore.DLL
0x00007ff9cda50000 - 0x00007ff9cdad2000 	C:\WINDOWS\System32\bcryptPrimitives.dll
0x00007ff9c75f0000 - 0x00007ff9c7619000 	C:\Program Files\Android\Android Studio1\jre\bin\java.dll
0x00007ff9c7b60000 - 0x00007ff9c7b6b000 	C:\Program Files\Android\Android Studio1\jre\bin\jimage.dll
0x00007ff9c75d0000 - 0x00007ff9c75e8000 	C:\Program Files\Android\Android Studio1\jre\bin\zip.dll
0x00007ff9cf200000 - 0x00007ff9cf944000 	C:\WINDOWS\System32\SHELL32.dll
0x00007ff9cb870000 - 0x00007ff9cc004000 	C:\WINDOWS\SYSTEM32\windows.storage.dll
0x00007ff9ce8a0000 - 0x00007ff9cebf4000 	C:\WINDOWS\System32\combase.dll
0x00007ff9cd1e0000 - 0x00007ff9cd20c000 	C:\WINDOWS\SYSTEM32\Wldp.dll
0x00007ff9ce700000 - 0x00007ff9ce7ad000 	C:\WINDOWS\System32\SHCORE.dll
0x00007ff9ce830000 - 0x00007ff9ce885000 	C:\WINDOWS\System32\shlwapi.dll
0x00007ff9cd6b0000 - 0x00007ff9cd6cf000 	C:\WINDOWS\SYSTEM32\profapi.dll
0x00007ff9c5870000 - 0x00007ff9c588a000 	C:\Program Files\Android\Android Studio1\jre\bin\net.dll
0x00007ff9bcd20000 - 0x00007ff9bce2a000 	C:\WINDOWS\SYSTEM32\WINHTTP.dll
0x00007ff9ccf40000 - 0x00007ff9ccfaa000 	C:\WINDOWS\system32\mswsock.dll
0x00007ff9c31e0000 - 0x00007ff9c31f4000 	C:\Program Files\Android\Android Studio1\jre\bin\nio.dll
0x00007ff9bcbd0000 - 0x00007ff9bcbf7000 	C:\Users\ASUS\AndroidStudioProjects\Room-Chapter-6\native\e1d6ef7f7dcc3fd88c89a11ec53ec762bb8ba0a96d01ffa2cd45eb1d1d8dd5c5\windows-amd64\native-platform.dll
0x00007ff991070000 - 0x00007ff9911b4000 	C:\Users\ASUS\AndroidStudioProjects\Room-Chapter-6\native\5664cfc778a61ccfe75a443a1ab52a65af34e5dc3c78e0209fed803814484fcb\windows-amd64\native-platform-file-events.dll
0x00007ff9c7470000 - 0x00007ff9c747a000 	C:\Program Files\Android\Android Studio1\jre\bin\management.dll
0x00007ff9c7210000 - 0x00007ff9c721d000 	C:\Program Files\Android\Android Studio1\jre\bin\management_ext.dll
0x00007ff9cd130000 - 0x00007ff9cd148000 	C:\WINDOWS\SYSTEM32\CRYPTSP.dll
0x00007ff9cc850000 - 0x00007ff9cc884000 	C:\WINDOWS\system32\rsaenh.dll
0x00007ff9cd8c0000 - 0x00007ff9cd8e7000 	C:\WINDOWS\System32\bcrypt.dll
0x00007ff9cd670000 - 0x00007ff9cd69e000 	C:\WINDOWS\SYSTEM32\USERENV.dll
0x00007ff9cd150000 - 0x00007ff9cd15c000 	C:\WINDOWS\SYSTEM32\CRYPTBASE.dll
0x00007ff9ccbe0000 - 0x00007ff9ccc1b000 	C:\WINDOWS\SYSTEM32\IPHLPAPI.DLL
0x00007ff9cf1f0000 - 0x00007ff9cf1f8000 	C:\WINDOWS\System32\NSI.dll
0x00007ff9c2880000 - 0x00007ff9c2897000 	C:\WINDOWS\SYSTEM32\dhcpcsvc6.DLL
0x00007ff9c3550000 - 0x00007ff9c356d000 	C:\WINDOWS\SYSTEM32\dhcpcsvc.DLL
0x00007ff9ccc20000 - 0x00007ff9ccceb000 	C:\WINDOWS\SYSTEM32\DNSAPI.dll

dbghelp: loaded successfully - version: 4.0.5 - missing functions: none
symbol engine: initialized successfully - sym options: 0x614 - pdb path: .;C:\Program Files\Android\Android Studio1\jre\bin;C:\WINDOWS\SYSTEM32;C:\WINDOWS\WinSxS\amd64_microsoft.windows.common-controls_6595b64144ccf1df_6.0.19041.1110_none_60b5254171f9507e;C:\Program Files\Android\Android Studio1\jre\bin\server;C:\Users\ASUS\AndroidStudioProjects\Room-Chapter-6\native\e1d6ef7f7dcc3fd88c89a11ec53ec762bb8ba0a96d01ffa2cd45eb1d1d8dd5c5\windows-amd64;C:\Users\ASUS\AndroidStudioProjects\Room-Chapter-6\native\5664cfc778a61ccfe75a443a1ab52a65af34e5dc3c78e0209fed803814484fcb\windows-amd64

VM Arguments:
jvm_args: --add-opens=java.base/java.util=ALL-UNNAMED --add-opens=java.base/java.lang=ALL-UNNAMED --add-opens=java.base/java.lang.invoke=ALL-UNNAMED --add-opens=java.base/java.util=ALL-UNNAMED --add-opens=java.prefs/java.util.prefs=ALL-UNNAMED --add-opens=java.prefs/java.util.prefs=ALL-UNNAMED --add-opens=java.base/java.nio.charset=ALL-UNNAMED --add-opens=java.base/java.net=ALL-UNNAMED --add-opens=java.base/java.util.concurrent.atomic=ALL-UNNAMED -Xmx2048m -Dfile.encoding=windows-1252 -Duser.country=ID -Duser.language=en -Duser.variant 
java_command: org.gradle.launcher.daemon.bootstrap.GradleDaemon 7.2
java_class_path (initial): C:\Users\ASUS\AndroidStudioProjects\Room-Chapter-6\wrapper\dists\gradle-7.2-bin\2dnblmf4td7x66yl1d74lt32g\gradle-7.2\lib\gradle-launcher-7.2.jar
Launcher Type: SUN_STANDARD

[Global flags]
     intx CICompilerCount                          = 3                                         {product} {ergonomic}
     uint ConcGCThreads                            = 1                                         {product} {ergonomic}
     uint G1ConcRefinementThreads                  = 4                                         {product} {ergonomic}
   size_t G1HeapRegionSize                         = 1048576                                   {product} {ergonomic}
    uintx GCDrainStackTargetSize                   = 64                                        {product} {ergonomic}
   size_t InitialHeapSize                          = 67108864                                  {product} {ergonomic}
   size_t MarkStackSize                            = 4194304                                   {product} {ergonomic}
   size_t MaxHeapSize                              = 2147483648                                {product} {command line}
   size_t MaxNewSize                               = 1287651328                                {product} {ergonomic}
   size_t MinHeapDeltaBytes                        = 1048576                                   {product} {ergonomic}
    uintx NonNMethodCodeHeapSize                   = 5830732                                {pd product} {ergonomic}
    uintx NonProfiledCodeHeapSize                  = 122913754                              {pd product} {ergonomic}
    uintx ProfiledCodeHeapSize                     = 122913754                              {pd product} {ergonomic}
    uintx ReservedCodeCacheSize                    = 251658240                              {pd product} {ergonomic}
     bool SegmentedCodeCache                       = true                                      {product} {ergonomic}
     bool UseCompressedClassPointers               = true                                 {lp64_product} {ergonomic}
     bool UseCompressedOops                        = true                                 {lp64_product} {ergonomic}
     bool UseG1GC                                  = true                                      {product} {ergonomic}
     bool UseLargePagesIndividualAllocation        = false                                  {pd product} {ergonomic}

Logging:
Log output configuration:
 #0: stdout all=warning uptime,level,tags
 #1: stderr all=off uptime,level,tags

Environment Variables:
JAVA_HOME=C:\Program Files\Eclipse Adoptium\jdk-17.0.2.8-hotspot\
PATH=C:\Program Files\Eclipse Adoptium\jdk-17.0.2.8-hotspot\bin;C:\Program Files (x86)\Common Files\Intel\Shared Files\cpp\bin\Intel64;C:\WINDOWS\system32;C:\WINDOWS;C:\WINDOWS\System32\Wbem;C:\WINDOWS\System32\WindowsPowerShell\v1.0\;C:\WINDOWS\System32\OpenSSH\;C:\Program Files (x86)\Windows Live\Shared;C:\Program Files\Git\cmd;C:\Program Files\Dart\dart-sdk\bin;C:\Android1\sdk\cmdline-tools\latest\bin;C:\Android1\flutter\bin;C:\Users\ASUS\AppData\Local\Microsoft\WindowsApps;C:\Program Files\JetBrains\IntelliJ IDEA Community Edition 2021.3.2\bin;;C:\android\flutter\bin;C:\android\cmdline-tools\tools\bin;C:\Users\ASUS\AppData\Local\Programs\Microsoft VS Code\bin
USERNAME=ASUS
OS=Windows_NT
PROCESSOR_IDENTIFIER=Intel64 Family 6 Model 142 Stepping 9, GenuineIntel



---------------  S Y S T E M  ---------------

OS: Windows 10 , 64 bit Build 19041 (10.0.19041.1645)
OS uptime: 30 days 0:48 hours

CPU:total 4 (initial active 4) (2 cores per cpu, 2 threads per core) family 6 model 142 stepping 9 microcode 0xb4, cmov, cx8, fxsr, mmx, sse, sse2, sse3, ssse3, sse4.1, sse4.2, popcnt, avx, avx2, aes, clmul, erms, 3dnowpref, lzcnt, ht, tsc, tscinvbit, bmi1, bmi2, adx, fma

Memory: 4k page, system-wide physical 3978M (263M free)
TotalPageFile size 16266M (AvailPageFile size 17M)
current process WorkingSet (physical memory assigned to process): 315M, peak: 315M
current process commit charge ("private bytes"): 369M, peak: 406M

vm_info: OpenJDK 64-Bit Server VM (11.0.11+9-b60-7590822) for windows-amd64 JRE (11.0.11+9-b60-7590822), built on Jul 29 2021 21:43:44 by "builder" with MS VC++ 14.0 (VS2015)

END.
